2019-02-21 04:56:52,531 INFO  execution-log - 	Initializing control map with map # MASTER
----------------
2019-02-21 04:56:52,536 INFO  execution-log - Initializing Test Automation
----------------
2019-02-21 04:56:52,540 INFO  execution-log - 	target browser: Chrome
----------------
2019-02-21 04:56:52,545 INFO  execution-log - TC # : 4, Downloading test case from DB
----------------
2019-02-21 04:56:52,556 INFO  execution-log - TC # : 4, Getting control map :MASTER from DB
----------------
2019-02-21 04:56:52,556 INFO  execution-log - TC # : 4, Getting test data from DB
----------------
2019-02-21 04:56:52,564 INFO  execution-log - TC # : 4, Control map retrieval completed
----------------
2019-02-21 04:56:52,570 INFO  execution-log - TC # : 4, Test data retrieval completed
----------------
2019-02-21 04:56:52,574 INFO  execution-log - TC # : 4, Parsing commands
----------------
2019-02-21 04:56:52,578 INFO  execution-log - Loading captured values from persistence.
----------------
2019-02-21 04:56:52,582 INFO  execution-log - TC # : 4, Started executing test case in the VMTESTPronto environment (https://www.prontoinsurance.com/)
----------------
2019-02-21 04:56:52,596 INFO  execution-log -  Beginning StartIterationCommand ( Iterations : 1 )
----------------
2019-02-21 04:56:52,600 INFO  execution-log - TC # : 4, Starting iteration #1
----------------
2019-02-21 04:56:52,604 INFO  execution-log - 	 Command completed.
----------------
2019-02-21 04:56:52,607 INFO  execution-log -  Beginning InvokeApplicationCommand ( Target :  )
----------------
2019-02-21 04:56:54,730 INFO  execution-log - 	 Command completed.
----------------
2019-02-21 04:56:54,736 INFO  execution-log -  Beginning PageCommand ( CurrentPage : Pronto Home, FlowIdentifier : 1, DiIndicator : DI )
----------------
2019-02-21 04:56:54,741 INFO  execution-log - 	 Command completed.
----------------
2019-02-21 04:56:54,755 INFO  execution-log -  Beginning LoadTestDataItemCommand ( CurrentPage : Pronto Home, FlowIdentifier : 1, DiIndicator : DI )
----------------
2019-02-21 04:56:54,771 INFO  execution-log - [Sequence No - 1] Beginning ValidateExistStatusCommand ( LogicalFieldName : GET A QUOTE, LogicalFieldValue : True )
----------------
2019-02-21 04:56:54,791 INFO  execution-log - [Sequence No - 1]	 Command completed.
----------------
2019-02-21 04:56:54,799 INFO  execution-log - [Sequence No - 2] Beginning ActionCommand ( LogicalFieldName : GET A QUOTE, LogicalFieldValue : Click )
----------------
2019-02-21 04:56:54,918 INFO  execution-log - [Sequence No - 2]	 Command completed.
----------------
2019-02-21 04:56:54,931 INFO  execution-log - [Sequence No - 3] Beginning ValidateExistStatusCommand ( LogicalFieldName : CALIFORNIA, LogicalFieldValue : True )
----------------
2019-02-21 04:56:54,953 INFO  execution-log - [Sequence No - 3]	 Command completed.
----------------
2019-02-21 04:56:54,964 INFO  execution-log - [Sequence No - 4] Beginning ActionCommand ( LogicalFieldName : CALIFORNIA, LogicalFieldValue : Click )
----------------
2019-02-21 04:57:08,161 ERROR execution-log - TC # : 4, Timed out after 10 seconds
----------------
2019-02-21 04:57:16,182 ERROR execution-log - TC # : 4, Timed out after 10 seconds
----------------
2019-02-21 04:57:16,189 ERROR execution-log - TC # : 4, No more iterations to run. Test execution will abort.
----------------
2019-02-21 04:57:16,193 ERROR execution-log - TC # : 4, Framework failed to run the test due to a test configuration error.
	VM.Platform.TestAutomationFramework.Core.Exceptions.WorkflowFailedException: Timed out after 10 seconds ---> OpenQA.Selenium.WebDriverTimeoutException: Timed out after 10 seconds
   at OpenQA.Selenium.Support.UI.DefaultWait`1.ThrowTimeoutException(String exceptionMessage, Exception lastException)
   at OpenQA.Selenium.Support.UI.DefaultWait`1.Until[TResult](Func`2 condition)
   at VM.Platform.TestAutomationFramework.Adapters.Selenium.SeleniumAdapter.WaitForElementToBeClickable(ControlDefinition ctrlDefinition) in C:\Users\VMQApractice\Desktop\v4Dev_Updated\v4Dev_Updated\VMTestAutomation\Src\Framework.Adapters.Selenium\SeleniumAdapter.cs:line 713
   at VM.Platform.TestAutomationFramework.UIAutomation.Commands.Interactions.ActionCommand.Execute(TestRunContext context) in C:\Users\VMQApractice\Desktop\v4Dev_Updated\v4Dev_Updated\VMTestAutomation\Src\Framework.UIAutomation\Commands\Interactions\ActionCommand.cs:line 30
   --- End of inner exception stack trace ---
   at VM.Platform.TestAutomationFramework.UIAutomation.Commands.Interactions.ActionCommand.Execute(TestRunContext context) in C:\Users\VMQApractice\Desktop\v4Dev_Updated\v4Dev_Updated\VMTestAutomation\Src\Framework.UIAutomation\Commands\Interactions\ActionCommand.cs:line 42
   at VM.Platform.TestAutomationFramework.Core.Decorators.CommandDecorator.Execute(TestRunContext context) in C:\Users\VMQApractice\Desktop\v4Dev_Updated\v4Dev_Updated\VMTestAutomation\Src\Framework.Core\Decorators\CommandDecorator.cs:line 22
   at VM.Platform.TestAutomationFramework.Core.Decorators.CommandLogger.Execute(TestRunContext context) in C:\Users\VMQApractice\Desktop\v4Dev_Updated\v4Dev_Updated\VMTestAutomation\Src\Framework.Core\Decorators\CommandLogger.cs:line 93
   at VM.Platform.TestAutomationFramework.Core.Decorators.CommandDecorator.Execute(TestRunContext context) in C:\Users\VMQApractice\Desktop\v4Dev_Updated\v4Dev_Updated\VMTestAutomation\Src\Framework.Core\Decorators\CommandDecorator.cs:line 22
   at VM.Platform.TestAutomationFramework.Core.Decorators.CommandErrorHandler.Execute(TestRunContext context) in C:\Users\VMQApractice\Desktop\v4Dev_Updated\v4Dev_Updated\VMTestAutomation\Src\Framework.Core\Decorators\CommandErrorHandler.cs:line 65
   at VM.Platform.TestAutomationFramework.Core.Decorators.CommandDecorator.Execute(TestRunContext context) in C:\Users\VMQApractice\Desktop\v4Dev_Updated\v4Dev_Updated\VMTestAutomation\Src\Framework.Core\Decorators\CommandDecorator.cs:line 22
   at VM.Platform.TestAutomationFramework.Core.Decorators.CommandTimer.Execute(TestRunContext context) in C:\Users\VMQApractice\Desktop\v4Dev_Updated\v4Dev_Updated\VMTestAutomation\Src\Framework.Core\Decorators\CommandTimer.cs:line 26
   at VM.Platform.TestAutomationFramework.Core.Decorators.CommandDecorator.Execute(TestRunContext context) in C:\Users\VMQApractice\Desktop\v4Dev_Updated\v4Dev_Updated\VMTestAutomation\Src\Framework.Core\Decorators\CommandDecorator.cs:line 22
   at VM.Platform.TestAutomationFramework.Core.Decorators.IgnorePagesDecorator.Execute(TestRunContext context) in C:\Users\VMQApractice\Desktop\v4Dev_Updated\v4Dev_Updated\VMTestAutomation\Src\Framework.Core\Decorators\IgnorePagesDecorator.cs:line 24
   at VM.Platform.TestAutomationFramework.UIAutomation.Commands.Workflow.LoadTestDataItemCommand.Execute(TestRunContext context) in C:\Users\VMQApractice\Desktop\v4Dev_Updated\v4Dev_Updated\VMTestAutomation\Src\Framework.UIAutomation\Commands\Workflow\LoadTestDataItemCommand.cs:line 96
   at VM.Platform.TestAutomationFramework.Core.Decorators.CommandDecorator.Execute(TestRunContext context) in C:\Users\VMQApractice\Desktop\v4Dev_Updated\v4Dev_Updated\VMTestAutomation\Src\Framework.Core\Decorators\CommandDecorator.cs:line 22
   at VM.Platform.TestAutomationFramework.Core.Decorators.CommandLogger.Execute(TestRunContext context) in C:\Users\VMQApractice\Desktop\v4Dev_Updated\v4Dev_Updated\VMTestAutomation\Src\Framework.Core\Decorators\CommandLogger.cs:line 93
   at VM.Platform.TestAutomationFramework.Core.Decorators.CommandDecorator.Execute(TestRunContext context) in C:\Users\VMQApractice\Desktop\v4Dev_Updated\v4Dev_Updated\VMTestAutomation\Src\Framework.Core\Decorators\CommandDecorator.cs:line 22
   at VM.Platform.TestAutomationFramework.Core.Decorators.CommandErrorHandler.Execute(TestRunContext context) in C:\Users\VMQApractice\Desktop\v4Dev_Updated\v4Dev_Updated\VMTestAutomation\Src\Framework.Core\Decorators\CommandErrorHandler.cs:line 65
   at VM.Platform.TestAutomationFramework.Core.Decorators.CommandDecorator.Execute(TestRunContext context) in C:\Users\VMQApractice\Desktop\v4Dev_Updated\v4Dev_Updated\VMTestAutomation\Src\Framework.Core\Decorators\CommandDecorator.cs:line 22
   at VM.Platform.TestAutomationFramework.Core.Decorators.CommandTimer.Execute(TestRunContext context) in C:\Users\VMQApractice\Desktop\v4Dev_Updated\v4Dev_Updated\VMTestAutomation\Src\Framework.Core\Decorators\CommandTimer.cs:line 26
   at VM.Platform.TestAutomationFramework.Core.Decorators.CommandDecorator.Execute(TestRunContext context) in C:\Users\VMQApractice\Desktop\v4Dev_Updated\v4Dev_Updated\VMTestAutomation\Src\Framework.Core\Decorators\CommandDecorator.cs:line 22
   at VM.Platform.TestAutomationFramework.Core.Decorators.IgnorePagesDecorator.Execute(TestRunContext context) in C:\Users\VMQApractice\Desktop\v4Dev_Updated\v4Dev_Updated\VMTestAutomation\Src\Framework.Core\Decorators\IgnorePagesDecorator.cs:line 24
   at VM.Platform.TestAutomationFramework.Core.TestCommandRunner.Execute(TestRunContext testRunContext) in C:\Users\VMQApractice\Desktop\v4Dev_Updated\v4Dev_Updated\VMTestAutomation\Src\Framework.Core\TestCommandRunner.cs:line 75
   at VM.Platform.TestAutomationFramework.Core.SingleTestCaseRunner.ExecuteSingleTestCase(Int32 testCaseId, String targetEnvironment, String repositiory, Int32 Retry) in C:\Users\VMQApractice\Desktop\v4Dev_Updated\v4Dev_Updated\VMTestAutomation\Src\Framework.Core\SingleTestCaseRunner.cs:line 167
----------------
2019-02-21 04:57:16,211 INFO  execution-log - Saving captured values to file.
----------------
2019-02-21 04:57:16,218 ERROR execution-log - TC # : 4,  has failed
----------------
