2019-02-07 07:41:45,330 INFO  execution-log - 	Initializing control map with map # MASTER
----------------
2019-02-07 07:41:45,355 INFO  execution-log - Initializing Test Automation
----------------
2019-02-07 07:41:45,400 INFO  execution-log - 	target browser: Chrome
----------------
2019-02-07 07:41:56,238 INFO  execution-log - TC # : 1, Downloading test case from DB
----------------
2019-02-07 07:41:57,586 INFO  execution-log - TC # : 1, Getting control map :MASTER from DB
----------------
2019-02-07 07:41:58,874 INFO  execution-log - TC # : 1, Getting test data from DB
----------------
2019-02-07 07:41:58,906 INFO  execution-log - TC # : 1, Control map retrieval completed
----------------
2019-02-07 07:41:58,956 INFO  execution-log - TC # : 1, Test data retrieval completed
----------------
2019-02-07 07:41:58,964 INFO  execution-log - TC # : 1, Parsing commands
----------------
2019-02-07 07:41:58,977 INFO  execution-log - Loading captured values from persistence.
----------------
2019-02-07 07:41:58,991 INFO  execution-log - TC # : 1, Started executing test case in the VMTESTAPP1 environment (http://vam-qa.cloudapp.net:6363/pages/login.html)
----------------
2019-02-07 07:42:00,946 INFO  execution-log -  Beginning StartIterationCommand ( Iterations : 1 )
----------------
2019-02-07 07:42:01,117 INFO  execution-log - TC # : 1, Starting iteration #1
----------------
2019-02-07 07:42:01,160 INFO  execution-log - 	 Command completed.
----------------
2019-02-07 07:42:01,175 INFO  execution-log -  Beginning InvokeApplicationCommand ( Target :  )
----------------
2019-02-07 07:42:10,868 INFO  execution-log - 	 Command completed.
----------------
2019-02-07 07:42:10,874 INFO  execution-log -  Beginning PageCommand ( CurrentPage : Login, FlowIdentifier : 1, DiIndicator : DI )
----------------
2019-02-07 07:42:10,898 INFO  execution-log - 	 Command completed.
----------------
2019-02-07 07:42:10,903 INFO  execution-log -  Beginning LoadTestDataItemCommand ( CurrentPage : Login, FlowIdentifier : 1, DiIndicator : DI )
----------------
2019-02-07 07:42:10,919 INFO  execution-log - [Sequence No - 1] Beginning ValidateExistStatusCommand ( LogicalFieldName : User Name, LogicalFieldValue : True )
----------------
2019-02-07 07:42:10,949 INFO  execution-log - [Sequence No - 1]	 Command completed.
----------------
2019-02-07 07:42:10,959 INFO  execution-log - [Sequence No - 2] Beginning ActionCommand ( LogicalFieldName : User Name, LogicalFieldValue : Click )
----------------
2019-02-07 07:42:11,148 INFO  execution-log - [Sequence No - 2]	 Command completed.
----------------
2019-02-07 07:42:11,159 INFO  execution-log - [Sequence No - 3] Beginning TestDataCommand ( LogicalFieldName : User Name, LogicalFieldValue : Jack )
----------------
2019-02-07 07:42:11,300 INFO  execution-log - [Sequence No - 3]	 Command completed.
----------------
2019-02-07 07:42:11,315 INFO  execution-log - [Sequence No - 4] Beginning ValidateExistStatusCommand ( LogicalFieldName : Password, LogicalFieldValue : True )
----------------
2019-02-07 07:42:11,349 INFO  execution-log - [Sequence No - 4]	 Command completed.
----------------
2019-02-07 07:42:11,358 INFO  execution-log - [Sequence No - 5] Beginning TestDataCommand ( LogicalFieldName : Password, LogicalFieldValue : Smit@123 )
----------------
2019-02-07 07:42:11,680 INFO  execution-log - [Sequence No - 5]	 Command completed.
----------------
2019-02-07 07:42:11,689 INFO  execution-log - [Sequence No - 6] Beginning ValidateEnableStatusCommand ( LogicalFieldName : Login_Button, LogicalFieldValue : True )
----------------
2019-02-07 07:42:11,731 INFO  execution-log - [Sequence No - 6]	 Command completed.
----------------
2019-02-07 07:42:11,741 INFO  execution-log - [Sequence No - 7] Beginning ActionCommand ( LogicalFieldName : Login_Button, LogicalFieldValue : Click )
----------------
2019-02-07 07:42:11,970 INFO  execution-log - [Sequence No - 7]	 Command completed.
----------------
2019-02-07 07:42:11,981 INFO  execution-log - 	 Command completed.
----------------
2019-02-07 07:42:11,991 INFO  execution-log -  Beginning PageCommand ( CurrentPage : Home, FlowIdentifier : 2, DiIndicator : DI )
----------------
2019-02-07 07:42:11,998 INFO  execution-log - 	 Command completed.
----------------
2019-02-07 07:42:12,004 INFO  execution-log -  Beginning LoadTestDataItemCommand ( CurrentPage : Home, FlowIdentifier : 2, DiIndicator : DI )
----------------
2019-02-07 07:42:12,020 INFO  execution-log - [Sequence No - 8] Beginning ValidateEnableStatusCommand ( LogicalFieldName : New Quote, LogicalFieldValue : True )
----------------
2019-02-07 07:42:13,384 INFO  execution-log - [Sequence No - 8]	 Command completed.
----------------
2019-02-07 07:42:13,407 INFO  execution-log - [Sequence No - 9] Beginning ActionCommand ( LogicalFieldName : New Quote, LogicalFieldValue : Click )
----------------
2019-02-07 07:42:14,685 INFO  execution-log - [Sequence No - 9]	 Command completed.
----------------
2019-02-07 07:42:14,692 INFO  execution-log - 	 Command completed.
----------------
2019-02-07 07:42:14,729 INFO  execution-log -  Beginning PageCommand ( CurrentPage : New Quote, FlowIdentifier : 3, DiIndicator : DI )
----------------
2019-02-07 07:42:14,843 INFO  execution-log - 	 Command completed.
----------------
2019-02-07 07:42:14,891 INFO  execution-log -  Beginning LoadTestDataItemCommand ( CurrentPage : New Quote, FlowIdentifier : 3, DiIndicator : DI )
----------------
2019-02-07 07:42:14,991 INFO  execution-log - [Sequence No - 10] Beginning ValidateExistStatusCommand ( LogicalFieldName : Account Name, LogicalFieldValue : True )
----------------
2019-02-07 07:42:15,126 INFO  execution-log - [Sequence No - 10]	 Command completed.
----------------
2019-02-07 07:42:15,135 INFO  execution-log - [Sequence No - 11] Beginning TestDataCommand ( LogicalFieldName : Account Name, LogicalFieldValue : RANDOMIZE(7,2) )
----------------
2019-02-07 07:42:15,762 INFO  execution-log - [Sequence No - 11]	 Command completed.
----------------
2019-02-07 07:42:15,772 INFO  execution-log - [Sequence No - 12] Beginning ValidateExistStatusCommand ( LogicalFieldName : First Name, LogicalFieldValue : True )
----------------
2019-02-07 07:42:15,828 INFO  execution-log - [Sequence No - 12]	 Command completed.
----------------
2019-02-07 07:42:15,838 INFO  execution-log - [Sequence No - 13] Beginning TestDataCommand ( LogicalFieldName : First Name, LogicalFieldValue : Jack )
----------------
2019-02-07 07:42:16,403 INFO  execution-log - [Sequence No - 13]	 Command completed.
----------------
2019-02-07 07:42:16,435 INFO  execution-log - [Sequence No - 14] Beginning ValidateEnableStatusCommand ( LogicalFieldName : Last Name, LogicalFieldValue : True )
----------------
2019-02-07 07:42:16,486 INFO  execution-log - [Sequence No - 14]	 Command completed.
----------------
2019-02-07 07:42:16,495 INFO  execution-log - [Sequence No - 15] Beginning TestDataCommand ( LogicalFieldName : Last Name, LogicalFieldValue : Smith )
----------------
2019-02-07 07:42:16,752 INFO  execution-log - [Sequence No - 15]	 Command completed.
----------------
2019-02-07 07:42:16,761 INFO  execution-log - [Sequence No - 16] Beginning ValidateExistStatusCommand ( LogicalFieldName : ContactNumber1, LogicalFieldValue : True )
----------------
2019-02-07 07:42:16,805 INFO  execution-log - [Sequence No - 16]	 Command completed.
----------------
2019-02-07 07:42:16,815 INFO  execution-log - [Sequence No - 17] Beginning TestDataCommand ( LogicalFieldName : ContactNumber1, LogicalFieldValue : 654 )
----------------
2019-02-07 07:42:17,012 INFO  execution-log - [Sequence No - 17]	 Command completed.
----------------
2019-02-07 07:42:17,023 INFO  execution-log - [Sequence No - 18] Beginning TestDataCommand ( LogicalFieldName : ContactNumber2, LogicalFieldValue : 321 )
----------------
2019-02-07 07:42:17,233 INFO  execution-log - [Sequence No - 18]	 Command completed.
----------------
2019-02-07 07:42:17,243 INFO  execution-log - [Sequence No - 19] Beginning TestDataCommand ( LogicalFieldName : ContactNumber3, LogicalFieldValue : 6541 )
----------------
2019-02-07 07:42:17,457 INFO  execution-log - [Sequence No - 19]	 Command completed.
----------------
2019-02-07 07:42:17,473 INFO  execution-log - [Sequence No - 20] Beginning ValidateExistStatusCommand ( LogicalFieldName : Primary Email, LogicalFieldValue : True )
----------------
2019-02-07 07:42:17,533 INFO  execution-log - [Sequence No - 20]	 Command completed.
----------------
2019-02-07 07:42:17,547 INFO  execution-log - [Sequence No - 21] Beginning TestDataCommand ( LogicalFieldName : Primary Email, LogicalFieldValue : jack.smith@gmail.com )
----------------
2019-02-07 07:42:17,984 INFO  execution-log - [Sequence No - 21]	 Command completed.
----------------
2019-02-07 07:42:17,997 INFO  execution-log - [Sequence No - 22] Beginning ValidateExistStatusCommand ( LogicalFieldName : Business Started Year, LogicalFieldValue : True )
----------------
2019-02-07 07:42:18,072 INFO  execution-log - [Sequence No - 22]	 Command completed.
----------------
2019-02-07 07:42:18,083 INFO  execution-log - [Sequence No - 23] Beginning TestDataCommand ( LogicalFieldName : Business Started Year, LogicalFieldValue : 2012 )
----------------
2019-02-07 07:42:18,316 INFO  execution-log - [Sequence No - 23]	 Command completed.
----------------
2019-02-07 07:42:18,334 INFO  execution-log - [Sequence No - 24] Beginning ValidateExistStatusCommand ( LogicalFieldName : Select Product, LogicalFieldValue : True )
----------------
2019-02-07 07:42:18,363 INFO  execution-log - [Sequence No - 24]	 Command completed.
----------------
2019-02-07 07:42:18,373 INFO  execution-log - [Sequence No - 25] Beginning ActionCommand ( LogicalFieldName : Select Product, LogicalFieldValue : Click )
----------------
2019-02-07 07:42:18,593 INFO  execution-log - [Sequence No - 25]	 Command completed.
----------------
2019-02-07 07:42:18,603 INFO  execution-log - [Sequence No - 26] Beginning ActionCommand ( LogicalFieldName : Select Product1, LogicalFieldValue : Click )
----------------
2019-02-07 07:42:18,820 INFO  execution-log - [Sequence No - 26]	 Command completed.
----------------
2019-02-07 07:42:18,834 INFO  execution-log - [Sequence No - 27] Beginning ValidateExistStatusCommand ( LogicalFieldName : Contact Name, LogicalFieldValue : True )
----------------
2019-02-07 07:42:18,862 INFO  execution-log - [Sequence No - 27]	 Command completed.
----------------
2019-02-07 07:42:18,872 INFO  execution-log - [Sequence No - 28] Beginning ActionCommand ( LogicalFieldName : Contact Name, LogicalFieldValue : Click )
----------------
2019-02-07 07:42:19,089 INFO  execution-log - [Sequence No - 28]	 Command completed.
----------------
2019-02-07 07:42:19,101 INFO  execution-log - [Sequence No - 29] Beginning ActionCommand ( LogicalFieldName : Contact Name Initial Select, LogicalFieldValue : Click )
----------------
2019-02-07 07:42:19,305 INFO  execution-log - [Sequence No - 29]	 Command completed.
----------------
2019-02-07 07:42:19,316 INFO  execution-log - [Sequence No - 30] Beginning ValidateExistStatusCommand ( LogicalFieldName : Industry, LogicalFieldValue : True )
----------------
2019-02-07 07:42:19,354 INFO  execution-log - [Sequence No - 30]	 Command completed.
----------------
2019-02-07 07:42:19,366 INFO  execution-log - [Sequence No - 31] Beginning ActionCommand ( LogicalFieldName : Industry, LogicalFieldValue : Click )
----------------
2019-02-07 07:42:19,598 INFO  execution-log - [Sequence No - 31]	 Command completed.
----------------
2019-02-07 07:42:19,611 INFO  execution-log - [Sequence No - 32] Beginning ActionCommand ( LogicalFieldName : Industry1, LogicalFieldValue : Click )
----------------
2019-02-07 07:42:19,886 INFO  execution-log - [Sequence No - 32]	 Command completed.
----------------
2019-02-07 07:42:19,902 INFO  execution-log - [Sequence No - 33] Beginning ValidateExistStatusCommand ( LogicalFieldName : Zip Code, LogicalFieldValue : True )
----------------
2019-02-07 07:42:19,933 INFO  execution-log - [Sequence No - 33]	 Command completed.
----------------
2019-02-07 07:42:19,946 INFO  execution-log - [Sequence No - 34] Beginning TestDataCommand ( LogicalFieldName : Zip Code, LogicalFieldValue : 53704 )
----------------
2019-02-07 07:42:20,188 INFO  execution-log - [Sequence No - 34]	 Command completed.
----------------
2019-02-07 07:42:20,197 INFO  execution-log - [Sequence No - 35] Beginning ActionCommand ( LogicalFieldName : zipcode click, LogicalFieldValue : Click )
----------------
2019-02-07 07:42:20,632 INFO  execution-log - [Sequence No - 35]	 Command completed.
----------------
2019-02-07 07:42:20,642 INFO  execution-log - [Sequence No - 36] Beginning ValidateExistStatusCommand ( LogicalFieldName : Street Address, LogicalFieldValue : True )
----------------
2019-02-07 07:42:20,677 INFO  execution-log - [Sequence No - 36]	 Command completed.
----------------
2019-02-07 07:42:20,688 INFO  execution-log - [Sequence No - 37] Beginning TestDataCommand ( LogicalFieldName : Street Address, LogicalFieldValue : 123 BLUEJAY LN )
----------------
2019-02-07 07:42:21,019 INFO  execution-log - [Sequence No - 37]	 Command completed.
----------------
2019-02-07 07:42:21,030 INFO  execution-log - [Sequence No - 38] Beginning ValidateExistStatusCommand ( LogicalFieldName : Same as Physical Address, LogicalFieldValue : True )
----------------
2019-02-07 07:42:21,073 INFO  execution-log - [Sequence No - 38]	 Command completed.
----------------
2019-02-07 07:42:21,085 INFO  execution-log - [Sequence No - 39] Beginning ActionCommand ( LogicalFieldName : Same as Physical Address, LogicalFieldValue : Click )
----------------
2019-02-07 07:42:21,282 INFO  execution-log - [Sequence No - 39]	 Command completed.
----------------
2019-02-07 07:42:21,291 INFO  execution-log - [Sequence No - 40] Beginning ValidateEnableStatusCommand ( LogicalFieldName : Proceed, LogicalFieldValue : True )
----------------
2019-02-07 07:42:21,332 INFO  execution-log - [Sequence No - 40]	 Command completed.
----------------
2019-02-07 07:42:21,347 INFO  execution-log - [Sequence No - 41] Beginning ActionCommand ( LogicalFieldName : Proceed, LogicalFieldValue : Click )
----------------
2019-02-07 07:42:21,571 INFO  execution-log - [Sequence No - 41]	 Command completed.
----------------
2019-02-07 07:42:21,590 INFO  execution-log - 	 Command completed.
----------------
2019-02-07 07:42:21,597 INFO  execution-log -  Beginning PageCommand ( CurrentPage : Insured Info, FlowIdentifier : 4, DiIndicator : DI )
----------------
2019-02-07 07:42:21,603 INFO  execution-log - 	 Command completed.
----------------
2019-02-07 07:42:21,609 INFO  execution-log -  Beginning LoadTestDataItemCommand ( CurrentPage : Insured Info, FlowIdentifier : 4, DiIndicator : DI )
----------------
2019-02-07 07:42:21,631 INFO  execution-log - [Sequence No - 42] Beginning ValidateEnableStatusCommand ( LogicalFieldName : InsuredName, LogicalFieldValue : True )
----------------
2019-02-07 07:42:24,737 INFO  execution-log - [Sequence No - 42]	 Command completed.
----------------
2019-02-07 07:42:24,747 INFO  execution-log - [Sequence No - 43] Beginning TestDataCommand ( LogicalFieldName : InsuredName, LogicalFieldValue : Smith )
----------------
2019-02-07 07:42:25,340 INFO  execution-log - [Sequence No - 43]	 Command completed.
----------------
2019-02-07 07:42:25,352 INFO  execution-log - [Sequence No - 44] Beginning ValidateEnableStatusCommand ( LogicalFieldName : Primary State Click, LogicalFieldValue : True )
----------------
2019-02-07 07:42:25,400 INFO  execution-log - [Sequence No - 44]	 Command completed.
----------------
2019-02-07 07:42:25,411 INFO  execution-log - [Sequence No - 45] Beginning ActionCommand ( LogicalFieldName : Primary State Click, LogicalFieldValue : Click )
----------------
2019-02-07 07:42:30,281 INFO  execution-log - [Sequence No - 45]	 Command completed.
----------------
2019-02-07 07:42:30,302 INFO  execution-log - [Sequence No - 46] Beginning ActionCommand ( LogicalFieldName : PrimayState Select, LogicalFieldValue : Click )
----------------
2019-02-07 07:42:49,757 ERROR execution-log - TC # : 1, Timed out after 10 seconds
----------------
2019-02-07 07:43:00,332 ERROR execution-log - TC # : 1, Timed out after 10 seconds
----------------
2019-02-07 07:43:00,347 ERROR execution-log - TC # : 1, No more iterations to run. Test execution will abort.
----------------
2019-02-07 07:43:00,373 ERROR execution-log - TC # : 1, Framework failed to run the test due to a test configuration error.
	VM.Platform.TestAutomationFramework.Core.Exceptions.WorkflowFailedException: Timed out after 10 seconds ---> OpenQA.Selenium.WebDriverTimeoutException: Timed out after 10 seconds
   at OpenQA.Selenium.Support.UI.DefaultWait`1.ThrowTimeoutException(String exceptionMessage, Exception lastException)
   at OpenQA.Selenium.Support.UI.DefaultWait`1.Until[TResult](Func`2 condition)
   at VM.Platform.TestAutomationFramework.Adapters.Selenium.SeleniumAdapter.WaitForElementToBeClickable(ControlDefinition ctrlDefinition) in C:\Users\VMQApractice\Desktop\v4Dev_Updated\v4Dev_Updated\VMTestAutomation\Src\Framework.Adapters.Selenium\SeleniumAdapter.cs:line 713
   at VM.Platform.TestAutomationFramework.UIAutomation.Commands.Interactions.ActionCommand.Execute(TestRunContext context) in C:\Users\VMQApractice\Desktop\v4Dev_Updated\v4Dev_Updated\VMTestAutomation\Src\Framework.UIAutomation\Commands\Interactions\ActionCommand.cs:line 30
   --- End of inner exception stack trace ---
   at VM.Platform.TestAutomationFramework.UIAutomation.Commands.Interactions.ActionCommand.Execute(TestRunContext context) in C:\Users\VMQApractice\Desktop\v4Dev_Updated\v4Dev_Updated\VMTestAutomation\Src\Framework.UIAutomation\Commands\Interactions\ActionCommand.cs:line 42
   at VM.Platform.TestAutomationFramework.Core.Decorators.CommandDecorator.Execute(TestRunContext context) in C:\Users\VMQApractice\Desktop\v4Dev_Updated\v4Dev_Updated\VMTestAutomation\Src\Framework.Core\Decorators\CommandDecorator.cs:line 22
   at VM.Platform.TestAutomationFramework.Core.Decorators.CommandLogger.Execute(TestRunContext context) in C:\Users\VMQApractice\Desktop\v4Dev_Updated\v4Dev_Updated\VMTestAutomation\Src\Framework.Core\Decorators\CommandLogger.cs:line 93
   at VM.Platform.TestAutomationFramework.Core.Decorators.CommandDecorator.Execute(TestRunContext context) in C:\Users\VMQApractice\Desktop\v4Dev_Updated\v4Dev_Updated\VMTestAutomation\Src\Framework.Core\Decorators\CommandDecorator.cs:line 22
   at VM.Platform.TestAutomationFramework.Core.Decorators.CommandErrorHandler.Execute(TestRunContext context) in C:\Users\VMQApractice\Desktop\v4Dev_Updated\v4Dev_Updated\VMTestAutomation\Src\Framework.Core\Decorators\CommandErrorHandler.cs:line 65
   at VM.Platform.TestAutomationFramework.Core.Decorators.CommandDecorator.Execute(TestRunContext context) in C:\Users\VMQApractice\Desktop\v4Dev_Updated\v4Dev_Updated\VMTestAutomation\Src\Framework.Core\Decorators\CommandDecorator.cs:line 22
   at VM.Platform.TestAutomationFramework.Core.Decorators.CommandTimer.Execute(TestRunContext context) in C:\Users\VMQApractice\Desktop\v4Dev_Updated\v4Dev_Updated\VMTestAutomation\Src\Framework.Core\Decorators\CommandTimer.cs:line 26
   at VM.Platform.TestAutomationFramework.Core.Decorators.CommandDecorator.Execute(TestRunContext context) in C:\Users\VMQApractice\Desktop\v4Dev_Updated\v4Dev_Updated\VMTestAutomation\Src\Framework.Core\Decorators\CommandDecorator.cs:line 22
   at VM.Platform.TestAutomationFramework.Core.Decorators.IgnorePagesDecorator.Execute(TestRunContext context) in C:\Users\VMQApractice\Desktop\v4Dev_Updated\v4Dev_Updated\VMTestAutomation\Src\Framework.Core\Decorators\IgnorePagesDecorator.cs:line 24
   at VM.Platform.TestAutomationFramework.UIAutomation.Commands.Workflow.LoadTestDataItemCommand.Execute(TestRunContext context) in C:\Users\VMQApractice\Desktop\v4Dev_Updated\v4Dev_Updated\VMTestAutomation\Src\Framework.UIAutomation\Commands\Workflow\LoadTestDataItemCommand.cs:line 96
   at VM.Platform.TestAutomationFramework.Core.Decorators.CommandDecorator.Execute(TestRunContext context) in C:\Users\VMQApractice\Desktop\v4Dev_Updated\v4Dev_Updated\VMTestAutomation\Src\Framework.Core\Decorators\CommandDecorator.cs:line 22
   at VM.Platform.TestAutomationFramework.Core.Decorators.CommandLogger.Execute(TestRunContext context) in C:\Users\VMQApractice\Desktop\v4Dev_Updated\v4Dev_Updated\VMTestAutomation\Src\Framework.Core\Decorators\CommandLogger.cs:line 93
   at VM.Platform.TestAutomationFramework.Core.Decorators.CommandDecorator.Execute(TestRunContext context) in C:\Users\VMQApractice\Desktop\v4Dev_Updated\v4Dev_Updated\VMTestAutomation\Src\Framework.Core\Decorators\CommandDecorator.cs:line 22
   at VM.Platform.TestAutomationFramework.Core.Decorators.CommandErrorHandler.Execute(TestRunContext context) in C:\Users\VMQApractice\Desktop\v4Dev_Updated\v4Dev_Updated\VMTestAutomation\Src\Framework.Core\Decorators\CommandErrorHandler.cs:line 65
   at VM.Platform.TestAutomationFramework.Core.Decorators.CommandDecorator.Execute(TestRunContext context) in C:\Users\VMQApractice\Desktop\v4Dev_Updated\v4Dev_Updated\VMTestAutomation\Src\Framework.Core\Decorators\CommandDecorator.cs:line 22
   at VM.Platform.TestAutomationFramework.Core.Decorators.CommandTimer.Execute(TestRunContext context) in C:\Users\VMQApractice\Desktop\v4Dev_Updated\v4Dev_Updated\VMTestAutomation\Src\Framework.Core\Decorators\CommandTimer.cs:line 26
   at VM.Platform.TestAutomationFramework.Core.Decorators.CommandDecorator.Execute(TestRunContext context) in C:\Users\VMQApractice\Desktop\v4Dev_Updated\v4Dev_Updated\VMTestAutomation\Src\Framework.Core\Decorators\CommandDecorator.cs:line 22
   at VM.Platform.TestAutomationFramework.Core.Decorators.IgnorePagesDecorator.Execute(TestRunContext context) in C:\Users\VMQApractice\Desktop\v4Dev_Updated\v4Dev_Updated\VMTestAutomation\Src\Framework.Core\Decorators\IgnorePagesDecorator.cs:line 24
   at VM.Platform.TestAutomationFramework.Core.TestCommandRunner.Execute(TestRunContext testRunContext) in C:\Users\VMQApractice\Desktop\v4Dev_Updated\v4Dev_Updated\VMTestAutomation\Src\Framework.Core\TestCommandRunner.cs:line 75
   at VM.Platform.TestAutomationFramework.Core.SingleTestCaseRunner.ExecuteSingleTestCase(Int32 testCaseId, String targetEnvironment, String repositiory, Int32 Retry) in C:\Users\VMQApractice\Desktop\v4Dev_Updated\v4Dev_Updated\VMTestAutomation\Src\Framework.Core\SingleTestCaseRunner.cs:line 167
----------------
2019-02-07 07:43:02,913 INFO  execution-log - Saving captured values to file.
----------------
2019-02-07 07:43:02,925 ERROR execution-log - TC # : 1,  has failed
----------------
