2019-02-06 06:10:13,136 INFO  execution-log - 	Initializing control map with map # MASTER
----------------
2019-02-06 06:10:13,151 INFO  execution-log - Initializing Test Automation
----------------
2019-02-06 06:10:13,155 INFO  execution-log - 	target browser: Chrome
----------------
2019-02-06 06:10:50,238 INFO  execution-log - TC # : 1, Downloading test case from DB
----------------
2019-02-06 06:10:50,296 INFO  execution-log - TC # : 1, Getting control map :MASTER from DB
----------------
2019-02-06 06:10:50,325 INFO  execution-log - TC # : 1, Control map retrieval completed
----------------
2019-02-06 06:10:50,347 INFO  execution-log - TC # : 1, Getting test data from DB
----------------
2019-02-06 06:10:50,430 INFO  execution-log - TC # : 1, Test data retrieval completed
----------------
2019-02-06 06:10:50,475 INFO  execution-log - TC # : 1, Parsing commands
----------------
2019-02-06 06:10:50,479 INFO  execution-log - Loading captured values from persistence.
----------------
2019-02-06 06:10:50,483 INFO  execution-log - TC # : 1, Started executing test case in the VMTESTAPP1 environment (http://vam-qa.cloudapp.net:6363/pages/login.html)
----------------
2019-02-06 06:10:50,523 INFO  execution-log -  Beginning StartIterationCommand ( Iterations : 1 )
----------------
2019-02-06 06:10:50,527 INFO  execution-log - TC # : 1, Starting iteration #1
----------------
2019-02-06 06:10:50,532 INFO  execution-log - 	 Command completed.
----------------
2019-02-06 06:10:50,537 INFO  execution-log -  Beginning InvokeApplicationCommand ( Target :  )
----------------
2019-02-06 06:10:52,207 INFO  execution-log - 	 Command completed.
----------------
2019-02-06 06:10:52,219 INFO  execution-log -  Beginning PageCommand ( CurrentPage : Login, FlowIdentifier : 1, DiIndicator : DI )
----------------
2019-02-06 06:10:52,232 INFO  execution-log - 	 Command completed.
----------------
2019-02-06 06:10:52,244 INFO  execution-log -  Beginning LoadTestDataItemCommand ( CurrentPage : Login, FlowIdentifier : 1, DiIndicator : DI )
----------------
2019-02-06 06:10:52,283 INFO  execution-log - [Sequence No - 1] Beginning ValidateExistStatusCommand ( LogicalFieldName : User Name, LogicalFieldValue : True )
----------------
2019-02-06 06:10:52,352 INFO  execution-log - [Sequence No - 1]	 Command completed.
----------------
2019-02-06 06:10:52,424 INFO  execution-log - [Sequence No - 2] Beginning ActionCommand ( LogicalFieldName : User Name, LogicalFieldValue : Click )
----------------
2019-02-06 06:10:52,773 INFO  execution-log - [Sequence No - 2]	 Command completed.
----------------
2019-02-06 06:10:52,786 INFO  execution-log - [Sequence No - 3] Beginning TestDataCommand ( LogicalFieldName : User Name, LogicalFieldValue : Jack )
----------------
2019-02-06 06:10:53,032 INFO  execution-log - [Sequence No - 3]	 Command completed.
----------------
2019-02-06 06:10:53,042 INFO  execution-log - [Sequence No - 4] Beginning ValidateExistStatusCommand ( LogicalFieldName : Password, LogicalFieldValue : True )
----------------
2019-02-06 06:10:53,108 INFO  execution-log - [Sequence No - 4]	 Command completed.
----------------
2019-02-06 06:10:53,121 INFO  execution-log - [Sequence No - 5] Beginning TestDataCommand ( LogicalFieldName : Password, LogicalFieldValue : Smit@123 )
----------------
2019-02-06 06:10:53,570 INFO  execution-log - [Sequence No - 5]	 Command completed.
----------------
2019-02-06 06:10:53,581 INFO  execution-log - [Sequence No - 6] Beginning ValidateEnableStatusCommand ( LogicalFieldName : Login_Button, LogicalFieldValue : True )
----------------
2019-02-06 06:10:53,737 INFO  execution-log - [Sequence No - 6]	 Command completed.
----------------
2019-02-06 06:10:53,793 INFO  execution-log - [Sequence No - 7] Beginning ActionCommand ( LogicalFieldName : Login_Button, LogicalFieldValue : Click )
----------------
2019-02-06 06:10:54,308 INFO  execution-log - [Sequence No - 7]	 Command completed.
----------------
2019-02-06 06:10:54,314 INFO  execution-log - 	 Command completed.
----------------
2019-02-06 06:10:54,366 INFO  execution-log -  Beginning PageCommand ( CurrentPage : Home, FlowIdentifier : 2, DiIndicator : DI )
----------------
2019-02-06 06:10:54,444 INFO  execution-log - 	 Command completed.
----------------
2019-02-06 06:10:54,460 INFO  execution-log -  Beginning LoadTestDataItemCommand ( CurrentPage : Home, FlowIdentifier : 2, DiIndicator : DI )
----------------
2019-02-06 06:10:54,491 INFO  execution-log - [Sequence No - 8] Beginning ValidateEnableStatusCommand ( LogicalFieldName : New Quote, LogicalFieldValue : True )
----------------
2019-02-06 06:10:55,724 INFO  execution-log - [Sequence No - 8]	 Command completed.
----------------
2019-02-06 06:10:55,735 INFO  execution-log - [Sequence No - 9] Beginning ActionCommand ( LogicalFieldName : New Quote, LogicalFieldValue : Click )
----------------
2019-02-06 06:10:56,747 INFO  execution-log - [Sequence No - 9]	 Command completed.
----------------
2019-02-06 06:10:56,755 INFO  execution-log - 	 Command completed.
----------------
2019-02-06 06:10:56,768 INFO  execution-log -  Beginning PageCommand ( CurrentPage : New Quote, FlowIdentifier : 3, DiIndicator : DI )
----------------
2019-02-06 06:10:56,797 INFO  execution-log - 	 Command completed.
----------------
2019-02-06 06:10:56,813 INFO  execution-log -  Beginning LoadTestDataItemCommand ( CurrentPage : New Quote, FlowIdentifier : 3, DiIndicator : DI )
----------------
2019-02-06 06:10:56,843 INFO  execution-log - [Sequence No - 10] Beginning ValidateExistStatusCommand ( LogicalFieldName : Account Name, LogicalFieldValue : True )
----------------
2019-02-06 06:10:56,962 INFO  execution-log - [Sequence No - 10]	 Command completed.
----------------
2019-02-06 06:10:56,986 INFO  execution-log - [Sequence No - 11] Beginning TestDataCommand ( LogicalFieldName : Account Name, LogicalFieldValue : RANDOMIZE(7,2) )
----------------
2019-02-06 06:10:57,400 INFO  execution-log - [Sequence No - 11]	 Command completed.
----------------
2019-02-06 06:10:57,416 INFO  execution-log - [Sequence No - 12] Beginning ValidateExistStatusCommand ( LogicalFieldName : First Name, LogicalFieldValue : True )
----------------
2019-02-06 06:10:57,484 INFO  execution-log - [Sequence No - 12]	 Command completed.
----------------
2019-02-06 06:10:57,493 INFO  execution-log - [Sequence No - 13] Beginning TestDataCommand ( LogicalFieldName : First Name, LogicalFieldValue : Jack )
----------------
2019-02-06 06:10:57,917 INFO  execution-log - [Sequence No - 13]	 Command completed.
----------------
2019-02-06 06:10:57,928 INFO  execution-log - [Sequence No - 14] Beginning ValidateEnableStatusCommand ( LogicalFieldName : Last Name, LogicalFieldValue : True )
----------------
2019-02-06 06:10:57,969 INFO  execution-log - [Sequence No - 14]	 Command completed.
----------------
2019-02-06 06:10:57,977 INFO  execution-log - [Sequence No - 15] Beginning TestDataCommand ( LogicalFieldName : Last Name, LogicalFieldValue : Smith )
----------------
2019-02-06 06:10:58,415 INFO  execution-log - [Sequence No - 15]	 Command completed.
----------------
2019-02-06 06:10:58,427 INFO  execution-log - [Sequence No - 16] Beginning ValidateExistStatusCommand ( LogicalFieldName : ContactNumber1, LogicalFieldValue : True )
----------------
2019-02-06 06:10:58,476 INFO  execution-log - [Sequence No - 16]	 Command completed.
----------------
2019-02-06 06:10:58,492 INFO  execution-log - [Sequence No - 17] Beginning TestDataCommand ( LogicalFieldName : ContactNumber1, LogicalFieldValue : 654 )
----------------
2019-02-06 06:10:58,737 INFO  execution-log - [Sequence No - 17]	 Command completed.
----------------
2019-02-06 06:10:58,746 INFO  execution-log - [Sequence No - 18] Beginning TestDataCommand ( LogicalFieldName : ContactNumber2, LogicalFieldValue : 321 )
----------------
2019-02-06 06:10:59,310 INFO  execution-log - [Sequence No - 18]	 Command completed.
----------------
2019-02-06 06:10:59,320 INFO  execution-log - [Sequence No - 19] Beginning TestDataCommand ( LogicalFieldName : ContactNumber3, LogicalFieldValue : 6541 )
----------------
2019-02-06 06:11:00,337 INFO  execution-log - [Sequence No - 19]	 Command completed.
----------------
2019-02-06 06:11:00,348 INFO  execution-log - [Sequence No - 20] Beginning ValidateExistStatusCommand ( LogicalFieldName : Primary Email, LogicalFieldValue : True )
----------------
2019-02-06 06:11:00,507 INFO  execution-log - [Sequence No - 20]	 Command completed.
----------------
2019-02-06 06:11:00,518 INFO  execution-log - [Sequence No - 21] Beginning TestDataCommand ( LogicalFieldName : Primary Email, LogicalFieldValue : jack.smith@gmail.com )
----------------
2019-02-06 06:11:01,294 INFO  execution-log - [Sequence No - 21]	 Command completed.
----------------
2019-02-06 06:11:01,305 INFO  execution-log - [Sequence No - 22] Beginning ValidateExistStatusCommand ( LogicalFieldName : Business Started Year, LogicalFieldValue : True )
----------------
2019-02-06 06:11:01,344 INFO  execution-log - [Sequence No - 22]	 Command completed.
----------------
2019-02-06 06:11:01,367 INFO  execution-log - [Sequence No - 23] Beginning TestDataCommand ( LogicalFieldName : Business Started Year, LogicalFieldValue : 2012 )
----------------
2019-02-06 06:11:01,703 INFO  execution-log - [Sequence No - 23]	 Command completed.
----------------
2019-02-06 06:11:01,716 INFO  execution-log - [Sequence No - 24] Beginning ValidateExistStatusCommand ( LogicalFieldName : Select Product, LogicalFieldValue : True )
----------------
2019-02-06 06:11:01,773 INFO  execution-log - [Sequence No - 24]	 Command completed.
----------------
2019-02-06 06:11:01,789 INFO  execution-log - [Sequence No - 25] Beginning ActionCommand ( LogicalFieldName : Select Product, LogicalFieldValue : Click )
----------------
2019-02-06 06:11:02,124 INFO  execution-log - [Sequence No - 25]	 Command completed.
----------------
2019-02-06 06:11:02,136 INFO  execution-log - [Sequence No - 26] Beginning ActionCommand ( LogicalFieldName : Select Product1, LogicalFieldValue : Click )
----------------
2019-02-06 06:11:02,445 INFO  execution-log - [Sequence No - 26]	 Command completed.
----------------
2019-02-06 06:11:02,457 INFO  execution-log - [Sequence No - 27] Beginning ValidateExistStatusCommand ( LogicalFieldName : Contact Name, LogicalFieldValue : True )
----------------
2019-02-06 06:11:02,514 INFO  execution-log - [Sequence No - 27]	 Command completed.
----------------
2019-02-06 06:11:02,527 INFO  execution-log - [Sequence No - 28] Beginning ActionCommand ( LogicalFieldName : Contact Name, LogicalFieldValue : Click )
----------------
2019-02-06 06:11:02,789 INFO  execution-log - [Sequence No - 28]	 Command completed.
----------------
2019-02-06 06:11:02,814 INFO  execution-log - [Sequence No - 29] Beginning ActionCommand ( LogicalFieldName : Contact Name Initial Select, LogicalFieldValue : Click )
----------------
2019-02-06 06:11:03,233 INFO  execution-log - [Sequence No - 29]	 Command completed.
----------------
2019-02-06 06:11:03,246 INFO  execution-log - [Sequence No - 30] Beginning ValidateExistStatusCommand ( LogicalFieldName : Industry, LogicalFieldValue : True )
----------------
2019-02-06 06:11:03,289 INFO  execution-log - [Sequence No - 30]	 Command completed.
----------------
2019-02-06 06:11:03,299 INFO  execution-log - [Sequence No - 31] Beginning ActionCommand ( LogicalFieldName : Industry, LogicalFieldValue : Click )
----------------
2019-02-06 06:11:03,534 INFO  execution-log - [Sequence No - 31]	 Command completed.
----------------
2019-02-06 06:11:03,546 INFO  execution-log - [Sequence No - 32] Beginning ActionCommand ( LogicalFieldName : Industry1, LogicalFieldValue : Click )
----------------
2019-02-06 06:11:03,759 INFO  execution-log - [Sequence No - 32]	 Command completed.
----------------
2019-02-06 06:11:03,771 INFO  execution-log - [Sequence No - 33] Beginning ValidateExistStatusCommand ( LogicalFieldName : Zip Code, LogicalFieldValue : True )
----------------
2019-02-06 06:11:03,820 INFO  execution-log - [Sequence No - 33]	 Command completed.
----------------
2019-02-06 06:11:03,830 INFO  execution-log - [Sequence No - 34] Beginning TestDataCommand ( LogicalFieldName : Zip Code, LogicalFieldValue : 53704 )
----------------
2019-02-06 06:11:04,138 INFO  execution-log - [Sequence No - 34]	 Command completed.
----------------
2019-02-06 06:11:04,149 INFO  execution-log - [Sequence No - 35] Beginning ActionCommand ( LogicalFieldName : zipcode click, LogicalFieldValue : Click )
----------------
2019-02-06 06:11:04,643 INFO  execution-log - [Sequence No - 35]	 Command completed.
----------------
2019-02-06 06:11:04,664 INFO  execution-log - [Sequence No - 36] Beginning ValidateExistStatusCommand ( LogicalFieldName : Street Address, LogicalFieldValue : True )
----------------
2019-02-06 06:11:04,726 INFO  execution-log - [Sequence No - 36]	 Command completed.
----------------
2019-02-06 06:11:04,743 INFO  execution-log - [Sequence No - 37] Beginning TestDataCommand ( LogicalFieldName : Street Address, LogicalFieldValue : 123 BLUEJAY LN )
----------------
2019-02-06 06:11:05,488 INFO  execution-log - [Sequence No - 37]	 Command completed.
----------------
2019-02-06 06:11:05,505 INFO  execution-log - [Sequence No - 38] Beginning ValidateExistStatusCommand ( LogicalFieldName : Same as Physical Address, LogicalFieldValue : True )
----------------
2019-02-06 06:11:05,531 INFO  execution-log - [Sequence No - 38]	 Command completed.
----------------
2019-02-06 06:11:05,545 INFO  execution-log - [Sequence No - 39] Beginning ActionCommand ( LogicalFieldName : Same as Physical Address, LogicalFieldValue : Click )
----------------
2019-02-06 06:11:05,784 INFO  execution-log - [Sequence No - 39]	 Command completed.
----------------
2019-02-06 06:11:05,801 INFO  execution-log - [Sequence No - 40] Beginning ValidateEnableStatusCommand ( LogicalFieldName : Proceed, LogicalFieldValue : True )
----------------
2019-02-06 06:11:05,858 INFO  execution-log - [Sequence No - 40]	 Command completed.
----------------
2019-02-06 06:11:05,985 INFO  execution-log - [Sequence No - 41] Beginning ActionCommand ( LogicalFieldName : Proceed, LogicalFieldValue : Click )
----------------
2019-02-06 06:11:06,508 INFO  execution-log - [Sequence No - 41]	 Command completed.
----------------
2019-02-06 06:11:06,518 INFO  execution-log - 	 Command completed.
----------------
2019-02-06 06:11:06,532 INFO  execution-log -  Beginning PageCommand ( CurrentPage : Insured Info, FlowIdentifier : 4, DiIndicator : DI )
----------------
2019-02-06 06:11:06,543 INFO  execution-log - 	 Command completed.
----------------
2019-02-06 06:11:06,550 INFO  execution-log -  Beginning LoadTestDataItemCommand ( CurrentPage : Insured Info, FlowIdentifier : 4, DiIndicator : DI )
----------------
2019-02-06 06:11:06,571 INFO  execution-log - [Sequence No - 42] Beginning ValidateEnableStatusCommand ( LogicalFieldName : InsuredName, LogicalFieldValue : True )
----------------
2019-02-06 06:11:08,508 INFO  execution-log - [Sequence No - 42]	 Command completed.
----------------
2019-02-06 06:11:08,531 INFO  execution-log - [Sequence No - 43] Beginning TestDataCommand ( LogicalFieldName : InsuredName, LogicalFieldValue : Smith )
----------------
2019-02-06 06:11:08,953 INFO  execution-log - [Sequence No - 43]	 Command completed.
----------------
2019-02-06 06:11:08,963 INFO  execution-log - [Sequence No - 44] Beginning ValidateEnableStatusCommand ( LogicalFieldName : Primary State Click, LogicalFieldValue : True )
----------------
2019-02-06 06:11:09,008 INFO  execution-log - [Sequence No - 44]	 Command completed.
----------------
2019-02-06 06:11:09,019 INFO  execution-log - [Sequence No - 45] Beginning ActionCommand ( LogicalFieldName : Primary State Click, LogicalFieldValue : Click )
----------------
2019-02-06 06:11:09,212 INFO  execution-log - [Sequence No - 45]	 Command completed.
----------------
2019-02-06 06:11:09,226 INFO  execution-log - [Sequence No - 46] Beginning ActionCommand ( LogicalFieldName : PrimayState Select, LogicalFieldValue : Click )
----------------
2019-02-06 06:11:09,662 INFO  execution-log - [Sequence No - 46]	 Command completed.
----------------
2019-02-06 06:11:09,675 INFO  execution-log - [Sequence No - 47] Beginning ValidateExistStatusCommand ( LogicalFieldName : Street Address, LogicalFieldValue : True )
----------------
2019-02-06 06:11:09,715 INFO  execution-log - [Sequence No - 47]	 Command completed.
----------------
2019-02-06 06:11:09,727 INFO  execution-log - [Sequence No - 48] Beginning TestDataCommand ( LogicalFieldName : Street Address, LogicalFieldValue : 123 new street )
----------------
2019-02-06 06:11:10,190 INFO  execution-log - [Sequence No - 48]	 Command completed.
----------------
2019-02-06 06:11:10,206 INFO  execution-log - [Sequence No - 49] Beginning ValidateExistStatusCommand ( LogicalFieldName : Zip Code, LogicalFieldValue : True )
----------------
2019-02-06 06:11:10,227 INFO  execution-log - [Sequence No - 49]	 Command completed.
----------------
2019-02-06 06:11:10,235 INFO  execution-log - [Sequence No - 50] Beginning TestDataCommand ( LogicalFieldName : Zip Code, LogicalFieldValue : 53704 )
----------------
2019-02-06 06:11:10,489 INFO  execution-log - [Sequence No - 50]	 Command completed.
----------------
2019-02-06 06:11:10,500 INFO  execution-log - [Sequence No - 51] Beginning ValidateExistStatusCommand ( LogicalFieldName : Same as Physical Address, LogicalFieldValue : True )
----------------
2019-02-06 06:11:10,538 INFO  execution-log - [Sequence No - 51]	 Command completed.
----------------
2019-02-06 06:11:10,551 INFO  execution-log - [Sequence No - 52] Beginning ActionCommand ( LogicalFieldName : Same as Physical Address, LogicalFieldValue : Click )
----------------
2019-02-06 06:11:10,723 INFO  execution-log - [Sequence No - 52]	 Command completed.
----------------
2019-02-06 06:11:10,737 INFO  execution-log - [Sequence No - 53] Beginning ValidateExistStatusCommand ( LogicalFieldName : SIC Code, LogicalFieldValue : True )
----------------
2019-02-06 06:11:10,773 INFO  execution-log - [Sequence No - 53]	 Command completed.
----------------
2019-02-06 06:11:10,799 INFO  execution-log - [Sequence No - 54] Beginning TestDataCommand ( LogicalFieldName : SIC Code, LogicalFieldValue : 41510000-School buses )
----------------
2019-02-06 06:11:11,194 INFO  execution-log - [Sequence No - 54]	 Command completed.
----------------
2019-02-06 06:11:11,209 INFO  execution-log - [Sequence No - 55] Beginning ValidateExistStatusCommand ( LogicalFieldName : BusinessInceptionYear, LogicalFieldValue : True )
----------------
2019-02-06 06:11:11,236 INFO  execution-log - [Sequence No - 55]	 Command completed.
----------------
2019-02-06 06:11:11,243 INFO  execution-log - [Sequence No - 56] Beginning TestDataCommand ( LogicalFieldName : BusinessInceptionYear, LogicalFieldValue : 2012 )
----------------
2019-02-06 06:11:11,424 INFO  execution-log - [Sequence No - 56]	 Command completed.
----------------
2019-02-06 06:11:11,435 INFO  execution-log - [Sequence No - 57] Beginning ValidateExistStatusCommand ( LogicalFieldName : BusinessPhone, LogicalFieldValue : True )
----------------
2019-02-06 06:11:11,491 INFO  execution-log - [Sequence No - 57]	 Command completed.
----------------
2019-02-06 06:11:11,519 INFO  execution-log - [Sequence No - 58] Beginning TestDataCommand ( LogicalFieldName : BusinessPhone, LogicalFieldValue : 6549879879 )
----------------
2019-02-06 06:11:13,165 INFO  execution-log - [Sequence No - 58]	 Command completed.
----------------
2019-02-06 06:11:13,226 INFO  execution-log - [Sequence No - 59] Beginning ValidateEnableStatusCommand ( LogicalFieldName : Next, LogicalFieldValue : True )
----------------
2019-02-06 06:11:13,273 INFO  execution-log - [Sequence No - 59]	 Command completed.
----------------
2019-02-06 06:11:13,281 INFO  execution-log - [Sequence No - 60] Beginning ActionCommand ( LogicalFieldName : Next, LogicalFieldValue : Click )
----------------
2019-02-06 06:11:13,480 INFO  execution-log - [Sequence No - 60]	 Command completed.
----------------
2019-02-06 06:11:13,487 INFO  execution-log - 	 Command completed.
----------------
2019-02-06 06:11:13,495 INFO  execution-log -  Beginning PageCommand ( CurrentPage : Policy Info, FlowIdentifier : 5, DiIndicator : DI )
----------------
2019-02-06 06:11:13,502 INFO  execution-log - 	 Command completed.
----------------
2019-02-06 06:11:13,509 INFO  execution-log -  Beginning LoadTestDataItemCommand ( CurrentPage : Policy Info, FlowIdentifier : 5, DiIndicator : DI )
----------------
2019-02-06 06:11:13,589 INFO  execution-log - [Sequence No - 61] Beginning ValidateEnableStatusCommand ( LogicalFieldName : Which State do u operate In?, LogicalFieldValue : True )
----------------
2019-02-06 06:11:14,647 INFO  execution-log - [Sequence No - 61]	 Command completed.
----------------
2019-02-06 06:11:14,660 INFO  execution-log - [Sequence No - 62] Beginning ActionCommand ( LogicalFieldName : Which State do u operate In?, LogicalFieldValue : Click )
----------------
2019-02-06 06:11:15,173 INFO  execution-log - [Sequence No - 62]	 Command completed.
----------------
2019-02-06 06:11:15,182 INFO  execution-log - [Sequence No - 63] Beginning ActionCommand ( LogicalFieldName : Which State do u operate In?1, LogicalFieldValue : Click )
----------------
2019-02-06 06:11:15,583 INFO  execution-log - [Sequence No - 63]	 Command completed.
----------------
2019-02-06 06:11:15,629 INFO  execution-log - [Sequence No - 64] Beginning ActionCommand ( LogicalFieldName : Label Click, LogicalFieldValue : Click )
----------------
2019-02-06 06:11:15,980 INFO  execution-log - [Sequence No - 64]	 Command completed.
----------------
2019-02-06 06:11:15,998 INFO  execution-log - [Sequence No - 65] Beginning ActionCommand ( LogicalFieldName : Collapse, LogicalFieldValue : Click )
----------------
2019-02-06 06:11:16,639 INFO  execution-log - [Sequence No - 65]	 Command completed.
----------------
2019-02-06 06:11:16,649 INFO  execution-log - [Sequence No - 66] Beginning ValidateEnableStatusCommand ( LogicalFieldName : Select Product, LogicalFieldValue : True )
----------------
2019-02-06 06:11:16,816 INFO  execution-log - [Sequence No - 66]	 Command completed.
----------------
2019-02-06 06:11:16,835 INFO  execution-log - [Sequence No - 67] Beginning ActionCommand ( LogicalFieldName : Select Product, LogicalFieldValue : Click-Wait(2000) )
----------------
2019-02-06 06:11:25,936 INFO  execution-log - [Sequence No - 67]	 Command completed.
----------------
2019-02-06 06:11:25,960 INFO  execution-log - [Sequence No - 68] Beginning ActionCommand ( LogicalFieldName : Select Product 1, LogicalFieldValue : Click )
----------------
2019-02-06 06:11:41,898 ERROR execution-log - TC # : 1, Timed out after 10 seconds
----------------
2019-02-06 06:13:09,523 ERROR execution-log - TC # : 1, Timed out after 10 seconds
----------------
2019-02-06 06:13:11,097 ERROR execution-log - TC # : 1, No more iterations to run. Test execution will abort.
----------------
2019-02-06 06:13:11,776 ERROR execution-log - TC # : 1, Framework failed to run the test due to a test configuration error.
	VM.Platform.TestAutomationFramework.Core.Exceptions.WorkflowFailedException: Timed out after 10 seconds ---> OpenQA.Selenium.WebDriverTimeoutException: Timed out after 10 seconds
   at OpenQA.Selenium.Support.UI.DefaultWait`1.ThrowTimeoutException(String exceptionMessage, Exception lastException)
   at OpenQA.Selenium.Support.UI.DefaultWait`1.Until[TResult](Func`2 condition)
   at VM.Platform.TestAutomationFramework.Adapters.Selenium.SeleniumAdapter.WaitForElementToBeClickable(ControlDefinition ctrlDefinition) in C:\Users\VMQApractice\Desktop\v4Dev_Updated\v4Dev_Updated\VMTestAutomation\Src\Framework.Adapters.Selenium\SeleniumAdapter.cs:line 713
   at VM.Platform.TestAutomationFramework.UIAutomation.Commands.Interactions.ActionCommand.Execute(TestRunContext context) in C:\Users\VMQApractice\Desktop\v4Dev_Updated\v4Dev_Updated\VMTestAutomation\Src\Framework.UIAutomation\Commands\Interactions\ActionCommand.cs:line 30
   --- End of inner exception stack trace ---
   at VM.Platform.TestAutomationFramework.UIAutomation.Commands.Interactions.ActionCommand.Execute(TestRunContext context) in C:\Users\VMQApractice\Desktop\v4Dev_Updated\v4Dev_Updated\VMTestAutomation\Src\Framework.UIAutomation\Commands\Interactions\ActionCommand.cs:line 42
   at VM.Platform.TestAutomationFramework.Core.Decorators.CommandDecorator.Execute(TestRunContext context) in C:\Users\VMQApractice\Desktop\v4Dev_Updated\v4Dev_Updated\VMTestAutomation\Src\Framework.Core\Decorators\CommandDecorator.cs:line 22
   at VM.Platform.TestAutomationFramework.Core.Decorators.CommandLogger.Execute(TestRunContext context) in C:\Users\VMQApractice\Desktop\v4Dev_Updated\v4Dev_Updated\VMTestAutomation\Src\Framework.Core\Decorators\CommandLogger.cs:line 93
   at VM.Platform.TestAutomationFramework.Core.Decorators.CommandDecorator.Execute(TestRunContext context) in C:\Users\VMQApractice\Desktop\v4Dev_Updated\v4Dev_Updated\VMTestAutomation\Src\Framework.Core\Decorators\CommandDecorator.cs:line 22
   at VM.Platform.TestAutomationFramework.Core.Decorators.CommandErrorHandler.Execute(TestRunContext context) in C:\Users\VMQApractice\Desktop\v4Dev_Updated\v4Dev_Updated\VMTestAutomation\Src\Framework.Core\Decorators\CommandErrorHandler.cs:line 65
   at VM.Platform.TestAutomationFramework.Core.Decorators.CommandDecorator.Execute(TestRunContext context) in C:\Users\VMQApractice\Desktop\v4Dev_Updated\v4Dev_Updated\VMTestAutomation\Src\Framework.Core\Decorators\CommandDecorator.cs:line 22
   at VM.Platform.TestAutomationFramework.Core.Decorators.CommandTimer.Execute(TestRunContext context) in C:\Users\VMQApractice\Desktop\v4Dev_Updated\v4Dev_Updated\VMTestAutomation\Src\Framework.Core\Decorators\CommandTimer.cs:line 26
   at VM.Platform.TestAutomationFramework.Core.Decorators.CommandDecorator.Execute(TestRunContext context) in C:\Users\VMQApractice\Desktop\v4Dev_Updated\v4Dev_Updated\VMTestAutomation\Src\Framework.Core\Decorators\CommandDecorator.cs:line 22
   at VM.Platform.TestAutomationFramework.Core.Decorators.IgnorePagesDecorator.Execute(TestRunContext context) in C:\Users\VMQApractice\Desktop\v4Dev_Updated\v4Dev_Updated\VMTestAutomation\Src\Framework.Core\Decorators\IgnorePagesDecorator.cs:line 24
   at VM.Platform.TestAutomationFramework.UIAutomation.Commands.Workflow.LoadTestDataItemCommand.Execute(TestRunContext context) in C:\Users\VMQApractice\Desktop\v4Dev_Updated\v4Dev_Updated\VMTestAutomation\Src\Framework.UIAutomation\Commands\Workflow\LoadTestDataItemCommand.cs:line 96
   at VM.Platform.TestAutomationFramework.Core.Decorators.CommandDecorator.Execute(TestRunContext context) in C:\Users\VMQApractice\Desktop\v4Dev_Updated\v4Dev_Updated\VMTestAutomation\Src\Framework.Core\Decorators\CommandDecorator.cs:line 22
   at VM.Platform.TestAutomationFramework.Core.Decorators.CommandLogger.Execute(TestRunContext context) in C:\Users\VMQApractice\Desktop\v4Dev_Updated\v4Dev_Updated\VMTestAutomation\Src\Framework.Core\Decorators\CommandLogger.cs:line 93
   at VM.Platform.TestAutomationFramework.Core.Decorators.CommandDecorator.Execute(TestRunContext context) in C:\Users\VMQApractice\Desktop\v4Dev_Updated\v4Dev_Updated\VMTestAutomation\Src\Framework.Core\Decorators\CommandDecorator.cs:line 22
   at VM.Platform.TestAutomationFramework.Core.Decorators.CommandErrorHandler.Execute(TestRunContext context) in C:\Users\VMQApractice\Desktop\v4Dev_Updated\v4Dev_Updated\VMTestAutomation\Src\Framework.Core\Decorators\CommandErrorHandler.cs:line 65
   at VM.Platform.TestAutomationFramework.Core.Decorators.CommandDecorator.Execute(TestRunContext context) in C:\Users\VMQApractice\Desktop\v4Dev_Updated\v4Dev_Updated\VMTestAutomation\Src\Framework.Core\Decorators\CommandDecorator.cs:line 22
   at VM.Platform.TestAutomationFramework.Core.Decorators.CommandTimer.Execute(TestRunContext context) in C:\Users\VMQApractice\Desktop\v4Dev_Updated\v4Dev_Updated\VMTestAutomation\Src\Framework.Core\Decorators\CommandTimer.cs:line 26
   at VM.Platform.TestAutomationFramework.Core.Decorators.CommandDecorator.Execute(TestRunContext context) in C:\Users\VMQApractice\Desktop\v4Dev_Updated\v4Dev_Updated\VMTestAutomation\Src\Framework.Core\Decorators\CommandDecorator.cs:line 22
   at VM.Platform.TestAutomationFramework.Core.Decorators.IgnorePagesDecorator.Execute(TestRunContext context) in C:\Users\VMQApractice\Desktop\v4Dev_Updated\v4Dev_Updated\VMTestAutomation\Src\Framework.Core\Decorators\IgnorePagesDecorator.cs:line 24
   at VM.Platform.TestAutomationFramework.Core.TestCommandRunner.Execute(TestRunContext testRunContext) in C:\Users\VMQApractice\Desktop\v4Dev_Updated\v4Dev_Updated\VMTestAutomation\Src\Framework.Core\TestCommandRunner.cs:line 75
   at VM.Platform.TestAutomationFramework.Core.SingleTestCaseRunner.ExecuteSingleTestCase(Int32 testCaseId, String targetEnvironment, String repositiory, Int32 Retry) in C:\Users\VMQApractice\Desktop\v4Dev_Updated\v4Dev_Updated\VMTestAutomation\Src\Framework.Core\SingleTestCaseRunner.cs:line 167
----------------
2019-02-06 06:15:47,693 INFO  execution-log - Saving captured values to file.
----------------
2019-02-06 06:15:56,732 ERROR execution-log - TC # : 1,  has failed
----------------
