2019-02-07 02:11:04,493 INFO  execution-log - 	Initializing control map with map # MASTER
----------------
2019-02-07 02:11:04,499 INFO  execution-log - Initializing Test Automation
----------------
2019-02-07 02:11:04,505 INFO  execution-log - 	target browser: Chrome
----------------
2019-02-07 02:11:04,509 INFO  execution-log - TC # : 1, Downloading test case from DB
----------------
2019-02-07 02:11:04,519 INFO  execution-log - TC # : 1, Getting control map :MASTER from DB
----------------
2019-02-07 02:11:04,519 INFO  execution-log - TC # : 1, Getting test data from DB
----------------
2019-02-07 02:11:04,528 INFO  execution-log - TC # : 1, Control map retrieval completed
----------------
2019-02-07 02:11:04,551 INFO  execution-log - TC # : 1, Test data retrieval completed
----------------
2019-02-07 02:11:04,559 INFO  execution-log - TC # : 1, Parsing commands
----------------
2019-02-07 02:11:04,563 INFO  execution-log - Loading captured values from persistence.
----------------
2019-02-07 02:11:04,568 INFO  execution-log - TC # : 1, Started executing test case in the VMTESTAPP1 environment (http://vam-qa.cloudapp.net:6363/pages/login.html)
----------------
2019-02-07 02:11:04,609 INFO  execution-log -  Beginning StartIterationCommand ( Iterations : 1 )
----------------
2019-02-07 02:11:04,615 INFO  execution-log - TC # : 1, Starting iteration #1
----------------
2019-02-07 02:11:04,620 INFO  execution-log - 	 Command completed.
----------------
2019-02-07 02:11:04,625 INFO  execution-log -  Beginning InvokeApplicationCommand ( Target :  )
----------------
2019-02-07 02:11:05,453 INFO  execution-log - 	 Command completed.
----------------
2019-02-07 02:11:05,461 INFO  execution-log -  Beginning PageCommand ( CurrentPage : Login, FlowIdentifier : 1, DiIndicator : DI )
----------------
2019-02-07 02:11:05,468 INFO  execution-log - 	 Command completed.
----------------
2019-02-07 02:11:05,475 INFO  execution-log -  Beginning LoadTestDataItemCommand ( CurrentPage : Login, FlowIdentifier : 1, DiIndicator : DI )
----------------
2019-02-07 02:11:05,492 INFO  execution-log - [Sequence No - 1] Beginning ValidateExistStatusCommand ( LogicalFieldName : User Name, LogicalFieldValue : True )
----------------
2019-02-07 02:11:05,536 INFO  execution-log - [Sequence No - 1]	 Command completed.
----------------
2019-02-07 02:11:05,545 INFO  execution-log - [Sequence No - 2] Beginning ActionCommand ( LogicalFieldName : User Name, LogicalFieldValue : Click )
----------------
2019-02-07 02:11:05,677 INFO  execution-log - [Sequence No - 2]	 Command completed.
----------------
2019-02-07 02:11:05,690 INFO  execution-log - [Sequence No - 3] Beginning TestDataCommand ( LogicalFieldName : User Name, LogicalFieldValue : Jack )
----------------
2019-02-07 02:11:05,792 INFO  execution-log - [Sequence No - 3]	 Command completed.
----------------
2019-02-07 02:11:05,802 INFO  execution-log - [Sequence No - 4] Beginning ValidateExistStatusCommand ( LogicalFieldName : Password, LogicalFieldValue : True )
----------------
2019-02-07 02:11:05,828 INFO  execution-log - [Sequence No - 4]	 Command completed.
----------------
2019-02-07 02:11:05,839 INFO  execution-log - [Sequence No - 5] Beginning TestDataCommand ( LogicalFieldName : Password, LogicalFieldValue : Smit@123 )
----------------
2019-02-07 02:11:05,988 INFO  execution-log - [Sequence No - 5]	 Command completed.
----------------
2019-02-07 02:11:06,000 INFO  execution-log - [Sequence No - 6] Beginning ValidateEnableStatusCommand ( LogicalFieldName : Login_Button, LogicalFieldValue : True )
----------------
2019-02-07 02:11:06,038 INFO  execution-log - [Sequence No - 6]	 Command completed.
----------------
2019-02-07 02:11:06,054 INFO  execution-log - [Sequence No - 7] Beginning ActionCommand ( LogicalFieldName : Login_Button, LogicalFieldValue : Click )
----------------
2019-02-07 02:11:06,179 INFO  execution-log - [Sequence No - 7]	 Command completed.
----------------
2019-02-07 02:11:06,187 INFO  execution-log - 	 Command completed.
----------------
2019-02-07 02:11:06,193 INFO  execution-log -  Beginning PageCommand ( CurrentPage : Home, FlowIdentifier : 2, DiIndicator : DI )
----------------
2019-02-07 02:11:06,198 INFO  execution-log - 	 Command completed.
----------------
2019-02-07 02:11:06,205 INFO  execution-log -  Beginning LoadTestDataItemCommand ( CurrentPage : Home, FlowIdentifier : 2, DiIndicator : DI )
----------------
2019-02-07 02:11:06,221 INFO  execution-log - [Sequence No - 8] Beginning ValidateEnableStatusCommand ( LogicalFieldName : New Quote, LogicalFieldValue : True )
----------------
2019-02-07 02:11:07,526 INFO  execution-log - [Sequence No - 8]	 Command completed.
----------------
2019-02-07 02:11:07,537 INFO  execution-log - [Sequence No - 9] Beginning ActionCommand ( LogicalFieldName : New Quote, LogicalFieldValue : Click )
----------------
2019-02-07 02:11:08,316 INFO  execution-log - [Sequence No - 9]	 Command completed.
----------------
2019-02-07 02:11:08,324 INFO  execution-log - 	 Command completed.
----------------
2019-02-07 02:11:08,330 INFO  execution-log -  Beginning PageCommand ( CurrentPage : New Quote, FlowIdentifier : 3, DiIndicator : DI )
----------------
2019-02-07 02:11:08,337 INFO  execution-log - 	 Command completed.
----------------
2019-02-07 02:11:08,343 INFO  execution-log -  Beginning LoadTestDataItemCommand ( CurrentPage : New Quote, FlowIdentifier : 3, DiIndicator : DI )
----------------
2019-02-07 02:11:08,363 INFO  execution-log - [Sequence No - 10] Beginning ValidateExistStatusCommand ( LogicalFieldName : Account Name, LogicalFieldValue : True )
----------------
2019-02-07 02:11:08,398 INFO  execution-log - [Sequence No - 10]	 Command completed.
----------------
2019-02-07 02:11:08,409 INFO  execution-log - [Sequence No - 11] Beginning TestDataCommand ( LogicalFieldName : Account Name, LogicalFieldValue : RANDOMIZE(7,2) )
----------------
2019-02-07 02:11:08,689 INFO  execution-log - [Sequence No - 11]	 Command completed.
----------------
2019-02-07 02:11:08,700 INFO  execution-log - [Sequence No - 12] Beginning ValidateExistStatusCommand ( LogicalFieldName : First Name, LogicalFieldValue : True )
----------------
2019-02-07 02:11:08,730 INFO  execution-log - [Sequence No - 12]	 Command completed.
----------------
2019-02-07 02:11:08,741 INFO  execution-log - [Sequence No - 13] Beginning TestDataCommand ( LogicalFieldName : First Name, LogicalFieldValue : Jack )
----------------
2019-02-07 02:11:08,967 INFO  execution-log - [Sequence No - 13]	 Command completed.
----------------
2019-02-07 02:11:08,981 INFO  execution-log - [Sequence No - 14] Beginning ValidateEnableStatusCommand ( LogicalFieldName : Last Name, LogicalFieldValue : True )
----------------
2019-02-07 02:11:09,013 INFO  execution-log - [Sequence No - 14]	 Command completed.
----------------
2019-02-07 02:11:09,023 INFO  execution-log - [Sequence No - 15] Beginning TestDataCommand ( LogicalFieldName : Last Name, LogicalFieldValue : Smith )
----------------
2019-02-07 02:11:09,229 INFO  execution-log - [Sequence No - 15]	 Command completed.
----------------
2019-02-07 02:11:09,239 INFO  execution-log - [Sequence No - 16] Beginning ValidateExistStatusCommand ( LogicalFieldName : ContactNumber1, LogicalFieldValue : True )
----------------
2019-02-07 02:11:09,264 INFO  execution-log - [Sequence No - 16]	 Command completed.
----------------
2019-02-07 02:11:09,274 INFO  execution-log - [Sequence No - 17] Beginning TestDataCommand ( LogicalFieldName : ContactNumber1, LogicalFieldValue : 654 )
----------------
2019-02-07 02:11:09,409 INFO  execution-log - [Sequence No - 17]	 Command completed.
----------------
2019-02-07 02:11:09,419 INFO  execution-log - [Sequence No - 18] Beginning TestDataCommand ( LogicalFieldName : ContactNumber2, LogicalFieldValue : 321 )
----------------
2019-02-07 02:11:09,544 INFO  execution-log - [Sequence No - 18]	 Command completed.
----------------
2019-02-07 02:11:09,556 INFO  execution-log - [Sequence No - 19] Beginning TestDataCommand ( LogicalFieldName : ContactNumber3, LogicalFieldValue : 6541 )
----------------
2019-02-07 02:11:09,688 INFO  execution-log - [Sequence No - 19]	 Command completed.
----------------
2019-02-07 02:11:09,700 INFO  execution-log - [Sequence No - 20] Beginning ValidateExistStatusCommand ( LogicalFieldName : Primary Email, LogicalFieldValue : True )
----------------
2019-02-07 02:11:09,787 INFO  execution-log - [Sequence No - 20]	 Command completed.
----------------
2019-02-07 02:11:09,804 INFO  execution-log - [Sequence No - 21] Beginning TestDataCommand ( LogicalFieldName : Primary Email, LogicalFieldValue : jack.smith@gmail.com )
----------------
2019-02-07 02:11:10,144 INFO  execution-log - [Sequence No - 21]	 Command completed.
----------------
2019-02-07 02:11:10,154 INFO  execution-log - [Sequence No - 22] Beginning ValidateExistStatusCommand ( LogicalFieldName : Business Started Year, LogicalFieldValue : True )
----------------
2019-02-07 02:11:10,178 INFO  execution-log - [Sequence No - 22]	 Command completed.
----------------
2019-02-07 02:11:10,188 INFO  execution-log - [Sequence No - 23] Beginning TestDataCommand ( LogicalFieldName : Business Started Year, LogicalFieldValue : 2012 )
----------------
2019-02-07 02:11:10,321 INFO  execution-log - [Sequence No - 23]	 Command completed.
----------------
2019-02-07 02:11:10,333 INFO  execution-log - [Sequence No - 24] Beginning ValidateExistStatusCommand ( LogicalFieldName : Select Product, LogicalFieldValue : True )
----------------
2019-02-07 02:11:10,360 INFO  execution-log - [Sequence No - 24]	 Command completed.
----------------
2019-02-07 02:11:10,370 INFO  execution-log - [Sequence No - 25] Beginning ActionCommand ( LogicalFieldName : Select Product, LogicalFieldValue : Click )
----------------
2019-02-07 02:11:10,523 INFO  execution-log - [Sequence No - 25]	 Command completed.
----------------
2019-02-07 02:11:10,534 INFO  execution-log - [Sequence No - 26] Beginning ActionCommand ( LogicalFieldName : Select Product1, LogicalFieldValue : Click )
----------------
2019-02-07 02:11:10,685 INFO  execution-log - [Sequence No - 26]	 Command completed.
----------------
2019-02-07 02:11:10,697 INFO  execution-log - [Sequence No - 27] Beginning ValidateExistStatusCommand ( LogicalFieldName : Contact Name, LogicalFieldValue : True )
----------------
2019-02-07 02:11:10,723 INFO  execution-log - [Sequence No - 27]	 Command completed.
----------------
2019-02-07 02:11:10,736 INFO  execution-log - [Sequence No - 28] Beginning ActionCommand ( LogicalFieldName : Contact Name, LogicalFieldValue : Click )
----------------
2019-02-07 02:11:10,922 INFO  execution-log - [Sequence No - 28]	 Command completed.
----------------
2019-02-07 02:11:10,933 INFO  execution-log - [Sequence No - 29] Beginning ActionCommand ( LogicalFieldName : Contact Name Initial Select, LogicalFieldValue : Click )
----------------
2019-02-07 02:11:11,578 INFO  execution-log - [Sequence No - 29]	 Command completed.
----------------
2019-02-07 02:11:11,588 INFO  execution-log - [Sequence No - 30] Beginning ValidateExistStatusCommand ( LogicalFieldName : Industry, LogicalFieldValue : True )
----------------
2019-02-07 02:11:11,612 INFO  execution-log - [Sequence No - 30]	 Command completed.
----------------
2019-02-07 02:11:11,626 INFO  execution-log - [Sequence No - 31] Beginning ActionCommand ( LogicalFieldName : Industry, LogicalFieldValue : Click )
----------------
2019-02-07 02:11:11,801 INFO  execution-log - [Sequence No - 31]	 Command completed.
----------------
2019-02-07 02:11:11,819 INFO  execution-log - [Sequence No - 32] Beginning ActionCommand ( LogicalFieldName : Industry1, LogicalFieldValue : Click )
----------------
2019-02-07 02:11:11,968 INFO  execution-log - [Sequence No - 32]	 Command completed.
----------------
2019-02-07 02:11:11,981 INFO  execution-log - [Sequence No - 33] Beginning ValidateExistStatusCommand ( LogicalFieldName : Zip Code, LogicalFieldValue : True )
----------------
2019-02-07 02:11:12,006 INFO  execution-log - [Sequence No - 33]	 Command completed.
----------------
2019-02-07 02:11:12,016 INFO  execution-log - [Sequence No - 34] Beginning TestDataCommand ( LogicalFieldName : Zip Code, LogicalFieldValue : 53704 )
----------------
2019-02-07 02:11:12,178 INFO  execution-log - [Sequence No - 34]	 Command completed.
----------------
2019-02-07 02:11:12,189 INFO  execution-log - [Sequence No - 35] Beginning ActionCommand ( LogicalFieldName : zipcode click, LogicalFieldValue : Click )
----------------
2019-02-07 02:11:12,545 INFO  execution-log - [Sequence No - 35]	 Command completed.
----------------
2019-02-07 02:11:12,559 INFO  execution-log - [Sequence No - 36] Beginning ValidateExistStatusCommand ( LogicalFieldName : Street Address, LogicalFieldValue : True )
----------------
2019-02-07 02:11:12,584 INFO  execution-log - [Sequence No - 36]	 Command completed.
----------------
2019-02-07 02:11:12,595 INFO  execution-log - [Sequence No - 37] Beginning TestDataCommand ( LogicalFieldName : Street Address, LogicalFieldValue : 123 BLUEJAY LN )
----------------
2019-02-07 02:11:12,883 INFO  execution-log - [Sequence No - 37]	 Command completed.
----------------
2019-02-07 02:11:12,899 INFO  execution-log - [Sequence No - 38] Beginning ValidateExistStatusCommand ( LogicalFieldName : Same as Physical Address, LogicalFieldValue : True )
----------------
2019-02-07 02:11:12,927 INFO  execution-log - [Sequence No - 38]	 Command completed.
----------------
2019-02-07 02:11:12,945 INFO  execution-log - [Sequence No - 39] Beginning ActionCommand ( LogicalFieldName : Same as Physical Address, LogicalFieldValue : Click )
----------------
2019-02-07 02:11:13,080 INFO  execution-log - [Sequence No - 39]	 Command completed.
----------------
2019-02-07 02:11:13,100 INFO  execution-log - [Sequence No - 40] Beginning ValidateEnableStatusCommand ( LogicalFieldName : Proceed, LogicalFieldValue : True )
----------------
2019-02-07 02:11:13,146 INFO  execution-log - [Sequence No - 40]	 Command completed.
----------------
2019-02-07 02:11:13,156 INFO  execution-log - [Sequence No - 41] Beginning ActionCommand ( LogicalFieldName : Proceed, LogicalFieldValue : Click )
----------------
2019-02-07 02:11:13,293 INFO  execution-log - [Sequence No - 41]	 Command completed.
----------------
2019-02-07 02:11:13,301 INFO  execution-log - 	 Command completed.
----------------
2019-02-07 02:11:13,307 INFO  execution-log -  Beginning PageCommand ( CurrentPage : Insured Info, FlowIdentifier : 4, DiIndicator : DI )
----------------
2019-02-07 02:11:13,312 INFO  execution-log - 	 Command completed.
----------------
2019-02-07 02:11:13,319 INFO  execution-log -  Beginning LoadTestDataItemCommand ( CurrentPage : Insured Info, FlowIdentifier : 4, DiIndicator : DI )
----------------
2019-02-07 02:11:13,335 INFO  execution-log - [Sequence No - 42] Beginning ValidateEnableStatusCommand ( LogicalFieldName : InsuredName, LogicalFieldValue : True )
----------------
2019-02-07 02:11:15,018 INFO  execution-log - [Sequence No - 42]	 Command completed.
----------------
2019-02-07 02:11:15,030 INFO  execution-log - [Sequence No - 43] Beginning TestDataCommand ( LogicalFieldName : InsuredName, LogicalFieldValue : Smith )
----------------
2019-02-07 02:11:15,176 INFO  execution-log - [Sequence No - 43]	 Command completed.
----------------
2019-02-07 02:11:15,189 INFO  execution-log - [Sequence No - 44] Beginning ValidateEnableStatusCommand ( LogicalFieldName : Primary State Click, LogicalFieldValue : True )
----------------
2019-02-07 02:11:15,224 INFO  execution-log - [Sequence No - 44]	 Command completed.
----------------
2019-02-07 02:11:15,235 INFO  execution-log - [Sequence No - 45] Beginning ActionCommand ( LogicalFieldName : Primary State Click, LogicalFieldValue : Click )
----------------
2019-02-07 02:11:15,401 INFO  execution-log - [Sequence No - 45]	 Command completed.
----------------
2019-02-07 02:11:15,417 INFO  execution-log - [Sequence No - 46] Beginning ActionCommand ( LogicalFieldName : PrimayState Select, LogicalFieldValue : Click )
----------------
2019-02-07 02:11:15,617 INFO  execution-log - [Sequence No - 46]	 Command completed.
----------------
2019-02-07 02:11:15,634 INFO  execution-log - [Sequence No - 47] Beginning ValidateExistStatusCommand ( LogicalFieldName : Street Address, LogicalFieldValue : True )
----------------
2019-02-07 02:11:15,664 INFO  execution-log - [Sequence No - 47]	 Command completed.
----------------
2019-02-07 02:11:15,677 INFO  execution-log - [Sequence No - 48] Beginning TestDataCommand ( LogicalFieldName : Street Address, LogicalFieldValue : 123 new street )
----------------
2019-02-07 02:11:15,976 INFO  execution-log - [Sequence No - 48]	 Command completed.
----------------
2019-02-07 02:11:15,987 INFO  execution-log - [Sequence No - 49] Beginning ValidateExistStatusCommand ( LogicalFieldName : Zip Code, LogicalFieldValue : True )
----------------
2019-02-07 02:11:16,026 INFO  execution-log - [Sequence No - 49]	 Command completed.
----------------
2019-02-07 02:11:16,039 INFO  execution-log - [Sequence No - 50] Beginning TestDataCommand ( LogicalFieldName : Zip Code, LogicalFieldValue : 53704 )
----------------
2019-02-07 02:11:16,180 INFO  execution-log - [Sequence No - 50]	 Command completed.
----------------
2019-02-07 02:11:16,192 INFO  execution-log - [Sequence No - 51] Beginning ValidateExistStatusCommand ( LogicalFieldName : Same as Physical Address, LogicalFieldValue : True )
----------------
2019-02-07 02:11:16,218 INFO  execution-log - [Sequence No - 51]	 Command completed.
----------------
2019-02-07 02:11:16,231 INFO  execution-log - [Sequence No - 52] Beginning ActionCommand ( LogicalFieldName : Same as Physical Address, LogicalFieldValue : Click )
----------------
2019-02-07 02:11:16,380 INFO  execution-log - [Sequence No - 52]	 Command completed.
----------------
2019-02-07 02:11:16,395 INFO  execution-log - [Sequence No - 53] Beginning ValidateExistStatusCommand ( LogicalFieldName : SIC Code, LogicalFieldValue : True )
----------------
2019-02-07 02:11:16,432 INFO  execution-log - [Sequence No - 53]	 Command completed.
----------------
2019-02-07 02:11:16,444 INFO  execution-log - [Sequence No - 54] Beginning TestDataCommand ( LogicalFieldName : SIC Code, LogicalFieldValue : 41510000-School buses )
----------------
2019-02-07 02:11:16,801 INFO  execution-log - [Sequence No - 54]	 Command completed.
----------------
2019-02-07 02:11:16,814 INFO  execution-log - [Sequence No - 55] Beginning ValidateExistStatusCommand ( LogicalFieldName : BusinessInceptionYear, LogicalFieldValue : True )
----------------
2019-02-07 02:11:16,855 INFO  execution-log - [Sequence No - 55]	 Command completed.
----------------
2019-02-07 02:11:16,867 INFO  execution-log - [Sequence No - 56] Beginning TestDataCommand ( LogicalFieldName : BusinessInceptionYear, LogicalFieldValue : 2012 )
----------------
2019-02-07 02:11:17,046 INFO  execution-log - [Sequence No - 56]	 Command completed.
----------------
2019-02-07 02:11:17,063 INFO  execution-log - [Sequence No - 57] Beginning ValidateExistStatusCommand ( LogicalFieldName : BusinessPhone, LogicalFieldValue : True )
----------------
2019-02-07 02:11:17,095 INFO  execution-log - [Sequence No - 57]	 Command completed.
----------------
2019-02-07 02:11:17,110 INFO  execution-log - [Sequence No - 58] Beginning TestDataCommand ( LogicalFieldName : BusinessPhone, LogicalFieldValue : 6549879879 )
----------------
2019-02-07 02:11:18,375 INFO  execution-log - [Sequence No - 58]	 Command completed.
----------------
2019-02-07 02:11:18,388 INFO  execution-log - [Sequence No - 59] Beginning ValidateEnableStatusCommand ( LogicalFieldName : Next, LogicalFieldValue : True )
----------------
2019-02-07 02:11:18,423 INFO  execution-log - [Sequence No - 59]	 Command completed.
----------------
2019-02-07 02:11:18,433 INFO  execution-log - [Sequence No - 60] Beginning ActionCommand ( LogicalFieldName : Next, LogicalFieldValue : Click )
----------------
2019-02-07 02:11:18,558 INFO  execution-log - [Sequence No - 60]	 Command completed.
----------------
2019-02-07 02:11:18,568 INFO  execution-log - 	 Command completed.
----------------
2019-02-07 02:11:18,576 INFO  execution-log -  Beginning PageCommand ( CurrentPage : Policy Info, FlowIdentifier : 5, DiIndicator : DI )
----------------
2019-02-07 02:11:18,582 INFO  execution-log - 	 Command completed.
----------------
2019-02-07 02:11:18,589 INFO  execution-log -  Beginning LoadTestDataItemCommand ( CurrentPage : Policy Info, FlowIdentifier : 5, DiIndicator : DI )
----------------
2019-02-07 02:11:18,607 INFO  execution-log - [Sequence No - 61] Beginning ValidateEnableStatusCommand ( LogicalFieldName : Which State do u operate In?, LogicalFieldValue : True )
----------------
2019-02-07 02:11:19,378 INFO  execution-log - [Sequence No - 61]	 Command completed.
----------------
2019-02-07 02:11:19,405 INFO  execution-log - [Sequence No - 62] Beginning ActionCommand ( LogicalFieldName : Which State do u operate In?, LogicalFieldValue : Click )
----------------
2019-02-07 02:11:19,648 INFO  execution-log - [Sequence No - 62]	 Command completed.
----------------
2019-02-07 02:11:19,660 INFO  execution-log - [Sequence No - 63] Beginning ActionCommand ( LogicalFieldName : Which State do u operate In?1, LogicalFieldValue : Click )
----------------
2019-02-07 02:11:32,076 ERROR execution-log - TC # : 1, Timed out after 10 seconds
----------------
2019-02-07 02:11:40,101 ERROR execution-log - TC # : 1, Timed out after 10 seconds
----------------
2019-02-07 02:11:40,108 ERROR execution-log - TC # : 1, No more iterations to run. Test execution will abort.
----------------
2019-02-07 02:11:40,114 ERROR execution-log - TC # : 1, Framework failed to run the test due to a test configuration error.
	VM.Platform.TestAutomationFramework.Core.Exceptions.WorkflowFailedException: Timed out after 10 seconds ---> OpenQA.Selenium.WebDriverTimeoutException: Timed out after 10 seconds ---> OpenQA.Selenium.NoSuchElementException: no such element: Unable to locate element: {"method":"xpath","selector":"/html/body/div[14]/div/ul/li[1]/input"}
  (Session info: chrome=71.0.3578.98)
  (Driver info: chromedriver=2.45.615291 (ec3682e3c9061c10f26ea9e5cdcf3c53f3f74387),platform=Windows NT 10.0.16299 x86_64)
   at OpenQA.Selenium.Remote.RemoteWebDriver.UnpackAndThrowOnError(Response errorResponse)
   at OpenQA.Selenium.Remote.RemoteWebDriver.Execute(String driverCommandToExecute, Dictionary`2 parameters)
   at OpenQA.Selenium.Remote.RemoteWebDriver.FindElement(String mechanism, String value)
   at OpenQA.Selenium.Remote.RemoteWebDriver.FindElementByXPath(String xpath)
   at OpenQA.Selenium.By.<>c__DisplayClass19_0.<XPath>b__0(ISearchContext context)
   at OpenQA.Selenium.By.FindElement(ISearchContext context)
   at OpenQA.Selenium.Remote.RemoteWebDriver.FindElement(By by)
   at OpenQA.Selenium.Support.UI.ExpectedConditions.<>c__DisplayClass19_0.<ElementToBeClickable>b__0(IWebDriver driver)
   at OpenQA.Selenium.Support.UI.DefaultWait`1.Until[TResult](Func`2 condition)
   --- End of inner exception stack trace ---
   at OpenQA.Selenium.Support.UI.DefaultWait`1.ThrowTimeoutException(String exceptionMessage, Exception lastException)
   at OpenQA.Selenium.Support.UI.DefaultWait`1.Until[TResult](Func`2 condition)
   at VM.Platform.TestAutomationFramework.Adapters.Selenium.SeleniumAdapter.WaitForElementToBeClickable(ControlDefinition ctrlDefinition) in C:\Users\VMQApractice\Desktop\v4Dev_Updated\v4Dev_Updated\VMTestAutomation\Src\Framework.Adapters.Selenium\SeleniumAdapter.cs:line 713
   at VM.Platform.TestAutomationFramework.UIAutomation.Commands.Interactions.ActionCommand.Execute(TestRunContext context) in C:\Users\VMQApractice\Desktop\v4Dev_Updated\v4Dev_Updated\VMTestAutomation\Src\Framework.UIAutomation\Commands\Interactions\ActionCommand.cs:line 30
   --- End of inner exception stack trace ---
   at VM.Platform.TestAutomationFramework.UIAutomation.Commands.Interactions.ActionCommand.Execute(TestRunContext context) in C:\Users\VMQApractice\Desktop\v4Dev_Updated\v4Dev_Updated\VMTestAutomation\Src\Framework.UIAutomation\Commands\Interactions\ActionCommand.cs:line 42
   at VM.Platform.TestAutomationFramework.Core.Decorators.CommandDecorator.Execute(TestRunContext context) in C:\Users\VMQApractice\Desktop\v4Dev_Updated\v4Dev_Updated\VMTestAutomation\Src\Framework.Core\Decorators\CommandDecorator.cs:line 22
   at VM.Platform.TestAutomationFramework.Core.Decorators.CommandLogger.Execute(TestRunContext context) in C:\Users\VMQApractice\Desktop\v4Dev_Updated\v4Dev_Updated\VMTestAutomation\Src\Framework.Core\Decorators\CommandLogger.cs:line 93
   at VM.Platform.TestAutomationFramework.Core.Decorators.CommandDecorator.Execute(TestRunContext context) in C:\Users\VMQApractice\Desktop\v4Dev_Updated\v4Dev_Updated\VMTestAutomation\Src\Framework.Core\Decorators\CommandDecorator.cs:line 22
   at VM.Platform.TestAutomationFramework.Core.Decorators.CommandErrorHandler.Execute(TestRunContext context) in C:\Users\VMQApractice\Desktop\v4Dev_Updated\v4Dev_Updated\VMTestAutomation\Src\Framework.Core\Decorators\CommandErrorHandler.cs:line 65
   at VM.Platform.TestAutomationFramework.Core.Decorators.CommandDecorator.Execute(TestRunContext context) in C:\Users\VMQApractice\Desktop\v4Dev_Updated\v4Dev_Updated\VMTestAutomation\Src\Framework.Core\Decorators\CommandDecorator.cs:line 22
   at VM.Platform.TestAutomationFramework.Core.Decorators.CommandTimer.Execute(TestRunContext context) in C:\Users\VMQApractice\Desktop\v4Dev_Updated\v4Dev_Updated\VMTestAutomation\Src\Framework.Core\Decorators\CommandTimer.cs:line 26
   at VM.Platform.TestAutomationFramework.Core.Decorators.CommandDecorator.Execute(TestRunContext context) in C:\Users\VMQApractice\Desktop\v4Dev_Updated\v4Dev_Updated\VMTestAutomation\Src\Framework.Core\Decorators\CommandDecorator.cs:line 22
   at VM.Platform.TestAutomationFramework.Core.Decorators.IgnorePagesDecorator.Execute(TestRunContext context) in C:\Users\VMQApractice\Desktop\v4Dev_Updated\v4Dev_Updated\VMTestAutomation\Src\Framework.Core\Decorators\IgnorePagesDecorator.cs:line 24
   at VM.Platform.TestAutomationFramework.UIAutomation.Commands.Workflow.LoadTestDataItemCommand.Execute(TestRunContext context) in C:\Users\VMQApractice\Desktop\v4Dev_Updated\v4Dev_Updated\VMTestAutomation\Src\Framework.UIAutomation\Commands\Workflow\LoadTestDataItemCommand.cs:line 96
   at VM.Platform.TestAutomationFramework.Core.Decorators.CommandDecorator.Execute(TestRunContext context) in C:\Users\VMQApractice\Desktop\v4Dev_Updated\v4Dev_Updated\VMTestAutomation\Src\Framework.Core\Decorators\CommandDecorator.cs:line 22
   at VM.Platform.TestAutomationFramework.Core.Decorators.CommandLogger.Execute(TestRunContext context) in C:\Users\VMQApractice\Desktop\v4Dev_Updated\v4Dev_Updated\VMTestAutomation\Src\Framework.Core\Decorators\CommandLogger.cs:line 93
   at VM.Platform.TestAutomationFramework.Core.Decorators.CommandDecorator.Execute(TestRunContext context) in C:\Users\VMQApractice\Desktop\v4Dev_Updated\v4Dev_Updated\VMTestAutomation\Src\Framework.Core\Decorators\CommandDecorator.cs:line 22
   at VM.Platform.TestAutomationFramework.Core.Decorators.CommandErrorHandler.Execute(TestRunContext context) in C:\Users\VMQApractice\Desktop\v4Dev_Updated\v4Dev_Updated\VMTestAutomation\Src\Framework.Core\Decorators\CommandErrorHandler.cs:line 65
   at VM.Platform.TestAutomationFramework.Core.Decorators.CommandDecorator.Execute(TestRunContext context) in C:\Users\VMQApractice\Desktop\v4Dev_Updated\v4Dev_Updated\VMTestAutomation\Src\Framework.Core\Decorators\CommandDecorator.cs:line 22
   at VM.Platform.TestAutomationFramework.Core.Decorators.CommandTimer.Execute(TestRunContext context) in C:\Users\VMQApractice\Desktop\v4Dev_Updated\v4Dev_Updated\VMTestAutomation\Src\Framework.Core\Decorators\CommandTimer.cs:line 26
   at VM.Platform.TestAutomationFramework.Core.Decorators.CommandDecorator.Execute(TestRunContext context) in C:\Users\VMQApractice\Desktop\v4Dev_Updated\v4Dev_Updated\VMTestAutomation\Src\Framework.Core\Decorators\CommandDecorator.cs:line 22
   at VM.Platform.TestAutomationFramework.Core.Decorators.IgnorePagesDecorator.Execute(TestRunContext context) in C:\Users\VMQApractice\Desktop\v4Dev_Updated\v4Dev_Updated\VMTestAutomation\Src\Framework.Core\Decorators\IgnorePagesDecorator.cs:line 24
   at VM.Platform.TestAutomationFramework.Core.TestCommandRunner.Execute(TestRunContext testRunContext) in C:\Users\VMQApractice\Desktop\v4Dev_Updated\v4Dev_Updated\VMTestAutomation\Src\Framework.Core\TestCommandRunner.cs:line 75
   at VM.Platform.TestAutomationFramework.Core.SingleTestCaseRunner.ExecuteSingleTestCase(Int32 testCaseId, String targetEnvironment, String repositiory, Int32 Retry) in C:\Users\VMQApractice\Desktop\v4Dev_Updated\v4Dev_Updated\VMTestAutomation\Src\Framework.Core\SingleTestCaseRunner.cs:line 167
----------------
2019-02-07 02:11:40,140 INFO  execution-log - Saving captured values to file.
----------------
2019-02-07 02:11:40,149 ERROR execution-log - TC # : 1,  has failed
----------------
