2018-11-14 11:48:58,214 INFO  execution-log - 	Initializing control map with map # Master
----------------
2018-11-14 11:48:58,216 INFO  execution-log - Initializing Test Automation
----------------
2018-11-14 11:48:58,216 INFO  execution-log - 	target browser: Chrome
----------------
2018-11-14 11:48:58,217 INFO  execution-log - TC # : 2, Downloading test case from DB
----------------
2018-11-14 11:48:58,220 INFO  execution-log - TC # : 2, Getting control map :Master from DB
----------------
2018-11-14 11:48:58,222 INFO  execution-log - TC # : 2, Getting test data from DB
----------------
2018-11-14 11:48:58,225 INFO  execution-log - TC # : 2, Control map retrieval completed
----------------
2018-11-14 11:48:58,242 INFO  execution-log - TC # : 2, Test data retrieval completed
----------------
2018-11-14 11:48:58,243 INFO  execution-log - TC # : 2, Parsing commands
----------------
2018-11-14 11:48:58,244 INFO  execution-log - Loading captured values from persistence.
----------------
2018-11-14 11:48:58,245 INFO  execution-log - TC # : 2, Started executing test case in the HISCOX environment (http://hiscpvt.cloud.hiscox.com/oneshield/index.jsp#gateway)
----------------
2018-11-14 11:48:58,287 INFO  execution-log -  Beginning StartIterationCommand ( Iterations : 1 )
----------------
2018-11-14 11:48:58,289 INFO  execution-log - TC # : 2, Starting iteration #1
----------------
2018-11-14 11:48:58,289 INFO  execution-log - 	 Command completed.
----------------
2018-11-14 11:48:58,290 INFO  execution-log -  Beginning InvokeApplicationCommand ( Target :  )
----------------
2018-11-14 11:48:58,626 INFO  execution-log - 	 Command completed.
----------------
2018-11-14 11:48:58,627 INFO  execution-log -  Beginning PageCommand ( CurrentPage : Login, FlowIdentifier : 1, DiIndicator : DI )
----------------
2018-11-14 11:48:58,628 INFO  execution-log - 	 Command completed.
----------------
2018-11-14 11:48:58,629 INFO  execution-log -  Beginning LoadTestDataItemCommand ( CurrentPage : Login, FlowIdentifier : 1, DiIndicator : DI )
----------------
2018-11-14 11:48:58,663 INFO  execution-log - [Sequence No - 1] Beginning TestDataCommand ( LogicalFieldName : Partner Number, LogicalFieldValue : 0 )
----------------
2018-11-14 11:49:00,412 INFO  execution-log - [Sequence No - 1]	 Command completed.
----------------
2018-11-14 11:49:00,416 INFO  execution-log - [Sequence No - 2] Beginning TestDataCommand ( LogicalFieldName : Username, LogicalFieldValue : karthicuw )
----------------
2018-11-14 11:49:00,550 INFO  execution-log - [Sequence No - 2]	 Command completed.
----------------
2018-11-14 11:49:00,554 INFO  execution-log - [Sequence No - 3] Beginning TestDataCommand ( LogicalFieldName : Password, LogicalFieldValue : Monday!23 )
----------------
2018-11-14 11:49:00,711 INFO  execution-log - [Sequence No - 3]	 Command completed.
----------------
2018-11-14 11:49:00,716 INFO  execution-log - [Sequence No - 4] Beginning TestDataCommand ( LogicalFieldName : Partner Number, LogicalFieldValue : 0 )
----------------
2018-11-14 11:49:00,803 INFO  execution-log - [Sequence No - 4]	 Command completed.
----------------
2018-11-14 11:49:00,807 INFO  execution-log - [Sequence No - 5] Beginning ActionCommand ( LogicalFieldName : Login Page, LogicalFieldValue : Click )
----------------
2018-11-14 11:49:00,935 INFO  execution-log - [Sequence No - 5]	 Command completed.
----------------
2018-11-14 11:49:00,939 INFO  execution-log - [Sequence No - 6] Beginning ActionCommand ( LogicalFieldName : Login Button, LogicalFieldValue : Click )
----------------
2018-11-14 11:49:01,140 INFO  execution-log - [Sequence No - 6]	 Command completed.
----------------
2018-11-14 11:49:01,144 INFO  execution-log - [Sequence No - 7] Beginning TestDataCommand ( LogicalFieldName : Partner Number, LogicalFieldValue : 0 )
----------------
2018-11-14 11:49:01,300 INFO  execution-log - [Sequence No - 7]	 Command completed.
----------------
2018-11-14 11:49:01,301 INFO  execution-log - 	 Command completed.
----------------
2018-11-14 11:49:01,303 INFO  execution-log -  Beginning PageCommand ( CurrentPage : Quotes, FlowIdentifier : 1, DiIndicator : DI )
----------------
2018-11-14 11:49:01,304 INFO  execution-log - 	 Command completed.
----------------
2018-11-14 11:49:01,305 INFO  execution-log -  Beginning LoadTestDataItemCommand ( CurrentPage : Quotes, FlowIdentifier : 1, DiIndicator : DI )
----------------
2018-11-14 11:49:01,320 INFO  execution-log - [Sequence No - 8] Beginning WaitForControlCommand ( LogicalFieldName : Quotes_Link, LogicalFieldValue : True )
----------------
2018-11-14 11:49:02,027 INFO  execution-log - [Sequence No - 8]	 Command completed.
----------------
2018-11-14 11:49:02,034 INFO  execution-log - [Sequence No - 9] Beginning ActionCommand ( LogicalFieldName : Quotes_Link, LogicalFieldValue : Click )
----------------
2018-11-14 11:49:02,208 INFO  execution-log - [Sequence No - 9]	 Command completed.
----------------
2018-11-14 11:49:02,213 INFO  execution-log - [Sequence No - 10] Beginning WaitForControlCommand ( LogicalFieldName : New quote, LogicalFieldValue : True )
----------------
2018-11-14 11:49:04,019 INFO  execution-log - [Sequence No - 10]	 Command completed.
----------------
2018-11-14 11:49:04,023 INFO  execution-log - [Sequence No - 11] Beginning ActionCommand ( LogicalFieldName : New quote, LogicalFieldValue : Click )
----------------
2018-11-14 11:49:04,166 INFO  execution-log - [Sequence No - 11]	 Command completed.
----------------
2018-11-14 11:49:04,169 INFO  execution-log - [Sequence No - 12] Beginning ActionCommand ( LogicalFieldName : Select Producing Agency, LogicalFieldValue : Click-Wait(500) )
----------------
2018-11-14 11:49:05,449 INFO  execution-log - [Sequence No - 12]	 Command completed.
----------------
2018-11-14 11:49:05,453 INFO  execution-log - [Sequence No - 13] Beginning ActionCommand ( LogicalFieldName : Select Agency, LogicalFieldValue : Click )
----------------
2018-11-14 11:49:05,583 INFO  execution-log - [Sequence No - 13]	 Command completed.
----------------
2018-11-14 11:49:05,588 INFO  execution-log - [Sequence No - 14] Beginning WaitForControlCommand ( LogicalFieldName : Producer, LogicalFieldValue : True )
----------------
2018-11-14 11:49:07,144 INFO  execution-log - [Sequence No - 14]	 Command completed.
----------------
2018-11-14 11:49:07,149 INFO  execution-log - [Sequence No - 15] Beginning ActionCommand ( LogicalFieldName : Producer, LogicalFieldValue : Click-Wait(500) )
----------------
2018-11-14 11:49:08,274 INFO  execution-log - [Sequence No - 15]	 Command completed.
----------------
2018-11-14 11:49:08,278 INFO  execution-log - [Sequence No - 16] Beginning TestDataCommand ( LogicalFieldName : Producer, LogicalFieldValue : Agency  Producer )
----------------
2018-11-14 11:49:08,799 INFO  execution-log - [Sequence No - 16]	 Command completed.
----------------
2018-11-14 11:49:08,804 INFO  execution-log - [Sequence No - 17] Beginning TestDataCommand ( LogicalFieldName : First Name, LogicalFieldValue : HISCOX )
----------------
2018-11-14 11:49:08,994 INFO  execution-log - [Sequence No - 17]	 Command completed.
----------------
2018-11-14 11:49:08,998 INFO  execution-log - [Sequence No - 18] Beginning TestDataCommand ( LogicalFieldName : Last Name, LogicalFieldValue : Demo )
----------------
2018-11-14 11:49:09,133 INFO  execution-log - [Sequence No - 18]	 Command completed.
----------------
2018-11-14 11:49:09,139 INFO  execution-log - [Sequence No - 19] Beginning TestDataCommand ( LogicalFieldName : City, LogicalFieldValue : Atlanta )
----------------
2018-11-14 11:49:09,347 INFO  execution-log - [Sequence No - 19]	 Command completed.
----------------
2018-11-14 11:49:09,351 INFO  execution-log - [Sequence No - 20] Beginning TestDataCommand ( LogicalFieldName : State, LogicalFieldValue : Georgia )
----------------
2018-11-14 11:49:09,658 INFO  execution-log - [Sequence No - 20]	 Command completed.
----------------
2018-11-14 11:49:09,672 INFO  execution-log - [Sequence No - 21] Beginning TestDataCommand ( LogicalFieldName : Zip, LogicalFieldValue : 30338 )
----------------
2018-11-14 11:49:09,834 INFO  execution-log - [Sequence No - 21]	 Command completed.
----------------
2018-11-14 11:49:09,839 INFO  execution-log - [Sequence No - 22] Beginning TestDataCommand ( LogicalFieldName : Address Line 1, LogicalFieldValue : 1 Main st )
----------------
2018-11-14 11:49:10,060 INFO  execution-log - [Sequence No - 22]	 Command completed.
----------------
2018-11-14 11:49:10,065 INFO  execution-log - [Sequence No - 23] Beginning TestDataCommand ( LogicalFieldName : Address Line 2, LogicalFieldValue : 1 )
----------------
2018-11-14 11:49:10,168 INFO  execution-log - [Sequence No - 23]	 Command completed.
----------------
2018-11-14 11:49:10,173 INFO  execution-log - [Sequence No - 24] Beginning ActionCommand ( LogicalFieldName : Product line (errors and omissions), LogicalFieldValue : Click )
----------------
2018-11-14 11:49:10,344 INFO  execution-log - [Sequence No - 24]	 Command completed.
----------------
2018-11-14 11:49:10,349 INFO  execution-log - [Sequence No - 25] Beginning ActionCommand ( LogicalFieldName : Customer search, LogicalFieldValue : Click )
----------------
2018-11-14 11:49:10,591 INFO  execution-log - [Sequence No - 25]	 Command completed.
----------------
2018-11-14 11:49:10,592 INFO  execution-log - 	 Command completed.
----------------
2018-11-14 11:49:10,593 INFO  execution-log -  Beginning PageCommand ( CurrentPage : QuoteDetails, FlowIdentifier : 1, DiIndicator : DI )
----------------
2018-11-14 11:49:10,594 INFO  execution-log - 	 Command completed.
----------------
2018-11-14 11:49:10,595 INFO  execution-log -  Beginning LoadTestDataItemCommand ( CurrentPage : QuoteDetails, FlowIdentifier : 1, DiIndicator : DI )
----------------
2018-11-14 11:49:10,604 INFO  execution-log - [Sequence No - 26] Beginning WaitForControlCommand ( LogicalFieldName : Retro-active Date, LogicalFieldValue : True )
----------------
2018-11-14 11:49:17,400 INFO  execution-log - [Sequence No - 26]	 Command completed.
----------------
2018-11-14 11:49:17,409 INFO  execution-log - [Sequence No - 27] Beginning TestDataCommand ( LogicalFieldName : Rating Company, LogicalFieldValue : FDLI Protection Insurance Company )
----------------
2018-11-14 11:49:19,042 INFO  execution-log - [Sequence No - 27]	 Command completed.
----------------
2018-11-14 11:49:19,046 INFO  execution-log - [Sequence No - 28] Beginning TestDataCommand ( LogicalFieldName : Retro-active Date, LogicalFieldValue : 09/11/2018 )
----------------
2018-11-14 11:49:19,182 INFO  execution-log - [Sequence No - 28]	 Command completed.
----------------
2018-11-14 11:49:19,186 INFO  execution-log - [Sequence No - 29] Beginning TestDataCommand ( LogicalFieldName : Professional Liability Gross Sales, LogicalFieldValue : 100000 )
----------------
2018-11-14 11:49:19,306 INFO  execution-log - [Sequence No - 29]	 Command completed.
----------------
2018-11-14 11:49:19,311 INFO  execution-log - [Sequence No - 30] Beginning ActionCommand ( LogicalFieldName : QuoteDetails Page, LogicalFieldValue : Click )
----------------
2018-11-14 11:49:19,483 INFO  execution-log - [Sequence No - 30]	 Command completed.
----------------
2018-11-14 11:49:19,488 INFO  execution-log - [Sequence No - 31] Beginning ActionCommand ( LogicalFieldName : Save Changes, LogicalFieldValue : Click )
----------------
2018-11-14 11:49:19,623 INFO  execution-log - [Sequence No - 31]	 Command completed.
----------------
2018-11-14 11:49:19,628 INFO  execution-log - [Sequence No - 32] Beginning WaitForControlCommand ( LogicalFieldName : Rate Quote, LogicalFieldValue : True )
----------------
2018-11-14 11:49:20,373 INFO  execution-log - [Sequence No - 32]	 Command completed.
----------------
2018-11-14 11:49:20,378 INFO  execution-log - [Sequence No - 33] Beginning ActionCommand ( LogicalFieldName : Rate Quote, LogicalFieldValue : Click-Wait(1000) )
----------------
2018-11-14 11:49:22,509 INFO  execution-log - [Sequence No - 33]	 Command completed.
----------------
2018-11-14 11:49:22,513 INFO  execution-log - [Sequence No - 34] Beginning WaitForControlCommand ( LogicalFieldName : Request Issue, LogicalFieldValue : True )
----------------
2018-11-14 11:49:28,960 INFO  execution-log - [Sequence No - 34]	 Command completed.
----------------
2018-11-14 11:49:28,965 INFO  execution-log - [Sequence No - 35] Beginning ActionCommand ( LogicalFieldName : Request Issue, LogicalFieldValue : Click-Wait(1000) )
----------------
2018-11-14 11:49:31,169 INFO  execution-log - [Sequence No - 35]	 Command completed.
----------------
2018-11-14 11:49:31,177 INFO  execution-log - [Sequence No - 36] Beginning WaitForControlCommand ( LogicalFieldName : Next, LogicalFieldValue : True )
----------------
2018-11-14 11:49:31,946 INFO  execution-log - [Sequence No - 36]	 Command completed.
----------------
2018-11-14 11:49:31,951 INFO  execution-log - [Sequence No - 37] Beginning ActionCommand ( LogicalFieldName : Next, LogicalFieldValue : Click )
----------------
2018-11-14 11:49:32,068 INFO  execution-log - [Sequence No - 37]	 Command completed.
----------------
2018-11-14 11:49:32,069 INFO  execution-log - 	 Command completed.
----------------
2018-11-14 11:49:32,070 INFO  execution-log -  Beginning PageCommand ( CurrentPage : Payment Profile, FlowIdentifier : 1, DiIndicator : DI )
----------------
2018-11-14 11:49:32,070 INFO  execution-log - 	 Command completed.
----------------
2018-11-14 11:49:32,071 INFO  execution-log -  Beginning LoadTestDataItemCommand ( CurrentPage : Payment Profile, FlowIdentifier : 1, DiIndicator : DI )
----------------
2018-11-14 11:49:32,079 INFO  execution-log - [Sequence No - 38] Beginning WaitForControlCommand ( LogicalFieldName : Check Payment, LogicalFieldValue : True )
----------------
2018-11-14 11:49:33,391 INFO  execution-log - [Sequence No - 38]	 Command completed.
----------------
2018-11-14 11:49:33,395 INFO  execution-log - [Sequence No - 39] Beginning ActionCommand ( LogicalFieldName : Check Payment, LogicalFieldValue : Click )
----------------
2018-11-14 11:49:33,534 INFO  execution-log - [Sequence No - 39]	 Command completed.
----------------
2018-11-14 11:49:33,538 INFO  execution-log - [Sequence No - 40] Beginning ActionCommand ( LogicalFieldName : Next, LogicalFieldValue : Click-Wait(1000) )
----------------
2018-11-14 11:49:35,823 INFO  execution-log - [Sequence No - 40]	 Command completed.
----------------
2018-11-14 11:49:35,824 INFO  execution-log - 	 Command completed.
----------------
2018-11-14 11:49:35,825 INFO  execution-log -  Beginning PageCommand ( CurrentPage : Billing Choices, FlowIdentifier : 1, DiIndicator : DI )
----------------
2018-11-14 11:49:35,826 INFO  execution-log - 	 Command completed.
----------------
2018-11-14 11:49:35,827 INFO  execution-log -  Beginning LoadTestDataItemCommand ( CurrentPage : Billing Choices, FlowIdentifier : 1, DiIndicator : DI )
----------------
2018-11-14 11:49:35,832 INFO  execution-log - [Sequence No - 41] Beginning WaitForControlCommand ( LogicalFieldName : Email Address, LogicalFieldValue : True )
----------------
2018-11-14 11:49:39,415 ERROR execution-log - TC # : 2, Waited, but the Email Address control never appeared.
----------------
2018-11-14 11:49:47,429 ERROR execution-log - TC # : 2, Waited, but the Email Address control never appeared.
----------------
2018-11-14 11:49:47,431 ERROR execution-log - TC # : 2, No more iterations to run. Test execution will abort.
----------------
2018-11-14 11:49:47,432 ERROR execution-log - TC # : 2, Framework failed to run the test due to a test configuration error.
	VM.Platform.TestAutomationFramework.Core.Exceptions.WorkflowFailedException: Waited, but the Email Address control never appeared. ---> OpenQA.Selenium.StaleElementReferenceException: stale element reference: element is not attached to the page document
  (Session info: chrome=70.0.3538.102)
  (Driver info: chromedriver=2.40.565498 (ea082db3280dd6843ebfb08a625e3eb905c4f5ab),platform=Windows NT 10.0.14393 x86_64)
   at OpenQA.Selenium.Remote.RemoteWebDriver.UnpackAndThrowOnError(Response errorResponse)
   at OpenQA.Selenium.Remote.RemoteWebDriver.Execute(String driverCommandToExecute, Dictionary`2 parameters)
   at OpenQA.Selenium.Remote.RemoteWebElement.get_Displayed()
   at OpenQA.Selenium.Support.UI.ExpectedConditions.<>c__DisplayClass19_0.<ElementToBeClickable>b__0(IWebDriver driver)
   at OpenQA.Selenium.Support.UI.DefaultWait`1.Until[TResult](Func`2 condition)
   at VM.Platform.TestAutomationFramework.Adapters.Selenium.SeleniumAdapter.WaitForElementToBeClickable(ControlDefinition ctrlDefinition) in C:\Users\DasariW\Desktop\VM Framework\v4Dev_Updated\v4Dev_Updated\VMTestAutomation\Src\Framework.Adapters.Selenium\SeleniumAdapter.cs:line 713
   at VM.Platform.TestAutomationFramework.UIAutomation.Commands.Interactions.WaitForControlCommand.Execute(TestRunContext context) in C:\Users\DasariW\Desktop\VM Framework\v4Dev_Updated\v4Dev_Updated\VMTestAutomation\Src\Framework.UIAutomation\Commands\Interactions\WaitForControlCommand.cs:line 33
   --- End of inner exception stack trace ---
   at VM.Platform.TestAutomationFramework.UIAutomation.Commands.Interactions.WaitForControlCommand.Execute(TestRunContext context) in C:\Users\DasariW\Desktop\VM Framework\v4Dev_Updated\v4Dev_Updated\VMTestAutomation\Src\Framework.UIAutomation\Commands\Interactions\WaitForControlCommand.cs:line 44
   at VM.Platform.TestAutomationFramework.Core.Decorators.CommandDecorator.Execute(TestRunContext context) in C:\Users\DasariW\Desktop\VM Framework\v4Dev_Updated\v4Dev_Updated\VMTestAutomation\Src\Framework.Core\Decorators\CommandDecorator.cs:line 22
   at VM.Platform.TestAutomationFramework.Core.Decorators.CommandLogger.Execute(TestRunContext context) in C:\Users\DasariW\Desktop\VM Framework\v4Dev_Updated\v4Dev_Updated\VMTestAutomation\Src\Framework.Core\Decorators\CommandLogger.cs:line 93
   at VM.Platform.TestAutomationFramework.Core.Decorators.CommandDecorator.Execute(TestRunContext context) in C:\Users\DasariW\Desktop\VM Framework\v4Dev_Updated\v4Dev_Updated\VMTestAutomation\Src\Framework.Core\Decorators\CommandDecorator.cs:line 22
   at VM.Platform.TestAutomationFramework.Core.Decorators.CommandErrorHandler.Execute(TestRunContext context) in C:\Users\DasariW\Desktop\VM Framework\v4Dev_Updated\v4Dev_Updated\VMTestAutomation\Src\Framework.Core\Decorators\CommandErrorHandler.cs:line 65
   at VM.Platform.TestAutomationFramework.Core.Decorators.CommandDecorator.Execute(TestRunContext context) in C:\Users\DasariW\Desktop\VM Framework\v4Dev_Updated\v4Dev_Updated\VMTestAutomation\Src\Framework.Core\Decorators\CommandDecorator.cs:line 22
   at VM.Platform.TestAutomationFramework.Core.Decorators.CommandTimer.Execute(TestRunContext context) in C:\Users\DasariW\Desktop\VM Framework\v4Dev_Updated\v4Dev_Updated\VMTestAutomation\Src\Framework.Core\Decorators\CommandTimer.cs:line 26
   at VM.Platform.TestAutomationFramework.Core.Decorators.CommandDecorator.Execute(TestRunContext context) in C:\Users\DasariW\Desktop\VM Framework\v4Dev_Updated\v4Dev_Updated\VMTestAutomation\Src\Framework.Core\Decorators\CommandDecorator.cs:line 22
   at VM.Platform.TestAutomationFramework.Core.Decorators.IgnorePagesDecorator.Execute(TestRunContext context) in C:\Users\DasariW\Desktop\VM Framework\v4Dev_Updated\v4Dev_Updated\VMTestAutomation\Src\Framework.Core\Decorators\IgnorePagesDecorator.cs:line 24
   at VM.Platform.TestAutomationFramework.UIAutomation.Commands.Workflow.LoadTestDataItemCommand.Execute(TestRunContext context) in C:\Users\DasariW\Desktop\VM Framework\v4Dev_Updated\v4Dev_Updated\VMTestAutomation\Src\Framework.UIAutomation\Commands\Workflow\LoadTestDataItemCommand.cs:line 96
   at VM.Platform.TestAutomationFramework.Core.Decorators.CommandDecorator.Execute(TestRunContext context) in C:\Users\DasariW\Desktop\VM Framework\v4Dev_Updated\v4Dev_Updated\VMTestAutomation\Src\Framework.Core\Decorators\CommandDecorator.cs:line 22
   at VM.Platform.TestAutomationFramework.Core.Decorators.CommandLogger.Execute(TestRunContext context) in C:\Users\DasariW\Desktop\VM Framework\v4Dev_Updated\v4Dev_Updated\VMTestAutomation\Src\Framework.Core\Decorators\CommandLogger.cs:line 93
   at VM.Platform.TestAutomationFramework.Core.Decorators.CommandDecorator.Execute(TestRunContext context) in C:\Users\DasariW\Desktop\VM Framework\v4Dev_Updated\v4Dev_Updated\VMTestAutomation\Src\Framework.Core\Decorators\CommandDecorator.cs:line 22
   at VM.Platform.TestAutomationFramework.Core.Decorators.CommandErrorHandler.Execute(TestRunContext context) in C:\Users\DasariW\Desktop\VM Framework\v4Dev_Updated\v4Dev_Updated\VMTestAutomation\Src\Framework.Core\Decorators\CommandErrorHandler.cs:line 65
   at VM.Platform.TestAutomationFramework.Core.Decorators.CommandDecorator.Execute(TestRunContext context) in C:\Users\DasariW\Desktop\VM Framework\v4Dev_Updated\v4Dev_Updated\VMTestAutomation\Src\Framework.Core\Decorators\CommandDecorator.cs:line 22
   at VM.Platform.TestAutomationFramework.Core.Decorators.CommandTimer.Execute(TestRunContext context) in C:\Users\DasariW\Desktop\VM Framework\v4Dev_Updated\v4Dev_Updated\VMTestAutomation\Src\Framework.Core\Decorators\CommandTimer.cs:line 26
   at VM.Platform.TestAutomationFramework.Core.Decorators.CommandDecorator.Execute(TestRunContext context) in C:\Users\DasariW\Desktop\VM Framework\v4Dev_Updated\v4Dev_Updated\VMTestAutomation\Src\Framework.Core\Decorators\CommandDecorator.cs:line 22
   at VM.Platform.TestAutomationFramework.Core.Decorators.IgnorePagesDecorator.Execute(TestRunContext context) in C:\Users\DasariW\Desktop\VM Framework\v4Dev_Updated\v4Dev_Updated\VMTestAutomation\Src\Framework.Core\Decorators\IgnorePagesDecorator.cs:line 24
   at VM.Platform.TestAutomationFramework.Core.TestCommandRunner.Execute(TestRunContext testRunContext) in C:\Users\DasariW\Desktop\VM Framework\v4Dev_Updated\v4Dev_Updated\VMTestAutomation\Src\Framework.Core\TestCommandRunner.cs:line 75
   at VM.Platform.TestAutomationFramework.Core.SingleTestCaseRunner.ExecuteSingleTestCase(Int32 testCaseId, String targetEnvironment, String repositiory, Int32 Retry) in C:\Users\DasariW\Desktop\VM Framework\v4Dev_Updated\v4Dev_Updated\VMTestAutomation\Src\Framework.Core\SingleTestCaseRunner.cs:line 167
----------------
2018-11-14 11:49:47,443 INFO  execution-log - Saving captured values to file.
----------------
2018-11-14 11:49:47,444 ERROR execution-log - TC # : 2,  has failed
----------------
