2018-11-08 21:12:42,066 INFO  execution-log - 	Initializing control map with map # Master
----------------
2018-11-08 21:12:42,078 INFO  execution-log - Initializing Test Automation
----------------
2018-11-08 21:12:42,079 INFO  execution-log - 	target browser: Chrome
----------------
2018-11-08 21:12:42,085 INFO  execution-log - TC # : 2, Downloading test case from DB
----------------
2018-11-08 21:12:42,103 INFO  execution-log - TC # : 2, Getting control map :Master from DB
----------------
2018-11-08 21:12:42,103 INFO  execution-log - TC # : 2, Getting test data from DB
----------------
2018-11-08 21:12:42,117 INFO  execution-log - TC # : 2, Control map retrieval completed
----------------
2018-11-08 21:12:42,119 INFO  execution-log - TC # : 2, Test data retrieval completed
----------------
2018-11-08 21:12:42,121 INFO  execution-log - TC # : 2, Parsing commands
----------------
2018-11-08 21:12:42,123 INFO  execution-log - Loading captured values from persistence.
----------------
2018-11-08 21:12:42,127 INFO  execution-log - TC # : 2, Started executing test case in the HISCOX environment (http://hiscpvt.cloud.hiscox.com/oneshield/index.jsp#gateway)
----------------
2018-11-08 21:12:42,185 INFO  execution-log -  Beginning StartIterationCommand ( Iterations : 1 )
----------------
2018-11-08 21:12:42,189 INFO  execution-log - TC # : 2, Starting iteration #1
----------------
2018-11-08 21:12:42,191 INFO  execution-log - 	 Command completed.
----------------
2018-11-08 21:12:42,193 INFO  execution-log -  Beginning InvokeApplicationCommand ( Target :  )
----------------
2018-11-08 21:12:42,696 INFO  execution-log - 	 Command completed.
----------------
2018-11-08 21:12:42,750 INFO  execution-log -  Beginning PageCommand ( CurrentPage : Login, FlowIdentifier : 1, DiIndicator : DI )
----------------
2018-11-08 21:12:42,771 INFO  execution-log - 	 Command completed.
----------------
2018-11-08 21:12:42,786 INFO  execution-log -  Beginning LoadTestDataItemCommand ( CurrentPage : Login, FlowIdentifier : 1, DiIndicator : DI )
----------------
2018-11-08 21:12:42,804 INFO  execution-log - [Sequence No - 1] Beginning TestDataCommand ( LogicalFieldName : Partner Number, LogicalFieldValue : 0 )
----------------
2018-11-08 21:12:44,510 INFO  execution-log - [Sequence No - 1]	 Command completed.
----------------
2018-11-08 21:12:44,515 INFO  execution-log - [Sequence No - 2] Beginning TestDataCommand ( LogicalFieldName : Username, LogicalFieldValue : karthicuw )
----------------
2018-11-08 21:12:44,680 INFO  execution-log - [Sequence No - 2]	 Command completed.
----------------
2018-11-08 21:12:44,686 INFO  execution-log - [Sequence No - 3] Beginning TestDataCommand ( LogicalFieldName : Password, LogicalFieldValue : Monday!23 )
----------------
2018-11-08 21:12:44,847 INFO  execution-log - [Sequence No - 3]	 Command completed.
----------------
2018-11-08 21:12:44,851 INFO  execution-log - [Sequence No - 4] Beginning TestDataCommand ( LogicalFieldName : Partner Number, LogicalFieldValue : 0 )
----------------
2018-11-08 21:12:44,957 INFO  execution-log - [Sequence No - 4]	 Command completed.
----------------
2018-11-08 21:12:44,962 INFO  execution-log - [Sequence No - 5] Beginning ActionCommand ( LogicalFieldName : Login Page, LogicalFieldValue : Click )
----------------
2018-11-08 21:12:45,106 INFO  execution-log - [Sequence No - 5]	 Command completed.
----------------
2018-11-08 21:12:45,110 INFO  execution-log - [Sequence No - 6] Beginning ActionCommand ( LogicalFieldName : Login Button, LogicalFieldValue : Click )
----------------
2018-11-08 21:12:45,254 INFO  execution-log - [Sequence No - 6]	 Command completed.
----------------
2018-11-08 21:12:45,259 INFO  execution-log - [Sequence No - 7] Beginning TestDataCommand ( LogicalFieldName : Partner Number, LogicalFieldValue : 0 )
----------------
2018-11-08 21:12:45,354 INFO  execution-log - [Sequence No - 7]	 Command completed.
----------------
2018-11-08 21:12:45,358 INFO  execution-log - 	 Command completed.
----------------
2018-11-08 21:12:45,359 INFO  execution-log -  Beginning PageCommand ( CurrentPage : Quotes, FlowIdentifier : 1, DiIndicator : DI )
----------------
2018-11-08 21:12:45,360 INFO  execution-log - 	 Command completed.
----------------
2018-11-08 21:12:45,361 INFO  execution-log -  Beginning LoadTestDataItemCommand ( CurrentPage : Quotes, FlowIdentifier : 1, DiIndicator : DI )
----------------
2018-11-08 21:12:45,369 INFO  execution-log - [Sequence No - 8] Beginning WaitForControlCommand ( LogicalFieldName : Quotes_Link, LogicalFieldValue : True )
----------------
2018-11-08 21:12:46,136 INFO  execution-log - [Sequence No - 8]	 Command completed.
----------------
2018-11-08 21:12:46,141 INFO  execution-log - [Sequence No - 9] Beginning ActionCommand ( LogicalFieldName : Quotes_Link, LogicalFieldValue : Click )
----------------
2018-11-08 21:12:46,287 INFO  execution-log - [Sequence No - 9]	 Command completed.
----------------
2018-11-08 21:12:46,292 INFO  execution-log - [Sequence No - 10] Beginning WaitForControlCommand ( LogicalFieldName : New quote, LogicalFieldValue : True )
----------------
2018-11-08 21:12:48,061 INFO  execution-log - [Sequence No - 10]	 Command completed.
----------------
2018-11-08 21:12:48,067 INFO  execution-log - [Sequence No - 11] Beginning ActionCommand ( LogicalFieldName : New quote, LogicalFieldValue : Click )
----------------
2018-11-08 21:12:48,203 INFO  execution-log - [Sequence No - 11]	 Command completed.
----------------
2018-11-08 21:12:48,208 INFO  execution-log - [Sequence No - 12] Beginning ActionCommand ( LogicalFieldName : Select Producing Agency, LogicalFieldValue : Click-Wait(500) )
----------------
2018-11-08 21:12:49,520 INFO  execution-log - [Sequence No - 12]	 Command completed.
----------------
2018-11-08 21:12:49,524 INFO  execution-log - [Sequence No - 13] Beginning ActionCommand ( LogicalFieldName : Select Agency, LogicalFieldValue : Click )
----------------
2018-11-08 21:12:49,670 INFO  execution-log - [Sequence No - 13]	 Command completed.
----------------
2018-11-08 21:12:49,675 INFO  execution-log - [Sequence No - 14] Beginning WaitForControlCommand ( LogicalFieldName : Producer, LogicalFieldValue : True )
----------------
2018-11-08 21:12:51,394 INFO  execution-log - [Sequence No - 14]	 Command completed.
----------------
2018-11-08 21:12:51,398 INFO  execution-log - [Sequence No - 15] Beginning ActionCommand ( LogicalFieldName : Producer, LogicalFieldValue : Click-Wait(500) )
----------------
2018-11-08 21:12:52,544 INFO  execution-log - [Sequence No - 15]	 Command completed.
----------------
2018-11-08 21:12:52,548 INFO  execution-log - [Sequence No - 16] Beginning TestDataCommand ( LogicalFieldName : Producer, LogicalFieldValue : Agency  Producer )
----------------
2018-11-08 21:12:53,123 INFO  execution-log - [Sequence No - 16]	 Command completed.
----------------
2018-11-08 21:12:53,128 INFO  execution-log - [Sequence No - 17] Beginning TestDataCommand ( LogicalFieldName : First Name, LogicalFieldValue : HISCOX )
----------------
2018-11-08 21:12:53,315 INFO  execution-log - [Sequence No - 17]	 Command completed.
----------------
2018-11-08 21:12:53,319 INFO  execution-log - [Sequence No - 18] Beginning TestDataCommand ( LogicalFieldName : Last Name, LogicalFieldValue : Demo )
----------------
2018-11-08 21:12:53,488 INFO  execution-log - [Sequence No - 18]	 Command completed.
----------------
2018-11-08 21:12:53,493 INFO  execution-log - [Sequence No - 19] Beginning TestDataCommand ( LogicalFieldName : City, LogicalFieldValue : Atlanta )
----------------
2018-11-08 21:12:53,711 INFO  execution-log - [Sequence No - 19]	 Command completed.
----------------
2018-11-08 21:12:53,716 INFO  execution-log - [Sequence No - 20] Beginning TestDataCommand ( LogicalFieldName : State, LogicalFieldValue : Georgia )
----------------
2018-11-08 21:12:54,061 INFO  execution-log - [Sequence No - 20]	 Command completed.
----------------
2018-11-08 21:12:54,065 INFO  execution-log - [Sequence No - 21] Beginning TestDataCommand ( LogicalFieldName : Zip, LogicalFieldValue : 30338 )
----------------
2018-11-08 21:12:54,243 INFO  execution-log - [Sequence No - 21]	 Command completed.
----------------
2018-11-08 21:12:54,249 INFO  execution-log - [Sequence No - 22] Beginning TestDataCommand ( LogicalFieldName : Address Line 1, LogicalFieldValue : 1 Main st )
----------------
2018-11-08 21:12:54,576 INFO  execution-log - [Sequence No - 22]	 Command completed.
----------------
2018-11-08 21:12:54,581 INFO  execution-log - [Sequence No - 23] Beginning TestDataCommand ( LogicalFieldName : Address Line 2, LogicalFieldValue : 1 )
----------------
2018-11-08 21:12:54,730 INFO  execution-log - [Sequence No - 23]	 Command completed.
----------------
2018-11-08 21:12:54,734 INFO  execution-log - [Sequence No - 24] Beginning ActionCommand ( LogicalFieldName : Product line (errors and omissions), LogicalFieldValue : Click )
----------------
2018-11-08 21:12:54,993 INFO  execution-log - [Sequence No - 24]	 Command completed.
----------------
2018-11-08 21:12:54,997 INFO  execution-log - [Sequence No - 25] Beginning ActionCommand ( LogicalFieldName : Customer search, LogicalFieldValue : Click )
----------------
2018-11-08 21:12:55,296 INFO  execution-log - [Sequence No - 25]	 Command completed.
----------------
2018-11-08 21:12:55,304 INFO  execution-log - 	 Command completed.
----------------
2018-11-08 21:12:55,307 INFO  execution-log -  Beginning PageCommand ( CurrentPage : QuoteDetails, FlowIdentifier : 1, DiIndicator : DI )
----------------
2018-11-08 21:12:55,309 INFO  execution-log - 	 Command completed.
----------------
2018-11-08 21:12:55,310 INFO  execution-log -  Beginning LoadTestDataItemCommand ( CurrentPage : QuoteDetails, FlowIdentifier : 1, DiIndicator : DI )
----------------
2018-11-08 21:12:55,323 INFO  execution-log - [Sequence No - 26] Beginning WaitForControlCommand ( LogicalFieldName : Retro-active Date, LogicalFieldValue : True )
----------------
2018-11-08 21:13:02,245 INFO  execution-log - [Sequence No - 26]	 Command completed.
----------------
2018-11-08 21:13:02,252 INFO  execution-log - [Sequence No - 27] Beginning TestDataCommand ( LogicalFieldName : Rating Company, LogicalFieldValue : FDLI Protection Insurance Company )
----------------
2018-11-08 21:13:03,922 INFO  execution-log - [Sequence No - 27]	 Command completed.
----------------
2018-11-08 21:13:03,930 INFO  execution-log - [Sequence No - 28] Beginning TestDataCommand ( LogicalFieldName : Retro-active Date, LogicalFieldValue : 09/11/2018 )
----------------
2018-11-08 21:13:04,076 INFO  execution-log - [Sequence No - 28]	 Command completed.
----------------
2018-11-08 21:13:04,081 INFO  execution-log - [Sequence No - 29] Beginning TestDataCommand ( LogicalFieldName : Professional Liability Gross Sales, LogicalFieldValue : 100000 )
----------------
2018-11-08 21:13:04,220 INFO  execution-log - [Sequence No - 29]	 Command completed.
----------------
2018-11-08 21:13:04,224 INFO  execution-log - [Sequence No - 30] Beginning ActionCommand ( LogicalFieldName : QuoteDetails Page, LogicalFieldValue : Click )
----------------
2018-11-08 21:13:04,344 INFO  execution-log - [Sequence No - 30]	 Command completed.
----------------
2018-11-08 21:13:04,348 INFO  execution-log - [Sequence No - 31] Beginning ActionCommand ( LogicalFieldName : Save Changes, LogicalFieldValue : Click )
----------------
2018-11-08 21:13:04,476 INFO  execution-log - [Sequence No - 31]	 Command completed.
----------------
2018-11-08 21:13:04,481 INFO  execution-log - [Sequence No - 32] Beginning WaitForControlCommand ( LogicalFieldName : Rate Quote, LogicalFieldValue : True )
----------------
2018-11-08 21:13:05,295 INFO  execution-log - [Sequence No - 32]	 Command completed.
----------------
2018-11-08 21:13:05,299 INFO  execution-log - [Sequence No - 33] Beginning ActionCommand ( LogicalFieldName : Rate Quote, LogicalFieldValue : Click-Wait(1000) )
----------------
2018-11-08 21:13:07,459 INFO  execution-log - [Sequence No - 33]	 Command completed.
----------------
2018-11-08 21:13:07,466 INFO  execution-log - [Sequence No - 34] Beginning WaitForControlCommand ( LogicalFieldName : Request Issue, LogicalFieldValue : True )
----------------
2018-11-08 21:13:13,993 INFO  execution-log - [Sequence No - 34]	 Command completed.
----------------
2018-11-08 21:13:13,998 INFO  execution-log - [Sequence No - 35] Beginning ActionCommand ( LogicalFieldName : Request Issue, LogicalFieldValue : Click-Wait(1000) )
----------------
2018-11-08 21:13:16,159 INFO  execution-log - [Sequence No - 35]	 Command completed.
----------------
2018-11-08 21:13:16,169 INFO  execution-log - [Sequence No - 36] Beginning WaitForControlCommand ( LogicalFieldName : Next, LogicalFieldValue : True )
----------------
2018-11-08 21:13:16,859 INFO  execution-log - [Sequence No - 36]	 Command completed.
----------------
2018-11-08 21:13:16,871 INFO  execution-log - [Sequence No - 37] Beginning ActionCommand ( LogicalFieldName : Next, LogicalFieldValue : Click )
----------------
2018-11-08 21:13:16,992 INFO  execution-log - [Sequence No - 37]	 Command completed.
----------------
2018-11-08 21:13:16,994 INFO  execution-log - 	 Command completed.
----------------
2018-11-08 21:13:16,995 INFO  execution-log -  Beginning PageCommand ( CurrentPage : Payment Profile, FlowIdentifier : 1, DiIndicator : DI )
----------------
2018-11-08 21:13:16,996 INFO  execution-log - 	 Command completed.
----------------
2018-11-08 21:13:16,997 INFO  execution-log -  Beginning LoadTestDataItemCommand ( CurrentPage : Payment Profile, FlowIdentifier : 1, DiIndicator : DI )
----------------
2018-11-08 21:13:17,003 INFO  execution-log - [Sequence No - 38] Beginning WaitForControlCommand ( LogicalFieldName : Check Payment, LogicalFieldValue : True )
----------------
2018-11-08 21:13:18,389 INFO  execution-log - [Sequence No - 38]	 Command completed.
----------------
2018-11-08 21:13:18,394 INFO  execution-log - [Sequence No - 39] Beginning ActionCommand ( LogicalFieldName : Check Payment, LogicalFieldValue : Click )
----------------
2018-11-08 21:13:18,536 INFO  execution-log - [Sequence No - 39]	 Command completed.
----------------
2018-11-08 21:13:18,543 INFO  execution-log - [Sequence No - 40] Beginning ActionCommand ( LogicalFieldName : Next, LogicalFieldValue : Click )
----------------
2018-11-08 21:13:31,481 ERROR execution-log - TC # : 2, Timed out after 10 seconds
----------------
2018-11-08 21:13:39,594 ERROR execution-log - TC # : 2, Timed out after 10 seconds
----------------
2018-11-08 21:13:39,612 ERROR execution-log - TC # : 2, No more iterations to run. Test execution will abort.
----------------
2018-11-08 21:13:39,628 ERROR execution-log - TC # : 2, Framework failed to run the test due to a test configuration error.
	VM.Platform.TestAutomationFramework.Core.Exceptions.WorkflowFailedException: Timed out after 10 seconds ---> OpenQA.Selenium.WebDriverTimeoutException: Timed out after 10 seconds ---> OpenQA.Selenium.NoSuchElementException: no such element: Unable to locate element: {"method":"xpath","selector":"//*[text()='>>> next ']"}
  (Session info: chrome=70.0.3538.77)
  (Driver info: chromedriver=2.40.565498 (ea082db3280dd6843ebfb08a625e3eb905c4f5ab),platform=Windows NT 10.0.14393 x86_64)
   at OpenQA.Selenium.Remote.RemoteWebDriver.UnpackAndThrowOnError(Response errorResponse)
   at OpenQA.Selenium.Remote.RemoteWebDriver.Execute(String driverCommandToExecute, Dictionary`2 parameters)
   at OpenQA.Selenium.Remote.RemoteWebDriver.FindElement(String mechanism, String value)
   at OpenQA.Selenium.Remote.RemoteWebDriver.FindElementByXPath(String xpath)
   at OpenQA.Selenium.By.<>c__DisplayClass19_0.<XPath>b__0(ISearchContext context)
   at OpenQA.Selenium.By.FindElement(ISearchContext context)
   at OpenQA.Selenium.Remote.RemoteWebDriver.FindElement(By by)
   at OpenQA.Selenium.Support.UI.ExpectedConditions.<>c__DisplayClass19_0.<ElementToBeClickable>b__0(IWebDriver driver)
   at OpenQA.Selenium.Support.UI.DefaultWait`1.Until[TResult](Func`2 condition)
   --- End of inner exception stack trace ---
   at OpenQA.Selenium.Support.UI.DefaultWait`1.ThrowTimeoutException(String exceptionMessage, Exception lastException)
   at OpenQA.Selenium.Support.UI.DefaultWait`1.Until[TResult](Func`2 condition)
   at VM.Platform.TestAutomationFramework.Adapters.Selenium.SeleniumAdapter.WaitForElementToBeClickable(ControlDefinition ctrlDefinition) in C:\Users\DasariW\Desktop\VM Framework\v4Dev_Updated\v4Dev_Updated\VMTestAutomation\Src\Framework.Adapters.Selenium\SeleniumAdapter.cs:line 713
   at VM.Platform.TestAutomationFramework.UIAutomation.Commands.Interactions.ActionCommand.Execute(TestRunContext context) in C:\Users\DasariW\Desktop\VM Framework\v4Dev_Updated\v4Dev_Updated\VMTestAutomation\Src\Framework.UIAutomation\Commands\Interactions\ActionCommand.cs:line 30
   --- End of inner exception stack trace ---
   at VM.Platform.TestAutomationFramework.UIAutomation.Commands.Interactions.ActionCommand.Execute(TestRunContext context) in C:\Users\DasariW\Desktop\VM Framework\v4Dev_Updated\v4Dev_Updated\VMTestAutomation\Src\Framework.UIAutomation\Commands\Interactions\ActionCommand.cs:line 42
   at VM.Platform.TestAutomationFramework.Core.Decorators.CommandDecorator.Execute(TestRunContext context) in C:\Users\DasariW\Desktop\VM Framework\v4Dev_Updated\v4Dev_Updated\VMTestAutomation\Src\Framework.Core\Decorators\CommandDecorator.cs:line 22
   at VM.Platform.TestAutomationFramework.Core.Decorators.CommandLogger.Execute(TestRunContext context) in C:\Users\DasariW\Desktop\VM Framework\v4Dev_Updated\v4Dev_Updated\VMTestAutomation\Src\Framework.Core\Decorators\CommandLogger.cs:line 93
   at VM.Platform.TestAutomationFramework.Core.Decorators.CommandDecorator.Execute(TestRunContext context) in C:\Users\DasariW\Desktop\VM Framework\v4Dev_Updated\v4Dev_Updated\VMTestAutomation\Src\Framework.Core\Decorators\CommandDecorator.cs:line 22
   at VM.Platform.TestAutomationFramework.Core.Decorators.CommandErrorHandler.Execute(TestRunContext context) in C:\Users\DasariW\Desktop\VM Framework\v4Dev_Updated\v4Dev_Updated\VMTestAutomation\Src\Framework.Core\Decorators\CommandErrorHandler.cs:line 65
   at VM.Platform.TestAutomationFramework.Core.Decorators.CommandDecorator.Execute(TestRunContext context) in C:\Users\DasariW\Desktop\VM Framework\v4Dev_Updated\v4Dev_Updated\VMTestAutomation\Src\Framework.Core\Decorators\CommandDecorator.cs:line 22
   at VM.Platform.TestAutomationFramework.Core.Decorators.CommandTimer.Execute(TestRunContext context) in C:\Users\DasariW\Desktop\VM Framework\v4Dev_Updated\v4Dev_Updated\VMTestAutomation\Src\Framework.Core\Decorators\CommandTimer.cs:line 26
   at VM.Platform.TestAutomationFramework.Core.Decorators.CommandDecorator.Execute(TestRunContext context) in C:\Users\DasariW\Desktop\VM Framework\v4Dev_Updated\v4Dev_Updated\VMTestAutomation\Src\Framework.Core\Decorators\CommandDecorator.cs:line 22
   at VM.Platform.TestAutomationFramework.Core.Decorators.IgnorePagesDecorator.Execute(TestRunContext context) in C:\Users\DasariW\Desktop\VM Framework\v4Dev_Updated\v4Dev_Updated\VMTestAutomation\Src\Framework.Core\Decorators\IgnorePagesDecorator.cs:line 24
   at VM.Platform.TestAutomationFramework.UIAutomation.Commands.Workflow.LoadTestDataItemCommand.Execute(TestRunContext context) in C:\Users\DasariW\Desktop\VM Framework\v4Dev_Updated\v4Dev_Updated\VMTestAutomation\Src\Framework.UIAutomation\Commands\Workflow\LoadTestDataItemCommand.cs:line 96
   at VM.Platform.TestAutomationFramework.Core.Decorators.CommandDecorator.Execute(TestRunContext context) in C:\Users\DasariW\Desktop\VM Framework\v4Dev_Updated\v4Dev_Updated\VMTestAutomation\Src\Framework.Core\Decorators\CommandDecorator.cs:line 22
   at VM.Platform.TestAutomationFramework.Core.Decorators.CommandLogger.Execute(TestRunContext context) in C:\Users\DasariW\Desktop\VM Framework\v4Dev_Updated\v4Dev_Updated\VMTestAutomation\Src\Framework.Core\Decorators\CommandLogger.cs:line 93
   at VM.Platform.TestAutomationFramework.Core.Decorators.CommandDecorator.Execute(TestRunContext context) in C:\Users\DasariW\Desktop\VM Framework\v4Dev_Updated\v4Dev_Updated\VMTestAutomation\Src\Framework.Core\Decorators\CommandDecorator.cs:line 22
   at VM.Platform.TestAutomationFramework.Core.Decorators.CommandErrorHandler.Execute(TestRunContext context) in C:\Users\DasariW\Desktop\VM Framework\v4Dev_Updated\v4Dev_Updated\VMTestAutomation\Src\Framework.Core\Decorators\CommandErrorHandler.cs:line 65
   at VM.Platform.TestAutomationFramework.Core.Decorators.CommandDecorator.Execute(TestRunContext context) in C:\Users\DasariW\Desktop\VM Framework\v4Dev_Updated\v4Dev_Updated\VMTestAutomation\Src\Framework.Core\Decorators\CommandDecorator.cs:line 22
   at VM.Platform.TestAutomationFramework.Core.Decorators.CommandTimer.Execute(TestRunContext context) in C:\Users\DasariW\Desktop\VM Framework\v4Dev_Updated\v4Dev_Updated\VMTestAutomation\Src\Framework.Core\Decorators\CommandTimer.cs:line 26
   at VM.Platform.TestAutomationFramework.Core.Decorators.CommandDecorator.Execute(TestRunContext context) in C:\Users\DasariW\Desktop\VM Framework\v4Dev_Updated\v4Dev_Updated\VMTestAutomation\Src\Framework.Core\Decorators\CommandDecorator.cs:line 22
   at VM.Platform.TestAutomationFramework.Core.Decorators.IgnorePagesDecorator.Execute(TestRunContext context) in C:\Users\DasariW\Desktop\VM Framework\v4Dev_Updated\v4Dev_Updated\VMTestAutomation\Src\Framework.Core\Decorators\IgnorePagesDecorator.cs:line 24
   at VM.Platform.TestAutomationFramework.Core.TestCommandRunner.Execute(TestRunContext testRunContext) in C:\Users\DasariW\Desktop\VM Framework\v4Dev_Updated\v4Dev_Updated\VMTestAutomation\Src\Framework.Core\TestCommandRunner.cs:line 75
   at VM.Platform.TestAutomationFramework.Core.SingleTestCaseRunner.ExecuteSingleTestCase(Int32 testCaseId, String targetEnvironment, String repositiory, Int32 Retry) in C:\Users\DasariW\Desktop\VM Framework\v4Dev_Updated\v4Dev_Updated\VMTestAutomation\Src\Framework.Core\SingleTestCaseRunner.cs:line 167
----------------
2018-11-08 21:13:41,066 INFO  execution-log - Saving captured values to file.
----------------
2018-11-08 21:13:41,067 ERROR execution-log - TC # : 2,  has failed
----------------
