2019-02-04 07:59:56,890 INFO  execution-log - 	Initializing control map with map # MASTER
----------------
2019-02-04 07:59:56,906 INFO  execution-log - Initializing Test Automation
----------------
2019-02-04 07:59:56,911 INFO  execution-log - 	target browser: Chrome
----------------
2019-02-04 07:59:56,919 INFO  execution-log - TC # : 1, Downloading test case from DB
----------------
2019-02-04 07:59:56,941 INFO  execution-log - TC # : 1, Getting test data from DB
----------------
2019-02-04 07:59:56,942 INFO  execution-log - TC # : 1, Getting control map :MASTER from DB
----------------
2019-02-04 07:59:56,970 INFO  execution-log - TC # : 1, Control map retrieval completed
----------------
2019-02-04 07:59:56,974 INFO  execution-log - TC # : 1, Test data retrieval completed
----------------
2019-02-04 07:59:56,983 INFO  execution-log - TC # : 1, Parsing commands
----------------
2019-02-04 07:59:56,988 INFO  execution-log - Loading captured values from persistence.
----------------
2019-02-04 07:59:56,995 INFO  execution-log - TC # : 1, Started executing test case in the VMTESTAPP1 environment (http://vam-qa.cloudapp.net:6363/pages/login.html)
----------------
2019-02-04 07:59:57,050 INFO  execution-log -  Beginning StartIterationCommand ( Iterations : 1 )
----------------
2019-02-04 07:59:57,059 INFO  execution-log - TC # : 1, Starting iteration #1
----------------
2019-02-04 07:59:57,064 INFO  execution-log - 	 Command completed.
----------------
2019-02-04 07:59:57,070 INFO  execution-log -  Beginning InvokeApplicationCommand ( Target :  )
----------------
2019-02-04 07:59:58,056 INFO  execution-log - 	 Command completed.
----------------
2019-02-04 07:59:58,063 INFO  execution-log -  Beginning PageCommand ( CurrentPage : Login, FlowIdentifier : 1, DiIndicator : DI )
----------------
2019-02-04 07:59:58,071 INFO  execution-log - 	 Command completed.
----------------
2019-02-04 07:59:58,078 INFO  execution-log -  Beginning LoadTestDataItemCommand ( CurrentPage : Login, FlowIdentifier : 1, DiIndicator : DI )
----------------
2019-02-04 07:59:58,100 INFO  execution-log - [Sequence No - 1] Beginning ValidateExistStatusCommand ( LogicalFieldName : User Name, LogicalFieldValue : True )
----------------
2019-02-04 07:59:58,130 INFO  execution-log - [Sequence No - 1]	 Command completed.
----------------
2019-02-04 07:59:58,146 INFO  execution-log - [Sequence No - 2] Beginning ActionCommand ( LogicalFieldName : User Name, LogicalFieldValue : Click )
----------------
2019-02-04 07:59:58,287 INFO  execution-log - [Sequence No - 2]	 Command completed.
----------------
2019-02-04 07:59:58,302 INFO  execution-log - [Sequence No - 3] Beginning TestDataCommand ( LogicalFieldName : User Name, LogicalFieldValue : Jack )
----------------
2019-02-04 07:59:58,400 INFO  execution-log - [Sequence No - 3]	 Command completed.
----------------
2019-02-04 07:59:58,412 INFO  execution-log - [Sequence No - 4] Beginning ValidateExistStatusCommand ( LogicalFieldName : Password, LogicalFieldValue : True )
----------------
2019-02-04 07:59:58,435 INFO  execution-log - [Sequence No - 4]	 Command completed.
----------------
2019-02-04 07:59:58,448 INFO  execution-log - [Sequence No - 5] Beginning TestDataCommand ( LogicalFieldName : Password, LogicalFieldValue : Smit@123 )
----------------
2019-02-04 07:59:58,586 INFO  execution-log - [Sequence No - 5]	 Command completed.
----------------
2019-02-04 07:59:58,597 INFO  execution-log - [Sequence No - 6] Beginning ValidateEnableStatusCommand ( LogicalFieldName : Login_Button, LogicalFieldValue : True )
----------------
2019-02-04 07:59:58,636 INFO  execution-log - [Sequence No - 6]	 Command completed.
----------------
2019-02-04 07:59:58,649 INFO  execution-log - [Sequence No - 7] Beginning ActionCommand ( LogicalFieldName : Login_Button, LogicalFieldValue : Click )
----------------
2019-02-04 07:59:58,778 INFO  execution-log - [Sequence No - 7]	 Command completed.
----------------
2019-02-04 07:59:58,785 INFO  execution-log - 	 Command completed.
----------------
2019-02-04 07:59:58,800 INFO  execution-log -  Beginning PageCommand ( CurrentPage : Home, FlowIdentifier : 2, DiIndicator : DI )
----------------
2019-02-04 07:59:58,806 INFO  execution-log - 	 Command completed.
----------------
2019-02-04 07:59:58,812 INFO  execution-log -  Beginning LoadTestDataItemCommand ( CurrentPage : Home, FlowIdentifier : 2, DiIndicator : DI )
----------------
2019-02-04 07:59:58,830 INFO  execution-log - [Sequence No - 8] Beginning ActionCommand ( LogicalFieldName : New Quote, LogicalFieldValue : Click )
----------------
2019-02-04 08:00:00,877 INFO  execution-log - [Sequence No - 8]	 Command completed.
----------------
2019-02-04 08:00:00,897 INFO  execution-log - 	 Command completed.
----------------
2019-02-04 08:00:00,905 INFO  execution-log -  Beginning PageCommand ( CurrentPage : New Quote, FlowIdentifier : 3, DiIndicator : DI )
----------------
2019-02-04 08:00:00,923 INFO  execution-log - 	 Command completed.
----------------
2019-02-04 08:00:00,932 INFO  execution-log -  Beginning LoadTestDataItemCommand ( CurrentPage : New Quote, FlowIdentifier : 3, DiIndicator : DI )
----------------
2019-02-04 08:00:00,964 INFO  execution-log - [Sequence No - 9] Beginning TestDataCommand ( LogicalFieldName : Account Name, LogicalFieldValue : RANDOMIZE(7,2) )
----------------
2019-02-04 08:00:01,342 INFO  execution-log - [Sequence No - 9]	 Command completed.
----------------
2019-02-04 08:00:01,352 INFO  execution-log - [Sequence No - 11] Beginning TestDataCommand ( LogicalFieldName : First Name, LogicalFieldValue : Jack )
----------------
2019-02-04 08:00:01,635 INFO  execution-log - [Sequence No - 11]	 Command completed.
----------------
2019-02-04 08:00:01,646 INFO  execution-log - [Sequence No - 12] Beginning TestDataCommand ( LogicalFieldName : Last Name, LogicalFieldValue : Smith )
----------------
2019-02-04 08:00:01,836 INFO  execution-log - [Sequence No - 12]	 Command completed.
----------------
2019-02-04 08:00:01,847 INFO  execution-log - [Sequence No - 13] Beginning TestDataCommand ( LogicalFieldName : ContactNumber1, LogicalFieldValue : 654 )
----------------
2019-02-04 08:00:01,990 INFO  execution-log - [Sequence No - 13]	 Command completed.
----------------
2019-02-04 08:00:02,005 INFO  execution-log - [Sequence No - 14] Beginning TestDataCommand ( LogicalFieldName : ContactNumber2, LogicalFieldValue : 321 )
----------------
2019-02-04 08:00:02,126 INFO  execution-log - [Sequence No - 14]	 Command completed.
----------------
2019-02-04 08:00:02,137 INFO  execution-log - [Sequence No - 15] Beginning TestDataCommand ( LogicalFieldName : ContactNumber3, LogicalFieldValue : 6541 )
----------------
2019-02-04 08:00:02,267 INFO  execution-log - [Sequence No - 15]	 Command completed.
----------------
2019-02-04 08:00:02,285 INFO  execution-log - [Sequence No - 16] Beginning TestDataCommand ( LogicalFieldName : Primary Email, LogicalFieldValue : jack.smith@gmail.com )
----------------
2019-02-04 08:00:02,681 INFO  execution-log - [Sequence No - 16]	 Command completed.
----------------
2019-02-04 08:00:02,695 INFO  execution-log - [Sequence No - 17] Beginning TestDataCommand ( LogicalFieldName : Business Started Year, LogicalFieldValue : 2012 )
----------------
2019-02-04 08:00:02,837 INFO  execution-log - [Sequence No - 17]	 Command completed.
----------------
2019-02-04 08:00:02,847 INFO  execution-log - [Sequence No - 18] Beginning ActionCommand ( LogicalFieldName : Select Product, LogicalFieldValue : Click )
----------------
2019-02-04 08:00:03,002 INFO  execution-log - [Sequence No - 18]	 Command completed.
----------------
2019-02-04 08:00:03,024 INFO  execution-log - [Sequence No - 19] Beginning ActionCommand ( LogicalFieldName : Select Product1, LogicalFieldValue : Click )
----------------
2019-02-04 08:00:03,174 INFO  execution-log - [Sequence No - 19]	 Command completed.
----------------
2019-02-04 08:00:03,185 INFO  execution-log - [Sequence No - 20] Beginning ActionCommand ( LogicalFieldName : Contact Name, LogicalFieldValue : Click )
----------------
2019-02-04 08:00:03,334 INFO  execution-log - [Sequence No - 20]	 Command completed.
----------------
2019-02-04 08:00:03,346 INFO  execution-log - [Sequence No - 21] Beginning ActionCommand ( LogicalFieldName : Contact Name Initial Select, LogicalFieldValue : Click )
----------------
2019-02-04 08:00:04,000 INFO  execution-log - [Sequence No - 21]	 Command completed.
----------------
2019-02-04 08:00:04,010 INFO  execution-log - [Sequence No - 22] Beginning ActionCommand ( LogicalFieldName : Industry, LogicalFieldValue : Click )
----------------
2019-02-04 08:00:04,212 INFO  execution-log - [Sequence No - 22]	 Command completed.
----------------
2019-02-04 08:00:04,225 INFO  execution-log - [Sequence No - 23] Beginning ActionCommand ( LogicalFieldName : Industry1, LogicalFieldValue : Click )
----------------
2019-02-04 08:00:04,390 INFO  execution-log - [Sequence No - 23]	 Command completed.
----------------
2019-02-04 08:00:04,401 INFO  execution-log - [Sequence No - 24] Beginning TestDataCommand ( LogicalFieldName : Zip Code, LogicalFieldValue : 53704 )
----------------
2019-02-04 08:00:04,560 INFO  execution-log - [Sequence No - 24]	 Command completed.
----------------
2019-02-04 08:00:04,571 INFO  execution-log - [Sequence No - 25] Beginning ActionCommand ( LogicalFieldName : zipcode click, LogicalFieldValue : Click )
----------------
2019-02-04 08:00:04,941 INFO  execution-log - [Sequence No - 25]	 Command completed.
----------------
2019-02-04 08:00:04,952 INFO  execution-log - [Sequence No - 26] Beginning TestDataCommand ( LogicalFieldName : Street Address, LogicalFieldValue : 123 BLUEJAY LN )
----------------
2019-02-04 08:00:05,198 INFO  execution-log - [Sequence No - 26]	 Command completed.
----------------
2019-02-04 08:00:05,213 INFO  execution-log - [Sequence No - 27] Beginning ActionCommand ( LogicalFieldName : Same as Physical Address, LogicalFieldValue : Click )
----------------
2019-02-04 08:00:05,343 INFO  execution-log - [Sequence No - 27]	 Command completed.
----------------
2019-02-04 08:00:05,354 INFO  execution-log - [Sequence No - 28] Beginning ActionCommand ( LogicalFieldName : Proceed, LogicalFieldValue : Click )
----------------
2019-02-04 08:00:05,529 INFO  execution-log - [Sequence No - 28]	 Command completed.
----------------
2019-02-04 08:00:05,536 INFO  execution-log - 	 Command completed.
----------------
2019-02-04 08:00:05,541 INFO  execution-log -  Beginning PageCommand ( CurrentPage : Insured Info, FlowIdentifier : 4, DiIndicator : DI )
----------------
2019-02-04 08:00:05,550 INFO  execution-log - 	 Command completed.
----------------
2019-02-04 08:00:05,556 INFO  execution-log -  Beginning LoadTestDataItemCommand ( CurrentPage : Insured Info, FlowIdentifier : 4, DiIndicator : DI )
----------------
2019-02-04 08:00:05,571 INFO  execution-log - [Sequence No - 29] Beginning TestDataCommand ( LogicalFieldName : InsuredName, LogicalFieldValue : Smith )
----------------
2019-02-04 08:00:07,571 INFO  execution-log - [Sequence No - 29]	 Command completed.
----------------
2019-02-04 08:00:07,584 INFO  execution-log - [Sequence No - 30] Beginning ActionCommand ( LogicalFieldName : Primary State Click, LogicalFieldValue : Click )
----------------
2019-02-04 08:00:20,352 ERROR execution-log - TC # : 1, Timed out after 10 seconds
----------------
2019-02-04 08:00:28,392 ERROR execution-log - TC # : 1, Timed out after 10 seconds
----------------
2019-02-04 08:00:28,403 ERROR execution-log - TC # : 1, No more iterations to run. Test execution will abort.
----------------
2019-02-04 08:00:28,411 ERROR execution-log - TC # : 1, Framework failed to run the test due to a test configuration error.
	VM.Platform.TestAutomationFramework.Core.Exceptions.WorkflowFailedException: Timed out after 10 seconds ---> OpenQA.Selenium.WebDriverTimeoutException: Timed out after 10 seconds
   at OpenQA.Selenium.Support.UI.DefaultWait`1.ThrowTimeoutException(String exceptionMessage, Exception lastException)
   at OpenQA.Selenium.Support.UI.DefaultWait`1.Until[TResult](Func`2 condition)
   at VM.Platform.TestAutomationFramework.Adapters.Selenium.SeleniumAdapter.WaitForElementToBeClickable(ControlDefinition ctrlDefinition) in C:\Users\VMQApractice\Desktop\v4Dev_Updated\v4Dev_Updated\VMTestAutomation\Src\Framework.Adapters.Selenium\SeleniumAdapter.cs:line 713
   at VM.Platform.TestAutomationFramework.UIAutomation.Commands.Interactions.ActionCommand.Execute(TestRunContext context) in C:\Users\VMQApractice\Desktop\v4Dev_Updated\v4Dev_Updated\VMTestAutomation\Src\Framework.UIAutomation\Commands\Interactions\ActionCommand.cs:line 30
   --- End of inner exception stack trace ---
   at VM.Platform.TestAutomationFramework.UIAutomation.Commands.Interactions.ActionCommand.Execute(TestRunContext context) in C:\Users\VMQApractice\Desktop\v4Dev_Updated\v4Dev_Updated\VMTestAutomation\Src\Framework.UIAutomation\Commands\Interactions\ActionCommand.cs:line 42
   at VM.Platform.TestAutomationFramework.Core.Decorators.CommandDecorator.Execute(TestRunContext context) in C:\Users\VMQApractice\Desktop\v4Dev_Updated\v4Dev_Updated\VMTestAutomation\Src\Framework.Core\Decorators\CommandDecorator.cs:line 22
   at VM.Platform.TestAutomationFramework.Core.Decorators.CommandLogger.Execute(TestRunContext context) in C:\Users\VMQApractice\Desktop\v4Dev_Updated\v4Dev_Updated\VMTestAutomation\Src\Framework.Core\Decorators\CommandLogger.cs:line 93
   at VM.Platform.TestAutomationFramework.Core.Decorators.CommandDecorator.Execute(TestRunContext context) in C:\Users\VMQApractice\Desktop\v4Dev_Updated\v4Dev_Updated\VMTestAutomation\Src\Framework.Core\Decorators\CommandDecorator.cs:line 22
   at VM.Platform.TestAutomationFramework.Core.Decorators.CommandErrorHandler.Execute(TestRunContext context) in C:\Users\VMQApractice\Desktop\v4Dev_Updated\v4Dev_Updated\VMTestAutomation\Src\Framework.Core\Decorators\CommandErrorHandler.cs:line 65
   at VM.Platform.TestAutomationFramework.Core.Decorators.CommandDecorator.Execute(TestRunContext context) in C:\Users\VMQApractice\Desktop\v4Dev_Updated\v4Dev_Updated\VMTestAutomation\Src\Framework.Core\Decorators\CommandDecorator.cs:line 22
   at VM.Platform.TestAutomationFramework.Core.Decorators.CommandTimer.Execute(TestRunContext context) in C:\Users\VMQApractice\Desktop\v4Dev_Updated\v4Dev_Updated\VMTestAutomation\Src\Framework.Core\Decorators\CommandTimer.cs:line 26
   at VM.Platform.TestAutomationFramework.Core.Decorators.CommandDecorator.Execute(TestRunContext context) in C:\Users\VMQApractice\Desktop\v4Dev_Updated\v4Dev_Updated\VMTestAutomation\Src\Framework.Core\Decorators\CommandDecorator.cs:line 22
   at VM.Platform.TestAutomationFramework.Core.Decorators.IgnorePagesDecorator.Execute(TestRunContext context) in C:\Users\VMQApractice\Desktop\v4Dev_Updated\v4Dev_Updated\VMTestAutomation\Src\Framework.Core\Decorators\IgnorePagesDecorator.cs:line 24
   at VM.Platform.TestAutomationFramework.UIAutomation.Commands.Workflow.LoadTestDataItemCommand.Execute(TestRunContext context) in C:\Users\VMQApractice\Desktop\v4Dev_Updated\v4Dev_Updated\VMTestAutomation\Src\Framework.UIAutomation\Commands\Workflow\LoadTestDataItemCommand.cs:line 96
   at VM.Platform.TestAutomationFramework.Core.Decorators.CommandDecorator.Execute(TestRunContext context) in C:\Users\VMQApractice\Desktop\v4Dev_Updated\v4Dev_Updated\VMTestAutomation\Src\Framework.Core\Decorators\CommandDecorator.cs:line 22
   at VM.Platform.TestAutomationFramework.Core.Decorators.CommandLogger.Execute(TestRunContext context) in C:\Users\VMQApractice\Desktop\v4Dev_Updated\v4Dev_Updated\VMTestAutomation\Src\Framework.Core\Decorators\CommandLogger.cs:line 93
   at VM.Platform.TestAutomationFramework.Core.Decorators.CommandDecorator.Execute(TestRunContext context) in C:\Users\VMQApractice\Desktop\v4Dev_Updated\v4Dev_Updated\VMTestAutomation\Src\Framework.Core\Decorators\CommandDecorator.cs:line 22
   at VM.Platform.TestAutomationFramework.Core.Decorators.CommandErrorHandler.Execute(TestRunContext context) in C:\Users\VMQApractice\Desktop\v4Dev_Updated\v4Dev_Updated\VMTestAutomation\Src\Framework.Core\Decorators\CommandErrorHandler.cs:line 65
   at VM.Platform.TestAutomationFramework.Core.Decorators.CommandDecorator.Execute(TestRunContext context) in C:\Users\VMQApractice\Desktop\v4Dev_Updated\v4Dev_Updated\VMTestAutomation\Src\Framework.Core\Decorators\CommandDecorator.cs:line 22
   at VM.Platform.TestAutomationFramework.Core.Decorators.CommandTimer.Execute(TestRunContext context) in C:\Users\VMQApractice\Desktop\v4Dev_Updated\v4Dev_Updated\VMTestAutomation\Src\Framework.Core\Decorators\CommandTimer.cs:line 26
   at VM.Platform.TestAutomationFramework.Core.Decorators.CommandDecorator.Execute(TestRunContext context) in C:\Users\VMQApractice\Desktop\v4Dev_Updated\v4Dev_Updated\VMTestAutomation\Src\Framework.Core\Decorators\CommandDecorator.cs:line 22
   at VM.Platform.TestAutomationFramework.Core.Decorators.IgnorePagesDecorator.Execute(TestRunContext context) in C:\Users\VMQApractice\Desktop\v4Dev_Updated\v4Dev_Updated\VMTestAutomation\Src\Framework.Core\Decorators\IgnorePagesDecorator.cs:line 24
   at VM.Platform.TestAutomationFramework.Core.TestCommandRunner.Execute(TestRunContext testRunContext) in C:\Users\VMQApractice\Desktop\v4Dev_Updated\v4Dev_Updated\VMTestAutomation\Src\Framework.Core\TestCommandRunner.cs:line 75
   at VM.Platform.TestAutomationFramework.Core.SingleTestCaseRunner.ExecuteSingleTestCase(Int32 testCaseId, String targetEnvironment, String repositiory, Int32 Retry) in C:\Users\VMQApractice\Desktop\v4Dev_Updated\v4Dev_Updated\VMTestAutomation\Src\Framework.Core\SingleTestCaseRunner.cs:line 167
----------------
2019-02-04 08:00:28,453 INFO  execution-log - Saving captured values to file.
----------------
2019-02-04 08:00:28,462 ERROR execution-log - TC # : 1,  has failed
----------------
