2018-11-09 02:06:32,860 INFO  execution-log - 	Initializing control map with map # Master
----------------
2018-11-09 02:06:32,861 INFO  execution-log - Initializing Test Automation
----------------
2018-11-09 02:06:32,862 INFO  execution-log - 	target browser: Chrome
----------------
2018-11-09 02:06:32,863 INFO  execution-log - TC # : 2, Downloading test case from DB
----------------
2018-11-09 02:06:32,914 INFO  execution-log - TC # : 2, Getting control map :Master from DB
----------------
2018-11-09 02:06:32,916 INFO  execution-log - TC # : 2, Control map retrieval completed
----------------
2018-11-09 02:06:32,930 INFO  execution-log - TC # : 2, Getting test data from DB
----------------
2018-11-09 02:06:32,936 INFO  execution-log - TC # : 2, Test data retrieval completed
----------------
2018-11-09 02:06:32,937 INFO  execution-log - TC # : 2, Parsing commands
----------------
2018-11-09 02:06:32,938 INFO  execution-log - Loading captured values from persistence.
----------------
2018-11-09 02:06:32,940 INFO  execution-log - TC # : 2, Started executing test case in the HISCOX environment (http://hiscpvt.cloud.hiscox.com/oneshield/index.jsp#gateway)
----------------
2018-11-09 02:06:32,996 INFO  execution-log -  Beginning StartIterationCommand ( Iterations : 1 )
----------------
2018-11-09 02:06:33,014 INFO  execution-log - TC # : 2, Starting iteration #1
----------------
2018-11-09 02:06:33,024 INFO  execution-log - 	 Command completed.
----------------
2018-11-09 02:06:33,028 INFO  execution-log -  Beginning InvokeApplicationCommand ( Target :  )
----------------
2018-11-09 02:06:34,914 INFO  execution-log - 	 Command completed.
----------------
2018-11-09 02:06:34,918 INFO  execution-log -  Beginning PageCommand ( CurrentPage : Login, FlowIdentifier : 1, DiIndicator : DI )
----------------
2018-11-09 02:06:34,920 INFO  execution-log - 	 Command completed.
----------------
2018-11-09 02:06:34,928 INFO  execution-log -  Beginning LoadTestDataItemCommand ( CurrentPage : Login, FlowIdentifier : 1, DiIndicator : DI )
----------------
2018-11-09 02:06:34,944 INFO  execution-log - [Sequence No - 1] Beginning TestDataCommand ( LogicalFieldName : Partner Number, LogicalFieldValue : 0 )
----------------
2018-11-09 02:06:36,604 INFO  execution-log - [Sequence No - 1]	 Command completed.
----------------
2018-11-09 02:06:36,608 INFO  execution-log - [Sequence No - 2] Beginning TestDataCommand ( LogicalFieldName : Username, LogicalFieldValue : karthicuw )
----------------
2018-11-09 02:06:37,363 INFO  execution-log - [Sequence No - 2]	 Command completed.
----------------
2018-11-09 02:06:37,368 INFO  execution-log - [Sequence No - 3] Beginning TestDataCommand ( LogicalFieldName : Password, LogicalFieldValue : Monday!23 )
----------------
2018-11-09 02:06:37,603 INFO  execution-log - [Sequence No - 3]	 Command completed.
----------------
2018-11-09 02:06:37,607 INFO  execution-log - [Sequence No - 4] Beginning TestDataCommand ( LogicalFieldName : Partner Number, LogicalFieldValue : 0 )
----------------
2018-11-09 02:06:37,742 INFO  execution-log - [Sequence No - 4]	 Command completed.
----------------
2018-11-09 02:06:37,746 INFO  execution-log - [Sequence No - 5] Beginning ActionCommand ( LogicalFieldName : Login Page, LogicalFieldValue : Click )
----------------
2018-11-09 02:06:37,983 INFO  execution-log - [Sequence No - 5]	 Command completed.
----------------
2018-11-09 02:06:37,987 INFO  execution-log - [Sequence No - 6] Beginning ActionCommand ( LogicalFieldName : Login Button, LogicalFieldValue : Click )
----------------
2018-11-09 02:06:38,207 INFO  execution-log - [Sequence No - 6]	 Command completed.
----------------
2018-11-09 02:06:38,212 INFO  execution-log - [Sequence No - 7] Beginning TestDataCommand ( LogicalFieldName : Partner Number, LogicalFieldValue : 0 )
----------------
2018-11-09 02:06:38,335 INFO  execution-log - [Sequence No - 7]	 Command completed.
----------------
2018-11-09 02:06:38,336 INFO  execution-log - 	 Command completed.
----------------
2018-11-09 02:06:38,337 INFO  execution-log -  Beginning PageCommand ( CurrentPage : Quotes, FlowIdentifier : 1, DiIndicator : DI )
----------------
2018-11-09 02:06:38,338 INFO  execution-log - 	 Command completed.
----------------
2018-11-09 02:06:38,339 INFO  execution-log -  Beginning LoadTestDataItemCommand ( CurrentPage : Quotes, FlowIdentifier : 1, DiIndicator : DI )
----------------
2018-11-09 02:06:38,346 INFO  execution-log - [Sequence No - 8] Beginning WaitForControlCommand ( LogicalFieldName : Quotes_Link, LogicalFieldValue : True )
----------------
2018-11-09 02:06:39,973 INFO  execution-log - [Sequence No - 8]	 Command completed.
----------------
2018-11-09 02:06:39,981 INFO  execution-log - [Sequence No - 9] Beginning ActionCommand ( LogicalFieldName : Quotes_Link, LogicalFieldValue : Click )
----------------
2018-11-09 02:06:40,880 INFO  execution-log - [Sequence No - 9]	 Command completed.
----------------
2018-11-09 02:06:40,943 INFO  execution-log - [Sequence No - 10] Beginning WaitForControlCommand ( LogicalFieldName : New quote, LogicalFieldValue : True )
----------------
2018-11-09 02:06:42,925 INFO  execution-log - [Sequence No - 10]	 Command completed.
----------------
2018-11-09 02:06:42,930 INFO  execution-log - [Sequence No - 11] Beginning ActionCommand ( LogicalFieldName : New quote, LogicalFieldValue : Click )
----------------
2018-11-09 02:06:43,867 INFO  execution-log - [Sequence No - 11]	 Command completed.
----------------
2018-11-09 02:06:44,020 INFO  execution-log - [Sequence No - 12] Beginning ActionCommand ( LogicalFieldName : Select Producing Agency, LogicalFieldValue : Click-Wait(500) )
----------------
2018-11-09 02:06:48,019 ERROR execution-log - TC # : 2, stale element reference: element is not attached to the page document
  (Session info: chrome=70.0.3538.77)
  (Driver info: chromedriver=2.40.565498 (ea082db3280dd6843ebfb08a625e3eb905c4f5ab),platform=Windows NT 10.0.14393 x86_64)
----------------
2018-11-09 02:06:56,315 ERROR execution-log - TC # : 2, stale element reference: element is not attached to the page document
  (Session info: chrome=70.0.3538.77)
  (Driver info: chromedriver=2.40.565498 (ea082db3280dd6843ebfb08a625e3eb905c4f5ab),platform=Windows NT 10.0.14393 x86_64)
----------------
2018-11-09 02:06:56,336 ERROR execution-log - TC # : 2, No more iterations to run. Test execution will abort.
----------------
2018-11-09 02:06:56,352 ERROR execution-log - TC # : 2, Framework failed to run the test due to a test configuration error.
	VM.Platform.TestAutomationFramework.Core.Exceptions.WorkflowFailedException: stale element reference: element is not attached to the page document
  (Session info: chrome=70.0.3538.77)
  (Driver info: chromedriver=2.40.565498 (ea082db3280dd6843ebfb08a625e3eb905c4f5ab),platform=Windows NT 10.0.14393 x86_64) ---> OpenQA.Selenium.StaleElementReferenceException: stale element reference: element is not attached to the page document
  (Session info: chrome=70.0.3538.77)
  (Driver info: chromedriver=2.40.565498 (ea082db3280dd6843ebfb08a625e3eb905c4f5ab),platform=Windows NT 10.0.14393 x86_64)
   at OpenQA.Selenium.Remote.RemoteWebDriver.UnpackAndThrowOnError(Response errorResponse)
   at OpenQA.Selenium.Remote.RemoteWebDriver.Execute(String driverCommandToExecute, Dictionary`2 parameters)
   at OpenQA.Selenium.Remote.RemoteWebElement.get_Displayed()
   at OpenQA.Selenium.Support.UI.ExpectedConditions.<>c__DisplayClass19_0.<ElementToBeClickable>b__0(IWebDriver driver)
   at OpenQA.Selenium.Support.UI.DefaultWait`1.Until[TResult](Func`2 condition)
   at VM.Platform.TestAutomationFramework.Adapters.Selenium.SeleniumAdapter.WaitForElementToBeClickable(ControlDefinition ctrlDefinition) in C:\Users\DasariW\Desktop\VM Framework\v4Dev_Updated\v4Dev_Updated\VMTestAutomation\Src\Framework.Adapters.Selenium\SeleniumAdapter.cs:line 713
   at VM.Platform.TestAutomationFramework.UIAutomation.Commands.Interactions.ActionCommand.Execute(TestRunContext context) in C:\Users\DasariW\Desktop\VM Framework\v4Dev_Updated\v4Dev_Updated\VMTestAutomation\Src\Framework.UIAutomation\Commands\Interactions\ActionCommand.cs:line 30
   --- End of inner exception stack trace ---
   at VM.Platform.TestAutomationFramework.UIAutomation.Commands.Interactions.ActionCommand.Execute(TestRunContext context) in C:\Users\DasariW\Desktop\VM Framework\v4Dev_Updated\v4Dev_Updated\VMTestAutomation\Src\Framework.UIAutomation\Commands\Interactions\ActionCommand.cs:line 42
   at VM.Platform.TestAutomationFramework.Core.Decorators.CommandDecorator.Execute(TestRunContext context) in C:\Users\DasariW\Desktop\VM Framework\v4Dev_Updated\v4Dev_Updated\VMTestAutomation\Src\Framework.Core\Decorators\CommandDecorator.cs:line 22
   at VM.Platform.TestAutomationFramework.Core.Decorators.CommandLogger.Execute(TestRunContext context) in C:\Users\DasariW\Desktop\VM Framework\v4Dev_Updated\v4Dev_Updated\VMTestAutomation\Src\Framework.Core\Decorators\CommandLogger.cs:line 93
   at VM.Platform.TestAutomationFramework.Core.Decorators.CommandDecorator.Execute(TestRunContext context) in C:\Users\DasariW\Desktop\VM Framework\v4Dev_Updated\v4Dev_Updated\VMTestAutomation\Src\Framework.Core\Decorators\CommandDecorator.cs:line 22
   at VM.Platform.TestAutomationFramework.Core.Decorators.CommandErrorHandler.Execute(TestRunContext context) in C:\Users\DasariW\Desktop\VM Framework\v4Dev_Updated\v4Dev_Updated\VMTestAutomation\Src\Framework.Core\Decorators\CommandErrorHandler.cs:line 65
   at VM.Platform.TestAutomationFramework.Core.Decorators.CommandDecorator.Execute(TestRunContext context) in C:\Users\DasariW\Desktop\VM Framework\v4Dev_Updated\v4Dev_Updated\VMTestAutomation\Src\Framework.Core\Decorators\CommandDecorator.cs:line 22
   at VM.Platform.TestAutomationFramework.Core.Decorators.CommandTimer.Execute(TestRunContext context) in C:\Users\DasariW\Desktop\VM Framework\v4Dev_Updated\v4Dev_Updated\VMTestAutomation\Src\Framework.Core\Decorators\CommandTimer.cs:line 26
   at VM.Platform.TestAutomationFramework.Core.Decorators.CommandDecorator.Execute(TestRunContext context) in C:\Users\DasariW\Desktop\VM Framework\v4Dev_Updated\v4Dev_Updated\VMTestAutomation\Src\Framework.Core\Decorators\CommandDecorator.cs:line 22
   at VM.Platform.TestAutomationFramework.Core.Decorators.IgnorePagesDecorator.Execute(TestRunContext context) in C:\Users\DasariW\Desktop\VM Framework\v4Dev_Updated\v4Dev_Updated\VMTestAutomation\Src\Framework.Core\Decorators\IgnorePagesDecorator.cs:line 24
   at VM.Platform.TestAutomationFramework.UIAutomation.Commands.Workflow.LoadTestDataItemCommand.Execute(TestRunContext context) in C:\Users\DasariW\Desktop\VM Framework\v4Dev_Updated\v4Dev_Updated\VMTestAutomation\Src\Framework.UIAutomation\Commands\Workflow\LoadTestDataItemCommand.cs:line 96
   at VM.Platform.TestAutomationFramework.Core.Decorators.CommandDecorator.Execute(TestRunContext context) in C:\Users\DasariW\Desktop\VM Framework\v4Dev_Updated\v4Dev_Updated\VMTestAutomation\Src\Framework.Core\Decorators\CommandDecorator.cs:line 22
   at VM.Platform.TestAutomationFramework.Core.Decorators.CommandLogger.Execute(TestRunContext context) in C:\Users\DasariW\Desktop\VM Framework\v4Dev_Updated\v4Dev_Updated\VMTestAutomation\Src\Framework.Core\Decorators\CommandLogger.cs:line 93
   at VM.Platform.TestAutomationFramework.Core.Decorators.CommandDecorator.Execute(TestRunContext context) in C:\Users\DasariW\Desktop\VM Framework\v4Dev_Updated\v4Dev_Updated\VMTestAutomation\Src\Framework.Core\Decorators\CommandDecorator.cs:line 22
   at VM.Platform.TestAutomationFramework.Core.Decorators.CommandErrorHandler.Execute(TestRunContext context) in C:\Users\DasariW\Desktop\VM Framework\v4Dev_Updated\v4Dev_Updated\VMTestAutomation\Src\Framework.Core\Decorators\CommandErrorHandler.cs:line 65
   at VM.Platform.TestAutomationFramework.Core.Decorators.CommandDecorator.Execute(TestRunContext context) in C:\Users\DasariW\Desktop\VM Framework\v4Dev_Updated\v4Dev_Updated\VMTestAutomation\Src\Framework.Core\Decorators\CommandDecorator.cs:line 22
   at VM.Platform.TestAutomationFramework.Core.Decorators.CommandTimer.Execute(TestRunContext context) in C:\Users\DasariW\Desktop\VM Framework\v4Dev_Updated\v4Dev_Updated\VMTestAutomation\Src\Framework.Core\Decorators\CommandTimer.cs:line 26
   at VM.Platform.TestAutomationFramework.Core.Decorators.CommandDecorator.Execute(TestRunContext context) in C:\Users\DasariW\Desktop\VM Framework\v4Dev_Updated\v4Dev_Updated\VMTestAutomation\Src\Framework.Core\Decorators\CommandDecorator.cs:line 22
   at VM.Platform.TestAutomationFramework.Core.Decorators.IgnorePagesDecorator.Execute(TestRunContext context) in C:\Users\DasariW\Desktop\VM Framework\v4Dev_Updated\v4Dev_Updated\VMTestAutomation\Src\Framework.Core\Decorators\IgnorePagesDecorator.cs:line 24
   at VM.Platform.TestAutomationFramework.Core.TestCommandRunner.Execute(TestRunContext testRunContext) in C:\Users\DasariW\Desktop\VM Framework\v4Dev_Updated\v4Dev_Updated\VMTestAutomation\Src\Framework.Core\TestCommandRunner.cs:line 75
   at VM.Platform.TestAutomationFramework.Core.SingleTestCaseRunner.ExecuteSingleTestCase(Int32 testCaseId, String targetEnvironment, String repositiory, Int32 Retry) in C:\Users\DasariW\Desktop\VM Framework\v4Dev_Updated\v4Dev_Updated\VMTestAutomation\Src\Framework.Core\SingleTestCaseRunner.cs:line 167
----------------
2018-11-09 02:06:57,560 INFO  execution-log - Saving captured values to file.
----------------
2018-11-09 02:06:57,561 ERROR execution-log - TC # : 2,  has failed
----------------
