2019-01-29 05:49:12,218 INFO  execution-log - 	Initializing control map with map # MASTER
----------------
2019-01-29 05:49:12,224 INFO  execution-log - Initializing Test Automation
----------------
2019-01-29 05:49:12,229 INFO  execution-log - 	target browser: Chrome
----------------
2019-01-29 05:49:12,233 INFO  execution-log - TC # : 1, Downloading test case from DB
----------------
2019-01-29 05:49:12,243 INFO  execution-log - TC # : 1, Getting control map :MASTER from DB
----------------
2019-01-29 05:49:12,243 INFO  execution-log - TC # : 1, Getting test data from DB
----------------
2019-01-29 05:49:12,251 INFO  execution-log - TC # : 1, Control map retrieval completed
----------------
2019-01-29 05:49:12,258 INFO  execution-log - TC # : 1, Test data retrieval completed
----------------
2019-01-29 05:49:12,262 INFO  execution-log - TC # : 1, Parsing commands
----------------
2019-01-29 05:49:12,266 INFO  execution-log - Loading captured values from persistence.
----------------
2019-01-29 05:49:12,270 INFO  execution-log - TC # : 1, Started executing test case in the VMTESTAPP1 environment (http://vam-qa.cloudapp.net:6363/pages/login.html)
----------------
2019-01-29 05:49:12,296 INFO  execution-log -  Beginning StartIterationCommand ( Iterations : 1 )
----------------
2019-01-29 05:49:12,300 INFO  execution-log - TC # : 1, Starting iteration #1
----------------
2019-01-29 05:49:12,305 INFO  execution-log - 	 Command completed.
----------------
2019-01-29 05:49:12,311 INFO  execution-log -  Beginning InvokeApplicationCommand ( Target :  )
----------------
2019-01-29 05:49:13,127 INFO  execution-log - 	 Command completed.
----------------
2019-01-29 05:49:13,135 INFO  execution-log -  Beginning PageCommand ( CurrentPage : Login, FlowIdentifier : 1, DiIndicator : DI )
----------------
2019-01-29 05:49:13,143 INFO  execution-log - 	 Command completed.
----------------
2019-01-29 05:49:13,150 INFO  execution-log -  Beginning LoadTestDataItemCommand ( CurrentPage : Login, FlowIdentifier : 1, DiIndicator : DI )
----------------
2019-01-29 05:49:13,163 INFO  execution-log - [Sequence No - 1] Beginning ValidateExistStatusCommand ( LogicalFieldName : User Name, LogicalFieldValue : True )
----------------
2019-01-29 05:49:13,186 INFO  execution-log - [Sequence No - 1]	 Command completed.
----------------
2019-01-29 05:49:13,195 INFO  execution-log - [Sequence No - 2] Beginning ActionCommand ( LogicalFieldName : User Name, LogicalFieldValue : Click )
----------------
2019-01-29 05:49:13,324 INFO  execution-log - [Sequence No - 2]	 Command completed.
----------------
2019-01-29 05:49:13,335 INFO  execution-log - [Sequence No - 3] Beginning TestDataCommand ( LogicalFieldName : User Name, LogicalFieldValue : Jack )
----------------
2019-01-29 05:49:13,422 INFO  execution-log - [Sequence No - 3]	 Command completed.
----------------
2019-01-29 05:49:13,437 INFO  execution-log - [Sequence No - 4] Beginning ValidateExistStatusCommand ( LogicalFieldName : Password, LogicalFieldValue : True )
----------------
2019-01-29 05:49:13,456 INFO  execution-log - [Sequence No - 4]	 Command completed.
----------------
2019-01-29 05:49:13,464 INFO  execution-log - [Sequence No - 5] Beginning TestDataCommand ( LogicalFieldName : Password, LogicalFieldValue : Smit@123 )
----------------
2019-01-29 05:49:13,617 INFO  execution-log - [Sequence No - 5]	 Command completed.
----------------
2019-01-29 05:49:13,627 INFO  execution-log - [Sequence No - 6] Beginning ValidateEnableStatusCommand ( LogicalFieldName : Login_Button, LogicalFieldValue : True )
----------------
2019-01-29 05:49:13,659 INFO  execution-log - [Sequence No - 6]	 Command completed.
----------------
2019-01-29 05:49:13,668 INFO  execution-log - [Sequence No - 7] Beginning ActionCommand ( LogicalFieldName : Login_Button, LogicalFieldValue : Click )
----------------
2019-01-29 05:49:13,801 INFO  execution-log - [Sequence No - 7]	 Command completed.
----------------
2019-01-29 05:49:13,807 INFO  execution-log - 	 Command completed.
----------------
2019-01-29 05:49:13,813 INFO  execution-log -  Beginning PageCommand ( CurrentPage : Home, FlowIdentifier : 2, DiIndicator : DI )
----------------
2019-01-29 05:49:13,818 INFO  execution-log - 	 Command completed.
----------------
2019-01-29 05:49:13,824 INFO  execution-log -  Beginning LoadTestDataItemCommand ( CurrentPage : Home, FlowIdentifier : 2, DiIndicator : DI )
----------------
2019-01-29 05:49:13,836 INFO  execution-log - [Sequence No - 8] Beginning ActionCommand ( LogicalFieldName : New Quote, LogicalFieldValue : Click )
----------------
2019-01-29 05:49:15,622 INFO  execution-log - [Sequence No - 8]	 Command completed.
----------------
2019-01-29 05:49:15,631 INFO  execution-log - 	 Command completed.
----------------
2019-01-29 05:49:15,640 INFO  execution-log -  Beginning PageCommand ( CurrentPage : New Quote, FlowIdentifier : 3, DiIndicator : DI )
----------------
2019-01-29 05:49:15,649 INFO  execution-log - 	 Command completed.
----------------
2019-01-29 05:49:15,659 INFO  execution-log -  Beginning LoadTestDataItemCommand ( CurrentPage : New Quote, FlowIdentifier : 3, DiIndicator : DI )
----------------
2019-01-29 05:49:15,673 INFO  execution-log - [Sequence No - 9] Beginning TestDataCommand ( LogicalFieldName : Account Name, LogicalFieldValue : Auto Insurance )
----------------
2019-01-29 05:49:15,978 INFO  execution-log - [Sequence No - 9]	 Command completed.
----------------
2019-01-29 05:49:15,989 INFO  execution-log - [Sequence No - 10] Beginning SelectIndexCommand ( LogicalFieldName : Select Product, LogicalFieldValue : 1 )
----------------
2019-01-29 05:49:28,909 ERROR execution-log - TC # : 1, Could not set test data for field 'Select Product'.
----------------
2019-01-29 05:49:36,972 ERROR execution-log - TC # : 1, Could not set test data for field 'Select Product'.
----------------
2019-01-29 05:49:36,988 ERROR execution-log - TC # : 1, No more iterations to run. Test execution will abort.
----------------
2019-01-29 05:49:37,001 ERROR execution-log - TC # : 1, Framework failed to run the test due to a test configuration error.
	VM.Platform.TestAutomationFramework.Core.Exceptions.WorkflowFailedException: Could not set test data for field 'Select Product'. ---> OpenQA.Selenium.Support.UI.UnexpectedTagNameException: Element should have been select but was input
   at OpenQA.Selenium.Support.UI.SelectElement..ctor(IWebElement element)
   at VM.Platform.TestAutomationFramework.Adapters.Selenium.SeleniumAdapter.SetDropDownByIndex(ControlDefinition controlDefinition, Int32 indexValue) in C:\Users\VMQApractice\Desktop\v4Dev_Updated\v4Dev_Updated\VMTestAutomation\Src\Framework.Adapters.Selenium\SeleniumAdapter.cs:line 510
   at VM.Platform.TestAutomationFramework.UIAutomation.Commands.Interactions.DropDownElementCommand.Execute() in C:\Users\VMQApractice\Desktop\v4Dev_Updated\v4Dev_Updated\VMTestAutomation\Src\Framework.UIAutomation\Commands\Interactions\DropDownElementCommand.cs:line 42
   at VM.Platform.TestAutomationFramework.UIAutomation.Commands.Interactions.SelectIndexCommand.SetDropDownByIndex() in C:\Users\VMQApractice\Desktop\v4Dev_Updated\v4Dev_Updated\VMTestAutomation\Src\Framework.UIAutomation\Commands\Interactions\SelectIndexCommand.cs:line 42
   at VM.Platform.TestAutomationFramework.UIAutomation.Commands.Interactions.SelectIndexCommand.Execute(TestRunContext context) in C:\Users\VMQApractice\Desktop\v4Dev_Updated\v4Dev_Updated\VMTestAutomation\Src\Framework.UIAutomation\Commands\Interactions\SelectIndexCommand.cs:line 25
   --- End of inner exception stack trace ---
   at VM.Platform.TestAutomationFramework.UIAutomation.Commands.Interactions.SelectIndexCommand.Execute(TestRunContext context) in C:\Users\VMQApractice\Desktop\v4Dev_Updated\v4Dev_Updated\VMTestAutomation\Src\Framework.UIAutomation\Commands\Interactions\SelectIndexCommand.cs:line 30
   at VM.Platform.TestAutomationFramework.Core.Decorators.CommandDecorator.Execute(TestRunContext context) in C:\Users\VMQApractice\Desktop\v4Dev_Updated\v4Dev_Updated\VMTestAutomation\Src\Framework.Core\Decorators\CommandDecorator.cs:line 22
   at VM.Platform.TestAutomationFramework.Core.Decorators.CommandLogger.Execute(TestRunContext context) in C:\Users\VMQApractice\Desktop\v4Dev_Updated\v4Dev_Updated\VMTestAutomation\Src\Framework.Core\Decorators\CommandLogger.cs:line 93
   at VM.Platform.TestAutomationFramework.Core.Decorators.CommandDecorator.Execute(TestRunContext context) in C:\Users\VMQApractice\Desktop\v4Dev_Updated\v4Dev_Updated\VMTestAutomation\Src\Framework.Core\Decorators\CommandDecorator.cs:line 22
   at VM.Platform.TestAutomationFramework.Core.Decorators.CommandErrorHandler.Execute(TestRunContext context) in C:\Users\VMQApractice\Desktop\v4Dev_Updated\v4Dev_Updated\VMTestAutomation\Src\Framework.Core\Decorators\CommandErrorHandler.cs:line 65
   at VM.Platform.TestAutomationFramework.Core.Decorators.CommandDecorator.Execute(TestRunContext context) in C:\Users\VMQApractice\Desktop\v4Dev_Updated\v4Dev_Updated\VMTestAutomation\Src\Framework.Core\Decorators\CommandDecorator.cs:line 22
   at VM.Platform.TestAutomationFramework.Core.Decorators.CommandTimer.Execute(TestRunContext context) in C:\Users\VMQApractice\Desktop\v4Dev_Updated\v4Dev_Updated\VMTestAutomation\Src\Framework.Core\Decorators\CommandTimer.cs:line 26
   at VM.Platform.TestAutomationFramework.Core.Decorators.CommandDecorator.Execute(TestRunContext context) in C:\Users\VMQApractice\Desktop\v4Dev_Updated\v4Dev_Updated\VMTestAutomation\Src\Framework.Core\Decorators\CommandDecorator.cs:line 22
   at VM.Platform.TestAutomationFramework.Core.Decorators.IgnorePagesDecorator.Execute(TestRunContext context) in C:\Users\VMQApractice\Desktop\v4Dev_Updated\v4Dev_Updated\VMTestAutomation\Src\Framework.Core\Decorators\IgnorePagesDecorator.cs:line 24
   at VM.Platform.TestAutomationFramework.UIAutomation.Commands.Workflow.LoadTestDataItemCommand.Execute(TestRunContext context) in C:\Users\VMQApractice\Desktop\v4Dev_Updated\v4Dev_Updated\VMTestAutomation\Src\Framework.UIAutomation\Commands\Workflow\LoadTestDataItemCommand.cs:line 96
   at VM.Platform.TestAutomationFramework.Core.Decorators.CommandDecorator.Execute(TestRunContext context) in C:\Users\VMQApractice\Desktop\v4Dev_Updated\v4Dev_Updated\VMTestAutomation\Src\Framework.Core\Decorators\CommandDecorator.cs:line 22
   at VM.Platform.TestAutomationFramework.Core.Decorators.CommandLogger.Execute(TestRunContext context) in C:\Users\VMQApractice\Desktop\v4Dev_Updated\v4Dev_Updated\VMTestAutomation\Src\Framework.Core\Decorators\CommandLogger.cs:line 93
   at VM.Platform.TestAutomationFramework.Core.Decorators.CommandDecorator.Execute(TestRunContext context) in C:\Users\VMQApractice\Desktop\v4Dev_Updated\v4Dev_Updated\VMTestAutomation\Src\Framework.Core\Decorators\CommandDecorator.cs:line 22
   at VM.Platform.TestAutomationFramework.Core.Decorators.CommandErrorHandler.Execute(TestRunContext context) in C:\Users\VMQApractice\Desktop\v4Dev_Updated\v4Dev_Updated\VMTestAutomation\Src\Framework.Core\Decorators\CommandErrorHandler.cs:line 65
   at VM.Platform.TestAutomationFramework.Core.Decorators.CommandDecorator.Execute(TestRunContext context) in C:\Users\VMQApractice\Desktop\v4Dev_Updated\v4Dev_Updated\VMTestAutomation\Src\Framework.Core\Decorators\CommandDecorator.cs:line 22
   at VM.Platform.TestAutomationFramework.Core.Decorators.CommandTimer.Execute(TestRunContext context) in C:\Users\VMQApractice\Desktop\v4Dev_Updated\v4Dev_Updated\VMTestAutomation\Src\Framework.Core\Decorators\CommandTimer.cs:line 26
   at VM.Platform.TestAutomationFramework.Core.Decorators.CommandDecorator.Execute(TestRunContext context) in C:\Users\VMQApractice\Desktop\v4Dev_Updated\v4Dev_Updated\VMTestAutomation\Src\Framework.Core\Decorators\CommandDecorator.cs:line 22
   at VM.Platform.TestAutomationFramework.Core.Decorators.IgnorePagesDecorator.Execute(TestRunContext context) in C:\Users\VMQApractice\Desktop\v4Dev_Updated\v4Dev_Updated\VMTestAutomation\Src\Framework.Core\Decorators\IgnorePagesDecorator.cs:line 24
   at VM.Platform.TestAutomationFramework.Core.TestCommandRunner.Execute(TestRunContext testRunContext) in C:\Users\VMQApractice\Desktop\v4Dev_Updated\v4Dev_Updated\VMTestAutomation\Src\Framework.Core\TestCommandRunner.cs:line 75
   at VM.Platform.TestAutomationFramework.Core.SingleTestCaseRunner.ExecuteSingleTestCase(Int32 testCaseId, String targetEnvironment, String repositiory, Int32 Retry) in C:\Users\VMQApractice\Desktop\v4Dev_Updated\v4Dev_Updated\VMTestAutomation\Src\Framework.Core\SingleTestCaseRunner.cs:line 167
----------------
2019-01-29 05:49:38,224 INFO  execution-log - Saving captured values to file.
----------------
2019-01-29 05:49:38,233 ERROR execution-log - TC # : 1,  has failed
----------------
