2019-02-07 01:35:50,490 INFO  execution-log - 	Initializing control map with map # MASTER
----------------
2019-02-07 01:35:50,506 INFO  execution-log - Initializing Test Automation
----------------
2019-02-07 01:35:50,511 INFO  execution-log - 	target browser: Chrome
----------------
2019-02-07 01:35:50,520 INFO  execution-log - TC # : 1, Downloading test case from DB
----------------
2019-02-07 01:35:50,536 INFO  execution-log - TC # : 1, Getting test data from DB
----------------
2019-02-07 01:35:50,536 INFO  execution-log - TC # : 1, Getting control map :MASTER from DB
----------------
2019-02-07 01:35:50,556 INFO  execution-log - TC # : 1, Test data retrieval completed
----------------
2019-02-07 01:35:50,567 INFO  execution-log - TC # : 1, Control map retrieval completed
----------------
2019-02-07 01:35:50,572 INFO  execution-log - TC # : 1, Parsing commands
----------------
2019-02-07 01:35:50,579 INFO  execution-log - Loading captured values from persistence.
----------------
2019-02-07 01:35:50,587 INFO  execution-log - TC # : 1, Started executing test case in the VMTESTAPP1 environment (http://vam-qa.cloudapp.net:6363/pages/login.html)
----------------
2019-02-07 01:35:50,655 INFO  execution-log -  Beginning StartIterationCommand ( Iterations : 1 )
----------------
2019-02-07 01:35:50,663 INFO  execution-log - TC # : 1, Starting iteration #1
----------------
2019-02-07 01:35:50,669 INFO  execution-log - 	 Command completed.
----------------
2019-02-07 01:35:50,675 INFO  execution-log -  Beginning InvokeApplicationCommand ( Target :  )
----------------
2019-02-07 01:35:51,550 INFO  execution-log - 	 Command completed.
----------------
2019-02-07 01:35:51,558 INFO  execution-log -  Beginning PageCommand ( CurrentPage : Login, FlowIdentifier : 1, DiIndicator : DI )
----------------
2019-02-07 01:35:51,563 INFO  execution-log - 	 Command completed.
----------------
2019-02-07 01:35:51,568 INFO  execution-log -  Beginning LoadTestDataItemCommand ( CurrentPage : Login, FlowIdentifier : 1, DiIndicator : DI )
----------------
2019-02-07 01:35:51,584 INFO  execution-log - [Sequence No - 1] Beginning ValidateExistStatusCommand ( LogicalFieldName : User Name, LogicalFieldValue : True )
----------------
2019-02-07 01:35:51,618 INFO  execution-log - [Sequence No - 1]	 Command completed.
----------------
2019-02-07 01:35:51,628 INFO  execution-log - [Sequence No - 2] Beginning ActionCommand ( LogicalFieldName : User Name, LogicalFieldValue : Click )
----------------
2019-02-07 01:35:51,780 INFO  execution-log - [Sequence No - 2]	 Command completed.
----------------
2019-02-07 01:35:51,795 INFO  execution-log - [Sequence No - 3] Beginning TestDataCommand ( LogicalFieldName : User Name, LogicalFieldValue : Jack )
----------------
2019-02-07 01:35:51,951 INFO  execution-log - [Sequence No - 3]	 Command completed.
----------------
2019-02-07 01:35:51,968 INFO  execution-log - [Sequence No - 4] Beginning ValidateExistStatusCommand ( LogicalFieldName : Password, LogicalFieldValue : True )
----------------
2019-02-07 01:35:52,001 INFO  execution-log - [Sequence No - 4]	 Command completed.
----------------
2019-02-07 01:35:52,014 INFO  execution-log - [Sequence No - 5] Beginning TestDataCommand ( LogicalFieldName : Password, LogicalFieldValue : Smit@123 )
----------------
2019-02-07 01:35:52,677 INFO  execution-log - [Sequence No - 5]	 Command completed.
----------------
2019-02-07 01:35:52,689 INFO  execution-log - [Sequence No - 6] Beginning ValidateEnableStatusCommand ( LogicalFieldName : Login_Button, LogicalFieldValue : True )
----------------
2019-02-07 01:35:52,739 INFO  execution-log - [Sequence No - 6]	 Command completed.
----------------
2019-02-07 01:35:52,749 INFO  execution-log - [Sequence No - 7] Beginning ActionCommand ( LogicalFieldName : Login_Button, LogicalFieldValue : Click )
----------------
2019-02-07 01:35:52,905 INFO  execution-log - [Sequence No - 7]	 Command completed.
----------------
2019-02-07 01:35:52,912 INFO  execution-log - 	 Command completed.
----------------
2019-02-07 01:35:52,920 INFO  execution-log -  Beginning PageCommand ( CurrentPage : Home, FlowIdentifier : 2, DiIndicator : DI )
----------------
2019-02-07 01:35:52,926 INFO  execution-log - 	 Command completed.
----------------
2019-02-07 01:35:52,931 INFO  execution-log -  Beginning LoadTestDataItemCommand ( CurrentPage : Home, FlowIdentifier : 2, DiIndicator : DI )
----------------
2019-02-07 01:35:52,941 INFO  execution-log - [Sequence No - 8] Beginning ValidateEnableStatusCommand ( LogicalFieldName : New Quote, LogicalFieldValue : True )
----------------
2019-02-07 01:35:54,635 INFO  execution-log - [Sequence No - 8]	 Command completed.
----------------
2019-02-07 01:35:54,664 INFO  execution-log - [Sequence No - 9] Beginning ActionCommand ( LogicalFieldName : New Quote, LogicalFieldValue : Click )
----------------
2019-02-07 01:35:55,593 INFO  execution-log - [Sequence No - 9]	 Command completed.
----------------
2019-02-07 01:35:55,603 INFO  execution-log - 	 Command completed.
----------------
2019-02-07 01:35:55,611 INFO  execution-log -  Beginning PageCommand ( CurrentPage : New Quote, FlowIdentifier : 3, DiIndicator : DI )
----------------
2019-02-07 01:35:55,627 INFO  execution-log - 	 Command completed.
----------------
2019-02-07 01:35:55,660 INFO  execution-log -  Beginning LoadTestDataItemCommand ( CurrentPage : New Quote, FlowIdentifier : 3, DiIndicator : DI )
----------------
2019-02-07 01:35:55,777 INFO  execution-log - [Sequence No - 10] Beginning ValidateExistStatusCommand ( LogicalFieldName : Account Name, LogicalFieldValue : True )
----------------
2019-02-07 01:35:55,824 INFO  execution-log - [Sequence No - 10]	 Command completed.
----------------
2019-02-07 01:35:55,843 INFO  execution-log - [Sequence No - 11] Beginning TestDataCommand ( LogicalFieldName : Account Name, LogicalFieldValue : RANDOMIZE(7,2) )
----------------
2019-02-07 01:35:57,445 INFO  execution-log - [Sequence No - 11]	 Command completed.
----------------
2019-02-07 01:35:57,455 INFO  execution-log - [Sequence No - 12] Beginning ValidateExistStatusCommand ( LogicalFieldName : First Name, LogicalFieldValue : True )
----------------
2019-02-07 01:35:57,511 INFO  execution-log - [Sequence No - 12]	 Command completed.
----------------
2019-02-07 01:35:57,528 INFO  execution-log - [Sequence No - 13] Beginning TestDataCommand ( LogicalFieldName : First Name, LogicalFieldValue : Jack )
----------------
2019-02-07 01:35:58,431 INFO  execution-log - [Sequence No - 13]	 Command completed.
----------------
2019-02-07 01:35:58,444 INFO  execution-log - [Sequence No - 14] Beginning ValidateEnableStatusCommand ( LogicalFieldName : Last Name, LogicalFieldValue : True )
----------------
2019-02-07 01:35:58,486 INFO  execution-log - [Sequence No - 14]	 Command completed.
----------------
2019-02-07 01:35:58,496 INFO  execution-log - [Sequence No - 15] Beginning TestDataCommand ( LogicalFieldName : Last Name, LogicalFieldValue : Smith )
----------------
2019-02-07 01:35:58,779 INFO  execution-log - [Sequence No - 15]	 Command completed.
----------------
2019-02-07 01:35:58,790 INFO  execution-log - [Sequence No - 16] Beginning ValidateExistStatusCommand ( LogicalFieldName : ContactNumber1, LogicalFieldValue : True )
----------------
2019-02-07 01:35:58,838 INFO  execution-log - [Sequence No - 16]	 Command completed.
----------------
2019-02-07 01:35:58,848 INFO  execution-log - [Sequence No - 17] Beginning TestDataCommand ( LogicalFieldName : ContactNumber1, LogicalFieldValue : 654 )
----------------
2019-02-07 01:35:59,025 INFO  execution-log - [Sequence No - 17]	 Command completed.
----------------
2019-02-07 01:35:59,035 INFO  execution-log - [Sequence No - 18] Beginning TestDataCommand ( LogicalFieldName : ContactNumber2, LogicalFieldValue : 321 )
----------------
2019-02-07 01:35:59,234 INFO  execution-log - [Sequence No - 18]	 Command completed.
----------------
2019-02-07 01:35:59,246 INFO  execution-log - [Sequence No - 19] Beginning TestDataCommand ( LogicalFieldName : ContactNumber3, LogicalFieldValue : 6541 )
----------------
2019-02-07 01:35:59,434 INFO  execution-log - [Sequence No - 19]	 Command completed.
----------------
2019-02-07 01:35:59,450 INFO  execution-log - [Sequence No - 20] Beginning ValidateExistStatusCommand ( LogicalFieldName : Primary Email, LogicalFieldValue : True )
----------------
2019-02-07 01:35:59,476 INFO  execution-log - [Sequence No - 20]	 Command completed.
----------------
2019-02-07 01:35:59,486 INFO  execution-log - [Sequence No - 21] Beginning TestDataCommand ( LogicalFieldName : Primary Email, LogicalFieldValue : jack.smith@gmail.com )
----------------
2019-02-07 01:35:59,953 INFO  execution-log - [Sequence No - 21]	 Command completed.
----------------
2019-02-07 01:35:59,964 INFO  execution-log - [Sequence No - 22] Beginning ValidateExistStatusCommand ( LogicalFieldName : Business Started Year, LogicalFieldValue : True )
----------------
2019-02-07 01:36:00,042 INFO  execution-log - [Sequence No - 22]	 Command completed.
----------------
2019-02-07 01:36:00,054 INFO  execution-log - [Sequence No - 23] Beginning TestDataCommand ( LogicalFieldName : Business Started Year, LogicalFieldValue : 2012 )
----------------
2019-02-07 01:36:00,426 INFO  execution-log - [Sequence No - 23]	 Command completed.
----------------
2019-02-07 01:36:00,439 INFO  execution-log - [Sequence No - 24] Beginning ValidateExistStatusCommand ( LogicalFieldName : Select Product, LogicalFieldValue : True )
----------------
2019-02-07 01:36:00,585 INFO  execution-log - [Sequence No - 24]	 Command completed.
----------------
2019-02-07 01:36:00,595 INFO  execution-log - [Sequence No - 25] Beginning ActionCommand ( LogicalFieldName : Select Product, LogicalFieldValue : Click )
----------------
2019-02-07 01:36:01,281 INFO  execution-log - [Sequence No - 25]	 Command completed.
----------------
2019-02-07 01:36:01,301 INFO  execution-log - [Sequence No - 26] Beginning ActionCommand ( LogicalFieldName : Select Product1, LogicalFieldValue : Click )
----------------
2019-02-07 01:36:01,545 INFO  execution-log - [Sequence No - 26]	 Command completed.
----------------
2019-02-07 01:36:01,555 INFO  execution-log - [Sequence No - 27] Beginning ValidateExistStatusCommand ( LogicalFieldName : Contact Name, LogicalFieldValue : True )
----------------
2019-02-07 01:36:01,616 INFO  execution-log - [Sequence No - 27]	 Command completed.
----------------
2019-02-07 01:36:01,628 INFO  execution-log - [Sequence No - 28] Beginning ActionCommand ( LogicalFieldName : Contact Name, LogicalFieldValue : Click )
----------------
2019-02-07 01:36:01,906 INFO  execution-log - [Sequence No - 28]	 Command completed.
----------------
2019-02-07 01:36:01,918 INFO  execution-log - [Sequence No - 29] Beginning ActionCommand ( LogicalFieldName : Contact Name Initial Select, LogicalFieldValue : Click )
----------------
2019-02-07 01:36:02,158 INFO  execution-log - [Sequence No - 29]	 Command completed.
----------------
2019-02-07 01:36:02,169 INFO  execution-log - [Sequence No - 30] Beginning ValidateExistStatusCommand ( LogicalFieldName : Industry, LogicalFieldValue : True )
----------------
2019-02-07 01:36:02,224 INFO  execution-log - [Sequence No - 30]	 Command completed.
----------------
2019-02-07 01:36:02,235 INFO  execution-log - [Sequence No - 31] Beginning ActionCommand ( LogicalFieldName : Industry, LogicalFieldValue : Click )
----------------
2019-02-07 01:36:02,562 INFO  execution-log - [Sequence No - 31]	 Command completed.
----------------
2019-02-07 01:36:02,572 INFO  execution-log - [Sequence No - 32] Beginning ActionCommand ( LogicalFieldName : Industry1, LogicalFieldValue : Click )
----------------
2019-02-07 01:36:02,981 INFO  execution-log - [Sequence No - 32]	 Command completed.
----------------
2019-02-07 01:36:02,998 INFO  execution-log - [Sequence No - 33] Beginning ValidateExistStatusCommand ( LogicalFieldName : Zip Code, LogicalFieldValue : True )
----------------
2019-02-07 01:36:03,051 INFO  execution-log - [Sequence No - 33]	 Command completed.
----------------
2019-02-07 01:36:03,064 INFO  execution-log - [Sequence No - 34] Beginning TestDataCommand ( LogicalFieldName : Zip Code, LogicalFieldValue : 53704 )
----------------
2019-02-07 01:36:03,653 INFO  execution-log - [Sequence No - 34]	 Command completed.
----------------
2019-02-07 01:36:03,665 INFO  execution-log - [Sequence No - 35] Beginning ActionCommand ( LogicalFieldName : zipcode click, LogicalFieldValue : Click )
----------------
2019-02-07 01:36:04,212 INFO  execution-log - [Sequence No - 35]	 Command completed.
----------------
2019-02-07 01:36:04,222 INFO  execution-log - [Sequence No - 36] Beginning ValidateExistStatusCommand ( LogicalFieldName : Street Address, LogicalFieldValue : True )
----------------
2019-02-07 01:36:04,264 INFO  execution-log - [Sequence No - 36]	 Command completed.
----------------
2019-02-07 01:36:04,275 INFO  execution-log - [Sequence No - 37] Beginning TestDataCommand ( LogicalFieldName : Street Address, LogicalFieldValue : 123 BLUEJAY LN )
----------------
2019-02-07 01:36:04,624 INFO  execution-log - [Sequence No - 37]	 Command completed.
----------------
2019-02-07 01:36:04,637 INFO  execution-log - [Sequence No - 38] Beginning ValidateExistStatusCommand ( LogicalFieldName : Same as Physical Address, LogicalFieldValue : True )
----------------
2019-02-07 01:36:04,688 INFO  execution-log - [Sequence No - 38]	 Command completed.
----------------
2019-02-07 01:36:04,699 INFO  execution-log - [Sequence No - 39] Beginning ActionCommand ( LogicalFieldName : Same as Physical Address, LogicalFieldValue : Click )
----------------
2019-02-07 01:36:04,942 INFO  execution-log - [Sequence No - 39]	 Command completed.
----------------
2019-02-07 01:36:04,958 INFO  execution-log - [Sequence No - 40] Beginning ValidateEnableStatusCommand ( LogicalFieldName : Proceed, LogicalFieldValue : True )
----------------
2019-02-07 01:36:05,003 INFO  execution-log - [Sequence No - 40]	 Command completed.
----------------
2019-02-07 01:36:05,013 INFO  execution-log - [Sequence No - 41] Beginning ActionCommand ( LogicalFieldName : Proceed, LogicalFieldValue : Click )
----------------
2019-02-07 01:36:05,192 INFO  execution-log - [Sequence No - 41]	 Command completed.
----------------
2019-02-07 01:36:05,222 INFO  execution-log - 	 Command completed.
----------------
2019-02-07 01:36:05,228 INFO  execution-log -  Beginning PageCommand ( CurrentPage : Insured Info, FlowIdentifier : 4, DiIndicator : DI )
----------------
2019-02-07 01:36:05,234 INFO  execution-log - 	 Command completed.
----------------
2019-02-07 01:36:05,239 INFO  execution-log -  Beginning LoadTestDataItemCommand ( CurrentPage : Insured Info, FlowIdentifier : 4, DiIndicator : DI )
----------------
2019-02-07 01:36:05,283 INFO  execution-log - [Sequence No - 42] Beginning ValidateEnableStatusCommand ( LogicalFieldName : InsuredName, LogicalFieldValue : True )
----------------
2019-02-07 01:36:07,653 INFO  execution-log - [Sequence No - 42]	 Command completed.
----------------
2019-02-07 01:36:07,664 INFO  execution-log - [Sequence No - 43] Beginning TestDataCommand ( LogicalFieldName : InsuredName, LogicalFieldValue : Smith )
----------------
2019-02-07 01:36:07,837 INFO  execution-log - [Sequence No - 43]	 Command completed.
----------------
2019-02-07 01:36:07,847 INFO  execution-log - [Sequence No - 44] Beginning ValidateEnableStatusCommand ( LogicalFieldName : Primary State Click, LogicalFieldValue : True )
----------------
2019-02-07 01:36:07,893 INFO  execution-log - [Sequence No - 44]	 Command completed.
----------------
2019-02-07 01:36:07,907 INFO  execution-log - [Sequence No - 45] Beginning ActionCommand ( LogicalFieldName : Primary State Click, LogicalFieldValue : Click )
----------------
2019-02-07 01:36:08,130 INFO  execution-log - [Sequence No - 45]	 Command completed.
----------------
2019-02-07 01:36:08,147 INFO  execution-log - [Sequence No - 46] Beginning ActionCommand ( LogicalFieldName : PrimayState Select, LogicalFieldValue : Click )
----------------
2019-02-07 01:36:09,350 INFO  execution-log - [Sequence No - 46]	 Command completed.
----------------
2019-02-07 01:36:09,363 INFO  execution-log - [Sequence No - 47] Beginning ValidateExistStatusCommand ( LogicalFieldName : Street Address, LogicalFieldValue : True )
----------------
2019-02-07 01:36:09,447 INFO  execution-log - [Sequence No - 47]	 Command completed.
----------------
2019-02-07 01:36:09,464 INFO  execution-log - [Sequence No - 48] Beginning TestDataCommand ( LogicalFieldName : Street Address, LogicalFieldValue : 123 new street )
----------------
2019-02-07 01:36:09,963 INFO  execution-log - [Sequence No - 48]	 Command completed.
----------------
2019-02-07 01:36:09,976 INFO  execution-log - [Sequence No - 49] Beginning ValidateExistStatusCommand ( LogicalFieldName : Zip Code, LogicalFieldValue : True )
----------------
2019-02-07 01:36:10,004 INFO  execution-log - [Sequence No - 49]	 Command completed.
----------------
2019-02-07 01:36:10,015 INFO  execution-log - [Sequence No - 50] Beginning TestDataCommand ( LogicalFieldName : Zip Code, LogicalFieldValue : 53704 )
----------------
2019-02-07 01:36:10,229 INFO  execution-log - [Sequence No - 50]	 Command completed.
----------------
2019-02-07 01:36:10,241 INFO  execution-log - [Sequence No - 51] Beginning ValidateExistStatusCommand ( LogicalFieldName : Same as Physical Address, LogicalFieldValue : True )
----------------
2019-02-07 01:36:10,295 INFO  execution-log - [Sequence No - 51]	 Command completed.
----------------
2019-02-07 01:36:10,305 INFO  execution-log - [Sequence No - 52] Beginning ActionCommand ( LogicalFieldName : Same as Physical Address, LogicalFieldValue : Click )
----------------
2019-02-07 01:36:10,602 INFO  execution-log - [Sequence No - 52]	 Command completed.
----------------
2019-02-07 01:36:10,615 INFO  execution-log - [Sequence No - 53] Beginning ValidateExistStatusCommand ( LogicalFieldName : SIC Code, LogicalFieldValue : True )
----------------
2019-02-07 01:36:10,656 INFO  execution-log - [Sequence No - 53]	 Command completed.
----------------
2019-02-07 01:36:10,666 INFO  execution-log - [Sequence No - 54] Beginning TestDataCommand ( LogicalFieldName : SIC Code, LogicalFieldValue : 41510000-School buses )
----------------
2019-02-07 01:36:11,088 INFO  execution-log - [Sequence No - 54]	 Command completed.
----------------
2019-02-07 01:36:11,099 INFO  execution-log - [Sequence No - 55] Beginning ValidateExistStatusCommand ( LogicalFieldName : BusinessInceptionYear, LogicalFieldValue : True )
----------------
2019-02-07 01:36:11,123 INFO  execution-log - [Sequence No - 55]	 Command completed.
----------------
2019-02-07 01:36:11,136 INFO  execution-log - [Sequence No - 56] Beginning TestDataCommand ( LogicalFieldName : BusinessInceptionYear, LogicalFieldValue : 2012 )
----------------
2019-02-07 01:36:11,364 INFO  execution-log - [Sequence No - 56]	 Command completed.
----------------
2019-02-07 01:36:11,377 INFO  execution-log - [Sequence No - 57] Beginning ValidateExistStatusCommand ( LogicalFieldName : BusinessPhone, LogicalFieldValue : True )
----------------
2019-02-07 01:36:11,413 INFO  execution-log - [Sequence No - 57]	 Command completed.
----------------
2019-02-07 01:36:11,428 INFO  execution-log - [Sequence No - 58] Beginning TestDataCommand ( LogicalFieldName : BusinessPhone, LogicalFieldValue : 6549879879 )
----------------
2019-02-07 01:36:12,846 INFO  execution-log - [Sequence No - 58]	 Command completed.
----------------
2019-02-07 01:36:12,865 INFO  execution-log - [Sequence No - 59] Beginning ValidateEnableStatusCommand ( LogicalFieldName : Next, LogicalFieldValue : True )
----------------
2019-02-07 01:36:12,970 INFO  execution-log - [Sequence No - 59]	 Command completed.
----------------
2019-02-07 01:36:12,981 INFO  execution-log - [Sequence No - 60] Beginning ActionCommand ( LogicalFieldName : Next, LogicalFieldValue : Click )
----------------
2019-02-07 01:36:13,137 INFO  execution-log - [Sequence No - 60]	 Command completed.
----------------
2019-02-07 01:36:13,143 INFO  execution-log - 	 Command completed.
----------------
2019-02-07 01:36:13,150 INFO  execution-log -  Beginning PageCommand ( CurrentPage : Policy Info, FlowIdentifier : 5, DiIndicator : DI )
----------------
2019-02-07 01:36:13,155 INFO  execution-log - 	 Command completed.
----------------
2019-02-07 01:36:13,170 INFO  execution-log -  Beginning LoadTestDataItemCommand ( CurrentPage : Policy Info, FlowIdentifier : 5, DiIndicator : DI )
----------------
2019-02-07 01:36:13,187 INFO  execution-log - [Sequence No - 61] Beginning ValidateEnableStatusCommand ( LogicalFieldName : Which State do u operate In?, LogicalFieldValue : True )
----------------
2019-02-07 01:36:13,901 INFO  execution-log - [Sequence No - 61]	 Command completed.
----------------
2019-02-07 01:36:13,922 INFO  execution-log - [Sequence No - 62] Beginning ActionCommand ( LogicalFieldName : Which State do u operate In?, LogicalFieldValue : Click )
----------------
2019-02-07 01:36:14,262 INFO  execution-log - [Sequence No - 62]	 Command completed.
----------------
2019-02-07 01:36:14,272 INFO  execution-log - [Sequence No - 63] Beginning ActionCommand ( LogicalFieldName : Which State do u operate In?1, LogicalFieldValue : Click )
----------------
2019-02-07 01:36:27,852 ERROR execution-log - TC # : 1, Timed out after 10 seconds
----------------
2019-02-07 01:36:36,402 ERROR execution-log - TC # : 1, Timed out after 10 seconds
----------------
2019-02-07 01:36:36,412 ERROR execution-log - TC # : 1, No more iterations to run. Test execution will abort.
----------------
2019-02-07 01:36:36,418 ERROR execution-log - TC # : 1, Framework failed to run the test due to a test configuration error.
	VM.Platform.TestAutomationFramework.Core.Exceptions.WorkflowFailedException: Timed out after 10 seconds ---> OpenQA.Selenium.WebDriverTimeoutException: Timed out after 10 seconds ---> OpenQA.Selenium.NoSuchElementException: no such element: Unable to locate element: {"method":"xpath","selector":"/html/body/div[14]/div/ul/li[1]/input"}
  (Session info: chrome=71.0.3578.98)
  (Driver info: chromedriver=2.45.615291 (ec3682e3c9061c10f26ea9e5cdcf3c53f3f74387),platform=Windows NT 10.0.16299 x86_64)
   at OpenQA.Selenium.Remote.RemoteWebDriver.UnpackAndThrowOnError(Response errorResponse)
   at OpenQA.Selenium.Remote.RemoteWebDriver.Execute(String driverCommandToExecute, Dictionary`2 parameters)
   at OpenQA.Selenium.Remote.RemoteWebDriver.FindElement(String mechanism, String value)
   at OpenQA.Selenium.Remote.RemoteWebDriver.FindElementByXPath(String xpath)
   at OpenQA.Selenium.By.<>c__DisplayClass19_0.<XPath>b__0(ISearchContext context)
   at OpenQA.Selenium.By.FindElement(ISearchContext context)
   at OpenQA.Selenium.Remote.RemoteWebDriver.FindElement(By by)
   at OpenQA.Selenium.Support.UI.ExpectedConditions.<>c__DisplayClass19_0.<ElementToBeClickable>b__0(IWebDriver driver)
   at OpenQA.Selenium.Support.UI.DefaultWait`1.Until[TResult](Func`2 condition)
   --- End of inner exception stack trace ---
   at OpenQA.Selenium.Support.UI.DefaultWait`1.ThrowTimeoutException(String exceptionMessage, Exception lastException)
   at OpenQA.Selenium.Support.UI.DefaultWait`1.Until[TResult](Func`2 condition)
   at VM.Platform.TestAutomationFramework.Adapters.Selenium.SeleniumAdapter.WaitForElementToBeClickable(ControlDefinition ctrlDefinition) in C:\Users\VMQApractice\Desktop\v4Dev_Updated\v4Dev_Updated\VMTestAutomation\Src\Framework.Adapters.Selenium\SeleniumAdapter.cs:line 713
   at VM.Platform.TestAutomationFramework.UIAutomation.Commands.Interactions.ActionCommand.Execute(TestRunContext context) in C:\Users\VMQApractice\Desktop\v4Dev_Updated\v4Dev_Updated\VMTestAutomation\Src\Framework.UIAutomation\Commands\Interactions\ActionCommand.cs:line 30
   --- End of inner exception stack trace ---
   at VM.Platform.TestAutomationFramework.UIAutomation.Commands.Interactions.ActionCommand.Execute(TestRunContext context) in C:\Users\VMQApractice\Desktop\v4Dev_Updated\v4Dev_Updated\VMTestAutomation\Src\Framework.UIAutomation\Commands\Interactions\ActionCommand.cs:line 42
   at VM.Platform.TestAutomationFramework.Core.Decorators.CommandDecorator.Execute(TestRunContext context) in C:\Users\VMQApractice\Desktop\v4Dev_Updated\v4Dev_Updated\VMTestAutomation\Src\Framework.Core\Decorators\CommandDecorator.cs:line 22
   at VM.Platform.TestAutomationFramework.Core.Decorators.CommandLogger.Execute(TestRunContext context) in C:\Users\VMQApractice\Desktop\v4Dev_Updated\v4Dev_Updated\VMTestAutomation\Src\Framework.Core\Decorators\CommandLogger.cs:line 93
   at VM.Platform.TestAutomationFramework.Core.Decorators.CommandDecorator.Execute(TestRunContext context) in C:\Users\VMQApractice\Desktop\v4Dev_Updated\v4Dev_Updated\VMTestAutomation\Src\Framework.Core\Decorators\CommandDecorator.cs:line 22
   at VM.Platform.TestAutomationFramework.Core.Decorators.CommandErrorHandler.Execute(TestRunContext context) in C:\Users\VMQApractice\Desktop\v4Dev_Updated\v4Dev_Updated\VMTestAutomation\Src\Framework.Core\Decorators\CommandErrorHandler.cs:line 65
   at VM.Platform.TestAutomationFramework.Core.Decorators.CommandDecorator.Execute(TestRunContext context) in C:\Users\VMQApractice\Desktop\v4Dev_Updated\v4Dev_Updated\VMTestAutomation\Src\Framework.Core\Decorators\CommandDecorator.cs:line 22
   at VM.Platform.TestAutomationFramework.Core.Decorators.CommandTimer.Execute(TestRunContext context) in C:\Users\VMQApractice\Desktop\v4Dev_Updated\v4Dev_Updated\VMTestAutomation\Src\Framework.Core\Decorators\CommandTimer.cs:line 26
   at VM.Platform.TestAutomationFramework.Core.Decorators.CommandDecorator.Execute(TestRunContext context) in C:\Users\VMQApractice\Desktop\v4Dev_Updated\v4Dev_Updated\VMTestAutomation\Src\Framework.Core\Decorators\CommandDecorator.cs:line 22
   at VM.Platform.TestAutomationFramework.Core.Decorators.IgnorePagesDecorator.Execute(TestRunContext context) in C:\Users\VMQApractice\Desktop\v4Dev_Updated\v4Dev_Updated\VMTestAutomation\Src\Framework.Core\Decorators\IgnorePagesDecorator.cs:line 24
   at VM.Platform.TestAutomationFramework.UIAutomation.Commands.Workflow.LoadTestDataItemCommand.Execute(TestRunContext context) in C:\Users\VMQApractice\Desktop\v4Dev_Updated\v4Dev_Updated\VMTestAutomation\Src\Framework.UIAutomation\Commands\Workflow\LoadTestDataItemCommand.cs:line 96
   at VM.Platform.TestAutomationFramework.Core.Decorators.CommandDecorator.Execute(TestRunContext context) in C:\Users\VMQApractice\Desktop\v4Dev_Updated\v4Dev_Updated\VMTestAutomation\Src\Framework.Core\Decorators\CommandDecorator.cs:line 22
   at VM.Platform.TestAutomationFramework.Core.Decorators.CommandLogger.Execute(TestRunContext context) in C:\Users\VMQApractice\Desktop\v4Dev_Updated\v4Dev_Updated\VMTestAutomation\Src\Framework.Core\Decorators\CommandLogger.cs:line 93
   at VM.Platform.TestAutomationFramework.Core.Decorators.CommandDecorator.Execute(TestRunContext context) in C:\Users\VMQApractice\Desktop\v4Dev_Updated\v4Dev_Updated\VMTestAutomation\Src\Framework.Core\Decorators\CommandDecorator.cs:line 22
   at VM.Platform.TestAutomationFramework.Core.Decorators.CommandErrorHandler.Execute(TestRunContext context) in C:\Users\VMQApractice\Desktop\v4Dev_Updated\v4Dev_Updated\VMTestAutomation\Src\Framework.Core\Decorators\CommandErrorHandler.cs:line 65
   at VM.Platform.TestAutomationFramework.Core.Decorators.CommandDecorator.Execute(TestRunContext context) in C:\Users\VMQApractice\Desktop\v4Dev_Updated\v4Dev_Updated\VMTestAutomation\Src\Framework.Core\Decorators\CommandDecorator.cs:line 22
   at VM.Platform.TestAutomationFramework.Core.Decorators.CommandTimer.Execute(TestRunContext context) in C:\Users\VMQApractice\Desktop\v4Dev_Updated\v4Dev_Updated\VMTestAutomation\Src\Framework.Core\Decorators\CommandTimer.cs:line 26
   at VM.Platform.TestAutomationFramework.Core.Decorators.CommandDecorator.Execute(TestRunContext context) in C:\Users\VMQApractice\Desktop\v4Dev_Updated\v4Dev_Updated\VMTestAutomation\Src\Framework.Core\Decorators\CommandDecorator.cs:line 22
   at VM.Platform.TestAutomationFramework.Core.Decorators.IgnorePagesDecorator.Execute(TestRunContext context) in C:\Users\VMQApractice\Desktop\v4Dev_Updated\v4Dev_Updated\VMTestAutomation\Src\Framework.Core\Decorators\IgnorePagesDecorator.cs:line 24
   at VM.Platform.TestAutomationFramework.Core.TestCommandRunner.Execute(TestRunContext testRunContext) in C:\Users\VMQApractice\Desktop\v4Dev_Updated\v4Dev_Updated\VMTestAutomation\Src\Framework.Core\TestCommandRunner.cs:line 75
   at VM.Platform.TestAutomationFramework.Core.SingleTestCaseRunner.ExecuteSingleTestCase(Int32 testCaseId, String targetEnvironment, String repositiory, Int32 Retry) in C:\Users\VMQApractice\Desktop\v4Dev_Updated\v4Dev_Updated\VMTestAutomation\Src\Framework.Core\SingleTestCaseRunner.cs:line 167
----------------
2019-02-07 01:36:36,445 INFO  execution-log - Saving captured values to file.
----------------
2019-02-07 01:36:36,454 ERROR execution-log - TC # : 1,  has failed
----------------
