2018-11-08 20:08:23,948 INFO  execution-log - 	Initializing control map with map # Master
----------------
2018-11-08 20:08:23,958 INFO  execution-log - Initializing Test Automation
----------------
2018-11-08 20:08:23,960 INFO  execution-log - 	target browser: Chrome
----------------
2018-11-08 20:08:23,964 INFO  execution-log - TC # : 2, Downloading test case from DB
----------------
2018-11-08 20:08:23,980 INFO  execution-log - TC # : 2, Getting test data from DB
----------------
2018-11-08 20:08:23,981 INFO  execution-log - TC # : 2, Getting control map :Master from DB
----------------
2018-11-08 20:08:23,994 INFO  execution-log - TC # : 2, Control map retrieval completed
----------------
2018-11-08 20:08:24,007 INFO  execution-log - TC # : 2, Test data retrieval completed
----------------
2018-11-08 20:08:24,008 INFO  execution-log - TC # : 2, Parsing commands
----------------
2018-11-08 20:08:24,011 INFO  execution-log - Loading captured values from persistence.
----------------
2018-11-08 20:08:24,021 INFO  execution-log - TC # : 2, Started executing test case in the HISCOX environment (http://hiscpvt.cloud.hiscox.com/oneshield/index.jsp#gateway)
----------------
2018-11-08 20:08:24,086 INFO  execution-log -  Beginning StartIterationCommand ( Iterations : 1 )
----------------
2018-11-08 20:08:24,090 INFO  execution-log - TC # : 2, Starting iteration #1
----------------
2018-11-08 20:08:24,092 INFO  execution-log - 	 Command completed.
----------------
2018-11-08 20:08:24,094 INFO  execution-log -  Beginning InvokeApplicationCommand ( Target :  )
----------------
2018-11-08 20:08:24,616 INFO  execution-log - 	 Command completed.
----------------
2018-11-08 20:08:24,618 INFO  execution-log -  Beginning PageCommand ( CurrentPage : Login, FlowIdentifier : 1, DiIndicator : DI )
----------------
2018-11-08 20:08:24,619 INFO  execution-log - 	 Command completed.
----------------
2018-11-08 20:08:24,621 INFO  execution-log -  Beginning LoadTestDataItemCommand ( CurrentPage : Login, FlowIdentifier : 1, DiIndicator : DI )
----------------
2018-11-08 20:08:24,647 INFO  execution-log - [Sequence No - 1] Beginning TestDataCommand ( LogicalFieldName : Partner Number, LogicalFieldValue : 0 )
----------------
2018-11-08 20:08:26,825 INFO  execution-log - [Sequence No - 1]	 Command completed.
----------------
2018-11-08 20:08:26,830 INFO  execution-log - [Sequence No - 2] Beginning TestDataCommand ( LogicalFieldName : Username, LogicalFieldValue : karthicuw )
----------------
2018-11-08 20:08:28,139 INFO  execution-log - [Sequence No - 2]	 Command completed.
----------------
2018-11-08 20:08:28,145 INFO  execution-log - [Sequence No - 3] Beginning TestDataCommand ( LogicalFieldName : Password, LogicalFieldValue : Monday!23 )
----------------
2018-11-08 20:08:28,346 INFO  execution-log - [Sequence No - 3]	 Command completed.
----------------
2018-11-08 20:08:28,351 INFO  execution-log - [Sequence No - 4] Beginning TestDataCommand ( LogicalFieldName : Partner Number, LogicalFieldValue : 0 )
----------------
2018-11-08 20:08:28,447 INFO  execution-log - [Sequence No - 4]	 Command completed.
----------------
2018-11-08 20:08:28,451 INFO  execution-log - [Sequence No - 5] Beginning ActionCommand ( LogicalFieldName : Login Page, LogicalFieldValue : Click )
----------------
2018-11-08 20:08:28,606 INFO  execution-log - [Sequence No - 5]	 Command completed.
----------------
2018-11-08 20:08:28,610 INFO  execution-log - [Sequence No - 6] Beginning ActionCommand ( LogicalFieldName : Login Button, LogicalFieldValue : Click )
----------------
2018-11-08 20:08:28,767 INFO  execution-log - [Sequence No - 6]	 Command completed.
----------------
2018-11-08 20:08:28,772 INFO  execution-log - [Sequence No - 7] Beginning TestDataCommand ( LogicalFieldName : Partner Number, LogicalFieldValue : 0 )
----------------
2018-11-08 20:08:28,879 INFO  execution-log - [Sequence No - 7]	 Command completed.
----------------
2018-11-08 20:08:28,880 INFO  execution-log - 	 Command completed.
----------------
2018-11-08 20:08:28,881 INFO  execution-log -  Beginning PageCommand ( CurrentPage : Quotes, FlowIdentifier : 1, DiIndicator : DI )
----------------
2018-11-08 20:08:28,882 INFO  execution-log - 	 Command completed.
----------------
2018-11-08 20:08:28,883 INFO  execution-log -  Beginning LoadTestDataItemCommand ( CurrentPage : Quotes, FlowIdentifier : 1, DiIndicator : DI )
----------------
2018-11-08 20:08:28,890 INFO  execution-log - [Sequence No - 8] Beginning WaitForControlCommand ( LogicalFieldName : Quotes_Link, LogicalFieldValue : True )
----------------
2018-11-08 20:08:29,699 INFO  execution-log - [Sequence No - 8]	 Command completed.
----------------
2018-11-08 20:08:29,704 INFO  execution-log - [Sequence No - 9] Beginning ActionCommand ( LogicalFieldName : Quotes_Link, LogicalFieldValue : Click )
----------------
2018-11-08 20:08:29,945 INFO  execution-log - [Sequence No - 9]	 Command completed.
----------------
2018-11-08 20:08:29,951 INFO  execution-log - [Sequence No - 10] Beginning WaitForControlCommand ( LogicalFieldName : New quote, LogicalFieldValue : True )
----------------
2018-11-08 20:08:31,785 INFO  execution-log - [Sequence No - 10]	 Command completed.
----------------
2018-11-08 20:08:31,789 INFO  execution-log - [Sequence No - 11] Beginning ActionCommand ( LogicalFieldName : New quote, LogicalFieldValue : Click )
----------------
2018-11-08 20:08:31,915 INFO  execution-log - [Sequence No - 11]	 Command completed.
----------------
2018-11-08 20:08:31,919 INFO  execution-log - [Sequence No - 12] Beginning ActionCommand ( LogicalFieldName : Select Producing Agency, LogicalFieldValue : Click-Wait(500) )
----------------
2018-11-08 20:08:33,346 INFO  execution-log - [Sequence No - 12]	 Command completed.
----------------
2018-11-08 20:08:33,351 INFO  execution-log - [Sequence No - 13] Beginning ActionCommand ( LogicalFieldName : Select Agency, LogicalFieldValue : Click )
----------------
2018-11-08 20:08:33,494 INFO  execution-log - [Sequence No - 13]	 Command completed.
----------------
2018-11-08 20:08:33,498 INFO  execution-log - [Sequence No - 14] Beginning WaitForControlCommand ( LogicalFieldName : Producer, LogicalFieldValue : True )
----------------
2018-11-08 20:08:35,075 INFO  execution-log - [Sequence No - 14]	 Command completed.
----------------
2018-11-08 20:08:35,079 INFO  execution-log - [Sequence No - 15] Beginning ActionCommand ( LogicalFieldName : Producer, LogicalFieldValue : Click-Wait(500) )
----------------
2018-11-08 20:08:36,207 INFO  execution-log - [Sequence No - 15]	 Command completed.
----------------
2018-11-08 20:08:36,211 INFO  execution-log - [Sequence No - 16] Beginning TestDataCommand ( LogicalFieldName : Producer, LogicalFieldValue : Agency  Producer )
----------------
2018-11-08 20:08:36,852 INFO  execution-log - [Sequence No - 16]	 Command completed.
----------------
2018-11-08 20:08:36,857 INFO  execution-log - [Sequence No - 17] Beginning TestDataCommand ( LogicalFieldName : First Name, LogicalFieldValue : HISCOX )
----------------
2018-11-08 20:08:37,118 INFO  execution-log - [Sequence No - 17]	 Command completed.
----------------
2018-11-08 20:08:37,122 INFO  execution-log - [Sequence No - 18] Beginning TestDataCommand ( LogicalFieldName : Last Name, LogicalFieldValue : Demo )
----------------
2018-11-08 20:08:37,275 INFO  execution-log - [Sequence No - 18]	 Command completed.
----------------
2018-11-08 20:08:37,283 INFO  execution-log - [Sequence No - 19] Beginning TestDataCommand ( LogicalFieldName : City, LogicalFieldValue : Atlanta )
----------------
2018-11-08 20:08:37,471 INFO  execution-log - [Sequence No - 19]	 Command completed.
----------------
2018-11-08 20:08:37,475 INFO  execution-log - [Sequence No - 20] Beginning TestDataCommand ( LogicalFieldName : State, LogicalFieldValue : Georgia )
----------------
2018-11-08 20:08:37,807 INFO  execution-log - [Sequence No - 20]	 Command completed.
----------------
2018-11-08 20:08:37,812 INFO  execution-log - [Sequence No - 21] Beginning TestDataCommand ( LogicalFieldName : Zip, LogicalFieldValue : 30338 )
----------------
2018-11-08 20:08:37,979 INFO  execution-log - [Sequence No - 21]	 Command completed.
----------------
2018-11-08 20:08:37,983 INFO  execution-log - [Sequence No - 22] Beginning TestDataCommand ( LogicalFieldName : Address Line 1, LogicalFieldValue : 1 Main st )
----------------
2018-11-08 20:08:38,237 INFO  execution-log - [Sequence No - 22]	 Command completed.
----------------
2018-11-08 20:08:38,241 INFO  execution-log - [Sequence No - 23] Beginning TestDataCommand ( LogicalFieldName : Address Line 2, LogicalFieldValue : 1 )
----------------
2018-11-08 20:08:38,362 INFO  execution-log - [Sequence No - 23]	 Command completed.
----------------
2018-11-08 20:08:38,366 INFO  execution-log - [Sequence No - 24] Beginning ActionCommand ( LogicalFieldName : Product line (errors and omissions), LogicalFieldValue : Click )
----------------
2018-11-08 20:08:38,564 INFO  execution-log - [Sequence No - 24]	 Command completed.
----------------
2018-11-08 20:08:38,571 INFO  execution-log - [Sequence No - 25] Beginning ActionCommand ( LogicalFieldName : Customer search, LogicalFieldValue : Click )
----------------
2018-11-08 20:08:38,836 INFO  execution-log - [Sequence No - 25]	 Command completed.
----------------
2018-11-08 20:08:38,837 INFO  execution-log - 	 Command completed.
----------------
2018-11-08 20:08:38,844 INFO  execution-log -  Beginning PageCommand ( CurrentPage : QuoteDetails, FlowIdentifier : 1, DiIndicator : DI )
----------------
2018-11-08 20:08:38,846 INFO  execution-log - 	 Command completed.
----------------
2018-11-08 20:08:38,847 INFO  execution-log -  Beginning LoadTestDataItemCommand ( CurrentPage : QuoteDetails, FlowIdentifier : 1, DiIndicator : DI )
----------------
2018-11-08 20:08:38,853 INFO  execution-log - [Sequence No - 26] Beginning WaitForControlCommand ( LogicalFieldName : Retro-active Date, LogicalFieldValue : True )
----------------
2018-11-08 20:08:45,772 INFO  execution-log - [Sequence No - 26]	 Command completed.
----------------
2018-11-08 20:08:45,776 INFO  execution-log - [Sequence No - 27] Beginning TestDataCommand ( LogicalFieldName : Rating Company, LogicalFieldValue : FDLI Protection Insurance Company )
----------------
2018-11-08 20:08:47,381 INFO  execution-log - [Sequence No - 27]	 Command completed.
----------------
2018-11-08 20:08:47,386 INFO  execution-log - [Sequence No - 28] Beginning TestDataCommand ( LogicalFieldName : Retro-active Date, LogicalFieldValue : 09/11/2018 )
----------------
2018-11-08 20:08:47,531 INFO  execution-log - [Sequence No - 28]	 Command completed.
----------------
2018-11-08 20:08:47,536 INFO  execution-log - [Sequence No - 29] Beginning TestDataCommand ( LogicalFieldName : Professional Liability Gross Sales, LogicalFieldValue : 100000 )
----------------
2018-11-08 20:08:47,685 INFO  execution-log - [Sequence No - 29]	 Command completed.
----------------
2018-11-08 20:08:47,689 INFO  execution-log - [Sequence No - 30] Beginning ActionCommand ( LogicalFieldName : QuoteDetails Page, LogicalFieldValue : Click )
----------------
2018-11-08 20:08:47,796 INFO  execution-log - [Sequence No - 30]	 Command completed.
----------------
2018-11-08 20:08:47,801 INFO  execution-log - [Sequence No - 31] Beginning ActionCommand ( LogicalFieldName : Save Changes, LogicalFieldValue : Click )
----------------
2018-11-08 20:08:47,958 INFO  execution-log - [Sequence No - 31]	 Command completed.
----------------
2018-11-08 20:08:47,962 INFO  execution-log - [Sequence No - 32] Beginning WaitForControlCommand ( LogicalFieldName : Rate Quote, LogicalFieldValue : True )
----------------
2018-11-08 20:08:48,774 INFO  execution-log - [Sequence No - 32]	 Command completed.
----------------
2018-11-08 20:08:48,778 INFO  execution-log - [Sequence No - 33] Beginning ActionCommand ( LogicalFieldName : Rate Quote, LogicalFieldValue : Click-Wait(1000) )
----------------
2018-11-08 20:08:50,945 INFO  execution-log - [Sequence No - 33]	 Command completed.
----------------
2018-11-08 20:08:50,951 INFO  execution-log - [Sequence No - 34] Beginning WaitForControlCommand ( LogicalFieldName : Request Issue, LogicalFieldValue : True )
----------------
2018-11-08 20:08:57,501 INFO  execution-log - [Sequence No - 34]	 Command completed.
----------------
2018-11-08 20:08:57,505 INFO  execution-log - [Sequence No - 35] Beginning ActionCommand ( LogicalFieldName : Request Issue, LogicalFieldValue : Click-Wait(1000) )
----------------
2018-11-08 20:08:59,756 INFO  execution-log - [Sequence No - 35]	 Command completed.
----------------
2018-11-08 20:08:59,763 INFO  execution-log - [Sequence No - 36] Beginning WaitForControlCommand ( LogicalFieldName : Next, LogicalFieldValue : True )
----------------
2018-11-08 20:09:00,485 INFO  execution-log - [Sequence No - 36]	 Command completed.
----------------
2018-11-08 20:09:00,491 INFO  execution-log - [Sequence No - 37] Beginning ActionCommand ( LogicalFieldName : Next, LogicalFieldValue : Click )
----------------
2018-11-08 20:09:00,641 INFO  execution-log - [Sequence No - 37]	 Command completed.
----------------
2018-11-08 20:09:00,642 INFO  execution-log - 	 Command completed.
----------------
2018-11-08 20:09:00,643 INFO  execution-log -  Beginning PageCommand ( CurrentPage : Payment Profile, FlowIdentifier : 1, DiIndicator : DI )
----------------
2018-11-08 20:09:00,644 INFO  execution-log - 	 Command completed.
----------------
2018-11-08 20:09:00,644 INFO  execution-log -  Beginning LoadTestDataItemCommand ( CurrentPage : Payment Profile, FlowIdentifier : 1, DiIndicator : DI )
----------------
2018-11-08 20:09:00,656 INFO  execution-log - [Sequence No - 38] Beginning WaitForControlCommand ( LogicalFieldName : Check Payment, LogicalFieldValue : True )
----------------
2018-11-08 20:09:02,055 INFO  execution-log - [Sequence No - 38]	 Command completed.
----------------
2018-11-08 20:09:02,066 INFO  execution-log - [Sequence No - 39] Beginning ActionCommand ( LogicalFieldName : Check Payment, LogicalFieldValue : Click )
----------------
2018-11-08 20:09:02,343 INFO  execution-log - [Sequence No - 39]	 Command completed.
----------------
2018-11-08 20:09:02,352 INFO  execution-log - [Sequence No - 40] Beginning ActionCommand ( LogicalFieldName : Next, LogicalFieldValue : Click )
----------------
2018-11-08 20:09:20,154 ERROR execution-log - TC # : 2, Timed out after 10 seconds
----------------
2018-11-08 20:09:28,268 ERROR execution-log - TC # : 2, Timed out after 10 seconds
----------------
2018-11-08 20:09:28,290 ERROR execution-log - TC # : 2, No more iterations to run. Test execution will abort.
----------------
2018-11-08 20:09:28,309 ERROR execution-log - TC # : 2, Framework failed to run the test due to a test configuration error.
	VM.Platform.TestAutomationFramework.Core.Exceptions.WorkflowFailedException: Timed out after 10 seconds ---> OpenQA.Selenium.WebDriverTimeoutException: Timed out after 10 seconds ---> OpenQA.Selenium.NoSuchElementException: no such element: Unable to locate element: {"method":"xpath","selector":"//*[text()='>>> next ']"}
  (Session info: chrome=70.0.3538.77)
  (Driver info: chromedriver=2.40.565498 (ea082db3280dd6843ebfb08a625e3eb905c4f5ab),platform=Windows NT 10.0.14393 x86_64)
   at OpenQA.Selenium.Remote.RemoteWebDriver.UnpackAndThrowOnError(Response errorResponse)
   at OpenQA.Selenium.Remote.RemoteWebDriver.Execute(String driverCommandToExecute, Dictionary`2 parameters)
   at OpenQA.Selenium.Remote.RemoteWebDriver.FindElement(String mechanism, String value)
   at OpenQA.Selenium.Remote.RemoteWebDriver.FindElementByXPath(String xpath)
   at OpenQA.Selenium.By.<>c__DisplayClass19_0.<XPath>b__0(ISearchContext context)
   at OpenQA.Selenium.By.FindElement(ISearchContext context)
   at OpenQA.Selenium.Remote.RemoteWebDriver.FindElement(By by)
   at OpenQA.Selenium.Support.UI.ExpectedConditions.<>c__DisplayClass19_0.<ElementToBeClickable>b__0(IWebDriver driver)
   at OpenQA.Selenium.Support.UI.DefaultWait`1.Until[TResult](Func`2 condition)
   --- End of inner exception stack trace ---
   at OpenQA.Selenium.Support.UI.DefaultWait`1.ThrowTimeoutException(String exceptionMessage, Exception lastException)
   at OpenQA.Selenium.Support.UI.DefaultWait`1.Until[TResult](Func`2 condition)
   at VM.Platform.TestAutomationFramework.Adapters.Selenium.SeleniumAdapter.WaitForElementToBeClickable(ControlDefinition ctrlDefinition) in C:\Users\DasariW\Desktop\VM Framework\v4Dev_Updated\v4Dev_Updated\VMTestAutomation\Src\Framework.Adapters.Selenium\SeleniumAdapter.cs:line 713
   at VM.Platform.TestAutomationFramework.UIAutomation.Commands.Interactions.ActionCommand.Execute(TestRunContext context) in C:\Users\DasariW\Desktop\VM Framework\v4Dev_Updated\v4Dev_Updated\VMTestAutomation\Src\Framework.UIAutomation\Commands\Interactions\ActionCommand.cs:line 30
   --- End of inner exception stack trace ---
   at VM.Platform.TestAutomationFramework.UIAutomation.Commands.Interactions.ActionCommand.Execute(TestRunContext context) in C:\Users\DasariW\Desktop\VM Framework\v4Dev_Updated\v4Dev_Updated\VMTestAutomation\Src\Framework.UIAutomation\Commands\Interactions\ActionCommand.cs:line 42
   at VM.Platform.TestAutomationFramework.Core.Decorators.CommandDecorator.Execute(TestRunContext context) in C:\Users\DasariW\Desktop\VM Framework\v4Dev_Updated\v4Dev_Updated\VMTestAutomation\Src\Framework.Core\Decorators\CommandDecorator.cs:line 22
   at VM.Platform.TestAutomationFramework.Core.Decorators.CommandLogger.Execute(TestRunContext context) in C:\Users\DasariW\Desktop\VM Framework\v4Dev_Updated\v4Dev_Updated\VMTestAutomation\Src\Framework.Core\Decorators\CommandLogger.cs:line 93
   at VM.Platform.TestAutomationFramework.Core.Decorators.CommandDecorator.Execute(TestRunContext context) in C:\Users\DasariW\Desktop\VM Framework\v4Dev_Updated\v4Dev_Updated\VMTestAutomation\Src\Framework.Core\Decorators\CommandDecorator.cs:line 22
   at VM.Platform.TestAutomationFramework.Core.Decorators.CommandErrorHandler.Execute(TestRunContext context) in C:\Users\DasariW\Desktop\VM Framework\v4Dev_Updated\v4Dev_Updated\VMTestAutomation\Src\Framework.Core\Decorators\CommandErrorHandler.cs:line 65
   at VM.Platform.TestAutomationFramework.Core.Decorators.CommandDecorator.Execute(TestRunContext context) in C:\Users\DasariW\Desktop\VM Framework\v4Dev_Updated\v4Dev_Updated\VMTestAutomation\Src\Framework.Core\Decorators\CommandDecorator.cs:line 22
   at VM.Platform.TestAutomationFramework.Core.Decorators.CommandTimer.Execute(TestRunContext context) in C:\Users\DasariW\Desktop\VM Framework\v4Dev_Updated\v4Dev_Updated\VMTestAutomation\Src\Framework.Core\Decorators\CommandTimer.cs:line 26
   at VM.Platform.TestAutomationFramework.Core.Decorators.CommandDecorator.Execute(TestRunContext context) in C:\Users\DasariW\Desktop\VM Framework\v4Dev_Updated\v4Dev_Updated\VMTestAutomation\Src\Framework.Core\Decorators\CommandDecorator.cs:line 22
   at VM.Platform.TestAutomationFramework.Core.Decorators.IgnorePagesDecorator.Execute(TestRunContext context) in C:\Users\DasariW\Desktop\VM Framework\v4Dev_Updated\v4Dev_Updated\VMTestAutomation\Src\Framework.Core\Decorators\IgnorePagesDecorator.cs:line 24
   at VM.Platform.TestAutomationFramework.UIAutomation.Commands.Workflow.LoadTestDataItemCommand.Execute(TestRunContext context) in C:\Users\DasariW\Desktop\VM Framework\v4Dev_Updated\v4Dev_Updated\VMTestAutomation\Src\Framework.UIAutomation\Commands\Workflow\LoadTestDataItemCommand.cs:line 96
   at VM.Platform.TestAutomationFramework.Core.Decorators.CommandDecorator.Execute(TestRunContext context) in C:\Users\DasariW\Desktop\VM Framework\v4Dev_Updated\v4Dev_Updated\VMTestAutomation\Src\Framework.Core\Decorators\CommandDecorator.cs:line 22
   at VM.Platform.TestAutomationFramework.Core.Decorators.CommandLogger.Execute(TestRunContext context) in C:\Users\DasariW\Desktop\VM Framework\v4Dev_Updated\v4Dev_Updated\VMTestAutomation\Src\Framework.Core\Decorators\CommandLogger.cs:line 93
   at VM.Platform.TestAutomationFramework.Core.Decorators.CommandDecorator.Execute(TestRunContext context) in C:\Users\DasariW\Desktop\VM Framework\v4Dev_Updated\v4Dev_Updated\VMTestAutomation\Src\Framework.Core\Decorators\CommandDecorator.cs:line 22
   at VM.Platform.TestAutomationFramework.Core.Decorators.CommandErrorHandler.Execute(TestRunContext context) in C:\Users\DasariW\Desktop\VM Framework\v4Dev_Updated\v4Dev_Updated\VMTestAutomation\Src\Framework.Core\Decorators\CommandErrorHandler.cs:line 65
   at VM.Platform.TestAutomationFramework.Core.Decorators.CommandDecorator.Execute(TestRunContext context) in C:\Users\DasariW\Desktop\VM Framework\v4Dev_Updated\v4Dev_Updated\VMTestAutomation\Src\Framework.Core\Decorators\CommandDecorator.cs:line 22
   at VM.Platform.TestAutomationFramework.Core.Decorators.CommandTimer.Execute(TestRunContext context) in C:\Users\DasariW\Desktop\VM Framework\v4Dev_Updated\v4Dev_Updated\VMTestAutomation\Src\Framework.Core\Decorators\CommandTimer.cs:line 26
   at VM.Platform.TestAutomationFramework.Core.Decorators.CommandDecorator.Execute(TestRunContext context) in C:\Users\DasariW\Desktop\VM Framework\v4Dev_Updated\v4Dev_Updated\VMTestAutomation\Src\Framework.Core\Decorators\CommandDecorator.cs:line 22
   at VM.Platform.TestAutomationFramework.Core.Decorators.IgnorePagesDecorator.Execute(TestRunContext context) in C:\Users\DasariW\Desktop\VM Framework\v4Dev_Updated\v4Dev_Updated\VMTestAutomation\Src\Framework.Core\Decorators\IgnorePagesDecorator.cs:line 24
   at VM.Platform.TestAutomationFramework.Core.TestCommandRunner.Execute(TestRunContext testRunContext) in C:\Users\DasariW\Desktop\VM Framework\v4Dev_Updated\v4Dev_Updated\VMTestAutomation\Src\Framework.Core\TestCommandRunner.cs:line 75
   at VM.Platform.TestAutomationFramework.Core.SingleTestCaseRunner.ExecuteSingleTestCase(Int32 testCaseId, String targetEnvironment, String repositiory, Int32 Retry) in C:\Users\DasariW\Desktop\VM Framework\v4Dev_Updated\v4Dev_Updated\VMTestAutomation\Src\Framework.Core\SingleTestCaseRunner.cs:line 167
----------------
2018-11-08 20:09:29,728 INFO  execution-log - Saving captured values to file.
----------------
2018-11-08 20:09:29,730 ERROR execution-log - TC # : 2,  has failed
----------------
