2019-02-06 05:47:01,359 INFO  execution-log - 	Initializing control map with map # MASTER
----------------
2019-02-06 05:47:36,889 INFO  execution-log - Initializing Test Automation
----------------
2019-02-06 05:47:36,908 INFO  execution-log - Initializing Test Automation
----------------
2019-02-06 05:47:37,845 INFO  execution-log - 	target browser: Chrome
----------------
2019-02-06 05:47:38,439 INFO  execution-log - 	target browser: Chrome
----------------
2019-02-06 05:47:48,864 INFO  execution-log - TC # : 2, Downloading test case from DB
----------------
2019-02-06 05:47:50,149 INFO  execution-log - TC # : 1, Downloading test case from DB
----------------
2019-02-06 05:48:00,059 INFO  execution-log - TC # : 2, Getting test data from DB
----------------
2019-02-06 05:48:00,060 INFO  execution-log - TC # : 2, Getting control map :MASTER from DB
----------------
2019-02-06 05:48:01,150 INFO  execution-log - TC # : 1, Getting test data from DB
----------------
2019-02-06 05:48:01,170 INFO  execution-log - TC # : 2, Control map retrieval completed
----------------
2019-02-06 05:48:01,128 INFO  execution-log - TC # : 2, Test data retrieval completed
----------------
2019-02-06 05:48:01,188 INFO  execution-log - TC # : 1, Test data retrieval completed
----------------
2019-02-06 05:48:01,132 INFO  execution-log - TC # : 1, Getting control map :MASTER from DB
----------------
2019-02-06 05:48:02,806 INFO  execution-log - TC # : 2, Parsing commands
----------------
2019-02-06 05:48:49,755 INFO  execution-log - TC # : 1, Control map retrieval completed
----------------
2019-02-06 05:48:53,867 INFO  execution-log - TC # : 1, Parsing commands
----------------
2019-02-06 05:49:40,536 INFO  execution-log - Loading captured values from persistence.
----------------
2019-02-06 05:54:45,689 INFO  execution-log - Loading captured values from persistence.
----------------
2019-02-06 05:54:48,636 INFO  execution-log - TC # : 2, Started executing test case in the VMTESTAPP1 environment (http://vam-qa.cloudapp.net:6363/pages/login.html)
----------------
2019-02-06 05:54:55,335 INFO  execution-log -  Beginning StartIterationCommand ( Iterations : 1 )
----------------
2019-02-06 05:54:55,343 INFO  execution-log - TC # : 2, Starting iteration #1
----------------
2019-02-06 05:54:55,348 INFO  execution-log - 	 Command completed.
----------------
2019-02-06 05:54:55,356 INFO  execution-log -  Beginning InvokeApplicationCommand ( Target :  )
----------------
2019-02-06 05:54:55,360 INFO  execution-log - TC # : 1, Started executing test case in the VMTESTAPP1 environment (http://vam-qa.cloudapp.net:6363/pages/login.html)
----------------
2019-02-06 05:54:57,640 INFO  execution-log -  Beginning StartIterationCommand ( Iterations : 1 )
----------------
2019-02-06 05:54:57,647 INFO  execution-log - TC # : 1, Starting iteration #1
----------------
2019-02-06 05:54:57,654 INFO  execution-log - 	 Command completed.
----------------
2019-02-06 05:54:57,659 INFO  execution-log -  Beginning InvokeApplicationCommand ( Target :  )
----------------
2019-02-06 05:54:57,652 INFO  execution-log - 	 Command completed.
----------------
2019-02-06 05:54:57,669 INFO  execution-log -  Beginning PageCommand ( CurrentPage : Login, FlowIdentifier : 1, DiIndicator : DI )
----------------
2019-02-06 05:54:57,674 INFO  execution-log - 	 Command completed.
----------------
2019-02-06 05:54:57,680 INFO  execution-log -  Beginning LoadTestDataItemCommand ( CurrentPage : Login, FlowIdentifier : 1, DiIndicator : DI )
----------------
2019-02-06 05:54:57,698 INFO  execution-log - [Sequence No - 1] Beginning ValidateExistStatusCommand ( LogicalFieldName : User Name, LogicalFieldValue : True )
----------------
2019-02-06 05:54:57,933 INFO  execution-log - 	 Command completed.
----------------
2019-02-06 05:54:57,940 INFO  execution-log -  Beginning PageCommand ( CurrentPage : Login, FlowIdentifier : 1, DiIndicator : DI )
----------------
2019-02-06 05:54:58,007 INFO  execution-log - 	 Command completed.
----------------
2019-02-06 05:54:58,023 INFO  execution-log -  Beginning LoadTestDataItemCommand ( CurrentPage : Login, FlowIdentifier : 1, DiIndicator : DI )
----------------
2019-02-06 05:54:58,054 INFO  execution-log - [Sequence No - 1] Beginning ValidateExistStatusCommand ( LogicalFieldName : User Name, LogicalFieldValue : True )
----------------
2019-02-06 05:54:58,062 INFO  execution-log - [Sequence No - 1]	 Command completed.
----------------
2019-02-06 05:54:58,071 INFO  execution-log - [Sequence No - 2] Beginning ActionCommand ( LogicalFieldName : User Name, LogicalFieldValue : Click )
----------------
2019-02-06 05:54:58,217 INFO  execution-log - [Sequence No - 2]	 Command completed.
----------------
2019-02-06 05:54:58,232 INFO  execution-log - [Sequence No - 3] Beginning TestDataCommand ( LogicalFieldName : User Name, LogicalFieldValue : Jack )
----------------
2019-02-06 05:54:58,326 INFO  execution-log - [Sequence No - 3]	 Command completed.
----------------
2019-02-06 05:54:58,335 INFO  execution-log - [Sequence No - 4] Beginning ValidateExistStatusCommand ( LogicalFieldName : Password, LogicalFieldValue : True )
----------------
2019-02-06 05:54:58,392 INFO  execution-log - [Sequence No - 4]	 Command completed.
----------------
2019-02-06 05:54:58,485 INFO  execution-log - [Sequence No - 5] Beginning TestDataCommand ( LogicalFieldName : Password, LogicalFieldValue : Smit@123 )
----------------
2019-02-06 05:54:58,995 INFO  execution-log - [Sequence No - 5]	 Command completed.
----------------
2019-02-06 05:54:59,006 INFO  execution-log - [Sequence No - 6] Beginning ValidateEnableStatusCommand ( LogicalFieldName : Login_Button, LogicalFieldValue : True )
----------------
2019-02-06 05:54:59,042 INFO  execution-log - [Sequence No - 6]	 Command completed.
----------------
2019-02-06 05:54:59,054 INFO  execution-log - [Sequence No - 7] Beginning ActionCommand ( LogicalFieldName : Login_Button, LogicalFieldValue : Click )
----------------
2019-02-06 05:54:59,097 INFO  execution-log - [Sequence No - 1]	 Command completed.
----------------
2019-02-06 05:54:59,107 INFO  execution-log - [Sequence No - 2] Beginning ActionCommand ( LogicalFieldName : User Name, LogicalFieldValue : Click )
----------------
2019-02-06 05:54:59,255 INFO  execution-log - [Sequence No - 7]	 Command completed.
----------------
2019-02-06 05:54:59,262 INFO  execution-log - 	 Command completed.
----------------
2019-02-06 05:54:59,268 INFO  execution-log -  Beginning StartIterationCommand ( Iterations : 2 )
----------------
2019-02-06 05:54:59,275 INFO  execution-log - TC # : 2, Starting iteration #2
----------------
2019-02-06 05:54:59,281 INFO  execution-log - 	 Command completed.
----------------
2019-02-06 05:54:59,287 INFO  execution-log -  Beginning InvokeApplicationCommand ( Target :  )
----------------
2019-02-06 05:54:59,343 INFO  execution-log - [Sequence No - 2]	 Command completed.
----------------
2019-02-06 05:54:59,354 INFO  execution-log - [Sequence No - 3] Beginning TestDataCommand ( LogicalFieldName : User Name, LogicalFieldValue : Jack )
----------------
2019-02-06 05:55:00,190 INFO  execution-log - 	 Command completed.
----------------
2019-02-06 05:55:00,196 INFO  execution-log -  Beginning PageCommand ( CurrentPage : Home, FlowIdentifier : 2, DiIndicator : DI )
----------------
2019-02-06 05:55:00,202 INFO  execution-log - 	 Command completed.
----------------
2019-02-06 05:55:00,209 INFO  execution-log -  Beginning LoadTestDataItemCommand ( CurrentPage : Home, FlowIdentifier : 2, DiIndicator : DI )
----------------
2019-02-06 05:55:00,543 INFO  execution-log - [Sequence No - 8] Beginning ActionCommand ( LogicalFieldName : New Quote, LogicalFieldValue : Click )
----------------
2019-02-06 05:55:10,896 INFO  execution-log - [Sequence No - 3]	 Command completed.
----------------
2019-02-06 05:55:10,906 INFO  execution-log - [Sequence No - 4] Beginning ValidateExistStatusCommand ( LogicalFieldName : Password, LogicalFieldValue : True )
----------------
2019-02-06 05:55:10,925 INFO  execution-log - [Sequence No - 4]	 Command completed.
----------------
2019-02-06 05:55:10,934 INFO  execution-log - [Sequence No - 5] Beginning TestDataCommand ( LogicalFieldName : Password, LogicalFieldValue : Smit@123 )
----------------
2019-02-06 05:55:11,052 INFO  execution-log - [Sequence No - 5]	 Command completed.
----------------
2019-02-06 05:55:11,062 INFO  execution-log - [Sequence No - 6] Beginning ValidateEnableStatusCommand ( LogicalFieldName : Login_Button, LogicalFieldValue : True )
----------------
2019-02-06 05:55:11,120 INFO  execution-log - [Sequence No - 6]	 Command completed.
----------------
2019-02-06 05:55:11,131 INFO  execution-log - [Sequence No - 7] Beginning ActionCommand ( LogicalFieldName : Login_Button, LogicalFieldValue : Click )
----------------
2019-02-06 05:55:11,250 INFO  execution-log - [Sequence No - 7]	 Command completed.
----------------
2019-02-06 05:55:11,257 INFO  execution-log - 	 Command completed.
----------------
2019-02-06 05:55:11,262 INFO  execution-log -  Beginning PageCommand ( CurrentPage : Home, FlowIdentifier : 2, DiIndicator : DI )
----------------
2019-02-06 05:55:11,267 INFO  execution-log - 	 Command completed.
----------------
2019-02-06 05:55:11,272 INFO  execution-log -  Beginning LoadTestDataItemCommand ( CurrentPage : Home, FlowIdentifier : 2, DiIndicator : DI )
----------------
2019-02-06 05:55:11,286 INFO  execution-log - [Sequence No - 8] Beginning ValidateEnableStatusCommand ( LogicalFieldName : New Quote, LogicalFieldValue : True )
----------------
2019-02-06 05:55:12,833 INFO  execution-log - [Sequence No - 8]	 Command completed.
----------------
2019-02-06 05:55:12,917 INFO  execution-log - [Sequence No - 9] Beginning ActionCommand ( LogicalFieldName : New Quote, LogicalFieldValue : Click )
----------------
2019-02-06 05:55:13,705 INFO  execution-log - [Sequence No - 9]	 Command completed.
----------------
2019-02-06 05:55:13,875 INFO  execution-log - 	 Command completed.
----------------
2019-02-06 05:55:13,902 INFO  execution-log -  Beginning PageCommand ( CurrentPage : New Quote, FlowIdentifier : 3, DiIndicator : DI )
----------------
2019-02-06 05:55:13,980 INFO  execution-log - 	 Command completed.
----------------
2019-02-06 05:55:14,005 INFO  execution-log -  Beginning LoadTestDataItemCommand ( CurrentPage : New Quote, FlowIdentifier : 3, DiIndicator : DI )
----------------
2019-02-06 05:55:14,150 INFO  execution-log - [Sequence No - 10] Beginning ValidateExistStatusCommand ( LogicalFieldName : Account Name, LogicalFieldValue : True )
----------------
2019-02-06 05:55:16,462 ERROR execution-log - TC # : 1, Due to an unexpected error, the test run will be aborted. Please contact your administrator
----------------
2019-02-06 05:55:16,478 ERROR execution-log - TC # : 1, OpenQA.Selenium.WebDriverException: invalid session id
  (Driver info: chromedriver=2.45.615291 (ec3682e3c9061c10f26ea9e5cdcf3c53f3f74387),platform=Windows NT 10.0.16299 x86_64)
   at OpenQA.Selenium.Remote.RemoteWebDriver.UnpackAndThrowOnError(Response errorResponse)
   at OpenQA.Selenium.Remote.RemoteWebDriver.Execute(String driverCommandToExecute, Dictionary`2 parameters)
   at OpenQA.Selenium.Remote.RemoteTimeouts.ExecuteSetTimeout(String timeoutType, TimeSpan timeToWait)
   at OpenQA.Selenium.Remote.RemoteTimeouts.set_ImplicitWait(TimeSpan value)
   at VM.Platform.TestAutomationFramework.Adapters.Selenium.SeleniumAdapter.IsElementPresent(ControlDefinition controlDefinition) in C:\Users\VMQApractice\Desktop\v4Dev_Updated\v4Dev_Updated\VMTestAutomation\Src\Framework.Adapters.Selenium\SeleniumAdapter.cs:line 600
   at VM.Platform.TestAutomationFramework.UIAutomation.Commands.Interactions.ValidateExistStatusCommand.ValidateExistStatus(ControlDefinition controlDefinition) in C:\Users\VMQApractice\Desktop\v4Dev_Updated\v4Dev_Updated\VMTestAutomation\Src\Framework.UIAutomation\Commands\Interactions\ValidateExistStatusCommand.cs:line 55
   at VM.Platform.TestAutomationFramework.UIAutomation.Commands.Interactions.ValidateExistStatusCommand.Execute(TestRunContext context) in C:\Users\VMQApractice\Desktop\v4Dev_Updated\v4Dev_Updated\VMTestAutomation\Src\Framework.UIAutomation\Commands\Interactions\ValidateExistStatusCommand.cs:line 24
   at VM.Platform.TestAutomationFramework.Core.Decorators.CommandDecorator.Execute(TestRunContext context) in C:\Users\VMQApractice\Desktop\v4Dev_Updated\v4Dev_Updated\VMTestAutomation\Src\Framework.Core\Decorators\CommandDecorator.cs:line 22
   at VM.Platform.TestAutomationFramework.Core.Decorators.CommandLogger.Execute(TestRunContext context) in C:\Users\VMQApractice\Desktop\v4Dev_Updated\v4Dev_Updated\VMTestAutomation\Src\Framework.Core\Decorators\CommandLogger.cs:line 74
   at VM.Platform.TestAutomationFramework.Core.Decorators.CommandDecorator.Execute(TestRunContext context) in C:\Users\VMQApractice\Desktop\v4Dev_Updated\v4Dev_Updated\VMTestAutomation\Src\Framework.Core\Decorators\CommandDecorator.cs:line 22
   at VM.Platform.TestAutomationFramework.Core.Decorators.CommandErrorHandler.Execute(TestRunContext context) in C:\Users\VMQApractice\Desktop\v4Dev_Updated\v4Dev_Updated\VMTestAutomation\Src\Framework.Core\Decorators\CommandErrorHandler.cs:line 30
----------------
2019-02-06 05:55:16,495 ERROR execution-log - TC # : 2, Timed out after 10 seconds
----------------
2019-02-06 05:55:20,849 ERROR execution-log - TC # : 1, Due to an unexpected error, the test run will be aborted. Please contact your administrator
----------------
2019-02-06 05:55:20,858 ERROR execution-log - TC # : 1, OpenQA.Selenium.WebDriverException: invalid session id
  (Driver info: chromedriver=2.45.615291 (ec3682e3c9061c10f26ea9e5cdcf3c53f3f74387),platform=Windows NT 10.0.16299 x86_64)
   at OpenQA.Selenium.Remote.RemoteWebDriver.UnpackAndThrowOnError(Response errorResponse)
   at OpenQA.Selenium.Remote.RemoteWebDriver.Execute(String driverCommandToExecute, Dictionary`2 parameters)
   at OpenQA.Selenium.Remote.RemoteTimeouts.ExecuteSetTimeout(String timeoutType, TimeSpan timeToWait)
   at OpenQA.Selenium.Remote.RemoteTimeouts.set_ImplicitWait(TimeSpan value)
   at VM.Platform.TestAutomationFramework.Adapters.Selenium.SeleniumAdapter.IsElementPresent(ControlDefinition controlDefinition) in C:\Users\VMQApractice\Desktop\v4Dev_Updated\v4Dev_Updated\VMTestAutomation\Src\Framework.Adapters.Selenium\SeleniumAdapter.cs:line 600
   at VM.Platform.TestAutomationFramework.UIAutomation.Commands.Interactions.ValidateExistStatusCommand.ValidateExistStatus(ControlDefinition controlDefinition) in C:\Users\VMQApractice\Desktop\v4Dev_Updated\v4Dev_Updated\VMTestAutomation\Src\Framework.UIAutomation\Commands\Interactions\ValidateExistStatusCommand.cs:line 55
   at VM.Platform.TestAutomationFramework.UIAutomation.Commands.Interactions.ValidateExistStatusCommand.Execute(TestRunContext context) in C:\Users\VMQApractice\Desktop\v4Dev_Updated\v4Dev_Updated\VMTestAutomation\Src\Framework.UIAutomation\Commands\Interactions\ValidateExistStatusCommand.cs:line 24
   at VM.Platform.TestAutomationFramework.Core.Decorators.CommandDecorator.Execute(TestRunContext context) in C:\Users\VMQApractice\Desktop\v4Dev_Updated\v4Dev_Updated\VMTestAutomation\Src\Framework.Core\Decorators\CommandDecorator.cs:line 22
   at VM.Platform.TestAutomationFramework.Core.Decorators.CommandLogger.Execute(TestRunContext context) in C:\Users\VMQApractice\Desktop\v4Dev_Updated\v4Dev_Updated\VMTestAutomation\Src\Framework.Core\Decorators\CommandLogger.cs:line 74
   at VM.Platform.TestAutomationFramework.Core.Decorators.CommandDecorator.Execute(TestRunContext context) in C:\Users\VMQApractice\Desktop\v4Dev_Updated\v4Dev_Updated\VMTestAutomation\Src\Framework.Core\Decorators\CommandDecorator.cs:line 22
   at VM.Platform.TestAutomationFramework.Core.Decorators.CommandErrorHandler.Execute(TestRunContext context) in C:\Users\VMQApractice\Desktop\v4Dev_Updated\v4Dev_Updated\VMTestAutomation\Src\Framework.Core\Decorators\CommandErrorHandler.cs:line 99
   at VM.Platform.TestAutomationFramework.Core.Decorators.CommandDecorator.Execute(TestRunContext context) in C:\Users\VMQApractice\Desktop\v4Dev_Updated\v4Dev_Updated\VMTestAutomation\Src\Framework.Core\Decorators\CommandDecorator.cs:line 22
   at VM.Platform.TestAutomationFramework.Core.Decorators.CommandTimer.Execute(TestRunContext context) in C:\Users\VMQApractice\Desktop\v4Dev_Updated\v4Dev_Updated\VMTestAutomation\Src\Framework.Core\Decorators\CommandTimer.cs:line 26
   at VM.Platform.TestAutomationFramework.Core.Decorators.CommandDecorator.Execute(TestRunContext context) in C:\Users\VMQApractice\Desktop\v4Dev_Updated\v4Dev_Updated\VMTestAutomation\Src\Framework.Core\Decorators\CommandDecorator.cs:line 22
   at VM.Platform.TestAutomationFramework.Core.Decorators.IgnorePagesDecorator.Execute(TestRunContext context) in C:\Users\VMQApractice\Desktop\v4Dev_Updated\v4Dev_Updated\VMTestAutomation\Src\Framework.Core\Decorators\IgnorePagesDecorator.cs:line 24
   at VM.Platform.TestAutomationFramework.UIAutomation.Commands.Workflow.LoadTestDataItemCommand.Execute(TestRunContext context) in C:\Users\VMQApractice\Desktop\v4Dev_Updated\v4Dev_Updated\VMTestAutomation\Src\Framework.UIAutomation\Commands\Workflow\LoadTestDataItemCommand.cs:line 96
   at VM.Platform.TestAutomationFramework.Core.Decorators.CommandDecorator.Execute(TestRunContext context) in C:\Users\VMQApractice\Desktop\v4Dev_Updated\v4Dev_Updated\VMTestAutomation\Src\Framework.Core\Decorators\CommandDecorator.cs:line 22
   at VM.Platform.TestAutomationFramework.Core.Decorators.CommandLogger.Execute(TestRunContext context) in C:\Users\VMQApractice\Desktop\v4Dev_Updated\v4Dev_Updated\VMTestAutomation\Src\Framework.Core\Decorators\CommandLogger.cs:line 74
   at VM.Platform.TestAutomationFramework.Core.Decorators.CommandDecorator.Execute(TestRunContext context) in C:\Users\VMQApractice\Desktop\v4Dev_Updated\v4Dev_Updated\VMTestAutomation\Src\Framework.Core\Decorators\CommandDecorator.cs:line 22
   at VM.Platform.TestAutomationFramework.Core.Decorators.CommandErrorHandler.Execute(TestRunContext context) in C:\Users\VMQApractice\Desktop\v4Dev_Updated\v4Dev_Updated\VMTestAutomation\Src\Framework.Core\Decorators\CommandErrorHandler.cs:line 30
----------------
2019-02-06 05:55:23,505 ERROR execution-log - No more iterations to run. Test execution will abort.
----------------
2019-02-06 05:56:29,420 ERROR execution-log - TC # : 2, Timed out after 10 seconds
----------------
2019-02-06 05:56:30,473 ERROR execution-log - TC # : 2, No more iterations to run. Test execution will abort.
----------------
2019-02-06 05:56:35,283 ERROR execution-log - TC # : 1, Framework failed to run the test due to a test configuration error.
	OpenQA.Selenium.WebDriverException: invalid session id
  (Driver info: chromedriver=2.45.615291 (ec3682e3c9061c10f26ea9e5cdcf3c53f3f74387),platform=Windows NT 10.0.16299 x86_64)
   at OpenQA.Selenium.Remote.RemoteWebDriver.UnpackAndThrowOnError(Response errorResponse)
   at OpenQA.Selenium.Remote.RemoteWebDriver.Execute(String driverCommandToExecute, Dictionary`2 parameters)
   at OpenQA.Selenium.Remote.RemoteTimeouts.ExecuteSetTimeout(String timeoutType, TimeSpan timeToWait)
   at OpenQA.Selenium.Remote.RemoteTimeouts.set_ImplicitWait(TimeSpan value)
   at VM.Platform.TestAutomationFramework.Adapters.Selenium.SeleniumAdapter.IsElementPresent(ControlDefinition controlDefinition) in C:\Users\VMQApractice\Desktop\v4Dev_Updated\v4Dev_Updated\VMTestAutomation\Src\Framework.Adapters.Selenium\SeleniumAdapter.cs:line 600
   at VM.Platform.TestAutomationFramework.UIAutomation.Commands.Interactions.ValidateExistStatusCommand.ValidateExistStatus(ControlDefinition controlDefinition) in C:\Users\VMQApractice\Desktop\v4Dev_Updated\v4Dev_Updated\VMTestAutomation\Src\Framework.UIAutomation\Commands\Interactions\ValidateExistStatusCommand.cs:line 55
   at VM.Platform.TestAutomationFramework.UIAutomation.Commands.Interactions.ValidateExistStatusCommand.Execute(TestRunContext context) in C:\Users\VMQApractice\Desktop\v4Dev_Updated\v4Dev_Updated\VMTestAutomation\Src\Framework.UIAutomation\Commands\Interactions\ValidateExistStatusCommand.cs:line 24
   at VM.Platform.TestAutomationFramework.Core.Decorators.CommandDecorator.Execute(TestRunContext context) in C:\Users\VMQApractice\Desktop\v4Dev_Updated\v4Dev_Updated\VMTestAutomation\Src\Framework.Core\Decorators\CommandDecorator.cs:line 22
   at VM.Platform.TestAutomationFramework.Core.Decorators.CommandLogger.Execute(TestRunContext context) in C:\Users\VMQApractice\Desktop\v4Dev_Updated\v4Dev_Updated\VMTestAutomation\Src\Framework.Core\Decorators\CommandLogger.cs:line 74
   at VM.Platform.TestAutomationFramework.Core.Decorators.CommandDecorator.Execute(TestRunContext context) in C:\Users\VMQApractice\Desktop\v4Dev_Updated\v4Dev_Updated\VMTestAutomation\Src\Framework.Core\Decorators\CommandDecorator.cs:line 22
   at VM.Platform.TestAutomationFramework.Core.Decorators.CommandErrorHandler.Execute(TestRunContext context) in C:\Users\VMQApractice\Desktop\v4Dev_Updated\v4Dev_Updated\VMTestAutomation\Src\Framework.Core\Decorators\CommandErrorHandler.cs:line 99
   at VM.Platform.TestAutomationFramework.Core.Decorators.CommandDecorator.Execute(TestRunContext context) in C:\Users\VMQApractice\Desktop\v4Dev_Updated\v4Dev_Updated\VMTestAutomation\Src\Framework.Core\Decorators\CommandDecorator.cs:line 22
   at VM.Platform.TestAutomationFramework.Core.Decorators.CommandTimer.Execute(TestRunContext context) in C:\Users\VMQApractice\Desktop\v4Dev_Updated\v4Dev_Updated\VMTestAutomation\Src\Framework.Core\Decorators\CommandTimer.cs:line 26
   at VM.Platform.TestAutomationFramework.Core.Decorators.CommandDecorator.Execute(TestRunContext context) in C:\Users\VMQApractice\Desktop\v4Dev_Updated\v4Dev_Updated\VMTestAutomation\Src\Framework.Core\Decorators\CommandDecorator.cs:line 22
   at VM.Platform.TestAutomationFramework.Core.Decorators.IgnorePagesDecorator.Execute(TestRunContext context) in C:\Users\VMQApractice\Desktop\v4Dev_Updated\v4Dev_Updated\VMTestAutomation\Src\Framework.Core\Decorators\IgnorePagesDecorator.cs:line 24
   at VM.Platform.TestAutomationFramework.UIAutomation.Commands.Workflow.LoadTestDataItemCommand.Execute(TestRunContext context) in C:\Users\VMQApractice\Desktop\v4Dev_Updated\v4Dev_Updated\VMTestAutomation\Src\Framework.UIAutomation\Commands\Workflow\LoadTestDataItemCommand.cs:line 96
   at VM.Platform.TestAutomationFramework.Core.Decorators.CommandDecorator.Execute(TestRunContext context) in C:\Users\VMQApractice\Desktop\v4Dev_Updated\v4Dev_Updated\VMTestAutomation\Src\Framework.Core\Decorators\CommandDecorator.cs:line 22
   at VM.Platform.TestAutomationFramework.Core.Decorators.CommandLogger.Execute(TestRunContext context) in C:\Users\VMQApractice\Desktop\v4Dev_Updated\v4Dev_Updated\VMTestAutomation\Src\Framework.Core\Decorators\CommandLogger.cs:line 74
   at VM.Platform.TestAutomationFramework.Core.Decorators.CommandDecorator.Execute(TestRunContext context) in C:\Users\VMQApractice\Desktop\v4Dev_Updated\v4Dev_Updated\VMTestAutomation\Src\Framework.Core\Decorators\CommandDecorator.cs:line 22
   at VM.Platform.TestAutomationFramework.Core.Decorators.CommandErrorHandler.Execute(TestRunContext context) in C:\Users\VMQApractice\Desktop\v4Dev_Updated\v4Dev_Updated\VMTestAutomation\Src\Framework.Core\Decorators\CommandErrorHandler.cs:line 99
   at VM.Platform.TestAutomationFramework.Core.Decorators.CommandDecorator.Execute(TestRunContext context) in C:\Users\VMQApractice\Desktop\v4Dev_Updated\v4Dev_Updated\VMTestAutomation\Src\Framework.Core\Decorators\CommandDecorator.cs:line 22
   at VM.Platform.TestAutomationFramework.Core.Decorators.CommandTimer.Execute(TestRunContext context) in C:\Users\VMQApractice\Desktop\v4Dev_Updated\v4Dev_Updated\VMTestAutomation\Src\Framework.Core\Decorators\CommandTimer.cs:line 26
   at VM.Platform.TestAutomationFramework.Core.Decorators.CommandDecorator.Execute(TestRunContext context) in C:\Users\VMQApractice\Desktop\v4Dev_Updated\v4Dev_Updated\VMTestAutomation\Src\Framework.Core\Decorators\CommandDecorator.cs:line 22
   at VM.Platform.TestAutomationFramework.Core.Decorators.IgnorePagesDecorator.Execute(TestRunContext context) in C:\Users\VMQApractice\Desktop\v4Dev_Updated\v4Dev_Updated\VMTestAutomation\Src\Framework.Core\Decorators\IgnorePagesDecorator.cs:line 24
   at VM.Platform.TestAutomationFramework.Core.TestCommandRunner.Execute(TestRunContext testRunContext) in C:\Users\VMQApractice\Desktop\v4Dev_Updated\v4Dev_Updated\VMTestAutomation\Src\Framework.Core\TestCommandRunner.cs:line 105
   at VM.Platform.TestAutomationFramework.Core.SingleTestCaseRunner.ExecuteSingleTestCase(Int32 testCaseId, String targetEnvironment, String repositiory, Int32 Retry) in C:\Users\VMQApractice\Desktop\v4Dev_Updated\v4Dev_Updated\VMTestAutomation\Src\Framework.Core\SingleTestCaseRunner.cs:line 167
----------------
2019-02-06 05:56:46,847 ERROR execution-log - An error has caused test case #2 to abort. Proceeding to the next test case.
System.ArgumentException: An item with the same key has already been added.
   at System.ThrowHelper.ThrowArgumentException(ExceptionResource resource)
   at System.Collections.Generic.Dictionary`2.Insert(TKey key, TValue value, Boolean add)
   at System.Collections.Generic.Dictionary`2.Add(TKey key, TValue value)
   at VM.Platform.TestAutomationFramework.Adapters.Local.LocalWorkItemStoreAdapter.SaveTestDetailsTab(TestExecutionDeatils testDetails, TestCaseConfiguration testCaseConfiguration) in C:\Users\VMQApractice\Desktop\v4Dev_Updated\v4Dev_Updated\VMTestAutomation\Src\Framework.Adapters.Local\LocalWorkItemStoreAdapter.cs:line 136
   at VM.Platform.TestAutomationFramework.Adapters.Local.LocalTestRunPublisher.SaveTestDetailsTab(TestExecutionDeatils testRunContext, TestCaseConfiguration testCaseConfiguration) in C:\Users\VMQApractice\Desktop\v4Dev_Updated\v4Dev_Updated\VMTestAutomation\Src\Framework.Adapters.Local\LocalTestRunPublisher.cs:line 48
   at VM.Platform.TestAutomationFramework.Core.SingleTestCaseRunner.ExecuteSingleTestCase(Int32 testCaseId, String targetEnvironment, String repositiory, Int32 Retry) in C:\Users\VMQApractice\Desktop\v4Dev_Updated\v4Dev_Updated\VMTestAutomation\Src\Framework.Core\SingleTestCaseRunner.cs:line 186
   at VM.Platform.TestAutomationFramework.Core.TestAutomation.Execute(Int32 testCaseId, Int32 Retry, String targetEnvironment) in C:\Users\VMQApractice\Desktop\v4Dev_Updated\v4Dev_Updated\VMTestAutomation\Src\Framework.Core\TestAutomation.cs:line 203
----------------
