2019-02-04 09:21:03,447 INFO  execution-log - 	Initializing control map with map # MASTER
----------------
2019-02-04 09:21:03,453 INFO  execution-log - Initializing Test Automation
----------------
2019-02-04 09:21:03,457 INFO  execution-log - 	target browser: Chrome
----------------
2019-02-04 09:21:03,461 INFO  execution-log - TC # : 1, Downloading test case from DB
----------------
2019-02-04 09:21:03,470 INFO  execution-log - TC # : 1, Getting control map :MASTER from DB
----------------
2019-02-04 09:21:03,470 INFO  execution-log - TC # : 1, Getting test data from DB
----------------
2019-02-04 09:21:03,479 INFO  execution-log - TC # : 1, Control map retrieval completed
----------------
2019-02-04 09:21:03,491 INFO  execution-log - TC # : 1, Test data retrieval completed
----------------
2019-02-04 09:21:03,495 INFO  execution-log - TC # : 1, Parsing commands
----------------
2019-02-04 09:21:03,501 INFO  execution-log - Loading captured values from persistence.
----------------
2019-02-04 09:21:03,505 INFO  execution-log - TC # : 1, Started executing test case in the VMTESTAPP1 environment (http://vam-qa.cloudapp.net:6363/pages/login.html)
----------------
2019-02-04 09:21:03,538 INFO  execution-log -  Beginning StartIterationCommand ( Iterations : 1 )
----------------
2019-02-04 09:21:03,542 INFO  execution-log - TC # : 1, Starting iteration #1
----------------
2019-02-04 09:21:03,549 INFO  execution-log - 	 Command completed.
----------------
2019-02-04 09:21:03,553 INFO  execution-log -  Beginning InvokeApplicationCommand ( Target :  )
----------------
2019-02-04 09:21:04,482 INFO  execution-log - 	 Command completed.
----------------
2019-02-04 09:21:04,494 INFO  execution-log -  Beginning PageCommand ( CurrentPage : Login, FlowIdentifier : 1, DiIndicator : DI )
----------------
2019-02-04 09:21:04,499 INFO  execution-log - 	 Command completed.
----------------
2019-02-04 09:21:04,504 INFO  execution-log -  Beginning LoadTestDataItemCommand ( CurrentPage : Login, FlowIdentifier : 1, DiIndicator : DI )
----------------
2019-02-04 09:21:04,529 INFO  execution-log - [Sequence No - 1] Beginning ValidateExistStatusCommand ( LogicalFieldName : User Name, LogicalFieldValue : True )
----------------
2019-02-04 09:21:04,553 INFO  execution-log - [Sequence No - 1]	 Command completed.
----------------
2019-02-04 09:21:04,563 INFO  execution-log - [Sequence No - 2] Beginning ActionCommand ( LogicalFieldName : User Name, LogicalFieldValue : Click )
----------------
2019-02-04 09:21:04,686 INFO  execution-log - [Sequence No - 2]	 Command completed.
----------------
2019-02-04 09:21:04,701 INFO  execution-log - [Sequence No - 3] Beginning TestDataCommand ( LogicalFieldName : User Name, LogicalFieldValue : Jack )
----------------
2019-02-04 09:21:04,806 INFO  execution-log - [Sequence No - 3]	 Command completed.
----------------
2019-02-04 09:21:04,818 INFO  execution-log - [Sequence No - 4] Beginning ValidateExistStatusCommand ( LogicalFieldName : Password, LogicalFieldValue : True )
----------------
2019-02-04 09:21:04,840 INFO  execution-log - [Sequence No - 4]	 Command completed.
----------------
2019-02-04 09:21:04,851 INFO  execution-log - [Sequence No - 5] Beginning TestDataCommand ( LogicalFieldName : Password, LogicalFieldValue : Smit@123 )
----------------
2019-02-04 09:21:04,982 INFO  execution-log - [Sequence No - 5]	 Command completed.
----------------
2019-02-04 09:21:04,992 INFO  execution-log - [Sequence No - 6] Beginning ValidateEnableStatusCommand ( LogicalFieldName : Login_Button, LogicalFieldValue : True )
----------------
2019-02-04 09:21:05,026 INFO  execution-log - [Sequence No - 6]	 Command completed.
----------------
2019-02-04 09:21:05,036 INFO  execution-log - [Sequence No - 7] Beginning ActionCommand ( LogicalFieldName : Login_Button, LogicalFieldValue : Click )
----------------
2019-02-04 09:21:05,156 INFO  execution-log - [Sequence No - 7]	 Command completed.
----------------
2019-02-04 09:21:05,163 INFO  execution-log - 	 Command completed.
----------------
2019-02-04 09:21:05,169 INFO  execution-log -  Beginning PageCommand ( CurrentPage : Home, FlowIdentifier : 2, DiIndicator : DI )
----------------
2019-02-04 09:21:05,180 INFO  execution-log - 	 Command completed.
----------------
2019-02-04 09:21:05,187 INFO  execution-log -  Beginning LoadTestDataItemCommand ( CurrentPage : Home, FlowIdentifier : 2, DiIndicator : DI )
----------------
2019-02-04 09:21:05,201 INFO  execution-log - [Sequence No - 8] Beginning ActionCommand ( LogicalFieldName : New Quote, LogicalFieldValue : Click )
----------------
2019-02-04 09:21:06,867 INFO  execution-log - [Sequence No - 8]	 Command completed.
----------------
2019-02-04 09:21:06,874 INFO  execution-log - 	 Command completed.
----------------
2019-02-04 09:21:06,881 INFO  execution-log -  Beginning PageCommand ( CurrentPage : New Quote, FlowIdentifier : 3, DiIndicator : DI )
----------------
2019-02-04 09:21:06,888 INFO  execution-log - 	 Command completed.
----------------
2019-02-04 09:21:06,907 INFO  execution-log -  Beginning LoadTestDataItemCommand ( CurrentPage : New Quote, FlowIdentifier : 3, DiIndicator : DI )
----------------
2019-02-04 09:21:06,921 INFO  execution-log - [Sequence No - 9] Beginning TestDataCommand ( LogicalFieldName : Account Name, LogicalFieldValue : RANDOMIZE(7,2) )
----------------
2019-02-04 09:21:07,127 INFO  execution-log - [Sequence No - 9]	 Command completed.
----------------
2019-02-04 09:21:07,137 INFO  execution-log - [Sequence No - 11] Beginning TestDataCommand ( LogicalFieldName : First Name, LogicalFieldValue : Jack )
----------------
2019-02-04 09:21:07,324 INFO  execution-log - [Sequence No - 11]	 Command completed.
----------------
2019-02-04 09:21:07,334 INFO  execution-log - [Sequence No - 12] Beginning TestDataCommand ( LogicalFieldName : Last Name, LogicalFieldValue : Smith )
----------------
2019-02-04 09:21:07,512 INFO  execution-log - [Sequence No - 12]	 Command completed.
----------------
2019-02-04 09:21:07,522 INFO  execution-log - [Sequence No - 13] Beginning TestDataCommand ( LogicalFieldName : ContactNumber1, LogicalFieldValue : 654 )
----------------
2019-02-04 09:21:07,645 INFO  execution-log - [Sequence No - 13]	 Command completed.
----------------
2019-02-04 09:21:07,655 INFO  execution-log - [Sequence No - 14] Beginning TestDataCommand ( LogicalFieldName : ContactNumber2, LogicalFieldValue : 321 )
----------------
2019-02-04 09:21:07,779 INFO  execution-log - [Sequence No - 14]	 Command completed.
----------------
2019-02-04 09:21:07,790 INFO  execution-log - [Sequence No - 15] Beginning TestDataCommand ( LogicalFieldName : ContactNumber3, LogicalFieldValue : 6541 )
----------------
2019-02-04 09:21:07,910 INFO  execution-log - [Sequence No - 15]	 Command completed.
----------------
2019-02-04 09:21:07,920 INFO  execution-log - [Sequence No - 16] Beginning TestDataCommand ( LogicalFieldName : Primary Email, LogicalFieldValue : jack.smith@gmail.com )
----------------
2019-02-04 09:21:08,177 INFO  execution-log - [Sequence No - 16]	 Command completed.
----------------
2019-02-04 09:21:08,187 INFO  execution-log - [Sequence No - 17] Beginning TestDataCommand ( LogicalFieldName : Business Started Year, LogicalFieldValue : 2012 )
----------------
2019-02-04 09:21:08,397 INFO  execution-log - [Sequence No - 17]	 Command completed.
----------------
2019-02-04 09:21:08,407 INFO  execution-log - [Sequence No - 18] Beginning ActionCommand ( LogicalFieldName : Select Product, LogicalFieldValue : Click )
----------------
2019-02-04 09:21:08,586 INFO  execution-log - [Sequence No - 18]	 Command completed.
----------------
2019-02-04 09:21:08,601 INFO  execution-log - [Sequence No - 19] Beginning ActionCommand ( LogicalFieldName : Select Product1, LogicalFieldValue : Click )
----------------
2019-02-04 09:21:08,738 INFO  execution-log - [Sequence No - 19]	 Command completed.
----------------
2019-02-04 09:21:08,753 INFO  execution-log - [Sequence No - 20] Beginning ActionCommand ( LogicalFieldName : Contact Name, LogicalFieldValue : Click )
----------------
2019-02-04 09:21:08,900 INFO  execution-log - [Sequence No - 20]	 Command completed.
----------------
2019-02-04 09:21:08,915 INFO  execution-log - [Sequence No - 21] Beginning ActionCommand ( LogicalFieldName : Contact Name Initial Select, LogicalFieldValue : Click )
----------------
2019-02-04 09:21:09,561 INFO  execution-log - [Sequence No - 21]	 Command completed.
----------------
2019-02-04 09:21:09,571 INFO  execution-log - [Sequence No - 22] Beginning ActionCommand ( LogicalFieldName : Industry, LogicalFieldValue : Click )
----------------
2019-02-04 09:21:09,746 INFO  execution-log - [Sequence No - 22]	 Command completed.
----------------
2019-02-04 09:21:09,757 INFO  execution-log - [Sequence No - 23] Beginning ActionCommand ( LogicalFieldName : Industry1, LogicalFieldValue : Click )
----------------
2019-02-04 09:21:09,902 INFO  execution-log - [Sequence No - 23]	 Command completed.
----------------
2019-02-04 09:21:09,915 INFO  execution-log - [Sequence No - 24] Beginning TestDataCommand ( LogicalFieldName : Zip Code, LogicalFieldValue : 53704 )
----------------
2019-02-04 09:21:10,077 INFO  execution-log - [Sequence No - 24]	 Command completed.
----------------
2019-02-04 09:21:10,119 INFO  execution-log - [Sequence No - 25] Beginning ActionCommand ( LogicalFieldName : zipcode click, LogicalFieldValue : Click )
----------------
2019-02-04 09:21:10,495 INFO  execution-log - [Sequence No - 25]	 Command completed.
----------------
2019-02-04 09:21:10,512 INFO  execution-log - [Sequence No - 26] Beginning TestDataCommand ( LogicalFieldName : Street Address, LogicalFieldValue : 123 BLUEJAY LN )
----------------
2019-02-04 09:21:10,769 INFO  execution-log - [Sequence No - 26]	 Command completed.
----------------
2019-02-04 09:21:10,785 INFO  execution-log - [Sequence No - 27] Beginning ActionCommand ( LogicalFieldName : Same as Physical Address, LogicalFieldValue : Click )
----------------
2019-02-04 09:21:10,907 INFO  execution-log - [Sequence No - 27]	 Command completed.
----------------
2019-02-04 09:21:10,918 INFO  execution-log - [Sequence No - 28] Beginning ActionCommand ( LogicalFieldName : Proceed, LogicalFieldValue : Click )
----------------
2019-02-04 09:21:11,078 INFO  execution-log - [Sequence No - 28]	 Command completed.
----------------
2019-02-04 09:21:11,093 INFO  execution-log - 	 Command completed.
----------------
2019-02-04 09:21:11,098 INFO  execution-log -  Beginning PageCommand ( CurrentPage : Insured Info, FlowIdentifier : 4, DiIndicator : DI )
----------------
2019-02-04 09:21:11,104 INFO  execution-log - 	 Command completed.
----------------
2019-02-04 09:21:11,109 INFO  execution-log -  Beginning LoadTestDataItemCommand ( CurrentPage : Insured Info, FlowIdentifier : 4, DiIndicator : DI )
----------------
2019-02-04 09:21:11,125 INFO  execution-log - [Sequence No - 29] Beginning TestDataCommand ( LogicalFieldName : InsuredName, LogicalFieldValue : Smith )
----------------
2019-02-04 09:21:13,152 INFO  execution-log - [Sequence No - 29]	 Command completed.
----------------
2019-02-04 09:21:13,169 INFO  execution-log - [Sequence No - 30] Beginning ActionCommand ( LogicalFieldName : Primary State Click, LogicalFieldValue : Click )
----------------
2019-02-04 09:21:25,906 ERROR execution-log - TC # : 1, Timed out after 10 seconds
----------------
2019-02-04 09:21:33,926 ERROR execution-log - TC # : 1, Timed out after 10 seconds
----------------
2019-02-04 09:21:33,933 ERROR execution-log - TC # : 1, No more iterations to run. Test execution will abort.
----------------
2019-02-04 09:21:33,939 ERROR execution-log - TC # : 1, Framework failed to run the test due to a test configuration error.
	VM.Platform.TestAutomationFramework.Core.Exceptions.WorkflowFailedException: Timed out after 10 seconds ---> OpenQA.Selenium.WebDriverTimeoutException: Timed out after 10 seconds
   at OpenQA.Selenium.Support.UI.DefaultWait`1.ThrowTimeoutException(String exceptionMessage, Exception lastException)
   at OpenQA.Selenium.Support.UI.DefaultWait`1.Until[TResult](Func`2 condition)
   at VM.Platform.TestAutomationFramework.Adapters.Selenium.SeleniumAdapter.WaitForElementToBeClickable(ControlDefinition ctrlDefinition) in C:\Users\VMQApractice\Desktop\v4Dev_Updated\v4Dev_Updated\VMTestAutomation\Src\Framework.Adapters.Selenium\SeleniumAdapter.cs:line 713
   at VM.Platform.TestAutomationFramework.UIAutomation.Commands.Interactions.ActionCommand.Execute(TestRunContext context) in C:\Users\VMQApractice\Desktop\v4Dev_Updated\v4Dev_Updated\VMTestAutomation\Src\Framework.UIAutomation\Commands\Interactions\ActionCommand.cs:line 30
   --- End of inner exception stack trace ---
   at VM.Platform.TestAutomationFramework.UIAutomation.Commands.Interactions.ActionCommand.Execute(TestRunContext context) in C:\Users\VMQApractice\Desktop\v4Dev_Updated\v4Dev_Updated\VMTestAutomation\Src\Framework.UIAutomation\Commands\Interactions\ActionCommand.cs:line 42
   at VM.Platform.TestAutomationFramework.Core.Decorators.CommandDecorator.Execute(TestRunContext context) in C:\Users\VMQApractice\Desktop\v4Dev_Updated\v4Dev_Updated\VMTestAutomation\Src\Framework.Core\Decorators\CommandDecorator.cs:line 22
   at VM.Platform.TestAutomationFramework.Core.Decorators.CommandLogger.Execute(TestRunContext context) in C:\Users\VMQApractice\Desktop\v4Dev_Updated\v4Dev_Updated\VMTestAutomation\Src\Framework.Core\Decorators\CommandLogger.cs:line 93
   at VM.Platform.TestAutomationFramework.Core.Decorators.CommandDecorator.Execute(TestRunContext context) in C:\Users\VMQApractice\Desktop\v4Dev_Updated\v4Dev_Updated\VMTestAutomation\Src\Framework.Core\Decorators\CommandDecorator.cs:line 22
   at VM.Platform.TestAutomationFramework.Core.Decorators.CommandErrorHandler.Execute(TestRunContext context) in C:\Users\VMQApractice\Desktop\v4Dev_Updated\v4Dev_Updated\VMTestAutomation\Src\Framework.Core\Decorators\CommandErrorHandler.cs:line 65
   at VM.Platform.TestAutomationFramework.Core.Decorators.CommandDecorator.Execute(TestRunContext context) in C:\Users\VMQApractice\Desktop\v4Dev_Updated\v4Dev_Updated\VMTestAutomation\Src\Framework.Core\Decorators\CommandDecorator.cs:line 22
   at VM.Platform.TestAutomationFramework.Core.Decorators.CommandTimer.Execute(TestRunContext context) in C:\Users\VMQApractice\Desktop\v4Dev_Updated\v4Dev_Updated\VMTestAutomation\Src\Framework.Core\Decorators\CommandTimer.cs:line 26
   at VM.Platform.TestAutomationFramework.Core.Decorators.CommandDecorator.Execute(TestRunContext context) in C:\Users\VMQApractice\Desktop\v4Dev_Updated\v4Dev_Updated\VMTestAutomation\Src\Framework.Core\Decorators\CommandDecorator.cs:line 22
   at VM.Platform.TestAutomationFramework.Core.Decorators.IgnorePagesDecorator.Execute(TestRunContext context) in C:\Users\VMQApractice\Desktop\v4Dev_Updated\v4Dev_Updated\VMTestAutomation\Src\Framework.Core\Decorators\IgnorePagesDecorator.cs:line 24
   at VM.Platform.TestAutomationFramework.UIAutomation.Commands.Workflow.LoadTestDataItemCommand.Execute(TestRunContext context) in C:\Users\VMQApractice\Desktop\v4Dev_Updated\v4Dev_Updated\VMTestAutomation\Src\Framework.UIAutomation\Commands\Workflow\LoadTestDataItemCommand.cs:line 96
   at VM.Platform.TestAutomationFramework.Core.Decorators.CommandDecorator.Execute(TestRunContext context) in C:\Users\VMQApractice\Desktop\v4Dev_Updated\v4Dev_Updated\VMTestAutomation\Src\Framework.Core\Decorators\CommandDecorator.cs:line 22
   at VM.Platform.TestAutomationFramework.Core.Decorators.CommandLogger.Execute(TestRunContext context) in C:\Users\VMQApractice\Desktop\v4Dev_Updated\v4Dev_Updated\VMTestAutomation\Src\Framework.Core\Decorators\CommandLogger.cs:line 93
   at VM.Platform.TestAutomationFramework.Core.Decorators.CommandDecorator.Execute(TestRunContext context) in C:\Users\VMQApractice\Desktop\v4Dev_Updated\v4Dev_Updated\VMTestAutomation\Src\Framework.Core\Decorators\CommandDecorator.cs:line 22
   at VM.Platform.TestAutomationFramework.Core.Decorators.CommandErrorHandler.Execute(TestRunContext context) in C:\Users\VMQApractice\Desktop\v4Dev_Updated\v4Dev_Updated\VMTestAutomation\Src\Framework.Core\Decorators\CommandErrorHandler.cs:line 65
   at VM.Platform.TestAutomationFramework.Core.Decorators.CommandDecorator.Execute(TestRunContext context) in C:\Users\VMQApractice\Desktop\v4Dev_Updated\v4Dev_Updated\VMTestAutomation\Src\Framework.Core\Decorators\CommandDecorator.cs:line 22
   at VM.Platform.TestAutomationFramework.Core.Decorators.CommandTimer.Execute(TestRunContext context) in C:\Users\VMQApractice\Desktop\v4Dev_Updated\v4Dev_Updated\VMTestAutomation\Src\Framework.Core\Decorators\CommandTimer.cs:line 26
   at VM.Platform.TestAutomationFramework.Core.Decorators.CommandDecorator.Execute(TestRunContext context) in C:\Users\VMQApractice\Desktop\v4Dev_Updated\v4Dev_Updated\VMTestAutomation\Src\Framework.Core\Decorators\CommandDecorator.cs:line 22
   at VM.Platform.TestAutomationFramework.Core.Decorators.IgnorePagesDecorator.Execute(TestRunContext context) in C:\Users\VMQApractice\Desktop\v4Dev_Updated\v4Dev_Updated\VMTestAutomation\Src\Framework.Core\Decorators\IgnorePagesDecorator.cs:line 24
   at VM.Platform.TestAutomationFramework.Core.TestCommandRunner.Execute(TestRunContext testRunContext) in C:\Users\VMQApractice\Desktop\v4Dev_Updated\v4Dev_Updated\VMTestAutomation\Src\Framework.Core\TestCommandRunner.cs:line 75
   at VM.Platform.TestAutomationFramework.Core.SingleTestCaseRunner.ExecuteSingleTestCase(Int32 testCaseId, String targetEnvironment, String repositiory, Int32 Retry) in C:\Users\VMQApractice\Desktop\v4Dev_Updated\v4Dev_Updated\VMTestAutomation\Src\Framework.Core\SingleTestCaseRunner.cs:line 167
----------------
2019-02-04 09:21:33,957 INFO  execution-log - Saving captured values to file.
----------------
2019-02-04 09:21:33,966 ERROR execution-log - TC # : 1,  has failed
----------------
