2018-11-13 18:44:54,848 INFO  execution-log - 	Initializing control map with map # Master
----------------
2018-11-13 18:44:54,850 INFO  execution-log - Initializing Test Automation
----------------
2018-11-13 18:44:54,851 INFO  execution-log - 	target browser: Chrome
----------------
2018-11-13 18:44:54,852 INFO  execution-log - TC # : 2, Downloading test case from DB
----------------
2018-11-13 18:44:54,857 INFO  execution-log - TC # : 2, Getting control map :Master from DB
----------------
2018-11-13 18:44:54,857 INFO  execution-log - TC # : 2, Getting test data from DB
----------------
2018-11-13 18:44:54,859 INFO  execution-log - TC # : 2, Control map retrieval completed
----------------
2018-11-13 18:44:54,866 INFO  execution-log - TC # : 2, Test data retrieval completed
----------------
2018-11-13 18:44:54,867 INFO  execution-log - TC # : 2, Parsing commands
----------------
2018-11-13 18:44:54,869 INFO  execution-log - Loading captured values from persistence.
----------------
2018-11-13 18:44:54,870 INFO  execution-log - TC # : 2, Started executing test case in the HISCOX environment (http://hiscpvt.cloud.hiscox.com/oneshield/index.jsp#gateway)
----------------
2018-11-13 18:44:54,920 INFO  execution-log -  Beginning StartIterationCommand ( Iterations : 1 )
----------------
2018-11-13 18:44:54,921 INFO  execution-log - TC # : 2, Starting iteration #1
----------------
2018-11-13 18:44:54,922 INFO  execution-log - 	 Command completed.
----------------
2018-11-13 18:44:54,923 INFO  execution-log -  Beginning InvokeApplicationCommand ( Target :  )
----------------
2018-11-13 18:44:55,331 INFO  execution-log - 	 Command completed.
----------------
2018-11-13 18:44:55,332 INFO  execution-log -  Beginning PageCommand ( CurrentPage : Login, FlowIdentifier : 1, DiIndicator : DI )
----------------
2018-11-13 18:44:55,338 INFO  execution-log - 	 Command completed.
----------------
2018-11-13 18:44:55,344 INFO  execution-log -  Beginning LoadTestDataItemCommand ( CurrentPage : Login, FlowIdentifier : 1, DiIndicator : DI )
----------------
2018-11-13 18:44:55,356 INFO  execution-log - [Sequence No - 1] Beginning TestDataCommand ( LogicalFieldName : Partner Number, LogicalFieldValue : 0 )
----------------
2018-11-13 18:44:57,131 INFO  execution-log - [Sequence No - 1]	 Command completed.
----------------
2018-11-13 18:44:57,135 INFO  execution-log - [Sequence No - 2] Beginning TestDataCommand ( LogicalFieldName : Username, LogicalFieldValue : karthicuw )
----------------
2018-11-13 18:44:57,315 INFO  execution-log - [Sequence No - 2]	 Command completed.
----------------
2018-11-13 18:44:57,320 INFO  execution-log - [Sequence No - 3] Beginning TestDataCommand ( LogicalFieldName : Password, LogicalFieldValue : Monday!23 )
----------------
2018-11-13 18:44:57,461 INFO  execution-log - [Sequence No - 3]	 Command completed.
----------------
2018-11-13 18:44:57,465 INFO  execution-log - [Sequence No - 4] Beginning TestDataCommand ( LogicalFieldName : Partner Number, LogicalFieldValue : 0 )
----------------
2018-11-13 18:44:57,605 INFO  execution-log - [Sequence No - 4]	 Command completed.
----------------
2018-11-13 18:44:57,609 INFO  execution-log - [Sequence No - 5] Beginning ActionCommand ( LogicalFieldName : Login Page, LogicalFieldValue : Click )
----------------
2018-11-13 18:44:57,809 INFO  execution-log - [Sequence No - 5]	 Command completed.
----------------
2018-11-13 18:44:57,814 INFO  execution-log - [Sequence No - 6] Beginning ActionCommand ( LogicalFieldName : Login Button, LogicalFieldValue : Click )
----------------
2018-11-13 18:44:57,986 INFO  execution-log - [Sequence No - 6]	 Command completed.
----------------
2018-11-13 18:44:57,990 INFO  execution-log - [Sequence No - 7] Beginning TestDataCommand ( LogicalFieldName : Partner Number, LogicalFieldValue : 0 )
----------------
2018-11-13 18:44:58,180 INFO  execution-log - [Sequence No - 7]	 Command completed.
----------------
2018-11-13 18:44:58,181 INFO  execution-log - 	 Command completed.
----------------
2018-11-13 18:44:58,182 INFO  execution-log -  Beginning PageCommand ( CurrentPage : Quotes, FlowIdentifier : 1, DiIndicator : DI )
----------------
2018-11-13 18:44:58,183 INFO  execution-log - 	 Command completed.
----------------
2018-11-13 18:44:58,184 INFO  execution-log -  Beginning LoadTestDataItemCommand ( CurrentPage : Quotes, FlowIdentifier : 1, DiIndicator : DI )
----------------
2018-11-13 18:44:58,190 INFO  execution-log - [Sequence No - 8] Beginning WaitForControlCommand ( LogicalFieldName : Quotes_Link, LogicalFieldValue : True )
----------------
2018-11-13 18:44:58,981 INFO  execution-log - [Sequence No - 8]	 Command completed.
----------------
2018-11-13 18:44:58,986 INFO  execution-log - [Sequence No - 9] Beginning ActionCommand ( LogicalFieldName : Quotes_Link, LogicalFieldValue : Click )
----------------
2018-11-13 18:44:59,201 INFO  execution-log - [Sequence No - 9]	 Command completed.
----------------
2018-11-13 18:44:59,206 INFO  execution-log - [Sequence No - 10] Beginning WaitForControlCommand ( LogicalFieldName : New quote, LogicalFieldValue : True )
----------------
2018-11-13 18:45:01,291 INFO  execution-log - [Sequence No - 10]	 Command completed.
----------------
2018-11-13 18:45:01,298 INFO  execution-log - [Sequence No - 11] Beginning ActionCommand ( LogicalFieldName : New quote, LogicalFieldValue : Click )
----------------
2018-11-13 18:45:01,436 INFO  execution-log - [Sequence No - 11]	 Command completed.
----------------
2018-11-13 18:45:01,442 INFO  execution-log - [Sequence No - 12] Beginning ActionCommand ( LogicalFieldName : Select Producing Agency, LogicalFieldValue : Click-Wait(500) )
----------------
2018-11-13 18:45:02,827 INFO  execution-log - [Sequence No - 12]	 Command completed.
----------------
2018-11-13 18:45:02,833 INFO  execution-log - [Sequence No - 13] Beginning ActionCommand ( LogicalFieldName : Select Agency, LogicalFieldValue : Click )
----------------
2018-11-13 18:45:03,012 INFO  execution-log - [Sequence No - 13]	 Command completed.
----------------
2018-11-13 18:45:03,017 INFO  execution-log - [Sequence No - 14] Beginning WaitForControlCommand ( LogicalFieldName : Producer, LogicalFieldValue : True )
----------------
2018-11-13 18:45:04,566 INFO  execution-log - [Sequence No - 14]	 Command completed.
----------------
2018-11-13 18:45:04,572 INFO  execution-log - [Sequence No - 15] Beginning ActionCommand ( LogicalFieldName : Producer, LogicalFieldValue : Click-Wait(500) )
----------------
2018-11-13 18:45:05,706 INFO  execution-log - [Sequence No - 15]	 Command completed.
----------------
2018-11-13 18:45:05,710 INFO  execution-log - [Sequence No - 16] Beginning TestDataCommand ( LogicalFieldName : Producer, LogicalFieldValue : Agency  Producer )
----------------
2018-11-13 18:45:06,156 INFO  execution-log - [Sequence No - 16]	 Command completed.
----------------
2018-11-13 18:45:06,161 INFO  execution-log - [Sequence No - 17] Beginning TestDataCommand ( LogicalFieldName : First Name, LogicalFieldValue : HISCOX )
----------------
2018-11-13 18:45:06,351 INFO  execution-log - [Sequence No - 17]	 Command completed.
----------------
2018-11-13 18:45:06,356 INFO  execution-log - [Sequence No - 18] Beginning TestDataCommand ( LogicalFieldName : Last Name, LogicalFieldValue : Demo )
----------------
2018-11-13 18:45:06,509 INFO  execution-log - [Sequence No - 18]	 Command completed.
----------------
2018-11-13 18:45:06,514 INFO  execution-log - [Sequence No - 19] Beginning TestDataCommand ( LogicalFieldName : City, LogicalFieldValue : Atlanta )
----------------
2018-11-13 18:45:06,716 INFO  execution-log - [Sequence No - 19]	 Command completed.
----------------
2018-11-13 18:45:06,721 INFO  execution-log - [Sequence No - 20] Beginning TestDataCommand ( LogicalFieldName : State, LogicalFieldValue : Georgia )
----------------
2018-11-13 18:45:07,034 INFO  execution-log - [Sequence No - 20]	 Command completed.
----------------
2018-11-13 18:45:07,038 INFO  execution-log - [Sequence No - 21] Beginning TestDataCommand ( LogicalFieldName : Zip, LogicalFieldValue : 30338 )
----------------
2018-11-13 18:45:07,216 INFO  execution-log - [Sequence No - 21]	 Command completed.
----------------
2018-11-13 18:45:07,220 INFO  execution-log - [Sequence No - 22] Beginning TestDataCommand ( LogicalFieldName : Address Line 1, LogicalFieldValue : 1 Main st )
----------------
2018-11-13 18:45:07,531 INFO  execution-log - [Sequence No - 22]	 Command completed.
----------------
2018-11-13 18:45:07,535 INFO  execution-log - [Sequence No - 23] Beginning TestDataCommand ( LogicalFieldName : Address Line 2, LogicalFieldValue : 1 )
----------------
2018-11-13 18:45:07,665 INFO  execution-log - [Sequence No - 23]	 Command completed.
----------------
2018-11-13 18:45:07,669 INFO  execution-log - [Sequence No - 24] Beginning ActionCommand ( LogicalFieldName : Product line (errors and omissions), LogicalFieldValue : Click )
----------------
2018-11-13 18:45:07,867 INFO  execution-log - [Sequence No - 24]	 Command completed.
----------------
2018-11-13 18:45:07,873 INFO  execution-log - [Sequence No - 25] Beginning ActionCommand ( LogicalFieldName : Customer search, LogicalFieldValue : Click )
----------------
2018-11-13 18:45:08,115 INFO  execution-log - [Sequence No - 25]	 Command completed.
----------------
2018-11-13 18:45:08,117 INFO  execution-log - 	 Command completed.
----------------
2018-11-13 18:45:08,128 INFO  execution-log -  Beginning PageCommand ( CurrentPage : QuoteDetails, FlowIdentifier : 1, DiIndicator : DI )
----------------
2018-11-13 18:45:08,132 INFO  execution-log - 	 Command completed.
----------------
2018-11-13 18:45:08,133 INFO  execution-log -  Beginning LoadTestDataItemCommand ( CurrentPage : QuoteDetails, FlowIdentifier : 1, DiIndicator : DI )
----------------
2018-11-13 18:45:08,139 INFO  execution-log - [Sequence No - 26] Beginning WaitForControlCommand ( LogicalFieldName : Retro-active Date, LogicalFieldValue : True )
----------------
2018-11-13 18:45:14,658 INFO  execution-log - [Sequence No - 26]	 Command completed.
----------------
2018-11-13 18:45:14,665 INFO  execution-log - [Sequence No - 27] Beginning TestDataCommand ( LogicalFieldName : Rating Company, LogicalFieldValue : FDLI Protection Insurance Company )
----------------
2018-11-13 18:45:16,283 INFO  execution-log - [Sequence No - 27]	 Command completed.
----------------
2018-11-13 18:45:16,287 INFO  execution-log - [Sequence No - 28] Beginning TestDataCommand ( LogicalFieldName : Retro-active Date, LogicalFieldValue : 09/11/2018 )
----------------
2018-11-13 18:45:16,427 INFO  execution-log - [Sequence No - 28]	 Command completed.
----------------
2018-11-13 18:45:16,431 INFO  execution-log - [Sequence No - 29] Beginning TestDataCommand ( LogicalFieldName : Professional Liability Gross Sales, LogicalFieldValue : 100000 )
----------------
2018-11-13 18:45:16,565 INFO  execution-log - [Sequence No - 29]	 Command completed.
----------------
2018-11-13 18:45:16,570 INFO  execution-log - [Sequence No - 30] Beginning ActionCommand ( LogicalFieldName : QuoteDetails Page, LogicalFieldValue : Click )
----------------
2018-11-13 18:45:16,682 INFO  execution-log - [Sequence No - 30]	 Command completed.
----------------
2018-11-13 18:45:16,687 INFO  execution-log - [Sequence No - 31] Beginning ActionCommand ( LogicalFieldName : Save Changes, LogicalFieldValue : Click )
----------------
2018-11-13 18:45:16,830 INFO  execution-log - [Sequence No - 31]	 Command completed.
----------------
2018-11-13 18:45:16,834 INFO  execution-log - [Sequence No - 32] Beginning WaitForControlCommand ( LogicalFieldName : Rate Quote, LogicalFieldValue : True )
----------------
2018-11-13 18:45:17,598 INFO  execution-log - [Sequence No - 32]	 Command completed.
----------------
2018-11-13 18:45:17,603 INFO  execution-log - [Sequence No - 33] Beginning ActionCommand ( LogicalFieldName : Rate Quote, LogicalFieldValue : Click-Wait(1000) )
----------------
2018-11-13 18:45:19,807 INFO  execution-log - [Sequence No - 33]	 Command completed.
----------------
2018-11-13 18:45:19,813 INFO  execution-log - [Sequence No - 34] Beginning WaitForControlCommand ( LogicalFieldName : Request Issue, LogicalFieldValue : True )
----------------
2018-11-13 18:45:32,710 ERROR execution-log - TC # : 2, Waited, but the Request Issue control never appeared.
----------------
2018-11-13 18:45:40,800 ERROR execution-log - TC # : 2, Waited, but the Request Issue control never appeared.
----------------
2018-11-13 18:45:40,810 ERROR execution-log - TC # : 2, No more iterations to run. Test execution will abort.
----------------
2018-11-13 18:45:40,814 ERROR execution-log - TC # : 2, Framework failed to run the test due to a test configuration error.
	VM.Platform.TestAutomationFramework.Core.Exceptions.WorkflowFailedException: Waited, but the Request Issue control never appeared. ---> OpenQA.Selenium.WebDriverTimeoutException: Timed out after 10 seconds ---> OpenQA.Selenium.NoSuchElementException: no such element: Unable to locate element: {"method":"xpath","selector":"//*[text()=' >>> request issue']"}
  (Session info: chrome=70.0.3538.77)
  (Driver info: chromedriver=2.40.565498 (ea082db3280dd6843ebfb08a625e3eb905c4f5ab),platform=Windows NT 10.0.14393 x86_64)
   at OpenQA.Selenium.Remote.RemoteWebDriver.UnpackAndThrowOnError(Response errorResponse)
   at OpenQA.Selenium.Remote.RemoteWebDriver.Execute(String driverCommandToExecute, Dictionary`2 parameters)
   at OpenQA.Selenium.Remote.RemoteWebDriver.FindElement(String mechanism, String value)
   at OpenQA.Selenium.Remote.RemoteWebDriver.FindElementByXPath(String xpath)
   at OpenQA.Selenium.By.<>c__DisplayClass19_0.<XPath>b__0(ISearchContext context)
   at OpenQA.Selenium.By.FindElement(ISearchContext context)
   at OpenQA.Selenium.Remote.RemoteWebDriver.FindElement(By by)
   at OpenQA.Selenium.Support.UI.ExpectedConditions.<>c__DisplayClass19_0.<ElementToBeClickable>b__0(IWebDriver driver)
   at OpenQA.Selenium.Support.UI.DefaultWait`1.Until[TResult](Func`2 condition)
   --- End of inner exception stack trace ---
   at OpenQA.Selenium.Support.UI.DefaultWait`1.ThrowTimeoutException(String exceptionMessage, Exception lastException)
   at OpenQA.Selenium.Support.UI.DefaultWait`1.Until[TResult](Func`2 condition)
   at VM.Platform.TestAutomationFramework.Adapters.Selenium.SeleniumAdapter.WaitForElementToBeClickable(ControlDefinition ctrlDefinition) in C:\Users\DasariW\Desktop\VM Framework\v4Dev_Updated\v4Dev_Updated\VMTestAutomation\Src\Framework.Adapters.Selenium\SeleniumAdapter.cs:line 713
   at VM.Platform.TestAutomationFramework.UIAutomation.Commands.Interactions.WaitForControlCommand.Execute(TestRunContext context) in C:\Users\DasariW\Desktop\VM Framework\v4Dev_Updated\v4Dev_Updated\VMTestAutomation\Src\Framework.UIAutomation\Commands\Interactions\WaitForControlCommand.cs:line 33
   --- End of inner exception stack trace ---
   at VM.Platform.TestAutomationFramework.UIAutomation.Commands.Interactions.WaitForControlCommand.Execute(TestRunContext context) in C:\Users\DasariW\Desktop\VM Framework\v4Dev_Updated\v4Dev_Updated\VMTestAutomation\Src\Framework.UIAutomation\Commands\Interactions\WaitForControlCommand.cs:line 44
   at VM.Platform.TestAutomationFramework.Core.Decorators.CommandDecorator.Execute(TestRunContext context) in C:\Users\DasariW\Desktop\VM Framework\v4Dev_Updated\v4Dev_Updated\VMTestAutomation\Src\Framework.Core\Decorators\CommandDecorator.cs:line 22
   at VM.Platform.TestAutomationFramework.Core.Decorators.CommandLogger.Execute(TestRunContext context) in C:\Users\DasariW\Desktop\VM Framework\v4Dev_Updated\v4Dev_Updated\VMTestAutomation\Src\Framework.Core\Decorators\CommandLogger.cs:line 93
   at VM.Platform.TestAutomationFramework.Core.Decorators.CommandDecorator.Execute(TestRunContext context) in C:\Users\DasariW\Desktop\VM Framework\v4Dev_Updated\v4Dev_Updated\VMTestAutomation\Src\Framework.Core\Decorators\CommandDecorator.cs:line 22
   at VM.Platform.TestAutomationFramework.Core.Decorators.CommandErrorHandler.Execute(TestRunContext context) in C:\Users\DasariW\Desktop\VM Framework\v4Dev_Updated\v4Dev_Updated\VMTestAutomation\Src\Framework.Core\Decorators\CommandErrorHandler.cs:line 65
   at VM.Platform.TestAutomationFramework.Core.Decorators.CommandDecorator.Execute(TestRunContext context) in C:\Users\DasariW\Desktop\VM Framework\v4Dev_Updated\v4Dev_Updated\VMTestAutomation\Src\Framework.Core\Decorators\CommandDecorator.cs:line 22
   at VM.Platform.TestAutomationFramework.Core.Decorators.CommandTimer.Execute(TestRunContext context) in C:\Users\DasariW\Desktop\VM Framework\v4Dev_Updated\v4Dev_Updated\VMTestAutomation\Src\Framework.Core\Decorators\CommandTimer.cs:line 26
   at VM.Platform.TestAutomationFramework.Core.Decorators.CommandDecorator.Execute(TestRunContext context) in C:\Users\DasariW\Desktop\VM Framework\v4Dev_Updated\v4Dev_Updated\VMTestAutomation\Src\Framework.Core\Decorators\CommandDecorator.cs:line 22
   at VM.Platform.TestAutomationFramework.Core.Decorators.IgnorePagesDecorator.Execute(TestRunContext context) in C:\Users\DasariW\Desktop\VM Framework\v4Dev_Updated\v4Dev_Updated\VMTestAutomation\Src\Framework.Core\Decorators\IgnorePagesDecorator.cs:line 24
   at VM.Platform.TestAutomationFramework.UIAutomation.Commands.Workflow.LoadTestDataItemCommand.Execute(TestRunContext context) in C:\Users\DasariW\Desktop\VM Framework\v4Dev_Updated\v4Dev_Updated\VMTestAutomation\Src\Framework.UIAutomation\Commands\Workflow\LoadTestDataItemCommand.cs:line 96
   at VM.Platform.TestAutomationFramework.Core.Decorators.CommandDecorator.Execute(TestRunContext context) in C:\Users\DasariW\Desktop\VM Framework\v4Dev_Updated\v4Dev_Updated\VMTestAutomation\Src\Framework.Core\Decorators\CommandDecorator.cs:line 22
   at VM.Platform.TestAutomationFramework.Core.Decorators.CommandLogger.Execute(TestRunContext context) in C:\Users\DasariW\Desktop\VM Framework\v4Dev_Updated\v4Dev_Updated\VMTestAutomation\Src\Framework.Core\Decorators\CommandLogger.cs:line 93
   at VM.Platform.TestAutomationFramework.Core.Decorators.CommandDecorator.Execute(TestRunContext context) in C:\Users\DasariW\Desktop\VM Framework\v4Dev_Updated\v4Dev_Updated\VMTestAutomation\Src\Framework.Core\Decorators\CommandDecorator.cs:line 22
   at VM.Platform.TestAutomationFramework.Core.Decorators.CommandErrorHandler.Execute(TestRunContext context) in C:\Users\DasariW\Desktop\VM Framework\v4Dev_Updated\v4Dev_Updated\VMTestAutomation\Src\Framework.Core\Decorators\CommandErrorHandler.cs:line 65
   at VM.Platform.TestAutomationFramework.Core.Decorators.CommandDecorator.Execute(TestRunContext context) in C:\Users\DasariW\Desktop\VM Framework\v4Dev_Updated\v4Dev_Updated\VMTestAutomation\Src\Framework.Core\Decorators\CommandDecorator.cs:line 22
   at VM.Platform.TestAutomationFramework.Core.Decorators.CommandTimer.Execute(TestRunContext context) in C:\Users\DasariW\Desktop\VM Framework\v4Dev_Updated\v4Dev_Updated\VMTestAutomation\Src\Framework.Core\Decorators\CommandTimer.cs:line 26
   at VM.Platform.TestAutomationFramework.Core.Decorators.CommandDecorator.Execute(TestRunContext context) in C:\Users\DasariW\Desktop\VM Framework\v4Dev_Updated\v4Dev_Updated\VMTestAutomation\Src\Framework.Core\Decorators\CommandDecorator.cs:line 22
   at VM.Platform.TestAutomationFramework.Core.Decorators.IgnorePagesDecorator.Execute(TestRunContext context) in C:\Users\DasariW\Desktop\VM Framework\v4Dev_Updated\v4Dev_Updated\VMTestAutomation\Src\Framework.Core\Decorators\IgnorePagesDecorator.cs:line 24
   at VM.Platform.TestAutomationFramework.Core.TestCommandRunner.Execute(TestRunContext testRunContext) in C:\Users\DasariW\Desktop\VM Framework\v4Dev_Updated\v4Dev_Updated\VMTestAutomation\Src\Framework.Core\TestCommandRunner.cs:line 75
   at VM.Platform.TestAutomationFramework.Core.SingleTestCaseRunner.ExecuteSingleTestCase(Int32 testCaseId, String targetEnvironment, String repositiory, Int32 Retry) in C:\Users\DasariW\Desktop\VM Framework\v4Dev_Updated\v4Dev_Updated\VMTestAutomation\Src\Framework.Core\SingleTestCaseRunner.cs:line 167
----------------
2018-11-13 18:45:40,824 INFO  execution-log - Saving captured values to file.
----------------
2018-11-13 18:45:40,825 ERROR execution-log - TC # : 2,  has failed
----------------
