2018-11-09 04:37:49,599 INFO  execution-log - 	Initializing control map with map # Master
----------------
2018-11-09 04:37:49,600 INFO  execution-log - Initializing Test Automation
----------------
2018-11-09 04:37:49,601 INFO  execution-log - 	target browser: Chrome
----------------
2018-11-09 04:37:49,602 INFO  execution-log - TC # : 2, Downloading test case from DB
----------------
2018-11-09 04:37:49,619 INFO  execution-log - TC # : 2, Getting control map :Master from DB
----------------
2018-11-09 04:37:49,619 INFO  execution-log - TC # : 2, Getting test data from DB
----------------
2018-11-09 04:37:49,624 INFO  execution-log - TC # : 2, Control map retrieval completed
----------------
2018-11-09 04:37:49,630 INFO  execution-log - TC # : 2, Test data retrieval completed
----------------
2018-11-09 04:37:49,631 INFO  execution-log - TC # : 2, Parsing commands
----------------
2018-11-09 04:37:49,633 INFO  execution-log - Loading captured values from persistence.
----------------
2018-11-09 04:37:49,634 INFO  execution-log - TC # : 2, Started executing test case in the HISCOX environment (http://hiscpvt.cloud.hiscox.com/oneshield/index.jsp#gateway)
----------------
2018-11-09 04:37:49,685 INFO  execution-log -  Beginning StartIterationCommand ( Iterations : 1 )
----------------
2018-11-09 04:37:49,689 INFO  execution-log - TC # : 2, Starting iteration #1
----------------
2018-11-09 04:37:49,690 INFO  execution-log - 	 Command completed.
----------------
2018-11-09 04:37:49,692 INFO  execution-log -  Beginning InvokeApplicationCommand ( Target :  )
----------------
2018-11-09 04:37:51,036 INFO  execution-log - 	 Command completed.
----------------
2018-11-09 04:37:51,037 INFO  execution-log -  Beginning PageCommand ( CurrentPage : Login, FlowIdentifier : 1, DiIndicator : DI )
----------------
2018-11-09 04:37:51,038 INFO  execution-log - 	 Command completed.
----------------
2018-11-09 04:37:51,039 INFO  execution-log -  Beginning LoadTestDataItemCommand ( CurrentPage : Login, FlowIdentifier : 1, DiIndicator : DI )
----------------
2018-11-09 04:37:51,050 INFO  execution-log - [Sequence No - 1] Beginning TestDataCommand ( LogicalFieldName : Partner Number, LogicalFieldValue : 0 )
----------------
2018-11-09 04:37:52,380 INFO  execution-log - [Sequence No - 1]	 Command completed.
----------------
2018-11-09 04:37:52,385 INFO  execution-log - [Sequence No - 2] Beginning TestDataCommand ( LogicalFieldName : Username, LogicalFieldValue : karthicuw )
----------------
2018-11-09 04:37:52,620 INFO  execution-log - [Sequence No - 2]	 Command completed.
----------------
2018-11-09 04:37:52,625 INFO  execution-log - [Sequence No - 3] Beginning TestDataCommand ( LogicalFieldName : Password, LogicalFieldValue : Monday!23 )
----------------
2018-11-09 04:37:52,830 INFO  execution-log - [Sequence No - 3]	 Command completed.
----------------
2018-11-09 04:37:52,835 INFO  execution-log - [Sequence No - 4] Beginning TestDataCommand ( LogicalFieldName : Partner Number, LogicalFieldValue : 0 )
----------------
2018-11-09 04:37:52,942 INFO  execution-log - [Sequence No - 4]	 Command completed.
----------------
2018-11-09 04:37:52,949 INFO  execution-log - [Sequence No - 5] Beginning ActionCommand ( LogicalFieldName : Login Page, LogicalFieldValue : Click )
----------------
2018-11-09 04:37:53,110 INFO  execution-log - [Sequence No - 5]	 Command completed.
----------------
2018-11-09 04:37:53,118 INFO  execution-log - [Sequence No - 6] Beginning ActionCommand ( LogicalFieldName : Login Button, LogicalFieldValue : Click )
----------------
2018-11-09 04:37:53,298 INFO  execution-log - [Sequence No - 6]	 Command completed.
----------------
2018-11-09 04:37:53,305 INFO  execution-log - [Sequence No - 7] Beginning TestDataCommand ( LogicalFieldName : Partner Number, LogicalFieldValue : 0 )
----------------
2018-11-09 04:37:53,492 INFO  execution-log - [Sequence No - 7]	 Command completed.
----------------
2018-11-09 04:37:53,493 INFO  execution-log - 	 Command completed.
----------------
2018-11-09 04:37:53,494 INFO  execution-log -  Beginning PageCommand ( CurrentPage : Quotes, FlowIdentifier : 1, DiIndicator : DI )
----------------
2018-11-09 04:37:53,500 INFO  execution-log - 	 Command completed.
----------------
2018-11-09 04:37:53,502 INFO  execution-log -  Beginning LoadTestDataItemCommand ( CurrentPage : Quotes, FlowIdentifier : 1, DiIndicator : DI )
----------------
2018-11-09 04:37:53,507 INFO  execution-log - [Sequence No - 8] Beginning WaitForControlCommand ( LogicalFieldName : Quotes_Link, LogicalFieldValue : True )
----------------
2018-11-09 04:37:54,348 INFO  execution-log - [Sequence No - 8]	 Command completed.
----------------
2018-11-09 04:37:54,353 INFO  execution-log - [Sequence No - 9] Beginning ActionCommand ( LogicalFieldName : Quotes_Link, LogicalFieldValue : Click )
----------------
2018-11-09 04:37:54,620 INFO  execution-log - [Sequence No - 9]	 Command completed.
----------------
2018-11-09 04:37:54,625 INFO  execution-log - [Sequence No - 10] Beginning WaitForControlCommand ( LogicalFieldName : New quote, LogicalFieldValue : True )
----------------
2018-11-09 04:37:56,639 INFO  execution-log - [Sequence No - 10]	 Command completed.
----------------
2018-11-09 04:37:56,651 INFO  execution-log - [Sequence No - 11] Beginning ActionCommand ( LogicalFieldName : New quote, LogicalFieldValue : Click )
----------------
2018-11-09 04:37:56,802 INFO  execution-log - [Sequence No - 11]	 Command completed.
----------------
2018-11-09 04:37:56,807 INFO  execution-log - [Sequence No - 12] Beginning ActionCommand ( LogicalFieldName : Select Producing Agency, LogicalFieldValue : Click-Wait(500) )
----------------
2018-11-09 04:37:58,253 INFO  execution-log - [Sequence No - 12]	 Command completed.
----------------
2018-11-09 04:37:58,258 INFO  execution-log - [Sequence No - 13] Beginning ActionCommand ( LogicalFieldName : Select Agency, LogicalFieldValue : Click )
----------------
2018-11-09 04:37:58,429 INFO  execution-log - [Sequence No - 13]	 Command completed.
----------------
2018-11-09 04:37:58,434 INFO  execution-log - [Sequence No - 14] Beginning WaitForControlCommand ( LogicalFieldName : Producer, LogicalFieldValue : True )
----------------
2018-11-09 04:38:00,203 INFO  execution-log - [Sequence No - 14]	 Command completed.
----------------
2018-11-09 04:38:00,208 INFO  execution-log - [Sequence No - 15] Beginning ActionCommand ( LogicalFieldName : Producer, LogicalFieldValue : Click-Wait(500) )
----------------
2018-11-09 04:38:01,373 INFO  execution-log - [Sequence No - 15]	 Command completed.
----------------
2018-11-09 04:38:01,377 INFO  execution-log - [Sequence No - 16] Beginning TestDataCommand ( LogicalFieldName : Producer, LogicalFieldValue : Agency  Producer )
----------------
2018-11-09 04:38:01,915 INFO  execution-log - [Sequence No - 16]	 Command completed.
----------------
2018-11-09 04:38:01,920 INFO  execution-log - [Sequence No - 17] Beginning TestDataCommand ( LogicalFieldName : First Name, LogicalFieldValue : HISCOX )
----------------
2018-11-09 04:38:02,215 INFO  execution-log - [Sequence No - 17]	 Command completed.
----------------
2018-11-09 04:38:02,220 INFO  execution-log - [Sequence No - 18] Beginning TestDataCommand ( LogicalFieldName : Last Name, LogicalFieldValue : Demo )
----------------
2018-11-09 04:38:02,445 INFO  execution-log - [Sequence No - 18]	 Command completed.
----------------
2018-11-09 04:38:02,450 INFO  execution-log - [Sequence No - 19] Beginning TestDataCommand ( LogicalFieldName : City, LogicalFieldValue : Atlanta )
----------------
2018-11-09 04:38:02,703 INFO  execution-log - [Sequence No - 19]	 Command completed.
----------------
2018-11-09 04:38:02,707 INFO  execution-log - [Sequence No - 20] Beginning TestDataCommand ( LogicalFieldName : State, LogicalFieldValue : Georgia )
----------------
2018-11-09 04:38:03,064 INFO  execution-log - [Sequence No - 20]	 Command completed.
----------------
2018-11-09 04:38:03,071 INFO  execution-log - [Sequence No - 21] Beginning TestDataCommand ( LogicalFieldName : Zip, LogicalFieldValue : 30338 )
----------------
2018-11-09 04:38:03,256 INFO  execution-log - [Sequence No - 21]	 Command completed.
----------------
2018-11-09 04:38:03,262 INFO  execution-log - [Sequence No - 22] Beginning TestDataCommand ( LogicalFieldName : Address Line 1, LogicalFieldValue : 1 Main st )
----------------
2018-11-09 04:38:03,540 INFO  execution-log - [Sequence No - 22]	 Command completed.
----------------
2018-11-09 04:38:03,555 INFO  execution-log - [Sequence No - 23] Beginning TestDataCommand ( LogicalFieldName : Address Line 2, LogicalFieldValue : 1 )
----------------
2018-11-09 04:38:03,685 INFO  execution-log - [Sequence No - 23]	 Command completed.
----------------
2018-11-09 04:38:03,690 INFO  execution-log - [Sequence No - 24] Beginning ActionCommand ( LogicalFieldName : Product line (errors and omissions), LogicalFieldValue : Click )
----------------
2018-11-09 04:38:03,885 INFO  execution-log - [Sequence No - 24]	 Command completed.
----------------
2018-11-09 04:38:03,892 INFO  execution-log - [Sequence No - 25] Beginning ActionCommand ( LogicalFieldName : Customer search, LogicalFieldValue : Click )
----------------
2018-11-09 04:38:04,162 INFO  execution-log - [Sequence No - 25]	 Command completed.
----------------
2018-11-09 04:38:04,163 INFO  execution-log - 	 Command completed.
----------------
2018-11-09 04:38:04,164 INFO  execution-log -  Beginning PageCommand ( CurrentPage : QuoteDetails, FlowIdentifier : 1, DiIndicator : DI )
----------------
2018-11-09 04:38:04,165 INFO  execution-log - 	 Command completed.
----------------
2018-11-09 04:38:04,166 INFO  execution-log -  Beginning LoadTestDataItemCommand ( CurrentPage : QuoteDetails, FlowIdentifier : 1, DiIndicator : DI )
----------------
2018-11-09 04:38:04,185 INFO  execution-log - [Sequence No - 26] Beginning WaitForControlCommand ( LogicalFieldName : Retro-active Date, LogicalFieldValue : True )
----------------
2018-11-09 04:38:10,880 INFO  execution-log - [Sequence No - 26]	 Command completed.
----------------
2018-11-09 04:38:10,885 INFO  execution-log - [Sequence No - 27] Beginning TestDataCommand ( LogicalFieldName : Rating Company, LogicalFieldValue : FDLI Protection Insurance Company )
----------------
2018-11-09 04:38:12,566 INFO  execution-log - [Sequence No - 27]	 Command completed.
----------------
2018-11-09 04:38:12,571 INFO  execution-log - [Sequence No - 28] Beginning TestDataCommand ( LogicalFieldName : Retro-active Date, LogicalFieldValue : 09/11/2018 )
----------------
2018-11-09 04:38:12,736 INFO  execution-log - [Sequence No - 28]	 Command completed.
----------------
2018-11-09 04:38:12,741 INFO  execution-log - [Sequence No - 29] Beginning TestDataCommand ( LogicalFieldName : Professional Liability Gross Sales, LogicalFieldValue : 100000 )
----------------
2018-11-09 04:38:12,875 INFO  execution-log - [Sequence No - 29]	 Command completed.
----------------
2018-11-09 04:38:12,880 INFO  execution-log - [Sequence No - 30] Beginning ActionCommand ( LogicalFieldName : QuoteDetails Page, LogicalFieldValue : Click )
----------------
2018-11-09 04:38:13,024 INFO  execution-log - [Sequence No - 30]	 Command completed.
----------------
2018-11-09 04:38:13,028 INFO  execution-log - [Sequence No - 31] Beginning ActionCommand ( LogicalFieldName : Save Changes, LogicalFieldValue : Click )
----------------
2018-11-09 04:38:13,207 INFO  execution-log - [Sequence No - 31]	 Command completed.
----------------
2018-11-09 04:38:13,219 INFO  execution-log - [Sequence No - 32] Beginning WaitForControlCommand ( LogicalFieldName : Rate Quote, LogicalFieldValue : True )
----------------
2018-11-09 04:38:14,301 INFO  execution-log - [Sequence No - 32]	 Command completed.
----------------
2018-11-09 04:38:14,308 INFO  execution-log - [Sequence No - 33] Beginning ActionCommand ( LogicalFieldName : Rate Quote, LogicalFieldValue : Click-Wait(1000) )
----------------
2018-11-09 04:38:16,454 INFO  execution-log - [Sequence No - 33]	 Command completed.
----------------
2018-11-09 04:38:16,458 INFO  execution-log - [Sequence No - 34] Beginning WaitForControlCommand ( LogicalFieldName : Request Issue, LogicalFieldValue : True )
----------------
2018-11-09 04:38:22,903 INFO  execution-log - [Sequence No - 34]	 Command completed.
----------------
2018-11-09 04:38:22,909 INFO  execution-log - [Sequence No - 35] Beginning ActionCommand ( LogicalFieldName : Request Issue, LogicalFieldValue : Click-Wait(1000) )
----------------
2018-11-09 04:38:25,122 INFO  execution-log - [Sequence No - 35]	 Command completed.
----------------
2018-11-09 04:38:25,127 INFO  execution-log - [Sequence No - 36] Beginning WaitForControlCommand ( LogicalFieldName : Next, LogicalFieldValue : True )
----------------
2018-11-09 04:38:26,006 INFO  execution-log - [Sequence No - 36]	 Command completed.
----------------
2018-11-09 04:38:26,010 INFO  execution-log - [Sequence No - 37] Beginning ActionCommand ( LogicalFieldName : Next, LogicalFieldValue : Click )
----------------
2018-11-09 04:38:26,191 INFO  execution-log - [Sequence No - 37]	 Command completed.
----------------
2018-11-09 04:38:26,193 INFO  execution-log - 	 Command completed.
----------------
2018-11-09 04:38:26,194 INFO  execution-log -  Beginning PageCommand ( CurrentPage : Payment Profile, FlowIdentifier : 1, DiIndicator : DI )
----------------
2018-11-09 04:38:26,195 INFO  execution-log - 	 Command completed.
----------------
2018-11-09 04:38:26,202 INFO  execution-log -  Beginning LoadTestDataItemCommand ( CurrentPage : Payment Profile, FlowIdentifier : 1, DiIndicator : DI )
----------------
2018-11-09 04:38:26,207 INFO  execution-log - [Sequence No - 38] Beginning WaitForControlCommand ( LogicalFieldName : Check Payment, LogicalFieldValue : True )
----------------
2018-11-09 04:38:27,718 INFO  execution-log - [Sequence No - 38]	 Command completed.
----------------
2018-11-09 04:38:27,723 INFO  execution-log - [Sequence No - 39] Beginning ActionCommand ( LogicalFieldName : Check Payment, LogicalFieldValue : Click )
----------------
2018-11-09 04:38:27,868 INFO  execution-log - [Sequence No - 39]	 Command completed.
----------------
2018-11-09 04:38:27,873 INFO  execution-log - [Sequence No - 40] Beginning ActionCommand ( LogicalFieldName : Next, LogicalFieldValue : Click-Wait(1000) )
----------------
2018-11-09 04:38:30,182 INFO  execution-log - [Sequence No - 40]	 Command completed.
----------------
2018-11-09 04:38:30,183 INFO  execution-log - 	 Command completed.
----------------
2018-11-09 04:38:30,184 INFO  execution-log -  Beginning PageCommand ( CurrentPage : Billing Choices, FlowIdentifier : 1, DiIndicator : DI )
----------------
2018-11-09 04:38:30,185 INFO  execution-log - 	 Command completed.
----------------
2018-11-09 04:38:30,186 INFO  execution-log -  Beginning LoadTestDataItemCommand ( CurrentPage : Billing Choices, FlowIdentifier : 1, DiIndicator : DI )
----------------
2018-11-09 04:38:30,192 INFO  execution-log - [Sequence No - 41] Beginning WaitForControlCommand ( LogicalFieldName : Email Address, LogicalFieldValue : True )
----------------
2018-11-09 04:38:30,241 INFO  execution-log - [Sequence No - 41]	 Command completed.
----------------
2018-11-09 04:38:30,246 INFO  execution-log - [Sequence No - 42] Beginning ActionCommand ( LogicalFieldName : Email Address, LogicalFieldValue : Click-Wait(2000) )
----------------
2018-11-09 04:38:34,454 INFO  execution-log - [Sequence No - 42]	 Command completed.
----------------
2018-11-09 04:38:34,460 INFO  execution-log - [Sequence No - 43] Beginning TestDataCommand ( LogicalFieldName : Email Address, LogicalFieldValue : Abc1@Abc.com )
----------------
2018-11-09 04:38:34,639 INFO  execution-log - [Sequence No - 43]	 Command completed.
----------------
2018-11-09 04:38:34,644 INFO  execution-log - [Sequence No - 44] Beginning ActionCommand ( LogicalFieldName : Next, LogicalFieldValue : Click )
----------------
2018-11-09 04:38:34,854 INFO  execution-log - [Sequence No - 44]	 Command completed.
----------------
2018-11-09 04:38:34,855 INFO  execution-log - 	 Command completed.
----------------
2018-11-09 04:38:34,856 INFO  execution-log -  Beginning PageCommand ( CurrentPage : Quote Bind, FlowIdentifier : 1, DiIndicator : DI )
----------------
2018-11-09 04:38:34,857 INFO  execution-log - 	 Command completed.
----------------
2018-11-09 04:38:34,858 INFO  execution-log -  Beginning LoadTestDataItemCommand ( CurrentPage : Quote Bind, FlowIdentifier : 1, DiIndicator : DI )
----------------
2018-11-09 04:38:34,863 INFO  execution-log - [Sequence No - 45] Beginning WaitForControlCommand ( LogicalFieldName : Bind, LogicalFieldValue : True )
----------------
2018-11-09 04:38:47,888 ERROR execution-log - TC # : 2, Waited, but the Bind control never appeared.
----------------
2018-11-09 04:38:55,995 ERROR execution-log - TC # : 2, Waited, but the Bind control never appeared.
----------------
2018-11-09 04:38:56,027 ERROR execution-log - TC # : 2, No more iterations to run. Test execution will abort.
----------------
2018-11-09 04:38:56,083 ERROR execution-log - TC # : 2, Framework failed to run the test due to a test configuration error.
	VM.Platform.TestAutomationFramework.Core.Exceptions.WorkflowFailedException: Waited, but the Bind control never appeared. ---> OpenQA.Selenium.WebDriverTimeoutException: Timed out after 10 seconds ---> OpenQA.Selenium.NoSuchElementException: no such element: Unable to locate element: {"method":"xpath","selector":"//*[@id="osActionButton-588006-btnInnerEl"]"}
  (Session info: chrome=70.0.3538.77)
  (Driver info: chromedriver=2.40.565498 (ea082db3280dd6843ebfb08a625e3eb905c4f5ab),platform=Windows NT 10.0.14393 x86_64)
   at OpenQA.Selenium.Remote.RemoteWebDriver.UnpackAndThrowOnError(Response errorResponse)
   at OpenQA.Selenium.Remote.RemoteWebDriver.Execute(String driverCommandToExecute, Dictionary`2 parameters)
   at OpenQA.Selenium.Remote.RemoteWebDriver.FindElement(String mechanism, String value)
   at OpenQA.Selenium.Remote.RemoteWebDriver.FindElementByXPath(String xpath)
   at OpenQA.Selenium.By.<>c__DisplayClass19_0.<XPath>b__0(ISearchContext context)
   at OpenQA.Selenium.By.FindElement(ISearchContext context)
   at OpenQA.Selenium.Remote.RemoteWebDriver.FindElement(By by)
   at OpenQA.Selenium.Support.UI.ExpectedConditions.<>c__DisplayClass19_0.<ElementToBeClickable>b__0(IWebDriver driver)
   at OpenQA.Selenium.Support.UI.DefaultWait`1.Until[TResult](Func`2 condition)
   --- End of inner exception stack trace ---
   at OpenQA.Selenium.Support.UI.DefaultWait`1.ThrowTimeoutException(String exceptionMessage, Exception lastException)
   at OpenQA.Selenium.Support.UI.DefaultWait`1.Until[TResult](Func`2 condition)
   at VM.Platform.TestAutomationFramework.Adapters.Selenium.SeleniumAdapter.WaitForElementToBeClickable(ControlDefinition ctrlDefinition) in C:\Users\DasariW\Desktop\VM Framework\v4Dev_Updated\v4Dev_Updated\VMTestAutomation\Src\Framework.Adapters.Selenium\SeleniumAdapter.cs:line 713
   at VM.Platform.TestAutomationFramework.UIAutomation.Commands.Interactions.WaitForControlCommand.Execute(TestRunContext context) in C:\Users\DasariW\Desktop\VM Framework\v4Dev_Updated\v4Dev_Updated\VMTestAutomation\Src\Framework.UIAutomation\Commands\Interactions\WaitForControlCommand.cs:line 33
   --- End of inner exception stack trace ---
   at VM.Platform.TestAutomationFramework.UIAutomation.Commands.Interactions.WaitForControlCommand.Execute(TestRunContext context) in C:\Users\DasariW\Desktop\VM Framework\v4Dev_Updated\v4Dev_Updated\VMTestAutomation\Src\Framework.UIAutomation\Commands\Interactions\WaitForControlCommand.cs:line 44
   at VM.Platform.TestAutomationFramework.Core.Decorators.CommandDecorator.Execute(TestRunContext context) in C:\Users\DasariW\Desktop\VM Framework\v4Dev_Updated\v4Dev_Updated\VMTestAutomation\Src\Framework.Core\Decorators\CommandDecorator.cs:line 22
   at VM.Platform.TestAutomationFramework.Core.Decorators.CommandLogger.Execute(TestRunContext context) in C:\Users\DasariW\Desktop\VM Framework\v4Dev_Updated\v4Dev_Updated\VMTestAutomation\Src\Framework.Core\Decorators\CommandLogger.cs:line 93
   at VM.Platform.TestAutomationFramework.Core.Decorators.CommandDecorator.Execute(TestRunContext context) in C:\Users\DasariW\Desktop\VM Framework\v4Dev_Updated\v4Dev_Updated\VMTestAutomation\Src\Framework.Core\Decorators\CommandDecorator.cs:line 22
   at VM.Platform.TestAutomationFramework.Core.Decorators.CommandErrorHandler.Execute(TestRunContext context) in C:\Users\DasariW\Desktop\VM Framework\v4Dev_Updated\v4Dev_Updated\VMTestAutomation\Src\Framework.Core\Decorators\CommandErrorHandler.cs:line 65
   at VM.Platform.TestAutomationFramework.Core.Decorators.CommandDecorator.Execute(TestRunContext context) in C:\Users\DasariW\Desktop\VM Framework\v4Dev_Updated\v4Dev_Updated\VMTestAutomation\Src\Framework.Core\Decorators\CommandDecorator.cs:line 22
   at VM.Platform.TestAutomationFramework.Core.Decorators.CommandTimer.Execute(TestRunContext context) in C:\Users\DasariW\Desktop\VM Framework\v4Dev_Updated\v4Dev_Updated\VMTestAutomation\Src\Framework.Core\Decorators\CommandTimer.cs:line 26
   at VM.Platform.TestAutomationFramework.Core.Decorators.CommandDecorator.Execute(TestRunContext context) in C:\Users\DasariW\Desktop\VM Framework\v4Dev_Updated\v4Dev_Updated\VMTestAutomation\Src\Framework.Core\Decorators\CommandDecorator.cs:line 22
   at VM.Platform.TestAutomationFramework.Core.Decorators.IgnorePagesDecorator.Execute(TestRunContext context) in C:\Users\DasariW\Desktop\VM Framework\v4Dev_Updated\v4Dev_Updated\VMTestAutomation\Src\Framework.Core\Decorators\IgnorePagesDecorator.cs:line 24
   at VM.Platform.TestAutomationFramework.UIAutomation.Commands.Workflow.LoadTestDataItemCommand.Execute(TestRunContext context) in C:\Users\DasariW\Desktop\VM Framework\v4Dev_Updated\v4Dev_Updated\VMTestAutomation\Src\Framework.UIAutomation\Commands\Workflow\LoadTestDataItemCommand.cs:line 96
   at VM.Platform.TestAutomationFramework.Core.Decorators.CommandDecorator.Execute(TestRunContext context) in C:\Users\DasariW\Desktop\VM Framework\v4Dev_Updated\v4Dev_Updated\VMTestAutomation\Src\Framework.Core\Decorators\CommandDecorator.cs:line 22
   at VM.Platform.TestAutomationFramework.Core.Decorators.CommandLogger.Execute(TestRunContext context) in C:\Users\DasariW\Desktop\VM Framework\v4Dev_Updated\v4Dev_Updated\VMTestAutomation\Src\Framework.Core\Decorators\CommandLogger.cs:line 93
   at VM.Platform.TestAutomationFramework.Core.Decorators.CommandDecorator.Execute(TestRunContext context) in C:\Users\DasariW\Desktop\VM Framework\v4Dev_Updated\v4Dev_Updated\VMTestAutomation\Src\Framework.Core\Decorators\CommandDecorator.cs:line 22
   at VM.Platform.TestAutomationFramework.Core.Decorators.CommandErrorHandler.Execute(TestRunContext context) in C:\Users\DasariW\Desktop\VM Framework\v4Dev_Updated\v4Dev_Updated\VMTestAutomation\Src\Framework.Core\Decorators\CommandErrorHandler.cs:line 65
   at VM.Platform.TestAutomationFramework.Core.Decorators.CommandDecorator.Execute(TestRunContext context) in C:\Users\DasariW\Desktop\VM Framework\v4Dev_Updated\v4Dev_Updated\VMTestAutomation\Src\Framework.Core\Decorators\CommandDecorator.cs:line 22
   at VM.Platform.TestAutomationFramework.Core.Decorators.CommandTimer.Execute(TestRunContext context) in C:\Users\DasariW\Desktop\VM Framework\v4Dev_Updated\v4Dev_Updated\VMTestAutomation\Src\Framework.Core\Decorators\CommandTimer.cs:line 26
   at VM.Platform.TestAutomationFramework.Core.Decorators.CommandDecorator.Execute(TestRunContext context) in C:\Users\DasariW\Desktop\VM Framework\v4Dev_Updated\v4Dev_Updated\VMTestAutomation\Src\Framework.Core\Decorators\CommandDecorator.cs:line 22
   at VM.Platform.TestAutomationFramework.Core.Decorators.IgnorePagesDecorator.Execute(TestRunContext context) in C:\Users\DasariW\Desktop\VM Framework\v4Dev_Updated\v4Dev_Updated\VMTestAutomation\Src\Framework.Core\Decorators\IgnorePagesDecorator.cs:line 24
   at VM.Platform.TestAutomationFramework.Core.TestCommandRunner.Execute(TestRunContext testRunContext) in C:\Users\DasariW\Desktop\VM Framework\v4Dev_Updated\v4Dev_Updated\VMTestAutomation\Src\Framework.Core\TestCommandRunner.cs:line 75
   at VM.Platform.TestAutomationFramework.Core.SingleTestCaseRunner.ExecuteSingleTestCase(Int32 testCaseId, String targetEnvironment, String repositiory, Int32 Retry) in C:\Users\DasariW\Desktop\VM Framework\v4Dev_Updated\v4Dev_Updated\VMTestAutomation\Src\Framework.Core\SingleTestCaseRunner.cs:line 167
----------------
2018-11-09 04:38:57,450 INFO  execution-log - Saving captured values to file.
----------------
2018-11-09 04:38:57,454 ERROR execution-log - TC # : 2,  has failed
----------------
