2019-02-04 08:05:47,016 INFO  execution-log - 	Initializing control map with map # MASTER
----------------
2019-02-04 08:05:47,023 INFO  execution-log - Initializing Test Automation
----------------
2019-02-04 08:05:47,031 INFO  execution-log - 	target browser: Chrome
----------------
2019-02-04 08:05:47,037 INFO  execution-log - TC # : 1, Downloading test case from DB
----------------
2019-02-04 08:05:47,098 INFO  execution-log - TC # : 1, Getting test data from DB
----------------
2019-02-04 08:05:47,098 INFO  execution-log - TC # : 1, Getting control map :MASTER from DB
----------------
2019-02-04 08:05:47,120 INFO  execution-log - TC # : 1, Test data retrieval completed
----------------
2019-02-04 08:05:47,130 INFO  execution-log - TC # : 1, Control map retrieval completed
----------------
2019-02-04 08:05:47,134 INFO  execution-log - TC # : 1, Parsing commands
----------------
2019-02-04 08:05:47,149 INFO  execution-log - Loading captured values from persistence.
----------------
2019-02-04 08:05:47,157 INFO  execution-log - TC # : 1, Started executing test case in the VMTESTAPP1 environment (http://vam-qa.cloudapp.net:6363/pages/login.html)
----------------
2019-02-04 08:05:47,218 INFO  execution-log -  Beginning StartIterationCommand ( Iterations : 1 )
----------------
2019-02-04 08:05:47,237 INFO  execution-log - TC # : 1, Starting iteration #1
----------------
2019-02-04 08:05:47,252 INFO  execution-log - 	 Command completed.
----------------
2019-02-04 08:05:47,258 INFO  execution-log -  Beginning InvokeApplicationCommand ( Target :  )
----------------
2019-02-04 08:05:48,218 INFO  execution-log - 	 Command completed.
----------------
2019-02-04 08:05:48,226 INFO  execution-log -  Beginning PageCommand ( CurrentPage : Login, FlowIdentifier : 1, DiIndicator : DI )
----------------
2019-02-04 08:05:48,235 INFO  execution-log - 	 Command completed.
----------------
2019-02-04 08:05:48,242 INFO  execution-log -  Beginning LoadTestDataItemCommand ( CurrentPage : Login, FlowIdentifier : 1, DiIndicator : DI )
----------------
2019-02-04 08:05:48,264 INFO  execution-log - [Sequence No - 1] Beginning ValidateExistStatusCommand ( LogicalFieldName : User Name, LogicalFieldValue : True )
----------------
2019-02-04 08:05:48,290 INFO  execution-log - [Sequence No - 1]	 Command completed.
----------------
2019-02-04 08:05:48,302 INFO  execution-log - [Sequence No - 2] Beginning ActionCommand ( LogicalFieldName : User Name, LogicalFieldValue : Click )
----------------
2019-02-04 08:05:48,453 INFO  execution-log - [Sequence No - 2]	 Command completed.
----------------
2019-02-04 08:05:48,465 INFO  execution-log - [Sequence No - 3] Beginning TestDataCommand ( LogicalFieldName : User Name, LogicalFieldValue : Jack )
----------------
2019-02-04 08:05:48,568 INFO  execution-log - [Sequence No - 3]	 Command completed.
----------------
2019-02-04 08:05:48,579 INFO  execution-log - [Sequence No - 4] Beginning ValidateExistStatusCommand ( LogicalFieldName : Password, LogicalFieldValue : True )
----------------
2019-02-04 08:05:48,604 INFO  execution-log - [Sequence No - 4]	 Command completed.
----------------
2019-02-04 08:05:48,614 INFO  execution-log - [Sequence No - 5] Beginning TestDataCommand ( LogicalFieldName : Password, LogicalFieldValue : Smit@123 )
----------------
2019-02-04 08:05:48,758 INFO  execution-log - [Sequence No - 5]	 Command completed.
----------------
2019-02-04 08:05:48,769 INFO  execution-log - [Sequence No - 6] Beginning ValidateEnableStatusCommand ( LogicalFieldName : Login_Button, LogicalFieldValue : True )
----------------
2019-02-04 08:05:48,802 INFO  execution-log - [Sequence No - 6]	 Command completed.
----------------
2019-02-04 08:05:48,812 INFO  execution-log - [Sequence No - 7] Beginning ActionCommand ( LogicalFieldName : Login_Button, LogicalFieldValue : Click )
----------------
2019-02-04 08:05:48,929 INFO  execution-log - [Sequence No - 7]	 Command completed.
----------------
2019-02-04 08:05:48,937 INFO  execution-log - 	 Command completed.
----------------
2019-02-04 08:05:48,943 INFO  execution-log -  Beginning PageCommand ( CurrentPage : Home, FlowIdentifier : 2, DiIndicator : DI )
----------------
2019-02-04 08:05:48,948 INFO  execution-log - 	 Command completed.
----------------
2019-02-04 08:05:48,954 INFO  execution-log -  Beginning LoadTestDataItemCommand ( CurrentPage : Home, FlowIdentifier : 2, DiIndicator : DI )
----------------
2019-02-04 08:05:48,968 INFO  execution-log - [Sequence No - 8] Beginning ActionCommand ( LogicalFieldName : New Quote, LogicalFieldValue : Click )
----------------
2019-02-04 08:05:51,210 INFO  execution-log - [Sequence No - 8]	 Command completed.
----------------
2019-02-04 08:05:51,220 INFO  execution-log - 	 Command completed.
----------------
2019-02-04 08:05:51,225 INFO  execution-log -  Beginning PageCommand ( CurrentPage : New Quote, FlowIdentifier : 3, DiIndicator : DI )
----------------
2019-02-04 08:05:51,243 INFO  execution-log - 	 Command completed.
----------------
2019-02-04 08:05:51,249 INFO  execution-log -  Beginning LoadTestDataItemCommand ( CurrentPage : New Quote, FlowIdentifier : 3, DiIndicator : DI )
----------------
2019-02-04 08:05:51,264 INFO  execution-log - [Sequence No - 9] Beginning TestDataCommand ( LogicalFieldName : Account Name, LogicalFieldValue : RANDOMIZE(7,2) )
----------------
2019-02-04 08:05:51,531 INFO  execution-log - [Sequence No - 9]	 Command completed.
----------------
2019-02-04 08:05:51,542 INFO  execution-log - [Sequence No - 11] Beginning TestDataCommand ( LogicalFieldName : First Name, LogicalFieldValue : Jack )
----------------
2019-02-04 08:05:51,791 INFO  execution-log - [Sequence No - 11]	 Command completed.
----------------
2019-02-04 08:05:51,802 INFO  execution-log - [Sequence No - 12] Beginning TestDataCommand ( LogicalFieldName : Last Name, LogicalFieldValue : Smith )
----------------
2019-02-04 08:05:52,002 INFO  execution-log - [Sequence No - 12]	 Command completed.
----------------
2019-02-04 08:05:52,016 INFO  execution-log - [Sequence No - 13] Beginning TestDataCommand ( LogicalFieldName : ContactNumber1, LogicalFieldValue : 654 )
----------------
2019-02-04 08:05:52,150 INFO  execution-log - [Sequence No - 13]	 Command completed.
----------------
2019-02-04 08:05:52,160 INFO  execution-log - [Sequence No - 14] Beginning TestDataCommand ( LogicalFieldName : ContactNumber2, LogicalFieldValue : 321 )
----------------
2019-02-04 08:05:52,317 INFO  execution-log - [Sequence No - 14]	 Command completed.
----------------
2019-02-04 08:05:52,328 INFO  execution-log - [Sequence No - 15] Beginning TestDataCommand ( LogicalFieldName : ContactNumber3, LogicalFieldValue : 6541 )
----------------
2019-02-04 08:05:52,452 INFO  execution-log - [Sequence No - 15]	 Command completed.
----------------
2019-02-04 08:05:52,463 INFO  execution-log - [Sequence No - 16] Beginning TestDataCommand ( LogicalFieldName : Primary Email, LogicalFieldValue : jack.smith@gmail.com )
----------------
2019-02-04 08:05:52,880 INFO  execution-log - [Sequence No - 16]	 Command completed.
----------------
2019-02-04 08:05:52,890 INFO  execution-log - [Sequence No - 17] Beginning TestDataCommand ( LogicalFieldName : Business Started Year, LogicalFieldValue : 2012 )
----------------
2019-02-04 08:05:53,023 INFO  execution-log - [Sequence No - 17]	 Command completed.
----------------
2019-02-04 08:05:53,035 INFO  execution-log - [Sequence No - 18] Beginning ActionCommand ( LogicalFieldName : Select Product, LogicalFieldValue : Click )
----------------
2019-02-04 08:05:53,190 INFO  execution-log - [Sequence No - 18]	 Command completed.
----------------
2019-02-04 08:05:53,203 INFO  execution-log - [Sequence No - 19] Beginning ActionCommand ( LogicalFieldName : Select Product1, LogicalFieldValue : Click )
----------------
2019-02-04 08:05:53,359 INFO  execution-log - [Sequence No - 19]	 Command completed.
----------------
2019-02-04 08:05:53,375 INFO  execution-log - [Sequence No - 20] Beginning ActionCommand ( LogicalFieldName : Contact Name, LogicalFieldValue : Click )
----------------
2019-02-04 08:05:53,536 INFO  execution-log - [Sequence No - 20]	 Command completed.
----------------
2019-02-04 08:05:53,547 INFO  execution-log - [Sequence No - 21] Beginning ActionCommand ( LogicalFieldName : Contact Name Initial Select, LogicalFieldValue : Click )
----------------
2019-02-04 08:05:54,189 INFO  execution-log - [Sequence No - 21]	 Command completed.
----------------
2019-02-04 08:05:54,199 INFO  execution-log - [Sequence No - 22] Beginning ActionCommand ( LogicalFieldName : Industry, LogicalFieldValue : Click )
----------------
2019-02-04 08:05:54,387 INFO  execution-log - [Sequence No - 22]	 Command completed.
----------------
2019-02-04 08:05:54,400 INFO  execution-log - [Sequence No - 23] Beginning ActionCommand ( LogicalFieldName : Industry1, LogicalFieldValue : Click )
----------------
2019-02-04 08:05:54,556 INFO  execution-log - [Sequence No - 23]	 Command completed.
----------------
2019-02-04 08:05:54,566 INFO  execution-log - [Sequence No - 24] Beginning TestDataCommand ( LogicalFieldName : Zip Code, LogicalFieldValue : 53704 )
----------------
2019-02-04 08:05:54,759 INFO  execution-log - [Sequence No - 24]	 Command completed.
----------------
2019-02-04 08:05:54,772 INFO  execution-log - [Sequence No - 25] Beginning ActionCommand ( LogicalFieldName : zipcode click, LogicalFieldValue : Click )
----------------
2019-02-04 08:05:55,127 INFO  execution-log - [Sequence No - 25]	 Command completed.
----------------
2019-02-04 08:05:55,138 INFO  execution-log - [Sequence No - 26] Beginning TestDataCommand ( LogicalFieldName : Street Address, LogicalFieldValue : 123 BLUEJAY LN )
----------------
2019-02-04 08:05:55,393 INFO  execution-log - [Sequence No - 26]	 Command completed.
----------------
2019-02-04 08:05:55,406 INFO  execution-log - [Sequence No - 27] Beginning ActionCommand ( LogicalFieldName : Same as Physical Address, LogicalFieldValue : Click )
----------------
2019-02-04 08:05:55,537 INFO  execution-log - [Sequence No - 27]	 Command completed.
----------------
2019-02-04 08:05:55,547 INFO  execution-log - [Sequence No - 28] Beginning ActionCommand ( LogicalFieldName : Proceed, LogicalFieldValue : Click )
----------------
2019-02-04 08:05:55,704 INFO  execution-log - [Sequence No - 28]	 Command completed.
----------------
2019-02-04 08:05:55,718 INFO  execution-log - 	 Command completed.
----------------
2019-02-04 08:05:55,725 INFO  execution-log -  Beginning PageCommand ( CurrentPage : Insured Info, FlowIdentifier : 4, DiIndicator : DI )
----------------
2019-02-04 08:05:55,730 INFO  execution-log - 	 Command completed.
----------------
2019-02-04 08:05:55,737 INFO  execution-log -  Beginning LoadTestDataItemCommand ( CurrentPage : Insured Info, FlowIdentifier : 4, DiIndicator : DI )
----------------
2019-02-04 08:05:55,760 INFO  execution-log - [Sequence No - 29] Beginning TestDataCommand ( LogicalFieldName : InsuredName, LogicalFieldValue : Smith )
----------------
2019-02-04 08:05:57,634 INFO  execution-log - [Sequence No - 29]	 Command completed.
----------------
2019-02-04 08:05:57,645 INFO  execution-log - [Sequence No - 30] Beginning ActionCommand ( LogicalFieldName : Primary State Click, LogicalFieldValue : Click )
----------------
2019-02-04 08:06:08,501 ERROR execution-log - TC # : 1, Timed out after 10 seconds
----------------
2019-02-04 08:06:16,521 ERROR execution-log - TC # : 1, Timed out after 10 seconds
----------------
2019-02-04 08:06:16,529 ERROR execution-log - TC # : 1, No more iterations to run. Test execution will abort.
----------------
2019-02-04 08:06:16,536 ERROR execution-log - TC # : 1, Framework failed to run the test due to a test configuration error.
	VM.Platform.TestAutomationFramework.Core.Exceptions.WorkflowFailedException: Timed out after 10 seconds ---> OpenQA.Selenium.WebDriverTimeoutException: Timed out after 10 seconds
   at OpenQA.Selenium.Support.UI.DefaultWait`1.ThrowTimeoutException(String exceptionMessage, Exception lastException)
   at OpenQA.Selenium.Support.UI.DefaultWait`1.Until[TResult](Func`2 condition)
   at VM.Platform.TestAutomationFramework.Adapters.Selenium.SeleniumAdapter.WaitForElementToBeClickable(ControlDefinition ctrlDefinition) in C:\Users\VMQApractice\Desktop\v4Dev_Updated\v4Dev_Updated\VMTestAutomation\Src\Framework.Adapters.Selenium\SeleniumAdapter.cs:line 713
   at VM.Platform.TestAutomationFramework.UIAutomation.Commands.Interactions.ActionCommand.Execute(TestRunContext context) in C:\Users\VMQApractice\Desktop\v4Dev_Updated\v4Dev_Updated\VMTestAutomation\Src\Framework.UIAutomation\Commands\Interactions\ActionCommand.cs:line 30
   --- End of inner exception stack trace ---
   at VM.Platform.TestAutomationFramework.UIAutomation.Commands.Interactions.ActionCommand.Execute(TestRunContext context) in C:\Users\VMQApractice\Desktop\v4Dev_Updated\v4Dev_Updated\VMTestAutomation\Src\Framework.UIAutomation\Commands\Interactions\ActionCommand.cs:line 42
   at VM.Platform.TestAutomationFramework.Core.Decorators.CommandDecorator.Execute(TestRunContext context) in C:\Users\VMQApractice\Desktop\v4Dev_Updated\v4Dev_Updated\VMTestAutomation\Src\Framework.Core\Decorators\CommandDecorator.cs:line 22
   at VM.Platform.TestAutomationFramework.Core.Decorators.CommandLogger.Execute(TestRunContext context) in C:\Users\VMQApractice\Desktop\v4Dev_Updated\v4Dev_Updated\VMTestAutomation\Src\Framework.Core\Decorators\CommandLogger.cs:line 93
   at VM.Platform.TestAutomationFramework.Core.Decorators.CommandDecorator.Execute(TestRunContext context) in C:\Users\VMQApractice\Desktop\v4Dev_Updated\v4Dev_Updated\VMTestAutomation\Src\Framework.Core\Decorators\CommandDecorator.cs:line 22
   at VM.Platform.TestAutomationFramework.Core.Decorators.CommandErrorHandler.Execute(TestRunContext context) in C:\Users\VMQApractice\Desktop\v4Dev_Updated\v4Dev_Updated\VMTestAutomation\Src\Framework.Core\Decorators\CommandErrorHandler.cs:line 65
   at VM.Platform.TestAutomationFramework.Core.Decorators.CommandDecorator.Execute(TestRunContext context) in C:\Users\VMQApractice\Desktop\v4Dev_Updated\v4Dev_Updated\VMTestAutomation\Src\Framework.Core\Decorators\CommandDecorator.cs:line 22
   at VM.Platform.TestAutomationFramework.Core.Decorators.CommandTimer.Execute(TestRunContext context) in C:\Users\VMQApractice\Desktop\v4Dev_Updated\v4Dev_Updated\VMTestAutomation\Src\Framework.Core\Decorators\CommandTimer.cs:line 26
   at VM.Platform.TestAutomationFramework.Core.Decorators.CommandDecorator.Execute(TestRunContext context) in C:\Users\VMQApractice\Desktop\v4Dev_Updated\v4Dev_Updated\VMTestAutomation\Src\Framework.Core\Decorators\CommandDecorator.cs:line 22
   at VM.Platform.TestAutomationFramework.Core.Decorators.IgnorePagesDecorator.Execute(TestRunContext context) in C:\Users\VMQApractice\Desktop\v4Dev_Updated\v4Dev_Updated\VMTestAutomation\Src\Framework.Core\Decorators\IgnorePagesDecorator.cs:line 24
   at VM.Platform.TestAutomationFramework.UIAutomation.Commands.Workflow.LoadTestDataItemCommand.Execute(TestRunContext context) in C:\Users\VMQApractice\Desktop\v4Dev_Updated\v4Dev_Updated\VMTestAutomation\Src\Framework.UIAutomation\Commands\Workflow\LoadTestDataItemCommand.cs:line 96
   at VM.Platform.TestAutomationFramework.Core.Decorators.CommandDecorator.Execute(TestRunContext context) in C:\Users\VMQApractice\Desktop\v4Dev_Updated\v4Dev_Updated\VMTestAutomation\Src\Framework.Core\Decorators\CommandDecorator.cs:line 22
   at VM.Platform.TestAutomationFramework.Core.Decorators.CommandLogger.Execute(TestRunContext context) in C:\Users\VMQApractice\Desktop\v4Dev_Updated\v4Dev_Updated\VMTestAutomation\Src\Framework.Core\Decorators\CommandLogger.cs:line 93
   at VM.Platform.TestAutomationFramework.Core.Decorators.CommandDecorator.Execute(TestRunContext context) in C:\Users\VMQApractice\Desktop\v4Dev_Updated\v4Dev_Updated\VMTestAutomation\Src\Framework.Core\Decorators\CommandDecorator.cs:line 22
   at VM.Platform.TestAutomationFramework.Core.Decorators.CommandErrorHandler.Execute(TestRunContext context) in C:\Users\VMQApractice\Desktop\v4Dev_Updated\v4Dev_Updated\VMTestAutomation\Src\Framework.Core\Decorators\CommandErrorHandler.cs:line 65
   at VM.Platform.TestAutomationFramework.Core.Decorators.CommandDecorator.Execute(TestRunContext context) in C:\Users\VMQApractice\Desktop\v4Dev_Updated\v4Dev_Updated\VMTestAutomation\Src\Framework.Core\Decorators\CommandDecorator.cs:line 22
   at VM.Platform.TestAutomationFramework.Core.Decorators.CommandTimer.Execute(TestRunContext context) in C:\Users\VMQApractice\Desktop\v4Dev_Updated\v4Dev_Updated\VMTestAutomation\Src\Framework.Core\Decorators\CommandTimer.cs:line 26
   at VM.Platform.TestAutomationFramework.Core.Decorators.CommandDecorator.Execute(TestRunContext context) in C:\Users\VMQApractice\Desktop\v4Dev_Updated\v4Dev_Updated\VMTestAutomation\Src\Framework.Core\Decorators\CommandDecorator.cs:line 22
   at VM.Platform.TestAutomationFramework.Core.Decorators.IgnorePagesDecorator.Execute(TestRunContext context) in C:\Users\VMQApractice\Desktop\v4Dev_Updated\v4Dev_Updated\VMTestAutomation\Src\Framework.Core\Decorators\IgnorePagesDecorator.cs:line 24
   at VM.Platform.TestAutomationFramework.Core.TestCommandRunner.Execute(TestRunContext testRunContext) in C:\Users\VMQApractice\Desktop\v4Dev_Updated\v4Dev_Updated\VMTestAutomation\Src\Framework.Core\TestCommandRunner.cs:line 75
   at VM.Platform.TestAutomationFramework.Core.SingleTestCaseRunner.ExecuteSingleTestCase(Int32 testCaseId, String targetEnvironment, String repositiory, Int32 Retry) in C:\Users\VMQApractice\Desktop\v4Dev_Updated\v4Dev_Updated\VMTestAutomation\Src\Framework.Core\SingleTestCaseRunner.cs:line 167
----------------
2019-02-04 08:06:16,556 INFO  execution-log - Saving captured values to file.
----------------
2019-02-04 08:06:16,565 ERROR execution-log - TC # : 1,  has failed
----------------
