2019-02-04 10:59:30,853 INFO  execution-log - 	Initializing control map with map # MASTER
----------------
2019-02-04 10:59:30,859 INFO  execution-log - Initializing Test Automation
----------------
2019-02-04 10:59:30,864 INFO  execution-log - 	target browser: Chrome
----------------
2019-02-04 10:59:30,870 INFO  execution-log - TC # : 1, Downloading test case from DB
----------------
2019-02-04 10:59:30,881 INFO  execution-log - TC # : 1, Getting test data from DB
----------------
2019-02-04 10:59:30,881 INFO  execution-log - TC # : 1, Getting control map :MASTER from DB
----------------
2019-02-04 10:59:30,898 INFO  execution-log - TC # : 1, Control map retrieval completed
----------------
2019-02-04 10:59:30,908 INFO  execution-log - TC # : 1, Test data retrieval completed
----------------
2019-02-04 10:59:30,912 INFO  execution-log - TC # : 1, Parsing commands
----------------
2019-02-04 10:59:30,916 INFO  execution-log - Loading captured values from persistence.
----------------
2019-02-04 10:59:30,920 INFO  execution-log - TC # : 1, Started executing test case in the VMTESTAPP1 environment (http://vam-qa.cloudapp.net:6363/pages/login.html)
----------------
2019-02-04 10:59:30,964 INFO  execution-log -  Beginning StartIterationCommand ( Iterations : 1 )
----------------
2019-02-04 10:59:30,970 INFO  execution-log - TC # : 1, Starting iteration #1
----------------
2019-02-04 10:59:30,974 INFO  execution-log - 	 Command completed.
----------------
2019-02-04 10:59:30,978 INFO  execution-log -  Beginning InvokeApplicationCommand ( Target :  )
----------------
2019-02-04 10:59:31,874 INFO  execution-log - 	 Command completed.
----------------
2019-02-04 10:59:31,880 INFO  execution-log -  Beginning PageCommand ( CurrentPage : Login, FlowIdentifier : 1, DiIndicator : DI )
----------------
2019-02-04 10:59:31,891 INFO  execution-log - 	 Command completed.
----------------
2019-02-04 10:59:31,898 INFO  execution-log -  Beginning LoadTestDataItemCommand ( CurrentPage : Login, FlowIdentifier : 1, DiIndicator : DI )
----------------
2019-02-04 10:59:31,914 INFO  execution-log - [Sequence No - 1] Beginning ValidateExistStatusCommand ( LogicalFieldName : User Name, LogicalFieldValue : True )
----------------
2019-02-04 10:59:31,940 INFO  execution-log - [Sequence No - 1]	 Command completed.
----------------
2019-02-04 10:59:31,950 INFO  execution-log - [Sequence No - 2] Beginning ActionCommand ( LogicalFieldName : User Name, LogicalFieldValue : Click )
----------------
2019-02-04 10:59:32,134 INFO  execution-log - [Sequence No - 2]	 Command completed.
----------------
2019-02-04 10:59:32,145 INFO  execution-log - [Sequence No - 3] Beginning TestDataCommand ( LogicalFieldName : User Name, LogicalFieldValue : Jack )
----------------
2019-02-04 10:59:32,247 INFO  execution-log - [Sequence No - 3]	 Command completed.
----------------
2019-02-04 10:59:32,257 INFO  execution-log - [Sequence No - 4] Beginning ValidateExistStatusCommand ( LogicalFieldName : Password, LogicalFieldValue : True )
----------------
2019-02-04 10:59:32,282 INFO  execution-log - [Sequence No - 4]	 Command completed.
----------------
2019-02-04 10:59:32,292 INFO  execution-log - [Sequence No - 5] Beginning TestDataCommand ( LogicalFieldName : Password, LogicalFieldValue : Smit@123 )
----------------
2019-02-04 10:59:32,449 INFO  execution-log - [Sequence No - 5]	 Command completed.
----------------
2019-02-04 10:59:32,464 INFO  execution-log - [Sequence No - 6] Beginning ValidateEnableStatusCommand ( LogicalFieldName : Login_Button, LogicalFieldValue : True )
----------------
2019-02-04 10:59:32,496 INFO  execution-log - [Sequence No - 6]	 Command completed.
----------------
2019-02-04 10:59:32,506 INFO  execution-log - [Sequence No - 7] Beginning ActionCommand ( LogicalFieldName : Login_Button, LogicalFieldValue : Click )
----------------
2019-02-04 10:59:32,621 INFO  execution-log - [Sequence No - 7]	 Command completed.
----------------
2019-02-04 10:59:32,627 INFO  execution-log - 	 Command completed.
----------------
2019-02-04 10:59:32,633 INFO  execution-log -  Beginning PageCommand ( CurrentPage : Home, FlowIdentifier : 2, DiIndicator : DI )
----------------
2019-02-04 10:59:32,639 INFO  execution-log - 	 Command completed.
----------------
2019-02-04 10:59:32,645 INFO  execution-log -  Beginning LoadTestDataItemCommand ( CurrentPage : Home, FlowIdentifier : 2, DiIndicator : DI )
----------------
2019-02-04 10:59:32,659 INFO  execution-log - [Sequence No - 8] Beginning ActionCommand ( LogicalFieldName : New Quote, LogicalFieldValue : Click )
----------------
2019-02-04 10:59:34,469 INFO  execution-log - [Sequence No - 8]	 Command completed.
----------------
2019-02-04 10:59:34,484 INFO  execution-log - 	 Command completed.
----------------
2019-02-04 10:59:34,516 INFO  execution-log -  Beginning PageCommand ( CurrentPage : New Quote, FlowIdentifier : 3, DiIndicator : DI )
----------------
2019-02-04 10:59:34,522 INFO  execution-log - 	 Command completed.
----------------
2019-02-04 10:59:34,527 INFO  execution-log -  Beginning LoadTestDataItemCommand ( CurrentPage : New Quote, FlowIdentifier : 3, DiIndicator : DI )
----------------
2019-02-04 10:59:34,541 INFO  execution-log - [Sequence No - 9] Beginning TestDataCommand ( LogicalFieldName : Account Name, LogicalFieldValue : RANDOMIZE(7,2) )
----------------
2019-02-04 10:59:34,789 INFO  execution-log - [Sequence No - 9]	 Command completed.
----------------
2019-02-04 10:59:34,800 INFO  execution-log - [Sequence No - 11] Beginning TestDataCommand ( LogicalFieldName : First Name, LogicalFieldValue : Jack )
----------------
2019-02-04 10:59:35,035 INFO  execution-log - [Sequence No - 11]	 Command completed.
----------------
2019-02-04 10:59:35,046 INFO  execution-log - [Sequence No - 12] Beginning TestDataCommand ( LogicalFieldName : Last Name, LogicalFieldValue : Smith )
----------------
2019-02-04 10:59:35,242 INFO  execution-log - [Sequence No - 12]	 Command completed.
----------------
2019-02-04 10:59:35,254 INFO  execution-log - [Sequence No - 13] Beginning TestDataCommand ( LogicalFieldName : ContactNumber1, LogicalFieldValue : 654 )
----------------
2019-02-04 10:59:35,384 INFO  execution-log - [Sequence No - 13]	 Command completed.
----------------
2019-02-04 10:59:35,395 INFO  execution-log - [Sequence No - 14] Beginning TestDataCommand ( LogicalFieldName : ContactNumber2, LogicalFieldValue : 321 )
----------------
2019-02-04 10:59:35,532 INFO  execution-log - [Sequence No - 14]	 Command completed.
----------------
2019-02-04 10:59:35,541 INFO  execution-log - [Sequence No - 15] Beginning TestDataCommand ( LogicalFieldName : ContactNumber3, LogicalFieldValue : 6541 )
----------------
2019-02-04 10:59:35,662 INFO  execution-log - [Sequence No - 15]	 Command completed.
----------------
2019-02-04 10:59:35,676 INFO  execution-log - [Sequence No - 16] Beginning TestDataCommand ( LogicalFieldName : Primary Email, LogicalFieldValue : jack.smith@gmail.com )
----------------
2019-02-04 10:59:36,082 INFO  execution-log - [Sequence No - 16]	 Command completed.
----------------
2019-02-04 10:59:36,092 INFO  execution-log - [Sequence No - 17] Beginning TestDataCommand ( LogicalFieldName : Business Started Year, LogicalFieldValue : 2012 )
----------------
2019-02-04 10:59:36,222 INFO  execution-log - [Sequence No - 17]	 Command completed.
----------------
2019-02-04 10:59:36,233 INFO  execution-log - [Sequence No - 18] Beginning ActionCommand ( LogicalFieldName : Select Product, LogicalFieldValue : Click )
----------------
2019-02-04 10:59:36,376 INFO  execution-log - [Sequence No - 18]	 Command completed.
----------------
2019-02-04 10:59:36,388 INFO  execution-log - [Sequence No - 19] Beginning ActionCommand ( LogicalFieldName : Select Product1, LogicalFieldValue : Click )
----------------
2019-02-04 10:59:36,532 INFO  execution-log - [Sequence No - 19]	 Command completed.
----------------
2019-02-04 10:59:36,541 INFO  execution-log - [Sequence No - 20] Beginning ActionCommand ( LogicalFieldName : Contact Name, LogicalFieldValue : Click )
----------------
2019-02-04 10:59:36,687 INFO  execution-log - [Sequence No - 20]	 Command completed.
----------------
2019-02-04 10:59:36,698 INFO  execution-log - [Sequence No - 21] Beginning ActionCommand ( LogicalFieldName : Contact Name Initial Select, LogicalFieldValue : Click )
----------------
2019-02-04 10:59:37,335 INFO  execution-log - [Sequence No - 21]	 Command completed.
----------------
2019-02-04 10:59:37,346 INFO  execution-log - [Sequence No - 22] Beginning ActionCommand ( LogicalFieldName : Industry, LogicalFieldValue : Click )
----------------
2019-02-04 10:59:37,513 INFO  execution-log - [Sequence No - 22]	 Command completed.
----------------
2019-02-04 10:59:37,524 INFO  execution-log - [Sequence No - 23] Beginning ActionCommand ( LogicalFieldName : Industry1, LogicalFieldValue : Click )
----------------
2019-02-04 10:59:37,672 INFO  execution-log - [Sequence No - 23]	 Command completed.
----------------
2019-02-04 10:59:37,690 INFO  execution-log - [Sequence No - 24] Beginning TestDataCommand ( LogicalFieldName : Zip Code, LogicalFieldValue : 53704 )
----------------
2019-02-04 10:59:37,859 INFO  execution-log - [Sequence No - 24]	 Command completed.
----------------
2019-02-04 10:59:37,874 INFO  execution-log - [Sequence No - 25] Beginning ActionCommand ( LogicalFieldName : zipcode click, LogicalFieldValue : Click )
----------------
2019-02-04 10:59:38,243 INFO  execution-log - [Sequence No - 25]	 Command completed.
----------------
2019-02-04 10:59:38,254 INFO  execution-log - [Sequence No - 26] Beginning TestDataCommand ( LogicalFieldName : Street Address, LogicalFieldValue : 123 BLUEJAY LN )
----------------
2019-02-04 10:59:38,491 INFO  execution-log - [Sequence No - 26]	 Command completed.
----------------
2019-02-04 10:59:38,501 INFO  execution-log - [Sequence No - 27] Beginning ActionCommand ( LogicalFieldName : Same as Physical Address, LogicalFieldValue : Click )
----------------
2019-02-04 10:59:38,624 INFO  execution-log - [Sequence No - 27]	 Command completed.
----------------
2019-02-04 10:59:38,635 INFO  execution-log - [Sequence No - 28] Beginning ActionCommand ( LogicalFieldName : Proceed, LogicalFieldValue : Click )
----------------
2019-02-04 10:59:38,804 INFO  execution-log - [Sequence No - 28]	 Command completed.
----------------
2019-02-04 10:59:38,812 INFO  execution-log - 	 Command completed.
----------------
2019-02-04 10:59:38,819 INFO  execution-log -  Beginning PageCommand ( CurrentPage : Insured Info, FlowIdentifier : 4, DiIndicator : DI )
----------------
2019-02-04 10:59:38,825 INFO  execution-log - 	 Command completed.
----------------
2019-02-04 10:59:38,835 INFO  execution-log -  Beginning LoadTestDataItemCommand ( CurrentPage : Insured Info, FlowIdentifier : 4, DiIndicator : DI )
----------------
2019-02-04 10:59:38,850 INFO  execution-log - [Sequence No - 29] Beginning TestDataCommand ( LogicalFieldName : InsuredName, LogicalFieldValue : Smith )
----------------
2019-02-04 10:59:40,742 INFO  execution-log - [Sequence No - 29]	 Command completed.
----------------
2019-02-04 10:59:40,753 INFO  execution-log - [Sequence No - 30] Beginning ActionCommand ( LogicalFieldName : Primary State Click, LogicalFieldValue : Click )
----------------
2019-02-04 10:59:40,924 INFO  execution-log - [Sequence No - 30]	 Command completed.
----------------
2019-02-04 10:59:40,935 INFO  execution-log - [Sequence No - 31] Beginning ActionCommand ( LogicalFieldName : PrimayState Select, LogicalFieldValue : Click )
----------------
2019-02-04 10:59:41,101 INFO  execution-log - [Sequence No - 31]	 Command completed.
----------------
2019-02-04 10:59:41,121 INFO  execution-log - [Sequence No - 32] Beginning TestDataCommand ( LogicalFieldName : Street Address, LogicalFieldValue : 123 new street )
----------------
2019-02-04 10:59:41,362 INFO  execution-log - [Sequence No - 32]	 Command completed.
----------------
2019-02-04 10:59:41,374 INFO  execution-log - [Sequence No - 33] Beginning TestDataCommand ( LogicalFieldName : Zip Code, LogicalFieldValue : 53704 )
----------------
2019-02-04 10:59:41,537 INFO  execution-log - [Sequence No - 33]	 Command completed.
----------------
2019-02-04 10:59:41,551 INFO  execution-log - [Sequence No - 34] Beginning ActionCommand ( LogicalFieldName : Same as Physical Address, LogicalFieldValue : Click )
----------------
2019-02-04 10:59:41,692 INFO  execution-log - [Sequence No - 34]	 Command completed.
----------------
2019-02-04 10:59:41,708 INFO  execution-log - [Sequence No - 35] Beginning TestDataCommand ( LogicalFieldName : SIC Code, LogicalFieldValue : 41510000-School buses )
----------------
2019-02-04 10:59:42,009 INFO  execution-log - [Sequence No - 35]	 Command completed.
----------------
2019-02-04 10:59:42,021 INFO  execution-log - [Sequence No - 36] Beginning TestDataCommand ( LogicalFieldName : BusinessInceptionYear, LogicalFieldValue : 2012 )
----------------
2019-02-04 10:59:42,158 INFO  execution-log - [Sequence No - 36]	 Command completed.
----------------
2019-02-04 10:59:42,170 INFO  execution-log - [Sequence No - 37] Beginning TestDataCommand ( LogicalFieldName : BusinessPhone, LogicalFieldValue : 6549879879 )
----------------
2019-02-04 10:59:43,432 INFO  execution-log - [Sequence No - 37]	 Command completed.
----------------
2019-02-04 10:59:43,443 INFO  execution-log - [Sequence No - 38] Beginning ActionCommand ( LogicalFieldName : Next, LogicalFieldValue : Click )
----------------
2019-02-04 10:59:43,573 INFO  execution-log - [Sequence No - 38]	 Command completed.
----------------
2019-02-04 10:59:43,584 INFO  execution-log - 	 Command completed.
----------------
2019-02-04 10:59:43,589 INFO  execution-log -  Beginning PageCommand ( CurrentPage : Policy Info, FlowIdentifier : 5, DiIndicator : DI )
----------------
2019-02-04 10:59:43,595 INFO  execution-log - 	 Command completed.
----------------
2019-02-04 10:59:43,600 INFO  execution-log -  Beginning LoadTestDataItemCommand ( CurrentPage : Policy Info, FlowIdentifier : 5, DiIndicator : DI )
----------------
2019-02-04 10:59:43,617 INFO  execution-log - [Sequence No - 39] Beginning ActionCommand ( LogicalFieldName : Which State do u operate In?, LogicalFieldValue : Click )
----------------
2019-02-04 10:59:44,752 INFO  execution-log - [Sequence No - 39]	 Command completed.
----------------
2019-02-04 10:59:44,763 INFO  execution-log - [Sequence No - 40] Beginning ActionCommand ( LogicalFieldName : Which State do u operate In?1, LogicalFieldValue : Click )
----------------
2019-02-04 10:59:57,348 ERROR execution-log - TC # : 1, Timed out after 10 seconds
----------------
2019-02-04 11:00:05,366 ERROR execution-log - TC # : 1, Timed out after 10 seconds
----------------
2019-02-04 11:00:05,373 ERROR execution-log - TC # : 1, No more iterations to run. Test execution will abort.
----------------
2019-02-04 11:00:05,379 ERROR execution-log - TC # : 1, Framework failed to run the test due to a test configuration error.
	VM.Platform.TestAutomationFramework.Core.Exceptions.WorkflowFailedException: Timed out after 10 seconds ---> OpenQA.Selenium.WebDriverTimeoutException: Timed out after 10 seconds ---> OpenQA.Selenium.InvalidSelectorException: invalid selector: Unable to locate an element with the xpath expression li:nth-child(1) input[value="CA"] because of the following error:
SyntaxError: Failed to execute 'evaluate' on 'Document': The string 'li:nth-child(1) input[value="CA"]' is not a valid XPath expression.
  (Session info: chrome=71.0.3578.98)
  (Driver info: chromedriver=2.45.615291 (ec3682e3c9061c10f26ea9e5cdcf3c53f3f74387),platform=Windows NT 10.0.16299 x86_64)
   at OpenQA.Selenium.Remote.RemoteWebDriver.UnpackAndThrowOnError(Response errorResponse)
   at OpenQA.Selenium.Remote.RemoteWebDriver.Execute(String driverCommandToExecute, Dictionary`2 parameters)
   at OpenQA.Selenium.Remote.RemoteWebDriver.FindElement(String mechanism, String value)
   at OpenQA.Selenium.Remote.RemoteWebDriver.FindElementByXPath(String xpath)
   at OpenQA.Selenium.By.<>c__DisplayClass19_0.<XPath>b__0(ISearchContext context)
   at OpenQA.Selenium.By.FindElement(ISearchContext context)
   at OpenQA.Selenium.Remote.RemoteWebDriver.FindElement(By by)
   at OpenQA.Selenium.Support.UI.ExpectedConditions.<>c__DisplayClass19_0.<ElementToBeClickable>b__0(IWebDriver driver)
   at OpenQA.Selenium.Support.UI.DefaultWait`1.Until[TResult](Func`2 condition)
   --- End of inner exception stack trace ---
   at OpenQA.Selenium.Support.UI.DefaultWait`1.ThrowTimeoutException(String exceptionMessage, Exception lastException)
   at OpenQA.Selenium.Support.UI.DefaultWait`1.Until[TResult](Func`2 condition)
   at VM.Platform.TestAutomationFramework.Adapters.Selenium.SeleniumAdapter.WaitForElementToBeClickable(ControlDefinition ctrlDefinition) in C:\Users\VMQApractice\Desktop\v4Dev_Updated\v4Dev_Updated\VMTestAutomation\Src\Framework.Adapters.Selenium\SeleniumAdapter.cs:line 713
   at VM.Platform.TestAutomationFramework.UIAutomation.Commands.Interactions.ActionCommand.Execute(TestRunContext context) in C:\Users\VMQApractice\Desktop\v4Dev_Updated\v4Dev_Updated\VMTestAutomation\Src\Framework.UIAutomation\Commands\Interactions\ActionCommand.cs:line 30
   --- End of inner exception stack trace ---
   at VM.Platform.TestAutomationFramework.UIAutomation.Commands.Interactions.ActionCommand.Execute(TestRunContext context) in C:\Users\VMQApractice\Desktop\v4Dev_Updated\v4Dev_Updated\VMTestAutomation\Src\Framework.UIAutomation\Commands\Interactions\ActionCommand.cs:line 42
   at VM.Platform.TestAutomationFramework.Core.Decorators.CommandDecorator.Execute(TestRunContext context) in C:\Users\VMQApractice\Desktop\v4Dev_Updated\v4Dev_Updated\VMTestAutomation\Src\Framework.Core\Decorators\CommandDecorator.cs:line 22
   at VM.Platform.TestAutomationFramework.Core.Decorators.CommandLogger.Execute(TestRunContext context) in C:\Users\VMQApractice\Desktop\v4Dev_Updated\v4Dev_Updated\VMTestAutomation\Src\Framework.Core\Decorators\CommandLogger.cs:line 93
   at VM.Platform.TestAutomationFramework.Core.Decorators.CommandDecorator.Execute(TestRunContext context) in C:\Users\VMQApractice\Desktop\v4Dev_Updated\v4Dev_Updated\VMTestAutomation\Src\Framework.Core\Decorators\CommandDecorator.cs:line 22
   at VM.Platform.TestAutomationFramework.Core.Decorators.CommandErrorHandler.Execute(TestRunContext context) in C:\Users\VMQApractice\Desktop\v4Dev_Updated\v4Dev_Updated\VMTestAutomation\Src\Framework.Core\Decorators\CommandErrorHandler.cs:line 65
   at VM.Platform.TestAutomationFramework.Core.Decorators.CommandDecorator.Execute(TestRunContext context) in C:\Users\VMQApractice\Desktop\v4Dev_Updated\v4Dev_Updated\VMTestAutomation\Src\Framework.Core\Decorators\CommandDecorator.cs:line 22
   at VM.Platform.TestAutomationFramework.Core.Decorators.CommandTimer.Execute(TestRunContext context) in C:\Users\VMQApractice\Desktop\v4Dev_Updated\v4Dev_Updated\VMTestAutomation\Src\Framework.Core\Decorators\CommandTimer.cs:line 26
   at VM.Platform.TestAutomationFramework.Core.Decorators.CommandDecorator.Execute(TestRunContext context) in C:\Users\VMQApractice\Desktop\v4Dev_Updated\v4Dev_Updated\VMTestAutomation\Src\Framework.Core\Decorators\CommandDecorator.cs:line 22
   at VM.Platform.TestAutomationFramework.Core.Decorators.IgnorePagesDecorator.Execute(TestRunContext context) in C:\Users\VMQApractice\Desktop\v4Dev_Updated\v4Dev_Updated\VMTestAutomation\Src\Framework.Core\Decorators\IgnorePagesDecorator.cs:line 24
   at VM.Platform.TestAutomationFramework.UIAutomation.Commands.Workflow.LoadTestDataItemCommand.Execute(TestRunContext context) in C:\Users\VMQApractice\Desktop\v4Dev_Updated\v4Dev_Updated\VMTestAutomation\Src\Framework.UIAutomation\Commands\Workflow\LoadTestDataItemCommand.cs:line 96
   at VM.Platform.TestAutomationFramework.Core.Decorators.CommandDecorator.Execute(TestRunContext context) in C:\Users\VMQApractice\Desktop\v4Dev_Updated\v4Dev_Updated\VMTestAutomation\Src\Framework.Core\Decorators\CommandDecorator.cs:line 22
   at VM.Platform.TestAutomationFramework.Core.Decorators.CommandLogger.Execute(TestRunContext context) in C:\Users\VMQApractice\Desktop\v4Dev_Updated\v4Dev_Updated\VMTestAutomation\Src\Framework.Core\Decorators\CommandLogger.cs:line 93
   at VM.Platform.TestAutomationFramework.Core.Decorators.CommandDecorator.Execute(TestRunContext context) in C:\Users\VMQApractice\Desktop\v4Dev_Updated\v4Dev_Updated\VMTestAutomation\Src\Framework.Core\Decorators\CommandDecorator.cs:line 22
   at VM.Platform.TestAutomationFramework.Core.Decorators.CommandErrorHandler.Execute(TestRunContext context) in C:\Users\VMQApractice\Desktop\v4Dev_Updated\v4Dev_Updated\VMTestAutomation\Src\Framework.Core\Decorators\CommandErrorHandler.cs:line 65
   at VM.Platform.TestAutomationFramework.Core.Decorators.CommandDecorator.Execute(TestRunContext context) in C:\Users\VMQApractice\Desktop\v4Dev_Updated\v4Dev_Updated\VMTestAutomation\Src\Framework.Core\Decorators\CommandDecorator.cs:line 22
   at VM.Platform.TestAutomationFramework.Core.Decorators.CommandTimer.Execute(TestRunContext context) in C:\Users\VMQApractice\Desktop\v4Dev_Updated\v4Dev_Updated\VMTestAutomation\Src\Framework.Core\Decorators\CommandTimer.cs:line 26
   at VM.Platform.TestAutomationFramework.Core.Decorators.CommandDecorator.Execute(TestRunContext context) in C:\Users\VMQApractice\Desktop\v4Dev_Updated\v4Dev_Updated\VMTestAutomation\Src\Framework.Core\Decorators\CommandDecorator.cs:line 22
   at VM.Platform.TestAutomationFramework.Core.Decorators.IgnorePagesDecorator.Execute(TestRunContext context) in C:\Users\VMQApractice\Desktop\v4Dev_Updated\v4Dev_Updated\VMTestAutomation\Src\Framework.Core\Decorators\IgnorePagesDecorator.cs:line 24
   at VM.Platform.TestAutomationFramework.Core.TestCommandRunner.Execute(TestRunContext testRunContext) in C:\Users\VMQApractice\Desktop\v4Dev_Updated\v4Dev_Updated\VMTestAutomation\Src\Framework.Core\TestCommandRunner.cs:line 75
   at VM.Platform.TestAutomationFramework.Core.SingleTestCaseRunner.ExecuteSingleTestCase(Int32 testCaseId, String targetEnvironment, String repositiory, Int32 Retry) in C:\Users\VMQApractice\Desktop\v4Dev_Updated\v4Dev_Updated\VMTestAutomation\Src\Framework.Core\SingleTestCaseRunner.cs:line 167
----------------
2019-02-04 11:00:05,396 INFO  execution-log - Saving captured values to file.
----------------
2019-02-04 11:00:05,405 ERROR execution-log - TC # : 1,  has failed
----------------
