2018-11-08 20:24:31,151 INFO  execution-log - 	Initializing control map with map # Master
----------------
2018-11-08 20:24:31,164 INFO  execution-log - Initializing Test Automation
----------------
2018-11-08 20:24:31,166 INFO  execution-log - 	target browser: Chrome
----------------
2018-11-08 20:24:31,172 INFO  execution-log - TC # : 2, Downloading test case from DB
----------------
2018-11-08 20:24:31,187 INFO  execution-log - TC # : 2, Getting control map :Master from DB
----------------
2018-11-08 20:24:31,206 INFO  execution-log - TC # : 2, Control map retrieval completed
----------------
2018-11-08 20:24:31,208 INFO  execution-log - TC # : 2, Getting test data from DB
----------------
2018-11-08 20:24:31,219 INFO  execution-log - TC # : 2, Test data retrieval completed
----------------
2018-11-08 20:24:31,221 INFO  execution-log - TC # : 2, Parsing commands
----------------
2018-11-08 20:24:31,223 INFO  execution-log - Loading captured values from persistence.
----------------
2018-11-08 20:24:31,227 INFO  execution-log - TC # : 2, Started executing test case in the HISCOX environment (http://hiscpvt.cloud.hiscox.com/oneshield/index.jsp#gateway)
----------------
2018-11-08 20:24:31,294 INFO  execution-log -  Beginning StartIterationCommand ( Iterations : 1 )
----------------
2018-11-08 20:24:31,297 INFO  execution-log - TC # : 2, Starting iteration #1
----------------
2018-11-08 20:24:31,364 INFO  execution-log - 	 Command completed.
----------------
2018-11-08 20:24:31,366 INFO  execution-log -  Beginning InvokeApplicationCommand ( Target :  )
----------------
2018-11-08 20:24:31,795 INFO  execution-log - 	 Command completed.
----------------
2018-11-08 20:24:31,798 INFO  execution-log -  Beginning PageCommand ( CurrentPage : Login, FlowIdentifier : 1, DiIndicator : DI )
----------------
2018-11-08 20:24:31,800 INFO  execution-log - 	 Command completed.
----------------
2018-11-08 20:24:31,801 INFO  execution-log -  Beginning LoadTestDataItemCommand ( CurrentPage : Login, FlowIdentifier : 1, DiIndicator : DI )
----------------
2018-11-08 20:24:31,833 INFO  execution-log - [Sequence No - 1] Beginning TestDataCommand ( LogicalFieldName : Partner Number, LogicalFieldValue : 0 )
----------------
2018-11-08 20:24:33,754 INFO  execution-log - [Sequence No - 1]	 Command completed.
----------------
2018-11-08 20:24:33,761 INFO  execution-log - [Sequence No - 2] Beginning TestDataCommand ( LogicalFieldName : Username, LogicalFieldValue : karthicuw )
----------------
2018-11-08 20:24:33,964 INFO  execution-log - [Sequence No - 2]	 Command completed.
----------------
2018-11-08 20:24:33,968 INFO  execution-log - [Sequence No - 3] Beginning TestDataCommand ( LogicalFieldName : Password, LogicalFieldValue : Monday!23 )
----------------
2018-11-08 20:24:34,100 INFO  execution-log - [Sequence No - 3]	 Command completed.
----------------
2018-11-08 20:24:34,104 INFO  execution-log - [Sequence No - 4] Beginning TestDataCommand ( LogicalFieldName : Partner Number, LogicalFieldValue : 0 )
----------------
2018-11-08 20:24:34,221 INFO  execution-log - [Sequence No - 4]	 Command completed.
----------------
2018-11-08 20:24:34,225 INFO  execution-log - [Sequence No - 5] Beginning ActionCommand ( LogicalFieldName : Login Page, LogicalFieldValue : Click )
----------------
2018-11-08 20:24:34,362 INFO  execution-log - [Sequence No - 5]	 Command completed.
----------------
2018-11-08 20:24:34,366 INFO  execution-log - [Sequence No - 6] Beginning ActionCommand ( LogicalFieldName : Login Button, LogicalFieldValue : Click )
----------------
2018-11-08 20:24:34,498 INFO  execution-log - [Sequence No - 6]	 Command completed.
----------------
2018-11-08 20:24:34,502 INFO  execution-log - [Sequence No - 7] Beginning TestDataCommand ( LogicalFieldName : Partner Number, LogicalFieldValue : 0 )
----------------
2018-11-08 20:24:34,609 INFO  execution-log - [Sequence No - 7]	 Command completed.
----------------
2018-11-08 20:24:34,610 INFO  execution-log - 	 Command completed.
----------------
2018-11-08 20:24:34,611 INFO  execution-log -  Beginning PageCommand ( CurrentPage : Quotes, FlowIdentifier : 1, DiIndicator : DI )
----------------
2018-11-08 20:24:34,612 INFO  execution-log - 	 Command completed.
----------------
2018-11-08 20:24:34,613 INFO  execution-log -  Beginning LoadTestDataItemCommand ( CurrentPage : Quotes, FlowIdentifier : 1, DiIndicator : DI )
----------------
2018-11-08 20:24:34,619 INFO  execution-log - [Sequence No - 8] Beginning WaitForControlCommand ( LogicalFieldName : Quotes_Link, LogicalFieldValue : True )
----------------
2018-11-08 20:24:35,363 INFO  execution-log - [Sequence No - 8]	 Command completed.
----------------
2018-11-08 20:24:35,367 INFO  execution-log - [Sequence No - 9] Beginning ActionCommand ( LogicalFieldName : Quotes_Link, LogicalFieldValue : Click )
----------------
2018-11-08 20:24:35,600 INFO  execution-log - [Sequence No - 9]	 Command completed.
----------------
2018-11-08 20:24:35,605 INFO  execution-log - [Sequence No - 10] Beginning WaitForControlCommand ( LogicalFieldName : New quote, LogicalFieldValue : True )
----------------
2018-11-08 20:24:37,773 INFO  execution-log - [Sequence No - 10]	 Command completed.
----------------
2018-11-08 20:24:37,779 INFO  execution-log - [Sequence No - 11] Beginning ActionCommand ( LogicalFieldName : New quote, LogicalFieldValue : Click )
----------------
2018-11-08 20:24:37,989 INFO  execution-log - [Sequence No - 11]	 Command completed.
----------------
2018-11-08 20:24:37,993 INFO  execution-log - [Sequence No - 12] Beginning ActionCommand ( LogicalFieldName : Select Producing Agency, LogicalFieldValue : Click-Wait(500) )
----------------
2018-11-08 20:24:39,431 INFO  execution-log - [Sequence No - 12]	 Command completed.
----------------
2018-11-08 20:24:39,435 INFO  execution-log - [Sequence No - 13] Beginning ActionCommand ( LogicalFieldName : Select Agency, LogicalFieldValue : Click )
----------------
2018-11-08 20:24:39,595 INFO  execution-log - [Sequence No - 13]	 Command completed.
----------------
2018-11-08 20:24:39,600 INFO  execution-log - [Sequence No - 14] Beginning WaitForControlCommand ( LogicalFieldName : Producer, LogicalFieldValue : True )
----------------
2018-11-08 20:24:41,491 INFO  execution-log - [Sequence No - 14]	 Command completed.
----------------
2018-11-08 20:24:41,496 INFO  execution-log - [Sequence No - 15] Beginning ActionCommand ( LogicalFieldName : Producer, LogicalFieldValue : Click-Wait(500) )
----------------
2018-11-08 20:24:42,668 INFO  execution-log - [Sequence No - 15]	 Command completed.
----------------
2018-11-08 20:24:42,672 INFO  execution-log - [Sequence No - 16] Beginning TestDataCommand ( LogicalFieldName : Producer, LogicalFieldValue : Agency  Producer )
----------------
2018-11-08 20:24:43,197 INFO  execution-log - [Sequence No - 16]	 Command completed.
----------------
2018-11-08 20:24:43,201 INFO  execution-log - [Sequence No - 17] Beginning TestDataCommand ( LogicalFieldName : First Name, LogicalFieldValue : HISCOX )
----------------
2018-11-08 20:24:43,384 INFO  execution-log - [Sequence No - 17]	 Command completed.
----------------
2018-11-08 20:24:43,388 INFO  execution-log - [Sequence No - 18] Beginning TestDataCommand ( LogicalFieldName : Last Name, LogicalFieldValue : Demo )
----------------
2018-11-08 20:24:43,552 INFO  execution-log - [Sequence No - 18]	 Command completed.
----------------
2018-11-08 20:24:43,556 INFO  execution-log - [Sequence No - 19] Beginning TestDataCommand ( LogicalFieldName : City, LogicalFieldValue : Atlanta )
----------------
2018-11-08 20:24:43,784 INFO  execution-log - [Sequence No - 19]	 Command completed.
----------------
2018-11-08 20:24:43,788 INFO  execution-log - [Sequence No - 20] Beginning TestDataCommand ( LogicalFieldName : State, LogicalFieldValue : Georgia )
----------------
2018-11-08 20:24:44,270 INFO  execution-log - [Sequence No - 20]	 Command completed.
----------------
2018-11-08 20:24:44,275 INFO  execution-log - [Sequence No - 21] Beginning TestDataCommand ( LogicalFieldName : Zip, LogicalFieldValue : 30338 )
----------------
2018-11-08 20:24:44,437 INFO  execution-log - [Sequence No - 21]	 Command completed.
----------------
2018-11-08 20:24:44,443 INFO  execution-log - [Sequence No - 22] Beginning TestDataCommand ( LogicalFieldName : Address Line 1, LogicalFieldValue : 1 Main st )
----------------
2018-11-08 20:24:44,699 INFO  execution-log - [Sequence No - 22]	 Command completed.
----------------
2018-11-08 20:24:44,704 INFO  execution-log - [Sequence No - 23] Beginning TestDataCommand ( LogicalFieldName : Address Line 2, LogicalFieldValue : 1 )
----------------
2018-11-08 20:24:44,829 INFO  execution-log - [Sequence No - 23]	 Command completed.
----------------
2018-11-08 20:24:44,833 INFO  execution-log - [Sequence No - 24] Beginning ActionCommand ( LogicalFieldName : Product line (errors and omissions), LogicalFieldValue : Click )
----------------
2018-11-08 20:24:45,003 INFO  execution-log - [Sequence No - 24]	 Command completed.
----------------
2018-11-08 20:24:45,008 INFO  execution-log - [Sequence No - 25] Beginning ActionCommand ( LogicalFieldName : Customer search, LogicalFieldValue : Click )
----------------
2018-11-08 20:24:45,311 INFO  execution-log - [Sequence No - 25]	 Command completed.
----------------
2018-11-08 20:24:45,312 INFO  execution-log - 	 Command completed.
----------------
2018-11-08 20:24:45,313 INFO  execution-log -  Beginning PageCommand ( CurrentPage : QuoteDetails, FlowIdentifier : 1, DiIndicator : DI )
----------------
2018-11-08 20:24:45,314 INFO  execution-log - 	 Command completed.
----------------
2018-11-08 20:24:45,315 INFO  execution-log -  Beginning LoadTestDataItemCommand ( CurrentPage : QuoteDetails, FlowIdentifier : 1, DiIndicator : DI )
----------------
2018-11-08 20:24:45,320 INFO  execution-log - [Sequence No - 26] Beginning WaitForControlCommand ( LogicalFieldName : Retro-active Date, LogicalFieldValue : True )
----------------
2018-11-08 20:24:52,052 INFO  execution-log - [Sequence No - 26]	 Command completed.
----------------
2018-11-08 20:24:52,056 INFO  execution-log - [Sequence No - 27] Beginning TestDataCommand ( LogicalFieldName : Rating Company, LogicalFieldValue : FDLI Protection Insurance Company )
----------------
2018-11-08 20:24:53,677 INFO  execution-log - [Sequence No - 27]	 Command completed.
----------------
2018-11-08 20:24:53,681 INFO  execution-log - [Sequence No - 28] Beginning TestDataCommand ( LogicalFieldName : Retro-active Date, LogicalFieldValue : 09/11/2018 )
----------------
2018-11-08 20:24:53,828 INFO  execution-log - [Sequence No - 28]	 Command completed.
----------------
2018-11-08 20:24:53,832 INFO  execution-log - [Sequence No - 29] Beginning TestDataCommand ( LogicalFieldName : Professional Liability Gross Sales, LogicalFieldValue : 100000 )
----------------
2018-11-08 20:24:53,959 INFO  execution-log - [Sequence No - 29]	 Command completed.
----------------
2018-11-08 20:24:53,964 INFO  execution-log - [Sequence No - 30] Beginning ActionCommand ( LogicalFieldName : QuoteDetails Page, LogicalFieldValue : Click )
----------------
2018-11-08 20:24:54,088 INFO  execution-log - [Sequence No - 30]	 Command completed.
----------------
2018-11-08 20:24:54,094 INFO  execution-log - [Sequence No - 31] Beginning ActionCommand ( LogicalFieldName : Save Changes, LogicalFieldValue : Click )
----------------
2018-11-08 20:24:54,222 INFO  execution-log - [Sequence No - 31]	 Command completed.
----------------
2018-11-08 20:24:54,226 INFO  execution-log - [Sequence No - 32] Beginning WaitForControlCommand ( LogicalFieldName : Rate Quote, LogicalFieldValue : True )
----------------
2018-11-08 20:24:55,021 INFO  execution-log - [Sequence No - 32]	 Command completed.
----------------
2018-11-08 20:24:55,025 INFO  execution-log - [Sequence No - 33] Beginning ActionCommand ( LogicalFieldName : Rate Quote, LogicalFieldValue : Click-Wait(1000) )
----------------
2018-11-08 20:24:57,290 INFO  execution-log - [Sequence No - 33]	 Command completed.
----------------
2018-11-08 20:24:57,295 INFO  execution-log - [Sequence No - 34] Beginning WaitForControlCommand ( LogicalFieldName : Request Issue, LogicalFieldValue : True )
----------------
2018-11-08 20:25:03,765 INFO  execution-log - [Sequence No - 34]	 Command completed.
----------------
2018-11-08 20:25:03,769 INFO  execution-log - [Sequence No - 35] Beginning ActionCommand ( LogicalFieldName : Request Issue, LogicalFieldValue : Click-Wait(1000) )
----------------
2018-11-08 20:25:05,978 INFO  execution-log - [Sequence No - 35]	 Command completed.
----------------
2018-11-08 20:25:05,983 INFO  execution-log - [Sequence No - 36] Beginning WaitForControlCommand ( LogicalFieldName : Next, LogicalFieldValue : True )
----------------
2018-11-08 20:25:06,627 INFO  execution-log - [Sequence No - 36]	 Command completed.
----------------
2018-11-08 20:25:06,631 INFO  execution-log - [Sequence No - 37] Beginning ActionCommand ( LogicalFieldName : Next, LogicalFieldValue : Click )
----------------
2018-11-08 20:25:06,758 INFO  execution-log - [Sequence No - 37]	 Command completed.
----------------
2018-11-08 20:25:06,759 INFO  execution-log - 	 Command completed.
----------------
2018-11-08 20:25:06,760 INFO  execution-log -  Beginning PageCommand ( CurrentPage : Payment Profile, FlowIdentifier : 1, DiIndicator : DI )
----------------
2018-11-08 20:25:06,761 INFO  execution-log - 	 Command completed.
----------------
2018-11-08 20:25:06,761 INFO  execution-log -  Beginning LoadTestDataItemCommand ( CurrentPage : Payment Profile, FlowIdentifier : 1, DiIndicator : DI )
----------------
2018-11-08 20:25:06,774 INFO  execution-log - [Sequence No - 38] Beginning WaitForControlCommand ( LogicalFieldName : Check Payment, LogicalFieldValue : True )
----------------
2018-11-08 20:25:08,257 INFO  execution-log - [Sequence No - 38]	 Command completed.
----------------
2018-11-08 20:25:08,262 INFO  execution-log - [Sequence No - 39] Beginning ActionCommand ( LogicalFieldName : Check Payment, LogicalFieldValue : Click )
----------------
2018-11-08 20:25:08,455 INFO  execution-log - [Sequence No - 39]	 Command completed.
----------------
2018-11-08 20:25:08,459 INFO  execution-log - [Sequence No - 40] Beginning ActionCommand ( LogicalFieldName : Next, LogicalFieldValue : Click )
----------------
2018-11-08 20:25:21,451 ERROR execution-log - TC # : 2, Timed out after 10 seconds
----------------
2018-11-08 20:25:29,577 ERROR execution-log - TC # : 2, Timed out after 10 seconds
----------------
2018-11-08 20:25:29,600 ERROR execution-log - TC # : 2, No more iterations to run. Test execution will abort.
----------------
2018-11-08 20:25:29,624 ERROR execution-log - TC # : 2, Framework failed to run the test due to a test configuration error.
	VM.Platform.TestAutomationFramework.Core.Exceptions.WorkflowFailedException: Timed out after 10 seconds ---> OpenQA.Selenium.WebDriverTimeoutException: Timed out after 10 seconds ---> OpenQA.Selenium.NoSuchElementException: no such element: Unable to locate element: {"method":"xpath","selector":"//*[text()='>>> next ']"}
  (Session info: chrome=70.0.3538.77)
  (Driver info: chromedriver=2.40.565498 (ea082db3280dd6843ebfb08a625e3eb905c4f5ab),platform=Windows NT 10.0.14393 x86_64)
   at OpenQA.Selenium.Remote.RemoteWebDriver.UnpackAndThrowOnError(Response errorResponse)
   at OpenQA.Selenium.Remote.RemoteWebDriver.Execute(String driverCommandToExecute, Dictionary`2 parameters)
   at OpenQA.Selenium.Remote.RemoteWebDriver.FindElement(String mechanism, String value)
   at OpenQA.Selenium.Remote.RemoteWebDriver.FindElementByXPath(String xpath)
   at OpenQA.Selenium.By.<>c__DisplayClass19_0.<XPath>b__0(ISearchContext context)
   at OpenQA.Selenium.By.FindElement(ISearchContext context)
   at OpenQA.Selenium.Remote.RemoteWebDriver.FindElement(By by)
   at OpenQA.Selenium.Support.UI.ExpectedConditions.<>c__DisplayClass19_0.<ElementToBeClickable>b__0(IWebDriver driver)
   at OpenQA.Selenium.Support.UI.DefaultWait`1.Until[TResult](Func`2 condition)
   --- End of inner exception stack trace ---
   at OpenQA.Selenium.Support.UI.DefaultWait`1.ThrowTimeoutException(String exceptionMessage, Exception lastException)
   at OpenQA.Selenium.Support.UI.DefaultWait`1.Until[TResult](Func`2 condition)
   at VM.Platform.TestAutomationFramework.Adapters.Selenium.SeleniumAdapter.WaitForElementToBeClickable(ControlDefinition ctrlDefinition) in C:\Users\DasariW\Desktop\VM Framework\v4Dev_Updated\v4Dev_Updated\VMTestAutomation\Src\Framework.Adapters.Selenium\SeleniumAdapter.cs:line 713
   at VM.Platform.TestAutomationFramework.UIAutomation.Commands.Interactions.ActionCommand.Execute(TestRunContext context) in C:\Users\DasariW\Desktop\VM Framework\v4Dev_Updated\v4Dev_Updated\VMTestAutomation\Src\Framework.UIAutomation\Commands\Interactions\ActionCommand.cs:line 30
   --- End of inner exception stack trace ---
   at VM.Platform.TestAutomationFramework.UIAutomation.Commands.Interactions.ActionCommand.Execute(TestRunContext context) in C:\Users\DasariW\Desktop\VM Framework\v4Dev_Updated\v4Dev_Updated\VMTestAutomation\Src\Framework.UIAutomation\Commands\Interactions\ActionCommand.cs:line 42
   at VM.Platform.TestAutomationFramework.Core.Decorators.CommandDecorator.Execute(TestRunContext context) in C:\Users\DasariW\Desktop\VM Framework\v4Dev_Updated\v4Dev_Updated\VMTestAutomation\Src\Framework.Core\Decorators\CommandDecorator.cs:line 22
   at VM.Platform.TestAutomationFramework.Core.Decorators.CommandLogger.Execute(TestRunContext context) in C:\Users\DasariW\Desktop\VM Framework\v4Dev_Updated\v4Dev_Updated\VMTestAutomation\Src\Framework.Core\Decorators\CommandLogger.cs:line 93
   at VM.Platform.TestAutomationFramework.Core.Decorators.CommandDecorator.Execute(TestRunContext context) in C:\Users\DasariW\Desktop\VM Framework\v4Dev_Updated\v4Dev_Updated\VMTestAutomation\Src\Framework.Core\Decorators\CommandDecorator.cs:line 22
   at VM.Platform.TestAutomationFramework.Core.Decorators.CommandErrorHandler.Execute(TestRunContext context) in C:\Users\DasariW\Desktop\VM Framework\v4Dev_Updated\v4Dev_Updated\VMTestAutomation\Src\Framework.Core\Decorators\CommandErrorHandler.cs:line 65
   at VM.Platform.TestAutomationFramework.Core.Decorators.CommandDecorator.Execute(TestRunContext context) in C:\Users\DasariW\Desktop\VM Framework\v4Dev_Updated\v4Dev_Updated\VMTestAutomation\Src\Framework.Core\Decorators\CommandDecorator.cs:line 22
   at VM.Platform.TestAutomationFramework.Core.Decorators.CommandTimer.Execute(TestRunContext context) in C:\Users\DasariW\Desktop\VM Framework\v4Dev_Updated\v4Dev_Updated\VMTestAutomation\Src\Framework.Core\Decorators\CommandTimer.cs:line 26
   at VM.Platform.TestAutomationFramework.Core.Decorators.CommandDecorator.Execute(TestRunContext context) in C:\Users\DasariW\Desktop\VM Framework\v4Dev_Updated\v4Dev_Updated\VMTestAutomation\Src\Framework.Core\Decorators\CommandDecorator.cs:line 22
   at VM.Platform.TestAutomationFramework.Core.Decorators.IgnorePagesDecorator.Execute(TestRunContext context) in C:\Users\DasariW\Desktop\VM Framework\v4Dev_Updated\v4Dev_Updated\VMTestAutomation\Src\Framework.Core\Decorators\IgnorePagesDecorator.cs:line 24
   at VM.Platform.TestAutomationFramework.UIAutomation.Commands.Workflow.LoadTestDataItemCommand.Execute(TestRunContext context) in C:\Users\DasariW\Desktop\VM Framework\v4Dev_Updated\v4Dev_Updated\VMTestAutomation\Src\Framework.UIAutomation\Commands\Workflow\LoadTestDataItemCommand.cs:line 96
   at VM.Platform.TestAutomationFramework.Core.Decorators.CommandDecorator.Execute(TestRunContext context) in C:\Users\DasariW\Desktop\VM Framework\v4Dev_Updated\v4Dev_Updated\VMTestAutomation\Src\Framework.Core\Decorators\CommandDecorator.cs:line 22
   at VM.Platform.TestAutomationFramework.Core.Decorators.CommandLogger.Execute(TestRunContext context) in C:\Users\DasariW\Desktop\VM Framework\v4Dev_Updated\v4Dev_Updated\VMTestAutomation\Src\Framework.Core\Decorators\CommandLogger.cs:line 93
   at VM.Platform.TestAutomationFramework.Core.Decorators.CommandDecorator.Execute(TestRunContext context) in C:\Users\DasariW\Desktop\VM Framework\v4Dev_Updated\v4Dev_Updated\VMTestAutomation\Src\Framework.Core\Decorators\CommandDecorator.cs:line 22
   at VM.Platform.TestAutomationFramework.Core.Decorators.CommandErrorHandler.Execute(TestRunContext context) in C:\Users\DasariW\Desktop\VM Framework\v4Dev_Updated\v4Dev_Updated\VMTestAutomation\Src\Framework.Core\Decorators\CommandErrorHandler.cs:line 65
   at VM.Platform.TestAutomationFramework.Core.Decorators.CommandDecorator.Execute(TestRunContext context) in C:\Users\DasariW\Desktop\VM Framework\v4Dev_Updated\v4Dev_Updated\VMTestAutomation\Src\Framework.Core\Decorators\CommandDecorator.cs:line 22
   at VM.Platform.TestAutomationFramework.Core.Decorators.CommandTimer.Execute(TestRunContext context) in C:\Users\DasariW\Desktop\VM Framework\v4Dev_Updated\v4Dev_Updated\VMTestAutomation\Src\Framework.Core\Decorators\CommandTimer.cs:line 26
   at VM.Platform.TestAutomationFramework.Core.Decorators.CommandDecorator.Execute(TestRunContext context) in C:\Users\DasariW\Desktop\VM Framework\v4Dev_Updated\v4Dev_Updated\VMTestAutomation\Src\Framework.Core\Decorators\CommandDecorator.cs:line 22
   at VM.Platform.TestAutomationFramework.Core.Decorators.IgnorePagesDecorator.Execute(TestRunContext context) in C:\Users\DasariW\Desktop\VM Framework\v4Dev_Updated\v4Dev_Updated\VMTestAutomation\Src\Framework.Core\Decorators\IgnorePagesDecorator.cs:line 24
   at VM.Platform.TestAutomationFramework.Core.TestCommandRunner.Execute(TestRunContext testRunContext) in C:\Users\DasariW\Desktop\VM Framework\v4Dev_Updated\v4Dev_Updated\VMTestAutomation\Src\Framework.Core\TestCommandRunner.cs:line 75
   at VM.Platform.TestAutomationFramework.Core.SingleTestCaseRunner.ExecuteSingleTestCase(Int32 testCaseId, String targetEnvironment, String repositiory, Int32 Retry) in C:\Users\DasariW\Desktop\VM Framework\v4Dev_Updated\v4Dev_Updated\VMTestAutomation\Src\Framework.Core\SingleTestCaseRunner.cs:line 167
----------------
2018-11-08 20:25:31,099 INFO  execution-log - Saving captured values to file.
----------------
2018-11-08 20:25:31,114 ERROR execution-log - TC # : 2,  has failed
----------------
