2018-11-08 22:20:19,838 INFO  execution-log - 	Initializing control map with map # Master
----------------
2018-11-08 22:20:19,840 INFO  execution-log - Initializing Test Automation
----------------
2018-11-08 22:20:19,841 INFO  execution-log - 	target browser: Chrome
----------------
2018-11-08 22:20:19,842 INFO  execution-log - TC # : 2, Downloading test case from DB
----------------
2018-11-08 22:20:19,846 INFO  execution-log - TC # : 2, Getting control map :Master from DB
----------------
2018-11-08 22:20:19,849 INFO  execution-log - TC # : 2, Getting test data from DB
----------------
2018-11-08 22:20:19,871 INFO  execution-log - TC # : 2, Control map retrieval completed
----------------
2018-11-08 22:20:19,877 INFO  execution-log - TC # : 2, Test data retrieval completed
----------------
2018-11-08 22:20:19,878 INFO  execution-log - TC # : 2, Parsing commands
----------------
2018-11-08 22:20:19,879 INFO  execution-log - Loading captured values from persistence.
----------------
2018-11-08 22:20:19,880 INFO  execution-log - TC # : 2, Started executing test case in the HISCOX environment (http://hiscpvt.cloud.hiscox.com/oneshield/index.jsp#gateway)
----------------
2018-11-08 22:20:19,917 INFO  execution-log -  Beginning StartIterationCommand ( Iterations : 1 )
----------------
2018-11-08 22:20:19,920 INFO  execution-log - TC # : 2, Starting iteration #1
----------------
2018-11-08 22:20:19,921 INFO  execution-log - 	 Command completed.
----------------
2018-11-08 22:20:19,922 INFO  execution-log -  Beginning InvokeApplicationCommand ( Target :  )
----------------
2018-11-08 22:20:20,269 INFO  execution-log - 	 Command completed.
----------------
2018-11-08 22:20:20,272 INFO  execution-log -  Beginning PageCommand ( CurrentPage : Login, FlowIdentifier : 1, DiIndicator : DI )
----------------
2018-11-08 22:20:20,273 INFO  execution-log - 	 Command completed.
----------------
2018-11-08 22:20:20,277 INFO  execution-log -  Beginning LoadTestDataItemCommand ( CurrentPage : Login, FlowIdentifier : 1, DiIndicator : DI )
----------------
2018-11-08 22:20:20,329 INFO  execution-log - [Sequence No - 1] Beginning TestDataCommand ( LogicalFieldName : Partner Number, LogicalFieldValue : 0 )
----------------
2018-11-08 22:20:24,023 INFO  execution-log - [Sequence No - 1]	 Command completed.
----------------
2018-11-08 22:20:24,027 INFO  execution-log - [Sequence No - 2] Beginning TestDataCommand ( LogicalFieldName : Username, LogicalFieldValue : karthicuw )
----------------
2018-11-08 22:20:25,307 INFO  execution-log - [Sequence No - 2]	 Command completed.
----------------
2018-11-08 22:20:25,312 INFO  execution-log - [Sequence No - 3] Beginning TestDataCommand ( LogicalFieldName : Password, LogicalFieldValue : Monday!23 )
----------------
2018-11-08 22:20:25,474 INFO  execution-log - [Sequence No - 3]	 Command completed.
----------------
2018-11-08 22:20:25,478 INFO  execution-log - [Sequence No - 4] Beginning TestDataCommand ( LogicalFieldName : Partner Number, LogicalFieldValue : 0 )
----------------
2018-11-08 22:20:25,577 INFO  execution-log - [Sequence No - 4]	 Command completed.
----------------
2018-11-08 22:20:25,581 INFO  execution-log - [Sequence No - 5] Beginning ActionCommand ( LogicalFieldName : Login Page, LogicalFieldValue : Click )
----------------
2018-11-08 22:20:25,698 INFO  execution-log - [Sequence No - 5]	 Command completed.
----------------
2018-11-08 22:20:25,702 INFO  execution-log - [Sequence No - 6] Beginning ActionCommand ( LogicalFieldName : Login Button, LogicalFieldValue : Click )
----------------
2018-11-08 22:20:25,878 INFO  execution-log - [Sequence No - 6]	 Command completed.
----------------
2018-11-08 22:20:25,882 INFO  execution-log - [Sequence No - 7] Beginning TestDataCommand ( LogicalFieldName : Partner Number, LogicalFieldValue : 0 )
----------------
2018-11-08 22:20:25,989 INFO  execution-log - [Sequence No - 7]	 Command completed.
----------------
2018-11-08 22:20:25,990 INFO  execution-log - 	 Command completed.
----------------
2018-11-08 22:20:25,991 INFO  execution-log -  Beginning PageCommand ( CurrentPage : Quotes, FlowIdentifier : 1, DiIndicator : DI )
----------------
2018-11-08 22:20:25,992 INFO  execution-log - 	 Command completed.
----------------
2018-11-08 22:20:25,992 INFO  execution-log -  Beginning LoadTestDataItemCommand ( CurrentPage : Quotes, FlowIdentifier : 1, DiIndicator : DI )
----------------
2018-11-08 22:20:25,998 INFO  execution-log - [Sequence No - 8] Beginning WaitForControlCommand ( LogicalFieldName : Quotes_Link, LogicalFieldValue : True )
----------------
2018-11-08 22:20:26,812 INFO  execution-log - [Sequence No - 8]	 Command completed.
----------------
2018-11-08 22:20:26,817 INFO  execution-log - [Sequence No - 9] Beginning ActionCommand ( LogicalFieldName : Quotes_Link, LogicalFieldValue : Click )
----------------
2018-11-08 22:20:27,034 INFO  execution-log - [Sequence No - 9]	 Command completed.
----------------
2018-11-08 22:20:27,040 INFO  execution-log - [Sequence No - 10] Beginning WaitForControlCommand ( LogicalFieldName : New quote, LogicalFieldValue : True )
----------------
2018-11-08 22:20:28,893 INFO  execution-log - [Sequence No - 10]	 Command completed.
----------------
2018-11-08 22:20:28,897 INFO  execution-log - [Sequence No - 11] Beginning ActionCommand ( LogicalFieldName : New quote, LogicalFieldValue : Click )
----------------
2018-11-08 22:20:29,083 INFO  execution-log - [Sequence No - 11]	 Command completed.
----------------
2018-11-08 22:20:29,091 INFO  execution-log - [Sequence No - 12] Beginning ActionCommand ( LogicalFieldName : Select Producing Agency, LogicalFieldValue : Click-Wait(500) )
----------------
2018-11-08 22:20:30,445 INFO  execution-log - [Sequence No - 12]	 Command completed.
----------------
2018-11-08 22:20:30,449 INFO  execution-log - [Sequence No - 13] Beginning ActionCommand ( LogicalFieldName : Select Agency, LogicalFieldValue : Click )
----------------
2018-11-08 22:20:30,664 INFO  execution-log - [Sequence No - 13]	 Command completed.
----------------
2018-11-08 22:20:30,668 INFO  execution-log - [Sequence No - 14] Beginning WaitForControlCommand ( LogicalFieldName : Producer, LogicalFieldValue : True )
----------------
2018-11-08 22:20:32,587 INFO  execution-log - [Sequence No - 14]	 Command completed.
----------------
2018-11-08 22:20:32,592 INFO  execution-log - [Sequence No - 15] Beginning ActionCommand ( LogicalFieldName : Producer, LogicalFieldValue : Click-Wait(500) )
----------------
2018-11-08 22:20:33,765 INFO  execution-log - [Sequence No - 15]	 Command completed.
----------------
2018-11-08 22:20:33,770 INFO  execution-log - [Sequence No - 16] Beginning TestDataCommand ( LogicalFieldName : Producer, LogicalFieldValue : Agency  Producer )
----------------
2018-11-08 22:20:34,219 INFO  execution-log - [Sequence No - 16]	 Command completed.
----------------
2018-11-08 22:20:34,225 INFO  execution-log - [Sequence No - 17] Beginning TestDataCommand ( LogicalFieldName : First Name, LogicalFieldValue : HISCOX )
----------------
2018-11-08 22:20:34,469 INFO  execution-log - [Sequence No - 17]	 Command completed.
----------------
2018-11-08 22:20:34,477 INFO  execution-log - [Sequence No - 18] Beginning TestDataCommand ( LogicalFieldName : Last Name, LogicalFieldValue : Demo )
----------------
2018-11-08 22:20:34,684 INFO  execution-log - [Sequence No - 18]	 Command completed.
----------------
2018-11-08 22:20:34,688 INFO  execution-log - [Sequence No - 19] Beginning TestDataCommand ( LogicalFieldName : City, LogicalFieldValue : Atlanta )
----------------
2018-11-08 22:20:34,950 INFO  execution-log - [Sequence No - 19]	 Command completed.
----------------
2018-11-08 22:20:34,955 INFO  execution-log - [Sequence No - 20] Beginning TestDataCommand ( LogicalFieldName : State, LogicalFieldValue : Georgia )
----------------
2018-11-08 22:20:35,271 INFO  execution-log - [Sequence No - 20]	 Command completed.
----------------
2018-11-08 22:20:35,275 INFO  execution-log - [Sequence No - 21] Beginning TestDataCommand ( LogicalFieldName : Zip, LogicalFieldValue : 30338 )
----------------
2018-11-08 22:20:35,430 INFO  execution-log - [Sequence No - 21]	 Command completed.
----------------
2018-11-08 22:20:35,435 INFO  execution-log - [Sequence No - 22] Beginning TestDataCommand ( LogicalFieldName : Address Line 1, LogicalFieldValue : 1 Main st )
----------------
2018-11-08 22:20:35,800 INFO  execution-log - [Sequence No - 22]	 Command completed.
----------------
2018-11-08 22:20:35,809 INFO  execution-log - [Sequence No - 23] Beginning TestDataCommand ( LogicalFieldName : Address Line 2, LogicalFieldValue : 1 )
----------------
2018-11-08 22:20:35,959 INFO  execution-log - [Sequence No - 23]	 Command completed.
----------------
2018-11-08 22:20:35,963 INFO  execution-log - [Sequence No - 24] Beginning ActionCommand ( LogicalFieldName : Product line (errors and omissions), LogicalFieldValue : Click )
----------------
2018-11-08 22:20:36,166 INFO  execution-log - [Sequence No - 24]	 Command completed.
----------------
2018-11-08 22:20:36,171 INFO  execution-log - [Sequence No - 25] Beginning ActionCommand ( LogicalFieldName : Customer search, LogicalFieldValue : Click )
----------------
2018-11-08 22:20:36,525 INFO  execution-log - [Sequence No - 25]	 Command completed.
----------------
2018-11-08 22:20:36,526 INFO  execution-log - 	 Command completed.
----------------
2018-11-08 22:20:36,528 INFO  execution-log -  Beginning PageCommand ( CurrentPage : QuoteDetails, FlowIdentifier : 1, DiIndicator : DI )
----------------
2018-11-08 22:20:36,529 INFO  execution-log - 	 Command completed.
----------------
2018-11-08 22:20:36,529 INFO  execution-log -  Beginning LoadTestDataItemCommand ( CurrentPage : QuoteDetails, FlowIdentifier : 1, DiIndicator : DI )
----------------
2018-11-08 22:20:36,543 INFO  execution-log - [Sequence No - 26] Beginning WaitForControlCommand ( LogicalFieldName : Retro-active Date, LogicalFieldValue : True )
----------------
2018-11-08 22:20:43,024 INFO  execution-log - [Sequence No - 26]	 Command completed.
----------------
2018-11-08 22:20:43,028 INFO  execution-log - [Sequence No - 27] Beginning TestDataCommand ( LogicalFieldName : Rating Company, LogicalFieldValue : FDLI Protection Insurance Company )
----------------
2018-11-08 22:20:44,741 INFO  execution-log - [Sequence No - 27]	 Command completed.
----------------
2018-11-08 22:20:44,745 INFO  execution-log - [Sequence No - 28] Beginning TestDataCommand ( LogicalFieldName : Retro-active Date, LogicalFieldValue : 09/11/2018 )
----------------
2018-11-08 22:20:44,950 INFO  execution-log - [Sequence No - 28]	 Command completed.
----------------
2018-11-08 22:20:44,954 INFO  execution-log - [Sequence No - 29] Beginning TestDataCommand ( LogicalFieldName : Professional Liability Gross Sales, LogicalFieldValue : 100000 )
----------------
2018-11-08 22:20:45,130 INFO  execution-log - [Sequence No - 29]	 Command completed.
----------------
2018-11-08 22:20:45,134 INFO  execution-log - [Sequence No - 30] Beginning ActionCommand ( LogicalFieldName : QuoteDetails Page, LogicalFieldValue : Click )
----------------
2018-11-08 22:20:45,273 INFO  execution-log - [Sequence No - 30]	 Command completed.
----------------
2018-11-08 22:20:45,277 INFO  execution-log - [Sequence No - 31] Beginning ActionCommand ( LogicalFieldName : Save Changes, LogicalFieldValue : Click )
----------------
2018-11-08 22:20:45,455 INFO  execution-log - [Sequence No - 31]	 Command completed.
----------------
2018-11-08 22:20:45,459 INFO  execution-log - [Sequence No - 32] Beginning WaitForControlCommand ( LogicalFieldName : Rate Quote, LogicalFieldValue : True )
----------------
2018-11-08 22:20:46,382 INFO  execution-log - [Sequence No - 32]	 Command completed.
----------------
2018-11-08 22:20:46,386 INFO  execution-log - [Sequence No - 33] Beginning ActionCommand ( LogicalFieldName : Rate Quote, LogicalFieldValue : Click-Wait(1000) )
----------------
2018-11-08 22:20:48,531 INFO  execution-log - [Sequence No - 33]	 Command completed.
----------------
2018-11-08 22:20:48,537 INFO  execution-log - [Sequence No - 34] Beginning WaitForControlCommand ( LogicalFieldName : Request Issue, LogicalFieldValue : True )
----------------
2018-11-08 22:20:55,068 INFO  execution-log - [Sequence No - 34]	 Command completed.
----------------
2018-11-08 22:20:55,072 INFO  execution-log - [Sequence No - 35] Beginning ActionCommand ( LogicalFieldName : Request Issue, LogicalFieldValue : Click-Wait(1000) )
----------------
2018-11-08 22:20:57,234 INFO  execution-log - [Sequence No - 35]	 Command completed.
----------------
2018-11-08 22:20:57,239 INFO  execution-log - [Sequence No - 36] Beginning WaitForControlCommand ( LogicalFieldName : Next, LogicalFieldValue : True )
----------------
2018-11-08 22:20:58,479 INFO  execution-log - [Sequence No - 36]	 Command completed.
----------------
2018-11-08 22:20:58,483 INFO  execution-log - [Sequence No - 37] Beginning ActionCommand ( LogicalFieldName : Next, LogicalFieldValue : Click )
----------------
2018-11-08 22:20:58,621 INFO  execution-log - [Sequence No - 37]	 Command completed.
----------------
2018-11-08 22:20:58,623 INFO  execution-log - 	 Command completed.
----------------
2018-11-08 22:20:58,623 INFO  execution-log -  Beginning PageCommand ( CurrentPage : Payment Profile, FlowIdentifier : 1, DiIndicator : DI )
----------------
2018-11-08 22:20:58,624 INFO  execution-log - 	 Command completed.
----------------
2018-11-08 22:20:58,625 INFO  execution-log -  Beginning LoadTestDataItemCommand ( CurrentPage : Payment Profile, FlowIdentifier : 1, DiIndicator : DI )
----------------
2018-11-08 22:20:58,631 INFO  execution-log - [Sequence No - 38] Beginning WaitForControlCommand ( LogicalFieldName : Check Payment, LogicalFieldValue : True )
----------------
2018-11-08 22:21:00,178 INFO  execution-log - [Sequence No - 38]	 Command completed.
----------------
2018-11-08 22:21:00,183 INFO  execution-log - [Sequence No - 39] Beginning ActionCommand ( LogicalFieldName : Check Payment, LogicalFieldValue : Click )
----------------
2018-11-08 22:21:00,325 INFO  execution-log - [Sequence No - 39]	 Command completed.
----------------
2018-11-08 22:21:00,331 INFO  execution-log - [Sequence No - 40] Beginning ActionCommand ( LogicalFieldName : Next, LogicalFieldValue : Click )
----------------
2018-11-08 22:21:00,558 INFO  execution-log - [Sequence No - 40]	 Command completed.
----------------
2018-11-08 22:21:00,559 INFO  execution-log - 	 Command completed.
----------------
2018-11-08 22:21:00,560 INFO  execution-log -  Beginning PageCommand ( CurrentPage : Billing Choices, FlowIdentifier : 1, DiIndicator : DI )
----------------
2018-11-08 22:21:00,561 INFO  execution-log - 	 Command completed.
----------------
2018-11-08 22:21:00,562 INFO  execution-log -  Beginning LoadTestDataItemCommand ( CurrentPage : Billing Choices, FlowIdentifier : 1, DiIndicator : DI )
----------------
2018-11-08 22:21:00,570 INFO  execution-log - [Sequence No - 41] Beginning WaitForControlCommand ( LogicalFieldName : Email Address, LogicalFieldValue : True )
----------------
2018-11-08 22:21:13,530 ERROR execution-log - TC # : 2, Waited, but the Email Address control never appeared.
----------------
2018-11-08 22:21:21,621 ERROR execution-log - TC # : 2, Waited, but the Email Address control never appeared.
----------------
2018-11-08 22:21:21,640 ERROR execution-log - TC # : 2, No more iterations to run. Test execution will abort.
----------------
2018-11-08 22:21:21,658 ERROR execution-log - TC # : 2, Framework failed to run the test due to a test configuration error.
	VM.Platform.TestAutomationFramework.Core.Exceptions.WorkflowFailedException: Waited, but the Email Address control never appeared. ---> OpenQA.Selenium.WebDriverTimeoutException: Timed out after 10 seconds ---> OpenQA.Selenium.NoSuchElementException: no such element: Unable to locate element: {"method":"xpath","selector":"//*[@name="bv_38511696656_27360105p29253414p32681746p30028946"]"}
  (Session info: chrome=70.0.3538.77)
  (Driver info: chromedriver=2.40.565498 (ea082db3280dd6843ebfb08a625e3eb905c4f5ab),platform=Windows NT 10.0.14393 x86_64)
   at OpenQA.Selenium.Remote.RemoteWebDriver.UnpackAndThrowOnError(Response errorResponse)
   at OpenQA.Selenium.Remote.RemoteWebDriver.Execute(String driverCommandToExecute, Dictionary`2 parameters)
   at OpenQA.Selenium.Remote.RemoteWebDriver.FindElement(String mechanism, String value)
   at OpenQA.Selenium.Remote.RemoteWebDriver.FindElementByXPath(String xpath)
   at OpenQA.Selenium.By.<>c__DisplayClass19_0.<XPath>b__0(ISearchContext context)
   at OpenQA.Selenium.By.FindElement(ISearchContext context)
   at OpenQA.Selenium.Remote.RemoteWebDriver.FindElement(By by)
   at OpenQA.Selenium.Support.UI.ExpectedConditions.<>c__DisplayClass19_0.<ElementToBeClickable>b__0(IWebDriver driver)
   at OpenQA.Selenium.Support.UI.DefaultWait`1.Until[TResult](Func`2 condition)
   --- End of inner exception stack trace ---
   at OpenQA.Selenium.Support.UI.DefaultWait`1.ThrowTimeoutException(String exceptionMessage, Exception lastException)
   at OpenQA.Selenium.Support.UI.DefaultWait`1.Until[TResult](Func`2 condition)
   at VM.Platform.TestAutomationFramework.Adapters.Selenium.SeleniumAdapter.WaitForElementToBeClickable(ControlDefinition ctrlDefinition) in C:\Users\DasariW\Desktop\VM Framework\v4Dev_Updated\v4Dev_Updated\VMTestAutomation\Src\Framework.Adapters.Selenium\SeleniumAdapter.cs:line 713
   at VM.Platform.TestAutomationFramework.UIAutomation.Commands.Interactions.WaitForControlCommand.Execute(TestRunContext context) in C:\Users\DasariW\Desktop\VM Framework\v4Dev_Updated\v4Dev_Updated\VMTestAutomation\Src\Framework.UIAutomation\Commands\Interactions\WaitForControlCommand.cs:line 33
   --- End of inner exception stack trace ---
   at VM.Platform.TestAutomationFramework.UIAutomation.Commands.Interactions.WaitForControlCommand.Execute(TestRunContext context) in C:\Users\DasariW\Desktop\VM Framework\v4Dev_Updated\v4Dev_Updated\VMTestAutomation\Src\Framework.UIAutomation\Commands\Interactions\WaitForControlCommand.cs:line 44
   at VM.Platform.TestAutomationFramework.Core.Decorators.CommandDecorator.Execute(TestRunContext context) in C:\Users\DasariW\Desktop\VM Framework\v4Dev_Updated\v4Dev_Updated\VMTestAutomation\Src\Framework.Core\Decorators\CommandDecorator.cs:line 22
   at VM.Platform.TestAutomationFramework.Core.Decorators.CommandLogger.Execute(TestRunContext context) in C:\Users\DasariW\Desktop\VM Framework\v4Dev_Updated\v4Dev_Updated\VMTestAutomation\Src\Framework.Core\Decorators\CommandLogger.cs:line 93
   at VM.Platform.TestAutomationFramework.Core.Decorators.CommandDecorator.Execute(TestRunContext context) in C:\Users\DasariW\Desktop\VM Framework\v4Dev_Updated\v4Dev_Updated\VMTestAutomation\Src\Framework.Core\Decorators\CommandDecorator.cs:line 22
   at VM.Platform.TestAutomationFramework.Core.Decorators.CommandErrorHandler.Execute(TestRunContext context) in C:\Users\DasariW\Desktop\VM Framework\v4Dev_Updated\v4Dev_Updated\VMTestAutomation\Src\Framework.Core\Decorators\CommandErrorHandler.cs:line 65
   at VM.Platform.TestAutomationFramework.Core.Decorators.CommandDecorator.Execute(TestRunContext context) in C:\Users\DasariW\Desktop\VM Framework\v4Dev_Updated\v4Dev_Updated\VMTestAutomation\Src\Framework.Core\Decorators\CommandDecorator.cs:line 22
   at VM.Platform.TestAutomationFramework.Core.Decorators.CommandTimer.Execute(TestRunContext context) in C:\Users\DasariW\Desktop\VM Framework\v4Dev_Updated\v4Dev_Updated\VMTestAutomation\Src\Framework.Core\Decorators\CommandTimer.cs:line 26
   at VM.Platform.TestAutomationFramework.Core.Decorators.CommandDecorator.Execute(TestRunContext context) in C:\Users\DasariW\Desktop\VM Framework\v4Dev_Updated\v4Dev_Updated\VMTestAutomation\Src\Framework.Core\Decorators\CommandDecorator.cs:line 22
   at VM.Platform.TestAutomationFramework.Core.Decorators.IgnorePagesDecorator.Execute(TestRunContext context) in C:\Users\DasariW\Desktop\VM Framework\v4Dev_Updated\v4Dev_Updated\VMTestAutomation\Src\Framework.Core\Decorators\IgnorePagesDecorator.cs:line 24
   at VM.Platform.TestAutomationFramework.UIAutomation.Commands.Workflow.LoadTestDataItemCommand.Execute(TestRunContext context) in C:\Users\DasariW\Desktop\VM Framework\v4Dev_Updated\v4Dev_Updated\VMTestAutomation\Src\Framework.UIAutomation\Commands\Workflow\LoadTestDataItemCommand.cs:line 96
   at VM.Platform.TestAutomationFramework.Core.Decorators.CommandDecorator.Execute(TestRunContext context) in C:\Users\DasariW\Desktop\VM Framework\v4Dev_Updated\v4Dev_Updated\VMTestAutomation\Src\Framework.Core\Decorators\CommandDecorator.cs:line 22
   at VM.Platform.TestAutomationFramework.Core.Decorators.CommandLogger.Execute(TestRunContext context) in C:\Users\DasariW\Desktop\VM Framework\v4Dev_Updated\v4Dev_Updated\VMTestAutomation\Src\Framework.Core\Decorators\CommandLogger.cs:line 93
   at VM.Platform.TestAutomationFramework.Core.Decorators.CommandDecorator.Execute(TestRunContext context) in C:\Users\DasariW\Desktop\VM Framework\v4Dev_Updated\v4Dev_Updated\VMTestAutomation\Src\Framework.Core\Decorators\CommandDecorator.cs:line 22
   at VM.Platform.TestAutomationFramework.Core.Decorators.CommandErrorHandler.Execute(TestRunContext context) in C:\Users\DasariW\Desktop\VM Framework\v4Dev_Updated\v4Dev_Updated\VMTestAutomation\Src\Framework.Core\Decorators\CommandErrorHandler.cs:line 65
   at VM.Platform.TestAutomationFramework.Core.Decorators.CommandDecorator.Execute(TestRunContext context) in C:\Users\DasariW\Desktop\VM Framework\v4Dev_Updated\v4Dev_Updated\VMTestAutomation\Src\Framework.Core\Decorators\CommandDecorator.cs:line 22
   at VM.Platform.TestAutomationFramework.Core.Decorators.CommandTimer.Execute(TestRunContext context) in C:\Users\DasariW\Desktop\VM Framework\v4Dev_Updated\v4Dev_Updated\VMTestAutomation\Src\Framework.Core\Decorators\CommandTimer.cs:line 26
   at VM.Platform.TestAutomationFramework.Core.Decorators.CommandDecorator.Execute(TestRunContext context) in C:\Users\DasariW\Desktop\VM Framework\v4Dev_Updated\v4Dev_Updated\VMTestAutomation\Src\Framework.Core\Decorators\CommandDecorator.cs:line 22
   at VM.Platform.TestAutomationFramework.Core.Decorators.IgnorePagesDecorator.Execute(TestRunContext context) in C:\Users\DasariW\Desktop\VM Framework\v4Dev_Updated\v4Dev_Updated\VMTestAutomation\Src\Framework.Core\Decorators\IgnorePagesDecorator.cs:line 24
   at VM.Platform.TestAutomationFramework.Core.TestCommandRunner.Execute(TestRunContext testRunContext) in C:\Users\DasariW\Desktop\VM Framework\v4Dev_Updated\v4Dev_Updated\VMTestAutomation\Src\Framework.Core\TestCommandRunner.cs:line 75
   at VM.Platform.TestAutomationFramework.Core.SingleTestCaseRunner.ExecuteSingleTestCase(Int32 testCaseId, String targetEnvironment, String repositiory, Int32 Retry) in C:\Users\DasariW\Desktop\VM Framework\v4Dev_Updated\v4Dev_Updated\VMTestAutomation\Src\Framework.Core\SingleTestCaseRunner.cs:line 167
----------------
2018-11-08 22:21:23,069 INFO  execution-log - Saving captured values to file.
----------------
2018-11-08 22:21:23,071 ERROR execution-log - TC # : 2,  has failed
----------------
