2019-02-08 01:07:24,637 INFO  execution-log - 	Initializing control map with map # MASTER
----------------
2019-02-08 01:10:24,308 INFO  execution-log - Initializing Test Automation
----------------
2019-02-08 01:10:24,326 INFO  execution-log - 	target browser: Chrome
----------------
2019-02-08 01:10:29,903 INFO  execution-log - TC # : 2, Downloading test case from DB
----------------
2019-02-08 01:10:35,132 INFO  execution-log - TC # : 2, Getting test data from DB
----------------
2019-02-08 01:10:35,134 INFO  execution-log - TC # : 2, Getting control map :MASTER from DB
----------------
2019-02-08 01:10:35,163 INFO  execution-log - TC # : 2, Control map retrieval completed
----------------
2019-02-08 01:10:35,170 INFO  execution-log - TC # : 2, Test data retrieval completed
----------------
2019-02-08 01:10:36,932 INFO  execution-log - TC # : 2, Parsing commands
----------------
2019-02-08 01:10:38,460 INFO  execution-log - Loading captured values from persistence.
----------------
2019-02-08 01:10:39,918 INFO  execution-log - TC # : 2, Started executing test case in the VMTESTAPP1 environment (http://vam-qa.cloudapp.net:6363/pages/login.html)
----------------
2019-02-08 01:10:41,807 INFO  execution-log -  Beginning StartIterationCommand ( Iterations : 1 )
----------------
2019-02-08 01:10:41,815 INFO  execution-log - TC # : 2, Starting iteration #1
----------------
2019-02-08 01:10:41,824 INFO  execution-log - 	 Command completed.
----------------
2019-02-08 01:10:41,830 INFO  execution-log -  Beginning InvokeApplicationCommand ( Target :  )
----------------
2019-02-08 01:10:44,179 INFO  execution-log - 	 Command completed.
----------------
2019-02-08 01:10:44,186 INFO  execution-log -  Beginning PageCommand ( CurrentPage : Login, FlowIdentifier : 1, DiIndicator : DI )
----------------
2019-02-08 01:10:44,196 INFO  execution-log - 	 Command completed.
----------------
2019-02-08 01:10:44,203 INFO  execution-log -  Beginning LoadTestDataItemCommand ( CurrentPage : Login, FlowIdentifier : 1, DiIndicator : DI )
----------------
2019-02-08 01:10:44,270 INFO  execution-log - [Sequence No - 1] Beginning ValidateExistStatusCommand ( LogicalFieldName : User Name, LogicalFieldValue : True )
----------------
2019-02-08 01:10:44,315 INFO  execution-log - [Sequence No - 1]	 Command completed.
----------------
2019-02-08 01:10:44,329 INFO  execution-log - [Sequence No - 2] Beginning ActionCommand ( LogicalFieldName : User Name, LogicalFieldValue : Click )
----------------
2019-02-08 01:10:48,635 INFO  execution-log - [Sequence No - 2]	 Command completed.
----------------
2019-02-08 01:10:48,708 INFO  execution-log - [Sequence No - 3] Beginning TestDataCommand ( LogicalFieldName : User Name, LogicalFieldValue : Jack )
----------------
2019-02-08 01:10:48,829 INFO  execution-log - [Sequence No - 3]	 Command completed.
----------------
2019-02-08 01:10:48,840 INFO  execution-log - [Sequence No - 4] Beginning ValidateExistStatusCommand ( LogicalFieldName : Password, LogicalFieldValue : True )
----------------
2019-02-08 01:10:48,865 INFO  execution-log - [Sequence No - 4]	 Command completed.
----------------
2019-02-08 01:10:48,874 INFO  execution-log - [Sequence No - 5] Beginning TestDataCommand ( LogicalFieldName : Password, LogicalFieldValue : Smit@123 )
----------------
2019-02-08 01:10:49,047 INFO  execution-log - [Sequence No - 5]	 Command completed.
----------------
2019-02-08 01:10:49,058 INFO  execution-log - [Sequence No - 6] Beginning ValidateEnableStatusCommand ( LogicalFieldName : Login_Button, LogicalFieldValue : True )
----------------
2019-02-08 01:10:49,115 INFO  execution-log - [Sequence No - 6]	 Command completed.
----------------
2019-02-08 01:10:49,145 INFO  execution-log - [Sequence No - 7] Beginning ActionCommand ( LogicalFieldName : Login_Button, LogicalFieldValue : Click )
----------------
2019-02-08 01:10:49,374 INFO  execution-log - [Sequence No - 7]	 Command completed.
----------------
2019-02-08 01:10:49,384 INFO  execution-log - 	 Command completed.
----------------
2019-02-08 01:10:49,392 INFO  execution-log -  Beginning StartIterationCommand ( Iterations : 2 )
----------------
2019-02-08 01:10:49,416 INFO  execution-log - TC # : 2, Starting iteration #2
----------------
2019-02-08 01:10:49,422 INFO  execution-log - 	 Command completed.
----------------
2019-02-08 01:10:49,436 INFO  execution-log -  Beginning InvokeApplicationCommand ( Target :  )
----------------
2019-02-08 01:10:49,746 INFO  execution-log - 	 Command completed.
----------------
2019-02-08 01:10:49,753 INFO  execution-log -  Beginning PageCommand ( CurrentPage : Home, FlowIdentifier : 2, DiIndicator : DI )
----------------
2019-02-08 01:10:49,759 INFO  execution-log - 	 Command completed.
----------------
2019-02-08 01:10:49,765 INFO  execution-log -  Beginning LoadTestDataItemCommand ( CurrentPage : Home, FlowIdentifier : 2, DiIndicator : DI )
----------------
2019-02-08 01:10:49,791 INFO  execution-log - [Sequence No - 8] Beginning ActionCommand ( LogicalFieldName : New Quote, LogicalFieldValue : Click )
----------------
2019-02-08 01:11:03,096 ERROR execution-log - TC # : 2, Timed out after 10 seconds
----------------
2019-02-08 01:11:11,179 ERROR execution-log - TC # : 2, Timed out after 10 seconds
----------------
2019-02-08 01:11:11,198 ERROR execution-log - TC # : 2, No more iterations to run. Test execution will abort.
----------------
2019-02-08 01:11:16,636 ERROR execution-log - TC # : 2, Framework failed to run the test due to a test configuration error.
	VM.Platform.TestAutomationFramework.Core.Exceptions.WorkflowFailedException: Timed out after 10 seconds ---> OpenQA.Selenium.WebDriverTimeoutException: Timed out after 10 seconds ---> OpenQA.Selenium.NoSuchElementException: no such element: Unable to locate element: {"method":"xpath","selector":"//*[@id="divHome"]/div[2]/div[1]/div/div[2]/div[1]/a/img"}
  (Session info: chrome=71.0.3578.98)
  (Driver info: chromedriver=2.45.615291 (ec3682e3c9061c10f26ea9e5cdcf3c53f3f74387),platform=Windows NT 10.0.16299 x86_64)
   at OpenQA.Selenium.Remote.RemoteWebDriver.UnpackAndThrowOnError(Response errorResponse)
   at OpenQA.Selenium.Remote.RemoteWebDriver.Execute(String driverCommandToExecute, Dictionary`2 parameters)
   at OpenQA.Selenium.Remote.RemoteWebDriver.FindElement(String mechanism, String value)
   at OpenQA.Selenium.Remote.RemoteWebDriver.FindElementByXPath(String xpath)
   at OpenQA.Selenium.By.<>c__DisplayClass19_0.<XPath>b__0(ISearchContext context)
   at OpenQA.Selenium.By.FindElement(ISearchContext context)
   at OpenQA.Selenium.Remote.RemoteWebDriver.FindElement(By by)
   at OpenQA.Selenium.Support.UI.ExpectedConditions.<>c__DisplayClass19_0.<ElementToBeClickable>b__0(IWebDriver driver)
   at OpenQA.Selenium.Support.UI.DefaultWait`1.Until[TResult](Func`2 condition)
   --- End of inner exception stack trace ---
   at OpenQA.Selenium.Support.UI.DefaultWait`1.ThrowTimeoutException(String exceptionMessage, Exception lastException)
   at OpenQA.Selenium.Support.UI.DefaultWait`1.Until[TResult](Func`2 condition)
   at VM.Platform.TestAutomationFramework.Adapters.Selenium.SeleniumAdapter.WaitForElementToBeClickable(ControlDefinition ctrlDefinition) in C:\Users\VMQApractice\Desktop\v4Dev_Updated\v4Dev_Updated\VMTestAutomation\Src\Framework.Adapters.Selenium\SeleniumAdapter.cs:line 713
   at VM.Platform.TestAutomationFramework.UIAutomation.Commands.Interactions.ActionCommand.Execute(TestRunContext context) in C:\Users\VMQApractice\Desktop\v4Dev_Updated\v4Dev_Updated\VMTestAutomation\Src\Framework.UIAutomation\Commands\Interactions\ActionCommand.cs:line 30
   --- End of inner exception stack trace ---
   at VM.Platform.TestAutomationFramework.UIAutomation.Commands.Interactions.ActionCommand.Execute(TestRunContext context) in C:\Users\VMQApractice\Desktop\v4Dev_Updated\v4Dev_Updated\VMTestAutomation\Src\Framework.UIAutomation\Commands\Interactions\ActionCommand.cs:line 42
   at VM.Platform.TestAutomationFramework.Core.Decorators.CommandDecorator.Execute(TestRunContext context) in C:\Users\VMQApractice\Desktop\v4Dev_Updated\v4Dev_Updated\VMTestAutomation\Src\Framework.Core\Decorators\CommandDecorator.cs:line 22
   at VM.Platform.TestAutomationFramework.Core.Decorators.CommandLogger.Execute(TestRunContext context) in C:\Users\VMQApractice\Desktop\v4Dev_Updated\v4Dev_Updated\VMTestAutomation\Src\Framework.Core\Decorators\CommandLogger.cs:line 93
   at VM.Platform.TestAutomationFramework.Core.Decorators.CommandDecorator.Execute(TestRunContext context) in C:\Users\VMQApractice\Desktop\v4Dev_Updated\v4Dev_Updated\VMTestAutomation\Src\Framework.Core\Decorators\CommandDecorator.cs:line 22
   at VM.Platform.TestAutomationFramework.Core.Decorators.CommandErrorHandler.Execute(TestRunContext context) in C:\Users\VMQApractice\Desktop\v4Dev_Updated\v4Dev_Updated\VMTestAutomation\Src\Framework.Core\Decorators\CommandErrorHandler.cs:line 65
   at VM.Platform.TestAutomationFramework.Core.Decorators.CommandDecorator.Execute(TestRunContext context) in C:\Users\VMQApractice\Desktop\v4Dev_Updated\v4Dev_Updated\VMTestAutomation\Src\Framework.Core\Decorators\CommandDecorator.cs:line 22
   at VM.Platform.TestAutomationFramework.Core.Decorators.CommandTimer.Execute(TestRunContext context) in C:\Users\VMQApractice\Desktop\v4Dev_Updated\v4Dev_Updated\VMTestAutomation\Src\Framework.Core\Decorators\CommandTimer.cs:line 26
   at VM.Platform.TestAutomationFramework.Core.Decorators.CommandDecorator.Execute(TestRunContext context) in C:\Users\VMQApractice\Desktop\v4Dev_Updated\v4Dev_Updated\VMTestAutomation\Src\Framework.Core\Decorators\CommandDecorator.cs:line 22
   at VM.Platform.TestAutomationFramework.Core.Decorators.IgnorePagesDecorator.Execute(TestRunContext context) in C:\Users\VMQApractice\Desktop\v4Dev_Updated\v4Dev_Updated\VMTestAutomation\Src\Framework.Core\Decorators\IgnorePagesDecorator.cs:line 24
   at VM.Platform.TestAutomationFramework.UIAutomation.Commands.Workflow.LoadTestDataItemCommand.Execute(TestRunContext context) in C:\Users\VMQApractice\Desktop\v4Dev_Updated\v4Dev_Updated\VMTestAutomation\Src\Framework.UIAutomation\Commands\Workflow\LoadTestDataItemCommand.cs:line 96
   at VM.Platform.TestAutomationFramework.Core.Decorators.CommandDecorator.Execute(TestRunContext context) in C:\Users\VMQApractice\Desktop\v4Dev_Updated\v4Dev_Updated\VMTestAutomation\Src\Framework.Core\Decorators\CommandDecorator.cs:line 22
   at VM.Platform.TestAutomationFramework.Core.Decorators.CommandLogger.Execute(TestRunContext context) in C:\Users\VMQApractice\Desktop\v4Dev_Updated\v4Dev_Updated\VMTestAutomation\Src\Framework.Core\Decorators\CommandLogger.cs:line 93
   at VM.Platform.TestAutomationFramework.Core.Decorators.CommandDecorator.Execute(TestRunContext context) in C:\Users\VMQApractice\Desktop\v4Dev_Updated\v4Dev_Updated\VMTestAutomation\Src\Framework.Core\Decorators\CommandDecorator.cs:line 22
   at VM.Platform.TestAutomationFramework.Core.Decorators.CommandErrorHandler.Execute(TestRunContext context) in C:\Users\VMQApractice\Desktop\v4Dev_Updated\v4Dev_Updated\VMTestAutomation\Src\Framework.Core\Decorators\CommandErrorHandler.cs:line 65
   at VM.Platform.TestAutomationFramework.Core.Decorators.CommandDecorator.Execute(TestRunContext context) in C:\Users\VMQApractice\Desktop\v4Dev_Updated\v4Dev_Updated\VMTestAutomation\Src\Framework.Core\Decorators\CommandDecorator.cs:line 22
   at VM.Platform.TestAutomationFramework.Core.Decorators.CommandTimer.Execute(TestRunContext context) in C:\Users\VMQApractice\Desktop\v4Dev_Updated\v4Dev_Updated\VMTestAutomation\Src\Framework.Core\Decorators\CommandTimer.cs:line 26
   at VM.Platform.TestAutomationFramework.Core.Decorators.CommandDecorator.Execute(TestRunContext context) in C:\Users\VMQApractice\Desktop\v4Dev_Updated\v4Dev_Updated\VMTestAutomation\Src\Framework.Core\Decorators\CommandDecorator.cs:line 22
   at VM.Platform.TestAutomationFramework.Core.Decorators.IgnorePagesDecorator.Execute(TestRunContext context) in C:\Users\VMQApractice\Desktop\v4Dev_Updated\v4Dev_Updated\VMTestAutomation\Src\Framework.Core\Decorators\IgnorePagesDecorator.cs:line 24
   at VM.Platform.TestAutomationFramework.Core.TestCommandRunner.Execute(TestRunContext testRunContext) in C:\Users\VMQApractice\Desktop\v4Dev_Updated\v4Dev_Updated\VMTestAutomation\Src\Framework.Core\TestCommandRunner.cs:line 75
   at VM.Platform.TestAutomationFramework.Core.SingleTestCaseRunner.ExecuteSingleTestCase(Int32 testCaseId, String targetEnvironment, String repositiory, Int32 Retry) in C:\Users\VMQApractice\Desktop\v4Dev_Updated\v4Dev_Updated\VMTestAutomation\Src\Framework.Core\SingleTestCaseRunner.cs:line 167
----------------
2019-02-08 01:11:19,756 INFO  execution-log - Saving captured values to file.
----------------
2019-02-08 01:11:19,772 ERROR execution-log - TC # : 2,  has failed
----------------
