2019-02-08 08:45:20,179 INFO  execution-log - 	Initializing control map with map # MASTER
----------------
2019-02-08 08:45:20,196 INFO  execution-log - Initializing Test Automation
----------------
2019-02-08 08:45:20,201 INFO  execution-log - 	target browser: Chrome
----------------
2019-02-08 08:45:25,332 INFO  execution-log - TC # : 1, Downloading test case from DB
----------------
2019-02-08 08:45:25,354 INFO  execution-log - TC # : 1, Getting test data from DB
----------------
2019-02-08 08:45:25,354 INFO  execution-log - TC # : 1, Getting control map :MASTER from DB
----------------
2019-02-08 08:45:25,389 INFO  execution-log - TC # : 1, Test data retrieval completed
----------------
2019-02-08 08:45:25,408 INFO  execution-log - TC # : 1, Control map retrieval completed
----------------
2019-02-08 08:45:25,413 INFO  execution-log - TC # : 1, Parsing commands
----------------
2019-02-08 08:45:25,421 INFO  execution-log - Loading captured values from persistence.
----------------
2019-02-08 08:45:25,427 INFO  execution-log - TC # : 1, Started executing test case in the VMTESTAPP1 environment (http://vam-qa.cloudapp.net:6363/pages/login.html)
----------------
2019-02-08 08:45:25,483 INFO  execution-log -  Beginning StartIterationCommand ( Iterations : 1 )
----------------
2019-02-08 08:45:25,489 INFO  execution-log - TC # : 1, Starting iteration #1
----------------
2019-02-08 08:45:25,493 INFO  execution-log - 	 Command completed.
----------------
2019-02-08 08:45:25,499 INFO  execution-log -  Beginning InvokeApplicationCommand ( Target :  )
----------------
2019-02-08 08:45:26,785 INFO  execution-log - 	 Command completed.
----------------
2019-02-08 08:45:26,793 INFO  execution-log -  Beginning PageCommand ( CurrentPage : Login, FlowIdentifier : 1, DiIndicator : DI )
----------------
2019-02-08 08:45:26,799 INFO  execution-log - 	 Command completed.
----------------
2019-02-08 08:45:26,810 INFO  execution-log -  Beginning LoadTestDataItemCommand ( CurrentPage : Login, FlowIdentifier : 1, DiIndicator : DI )
----------------
2019-02-08 08:45:26,831 INFO  execution-log - [Sequence No - 1] Beginning ValidateExistStatusCommand ( LogicalFieldName : User Name, LogicalFieldValue : True )
----------------
2019-02-08 08:45:26,870 INFO  execution-log - [Sequence No - 1]	 Command completed.
----------------
2019-02-08 08:45:26,879 INFO  execution-log - [Sequence No - 2] Beginning ActionCommand ( LogicalFieldName : User Name, LogicalFieldValue : Click )
----------------
2019-02-08 08:45:27,062 INFO  execution-log - [Sequence No - 2]	 Command completed.
----------------
2019-02-08 08:45:27,075 INFO  execution-log - [Sequence No - 3] Beginning TestDataCommand ( LogicalFieldName : User Name, LogicalFieldValue : Jack )
----------------
2019-02-08 08:45:27,185 INFO  execution-log - [Sequence No - 3]	 Command completed.
----------------
2019-02-08 08:45:27,196 INFO  execution-log - [Sequence No - 4] Beginning ValidateExistStatusCommand ( LogicalFieldName : Password, LogicalFieldValue : True )
----------------
2019-02-08 08:45:27,217 INFO  execution-log - [Sequence No - 4]	 Command completed.
----------------
2019-02-08 08:45:27,226 INFO  execution-log - [Sequence No - 5] Beginning TestDataCommand ( LogicalFieldName : Password, LogicalFieldValue : Smit@123 )
----------------
2019-02-08 08:45:27,391 INFO  execution-log - [Sequence No - 5]	 Command completed.
----------------
2019-02-08 08:45:27,402 INFO  execution-log - [Sequence No - 6] Beginning ValidateEnableStatusCommand ( LogicalFieldName : Login_Button, LogicalFieldValue : True )
----------------
2019-02-08 08:45:27,451 INFO  execution-log - [Sequence No - 6]	 Command completed.
----------------
2019-02-08 08:45:27,461 INFO  execution-log - [Sequence No - 7] Beginning ActionCommand ( LogicalFieldName : Login_Button, LogicalFieldValue : Click )
----------------
2019-02-08 08:45:27,647 INFO  execution-log - [Sequence No - 7]	 Command completed.
----------------
2019-02-08 08:45:27,656 INFO  execution-log - 	 Command completed.
----------------
2019-02-08 08:45:27,661 INFO  execution-log -  Beginning PageCommand ( CurrentPage : Home, FlowIdentifier : 2, DiIndicator : DI )
----------------
2019-02-08 08:45:27,667 INFO  execution-log - 	 Command completed.
----------------
2019-02-08 08:45:27,672 INFO  execution-log -  Beginning LoadTestDataItemCommand ( CurrentPage : Home, FlowIdentifier : 2, DiIndicator : DI )
----------------
2019-02-08 08:45:27,691 INFO  execution-log - [Sequence No - 8] Beginning ValidateEnableStatusCommand ( LogicalFieldName : New Quote, LogicalFieldValue : True )
----------------
2019-02-08 08:45:28,778 INFO  execution-log - [Sequence No - 8]	 Command completed.
----------------
2019-02-08 08:45:28,791 INFO  execution-log - [Sequence No - 9] Beginning ActionCommand ( LogicalFieldName : New Quote, LogicalFieldValue : Click )
----------------
2019-02-08 08:45:30,251 INFO  execution-log - [Sequence No - 9]	 Command completed.
----------------
2019-02-08 08:45:31,523 INFO  execution-log - 	 Command completed.
----------------
2019-02-08 08:45:33,695 INFO  execution-log -  Beginning PageCommand ( CurrentPage : New Quote, FlowIdentifier : 3, DiIndicator : DI )
----------------
2019-02-08 08:45:33,709 INFO  execution-log - 	 Command completed.
----------------
2019-02-08 08:45:33,725 INFO  execution-log -  Beginning LoadTestDataItemCommand ( CurrentPage : New Quote, FlowIdentifier : 3, DiIndicator : DI )
----------------
2019-02-08 08:45:33,746 INFO  execution-log - [Sequence No - 10] Beginning ValidateExistStatusCommand ( LogicalFieldName : Account Name, LogicalFieldValue : True )
----------------
2019-02-08 08:45:33,806 INFO  execution-log - [Sequence No - 10]	 Command completed.
----------------
2019-02-08 08:45:33,932 INFO  execution-log - [Sequence No - 11] Beginning TestDataCommand ( LogicalFieldName : Account Name, LogicalFieldValue : RANDOMIZE(7,2) )
----------------
2019-02-08 08:45:34,353 INFO  execution-log - [Sequence No - 11]	 Command completed.
----------------
2019-02-08 08:45:34,366 INFO  execution-log - [Sequence No - 12] Beginning ValidateExistStatusCommand ( LogicalFieldName : First Name, LogicalFieldValue : True )
----------------
2019-02-08 08:45:34,400 INFO  execution-log - [Sequence No - 12]	 Command completed.
----------------
2019-02-08 08:45:34,409 INFO  execution-log - [Sequence No - 13] Beginning TestDataCommand ( LogicalFieldName : First Name, LogicalFieldValue : Jack )
----------------
2019-02-08 08:45:35,226 INFO  execution-log - [Sequence No - 13]	 Command completed.
----------------
2019-02-08 08:45:35,238 INFO  execution-log - [Sequence No - 14] Beginning ValidateEnableStatusCommand ( LogicalFieldName : Last Name, LogicalFieldValue : True )
----------------
2019-02-08 08:45:35,292 INFO  execution-log - [Sequence No - 14]	 Command completed.
----------------
2019-02-08 08:45:35,302 INFO  execution-log - [Sequence No - 15] Beginning TestDataCommand ( LogicalFieldName : Last Name, LogicalFieldValue : Smith )
----------------
2019-02-08 08:45:35,865 INFO  execution-log - [Sequence No - 15]	 Command completed.
----------------
2019-02-08 08:45:35,876 INFO  execution-log - [Sequence No - 16] Beginning ValidateExistStatusCommand ( LogicalFieldName : ContactNumber1, LogicalFieldValue : True )
----------------
2019-02-08 08:45:35,945 INFO  execution-log - [Sequence No - 16]	 Command completed.
----------------
2019-02-08 08:45:35,957 INFO  execution-log - [Sequence No - 17] Beginning TestDataCommand ( LogicalFieldName : ContactNumber1, LogicalFieldValue : 654 )
----------------
2019-02-08 08:45:36,307 INFO  execution-log - [Sequence No - 17]	 Command completed.
----------------
2019-02-08 08:45:36,317 INFO  execution-log - [Sequence No - 18] Beginning TestDataCommand ( LogicalFieldName : ContactNumber2, LogicalFieldValue : 321 )
----------------
2019-02-08 08:45:36,632 INFO  execution-log - [Sequence No - 18]	 Command completed.
----------------
2019-02-08 08:45:36,645 INFO  execution-log - [Sequence No - 19] Beginning TestDataCommand ( LogicalFieldName : ContactNumber3, LogicalFieldValue : 6541 )
----------------
2019-02-08 08:45:37,386 INFO  execution-log - [Sequence No - 19]	 Command completed.
----------------
2019-02-08 08:45:37,396 INFO  execution-log - [Sequence No - 20] Beginning ValidateExistStatusCommand ( LogicalFieldName : Primary Email, LogicalFieldValue : True )
----------------
2019-02-08 08:45:37,420 INFO  execution-log - [Sequence No - 20]	 Command completed.
----------------
2019-02-08 08:45:37,428 INFO  execution-log - [Sequence No - 21] Beginning TestDataCommand ( LogicalFieldName : Primary Email, LogicalFieldValue : jack.smith@gmail.com )
----------------
2019-02-08 08:45:37,829 INFO  execution-log - [Sequence No - 21]	 Command completed.
----------------
2019-02-08 08:45:37,839 INFO  execution-log - [Sequence No - 22] Beginning ValidateExistStatusCommand ( LogicalFieldName : Business Started Year, LogicalFieldValue : True )
----------------
2019-02-08 08:45:37,874 INFO  execution-log - [Sequence No - 22]	 Command completed.
----------------
2019-02-08 08:45:37,882 INFO  execution-log - [Sequence No - 23] Beginning TestDataCommand ( LogicalFieldName : Business Started Year, LogicalFieldValue : 2012 )
----------------
2019-02-08 08:45:38,100 INFO  execution-log - [Sequence No - 23]	 Command completed.
----------------
2019-02-08 08:45:38,110 INFO  execution-log - [Sequence No - 24] Beginning ValidateExistStatusCommand ( LogicalFieldName : Select Product, LogicalFieldValue : True )
----------------
2019-02-08 08:45:38,139 INFO  execution-log - [Sequence No - 24]	 Command completed.
----------------
2019-02-08 08:45:38,147 INFO  execution-log - [Sequence No - 25] Beginning ActionCommand ( LogicalFieldName : Select Product, LogicalFieldValue : Click )
----------------
2019-02-08 08:45:38,396 INFO  execution-log - [Sequence No - 25]	 Command completed.
----------------
2019-02-08 08:45:38,410 INFO  execution-log - [Sequence No - 26] Beginning ActionCommand ( LogicalFieldName : Select Product1, LogicalFieldValue : Click )
----------------
2019-02-08 08:45:38,607 INFO  execution-log - [Sequence No - 26]	 Command completed.
----------------
2019-02-08 08:45:38,618 INFO  execution-log - [Sequence No - 27] Beginning ValidateExistStatusCommand ( LogicalFieldName : Contact Name, LogicalFieldValue : True )
----------------
2019-02-08 08:45:38,651 INFO  execution-log - [Sequence No - 27]	 Command completed.
----------------
2019-02-08 08:45:38,663 INFO  execution-log - [Sequence No - 28] Beginning ActionCommand ( LogicalFieldName : Contact Name, LogicalFieldValue : Click )
----------------
2019-02-08 08:45:38,887 INFO  execution-log - [Sequence No - 28]	 Command completed.
----------------
2019-02-08 08:45:38,898 INFO  execution-log - [Sequence No - 29] Beginning ActionCommand ( LogicalFieldName : Contact Name Initial Select, LogicalFieldValue : Click )
----------------
2019-02-08 08:45:39,095 INFO  execution-log - [Sequence No - 29]	 Command completed.
----------------
2019-02-08 08:45:39,108 INFO  execution-log - [Sequence No - 30] Beginning ValidateExistStatusCommand ( LogicalFieldName : Industry, LogicalFieldValue : True )
----------------
2019-02-08 08:45:39,139 INFO  execution-log - [Sequence No - 30]	 Command completed.
----------------
2019-02-08 08:45:39,148 INFO  execution-log - [Sequence No - 31] Beginning ActionCommand ( LogicalFieldName : Industry, LogicalFieldValue : Click )
----------------
2019-02-08 08:45:39,448 INFO  execution-log - [Sequence No - 31]	 Command completed.
----------------
2019-02-08 08:45:39,462 INFO  execution-log - [Sequence No - 32] Beginning ActionCommand ( LogicalFieldName : Industry1, LogicalFieldValue : Click )
----------------
2019-02-08 08:45:39,711 INFO  execution-log - [Sequence No - 32]	 Command completed.
----------------
2019-02-08 08:45:39,728 INFO  execution-log - [Sequence No - 33] Beginning ValidateExistStatusCommand ( LogicalFieldName : Zip Code, LogicalFieldValue : True )
----------------
2019-02-08 08:45:39,771 INFO  execution-log - [Sequence No - 33]	 Command completed.
----------------
2019-02-08 08:45:39,781 INFO  execution-log - [Sequence No - 34] Beginning TestDataCommand ( LogicalFieldName : Zip Code, LogicalFieldValue : 53704 )
----------------
2019-02-08 08:45:39,989 INFO  execution-log - [Sequence No - 34]	 Command completed.
----------------
2019-02-08 08:45:39,999 INFO  execution-log - [Sequence No - 35] Beginning ActionCommand ( LogicalFieldName : zipcode click, LogicalFieldValue : Click )
----------------
2019-02-08 08:45:40,472 INFO  execution-log - [Sequence No - 35]	 Command completed.
----------------
2019-02-08 08:45:40,483 INFO  execution-log - [Sequence No - 36] Beginning ValidateExistStatusCommand ( LogicalFieldName : Street Address, LogicalFieldValue : True )
----------------
2019-02-08 08:45:40,512 INFO  execution-log - [Sequence No - 36]	 Command completed.
----------------
2019-02-08 08:45:40,525 INFO  execution-log - [Sequence No - 37] Beginning TestDataCommand ( LogicalFieldName : Street Address, LogicalFieldValue : 123 BLUEJAY LN )
----------------
2019-02-08 08:45:40,858 INFO  execution-log - [Sequence No - 37]	 Command completed.
----------------
2019-02-08 08:45:40,868 INFO  execution-log - [Sequence No - 38] Beginning ValidateExistStatusCommand ( LogicalFieldName : Same as Physical Address, LogicalFieldValue : True )
----------------
2019-02-08 08:45:40,895 INFO  execution-log - [Sequence No - 38]	 Command completed.
----------------
2019-02-08 08:45:40,903 INFO  execution-log - [Sequence No - 39] Beginning ActionCommand ( LogicalFieldName : Same as Physical Address, LogicalFieldValue : Click )
----------------
2019-02-08 08:45:41,112 INFO  execution-log - [Sequence No - 39]	 Command completed.
----------------
2019-02-08 08:45:41,125 INFO  execution-log - [Sequence No - 40] Beginning ValidateEnableStatusCommand ( LogicalFieldName : Proceed, LogicalFieldValue : True )
----------------
2019-02-08 08:45:41,215 INFO  execution-log - [Sequence No - 40]	 Command completed.
----------------
2019-02-08 08:45:41,227 INFO  execution-log - [Sequence No - 41] Beginning ActionCommand ( LogicalFieldName : Proceed, LogicalFieldValue : Click )
----------------
2019-02-08 08:45:41,668 INFO  execution-log - [Sequence No - 41]	 Command completed.
----------------
2019-02-08 08:45:41,676 INFO  execution-log - 	 Command completed.
----------------
2019-02-08 08:45:41,684 INFO  execution-log -  Beginning PageCommand ( CurrentPage : Insured Info, FlowIdentifier : 4, DiIndicator : DI )
----------------
2019-02-08 08:45:41,690 INFO  execution-log - 	 Command completed.
----------------
2019-02-08 08:45:41,699 INFO  execution-log -  Beginning LoadTestDataItemCommand ( CurrentPage : Insured Info, FlowIdentifier : 4, DiIndicator : DI )
----------------
2019-02-08 08:45:41,721 INFO  execution-log - [Sequence No - 42] Beginning ValidateEnableStatusCommand ( LogicalFieldName : InsuredName, LogicalFieldValue : True )
----------------
2019-02-08 08:45:44,243 INFO  execution-log - [Sequence No - 42]	 Command completed.
----------------
2019-02-08 08:45:44,257 INFO  execution-log - [Sequence No - 43] Beginning TestDataCommand ( LogicalFieldName : InsuredName, LogicalFieldValue : Smith )
----------------
2019-02-08 08:45:44,462 INFO  execution-log - [Sequence No - 43]	 Command completed.
----------------
2019-02-08 08:45:44,473 INFO  execution-log - [Sequence No - 44] Beginning ValidateEnableStatusCommand ( LogicalFieldName : Primary State Click, LogicalFieldValue : True )
----------------
2019-02-08 08:45:44,509 INFO  execution-log - [Sequence No - 44]	 Command completed.
----------------
2019-02-08 08:45:44,516 INFO  execution-log - [Sequence No - 45] Beginning ActionCommand ( LogicalFieldName : Primary State Click, LogicalFieldValue : Click )
----------------
2019-02-08 08:45:44,728 INFO  execution-log - [Sequence No - 45]	 Command completed.
----------------
2019-02-08 08:45:44,741 INFO  execution-log - [Sequence No - 46] Beginning ActionCommand ( LogicalFieldName : PrimayState Select, LogicalFieldValue : Click )
----------------
2019-02-08 08:45:45,059 INFO  execution-log - [Sequence No - 46]	 Command completed.
----------------
2019-02-08 08:45:45,078 INFO  execution-log - [Sequence No - 47] Beginning ValidateExistStatusCommand ( LogicalFieldName : Street Address, LogicalFieldValue : True )
----------------
2019-02-08 08:45:45,121 INFO  execution-log - [Sequence No - 47]	 Command completed.
----------------
2019-02-08 08:45:45,131 INFO  execution-log - [Sequence No - 48] Beginning TestDataCommand ( LogicalFieldName : Street Address, LogicalFieldValue : 123 new street )
----------------
2019-02-08 08:45:45,564 INFO  execution-log - [Sequence No - 48]	 Command completed.
----------------
2019-02-08 08:45:45,574 INFO  execution-log - [Sequence No - 49] Beginning ValidateExistStatusCommand ( LogicalFieldName : Zip Code, LogicalFieldValue : True )
----------------
2019-02-08 08:45:45,598 INFO  execution-log - [Sequence No - 49]	 Command completed.
----------------
2019-02-08 08:45:45,607 INFO  execution-log - [Sequence No - 50] Beginning TestDataCommand ( LogicalFieldName : Zip Code, LogicalFieldValue : 53704 )
----------------
2019-02-08 08:45:45,805 INFO  execution-log - [Sequence No - 50]	 Command completed.
----------------
2019-02-08 08:45:45,814 INFO  execution-log - [Sequence No - 51] Beginning ValidateExistStatusCommand ( LogicalFieldName : Same as Physical Address, LogicalFieldValue : True )
----------------
2019-02-08 08:45:45,857 INFO  execution-log - [Sequence No - 51]	 Command completed.
----------------
2019-02-08 08:45:45,867 INFO  execution-log - [Sequence No - 52] Beginning ActionCommand ( LogicalFieldName : Same as Physical Address, LogicalFieldValue : Click )
----------------
2019-02-08 08:45:46,075 INFO  execution-log - [Sequence No - 52]	 Command completed.
----------------
2019-02-08 08:45:46,086 INFO  execution-log - [Sequence No - 53] Beginning ValidateExistStatusCommand ( LogicalFieldName : SIC Code, LogicalFieldValue : True )
----------------
2019-02-08 08:45:46,109 INFO  execution-log - [Sequence No - 53]	 Command completed.
----------------
2019-02-08 08:45:46,143 INFO  execution-log - [Sequence No - 54] Beginning TestDataCommand ( LogicalFieldName : SIC Code, LogicalFieldValue : 41510000-School buses )
----------------
2019-02-08 08:45:46,703 INFO  execution-log - [Sequence No - 54]	 Command completed.
----------------
2019-02-08 08:45:46,713 INFO  execution-log - [Sequence No - 55] Beginning ValidateExistStatusCommand ( LogicalFieldName : BusinessInceptionYear, LogicalFieldValue : True )
----------------
2019-02-08 08:45:46,740 INFO  execution-log - [Sequence No - 55]	 Command completed.
----------------
2019-02-08 08:45:46,747 INFO  execution-log - [Sequence No - 56] Beginning TestDataCommand ( LogicalFieldName : BusinessInceptionYear, LogicalFieldValue : 2012 )
----------------
2019-02-08 08:45:47,130 INFO  execution-log - [Sequence No - 56]	 Command completed.
----------------
2019-02-08 08:45:47,144 INFO  execution-log - [Sequence No - 57] Beginning ValidateExistStatusCommand ( LogicalFieldName : BusinessPhone, LogicalFieldValue : True )
----------------
2019-02-08 08:45:47,240 INFO  execution-log - [Sequence No - 57]	 Command completed.
----------------
2019-02-08 08:45:47,273 INFO  execution-log - [Sequence No - 58] Beginning TestDataCommand ( LogicalFieldName : BusinessPhone, LogicalFieldValue : 6549879879 )
----------------
2019-02-08 08:45:49,589 INFO  execution-log - [Sequence No - 58]	 Command completed.
----------------
2019-02-08 08:45:49,599 INFO  execution-log - [Sequence No - 59] Beginning ValidateEnableStatusCommand ( LogicalFieldName : Next, LogicalFieldValue : True )
----------------
2019-02-08 08:45:49,636 INFO  execution-log - [Sequence No - 59]	 Command completed.
----------------
2019-02-08 08:45:49,645 INFO  execution-log - [Sequence No - 60] Beginning ActionCommand ( LogicalFieldName : Next, LogicalFieldValue : Click )
----------------
2019-02-08 08:45:49,781 INFO  execution-log - [Sequence No - 60]	 Command completed.
----------------
2019-02-08 08:45:49,789 INFO  execution-log - 	 Command completed.
----------------
2019-02-08 08:45:49,796 INFO  execution-log -  Beginning PageCommand ( CurrentPage : Policy Info, FlowIdentifier : 5, DiIndicator : DI )
----------------
2019-02-08 08:45:49,804 INFO  execution-log - 	 Command completed.
----------------
2019-02-08 08:45:49,808 INFO  execution-log -  Beginning LoadTestDataItemCommand ( CurrentPage : Policy Info, FlowIdentifier : 5, DiIndicator : DI )
----------------
2019-02-08 08:45:49,825 INFO  execution-log - [Sequence No - 61] Beginning ValidateEnableStatusCommand ( LogicalFieldName : Which State do u operate In?, LogicalFieldValue : True )
----------------
2019-02-08 08:45:50,539 INFO  execution-log - [Sequence No - 61]	 Command completed.
----------------
2019-02-08 08:45:50,550 INFO  execution-log - [Sequence No - 62] Beginning ActionCommand ( LogicalFieldName : Which State do u operate In?, LogicalFieldValue : Click )
----------------
2019-02-08 08:45:50,969 INFO  execution-log - [Sequence No - 62]	 Command completed.
----------------
2019-02-08 08:45:50,979 INFO  execution-log - [Sequence No - 63] Beginning ActionCommand ( LogicalFieldName : Which State do u operate In?1, LogicalFieldValue : Click )
----------------
2019-02-08 08:46:07,186 ERROR execution-log - TC # : 1, Timed out after 10 seconds
----------------
2019-02-08 08:46:19,583 ERROR execution-log - TC # : 1, Timed out after 10 seconds
----------------
2019-02-08 08:46:19,599 ERROR execution-log - TC # : 1, No more iterations to run. Test execution will abort.
----------------
2019-02-08 08:46:19,610 ERROR execution-log - TC # : 1, Framework failed to run the test due to a test configuration error.
	VM.Platform.TestAutomationFramework.Core.Exceptions.WorkflowFailedException: Timed out after 10 seconds ---> OpenQA.Selenium.WebDriverTimeoutException: Timed out after 10 seconds ---> OpenQA.Selenium.NoSuchElementException: no such element: Unable to locate element: {"method":"xpath","selector":"/html/body/div[14]/div/ul/li[1]/input"}
  (Session info: chrome=71.0.3578.98)
  (Driver info: chromedriver=2.45.615291 (ec3682e3c9061c10f26ea9e5cdcf3c53f3f74387),platform=Windows NT 10.0.16299 x86_64)
   at OpenQA.Selenium.Remote.RemoteWebDriver.UnpackAndThrowOnError(Response errorResponse)
   at OpenQA.Selenium.Remote.RemoteWebDriver.Execute(String driverCommandToExecute, Dictionary`2 parameters)
   at OpenQA.Selenium.Remote.RemoteWebDriver.FindElement(String mechanism, String value)
   at OpenQA.Selenium.Remote.RemoteWebDriver.FindElementByXPath(String xpath)
   at OpenQA.Selenium.By.<>c__DisplayClass19_0.<XPath>b__0(ISearchContext context)
   at OpenQA.Selenium.By.FindElement(ISearchContext context)
   at OpenQA.Selenium.Remote.RemoteWebDriver.FindElement(By by)
   at OpenQA.Selenium.Support.UI.ExpectedConditions.<>c__DisplayClass19_0.<ElementToBeClickable>b__0(IWebDriver driver)
   at OpenQA.Selenium.Support.UI.DefaultWait`1.Until[TResult](Func`2 condition)
   --- End of inner exception stack trace ---
   at OpenQA.Selenium.Support.UI.DefaultWait`1.ThrowTimeoutException(String exceptionMessage, Exception lastException)
   at OpenQA.Selenium.Support.UI.DefaultWait`1.Until[TResult](Func`2 condition)
   at VM.Platform.TestAutomationFramework.Adapters.Selenium.SeleniumAdapter.WaitForElementToBeClickable(ControlDefinition ctrlDefinition) in C:\Users\VMQApractice\Desktop\v4Dev_Updated\v4Dev_Updated\VMTestAutomation\Src\Framework.Adapters.Selenium\SeleniumAdapter.cs:line 713
   at VM.Platform.TestAutomationFramework.UIAutomation.Commands.Interactions.ActionCommand.Execute(TestRunContext context) in C:\Users\VMQApractice\Desktop\v4Dev_Updated\v4Dev_Updated\VMTestAutomation\Src\Framework.UIAutomation\Commands\Interactions\ActionCommand.cs:line 30
   --- End of inner exception stack trace ---
   at VM.Platform.TestAutomationFramework.UIAutomation.Commands.Interactions.ActionCommand.Execute(TestRunContext context) in C:\Users\VMQApractice\Desktop\v4Dev_Updated\v4Dev_Updated\VMTestAutomation\Src\Framework.UIAutomation\Commands\Interactions\ActionCommand.cs:line 42
   at VM.Platform.TestAutomationFramework.Core.Decorators.CommandDecorator.Execute(TestRunContext context) in C:\Users\VMQApractice\Desktop\v4Dev_Updated\v4Dev_Updated\VMTestAutomation\Src\Framework.Core\Decorators\CommandDecorator.cs:line 22
   at VM.Platform.TestAutomationFramework.Core.Decorators.CommandLogger.Execute(TestRunContext context) in C:\Users\VMQApractice\Desktop\v4Dev_Updated\v4Dev_Updated\VMTestAutomation\Src\Framework.Core\Decorators\CommandLogger.cs:line 93
   at VM.Platform.TestAutomationFramework.Core.Decorators.CommandDecorator.Execute(TestRunContext context) in C:\Users\VMQApractice\Desktop\v4Dev_Updated\v4Dev_Updated\VMTestAutomation\Src\Framework.Core\Decorators\CommandDecorator.cs:line 22
   at VM.Platform.TestAutomationFramework.Core.Decorators.CommandErrorHandler.Execute(TestRunContext context) in C:\Users\VMQApractice\Desktop\v4Dev_Updated\v4Dev_Updated\VMTestAutomation\Src\Framework.Core\Decorators\CommandErrorHandler.cs:line 65
   at VM.Platform.TestAutomationFramework.Core.Decorators.CommandDecorator.Execute(TestRunContext context) in C:\Users\VMQApractice\Desktop\v4Dev_Updated\v4Dev_Updated\VMTestAutomation\Src\Framework.Core\Decorators\CommandDecorator.cs:line 22
   at VM.Platform.TestAutomationFramework.Core.Decorators.CommandTimer.Execute(TestRunContext context) in C:\Users\VMQApractice\Desktop\v4Dev_Updated\v4Dev_Updated\VMTestAutomation\Src\Framework.Core\Decorators\CommandTimer.cs:line 26
   at VM.Platform.TestAutomationFramework.Core.Decorators.CommandDecorator.Execute(TestRunContext context) in C:\Users\VMQApractice\Desktop\v4Dev_Updated\v4Dev_Updated\VMTestAutomation\Src\Framework.Core\Decorators\CommandDecorator.cs:line 22
   at VM.Platform.TestAutomationFramework.Core.Decorators.IgnorePagesDecorator.Execute(TestRunContext context) in C:\Users\VMQApractice\Desktop\v4Dev_Updated\v4Dev_Updated\VMTestAutomation\Src\Framework.Core\Decorators\IgnorePagesDecorator.cs:line 24
   at VM.Platform.TestAutomationFramework.UIAutomation.Commands.Workflow.LoadTestDataItemCommand.Execute(TestRunContext context) in C:\Users\VMQApractice\Desktop\v4Dev_Updated\v4Dev_Updated\VMTestAutomation\Src\Framework.UIAutomation\Commands\Workflow\LoadTestDataItemCommand.cs:line 96
   at VM.Platform.TestAutomationFramework.Core.Decorators.CommandDecorator.Execute(TestRunContext context) in C:\Users\VMQApractice\Desktop\v4Dev_Updated\v4Dev_Updated\VMTestAutomation\Src\Framework.Core\Decorators\CommandDecorator.cs:line 22
   at VM.Platform.TestAutomationFramework.Core.Decorators.CommandLogger.Execute(TestRunContext context) in C:\Users\VMQApractice\Desktop\v4Dev_Updated\v4Dev_Updated\VMTestAutomation\Src\Framework.Core\Decorators\CommandLogger.cs:line 93
   at VM.Platform.TestAutomationFramework.Core.Decorators.CommandDecorator.Execute(TestRunContext context) in C:\Users\VMQApractice\Desktop\v4Dev_Updated\v4Dev_Updated\VMTestAutomation\Src\Framework.Core\Decorators\CommandDecorator.cs:line 22
   at VM.Platform.TestAutomationFramework.Core.Decorators.CommandErrorHandler.Execute(TestRunContext context) in C:\Users\VMQApractice\Desktop\v4Dev_Updated\v4Dev_Updated\VMTestAutomation\Src\Framework.Core\Decorators\CommandErrorHandler.cs:line 65
   at VM.Platform.TestAutomationFramework.Core.Decorators.CommandDecorator.Execute(TestRunContext context) in C:\Users\VMQApractice\Desktop\v4Dev_Updated\v4Dev_Updated\VMTestAutomation\Src\Framework.Core\Decorators\CommandDecorator.cs:line 22
   at VM.Platform.TestAutomationFramework.Core.Decorators.CommandTimer.Execute(TestRunContext context) in C:\Users\VMQApractice\Desktop\v4Dev_Updated\v4Dev_Updated\VMTestAutomation\Src\Framework.Core\Decorators\CommandTimer.cs:line 26
   at VM.Platform.TestAutomationFramework.Core.Decorators.CommandDecorator.Execute(TestRunContext context) in C:\Users\VMQApractice\Desktop\v4Dev_Updated\v4Dev_Updated\VMTestAutomation\Src\Framework.Core\Decorators\CommandDecorator.cs:line 22
   at VM.Platform.TestAutomationFramework.Core.Decorators.IgnorePagesDecorator.Execute(TestRunContext context) in C:\Users\VMQApractice\Desktop\v4Dev_Updated\v4Dev_Updated\VMTestAutomation\Src\Framework.Core\Decorators\IgnorePagesDecorator.cs:line 24
   at VM.Platform.TestAutomationFramework.Core.TestCommandRunner.Execute(TestRunContext testRunContext) in C:\Users\VMQApractice\Desktop\v4Dev_Updated\v4Dev_Updated\VMTestAutomation\Src\Framework.Core\TestCommandRunner.cs:line 75
   at VM.Platform.TestAutomationFramework.Core.SingleTestCaseRunner.ExecuteSingleTestCase(Int32 testCaseId, String targetEnvironment, String repositiory, Int32 Retry) in C:\Users\VMQApractice\Desktop\v4Dev_Updated\v4Dev_Updated\VMTestAutomation\Src\Framework.Core\SingleTestCaseRunner.cs:line 167
----------------
2019-02-08 08:46:25,772 INFO  execution-log - Saving captured values to file.
----------------
2019-02-08 08:46:25,780 ERROR execution-log - TC # : 1,  has failed
----------------
