2019-02-04 11:21:07,911 INFO  execution-log - 	Initializing control map with map # MASTER
----------------
2019-02-04 11:21:07,917 INFO  execution-log - Initializing Test Automation
----------------
2019-02-04 11:21:07,924 INFO  execution-log - 	target browser: Chrome
----------------
2019-02-04 11:21:07,933 INFO  execution-log - TC # : 1, Downloading test case from DB
----------------
2019-02-04 11:21:07,944 INFO  execution-log - TC # : 1, Getting test data from DB
----------------
2019-02-04 11:21:07,945 INFO  execution-log - TC # : 1, Getting control map :MASTER from DB
----------------
2019-02-04 11:21:07,963 INFO  execution-log - TC # : 1, Control map retrieval completed
----------------
2019-02-04 11:21:07,970 INFO  execution-log - TC # : 1, Test data retrieval completed
----------------
2019-02-04 11:21:07,974 INFO  execution-log - TC # : 1, Parsing commands
----------------
2019-02-04 11:21:07,979 INFO  execution-log - Loading captured values from persistence.
----------------
2019-02-04 11:21:07,983 INFO  execution-log - TC # : 1, Started executing test case in the VMTESTAPP1 environment (http://vam-qa.cloudapp.net:6363/pages/login.html)
----------------
2019-02-04 11:21:08,027 INFO  execution-log -  Beginning StartIterationCommand ( Iterations : 1 )
----------------
2019-02-04 11:21:08,032 INFO  execution-log - TC # : 1, Starting iteration #1
----------------
2019-02-04 11:21:08,036 INFO  execution-log - 	 Command completed.
----------------
2019-02-04 11:21:08,040 INFO  execution-log -  Beginning InvokeApplicationCommand ( Target :  )
----------------
2019-02-04 11:21:09,567 INFO  execution-log - 	 Command completed.
----------------
2019-02-04 11:21:09,576 INFO  execution-log -  Beginning PageCommand ( CurrentPage : Login, FlowIdentifier : 1, DiIndicator : DI )
----------------
2019-02-04 11:21:09,584 INFO  execution-log - 	 Command completed.
----------------
2019-02-04 11:21:09,592 INFO  execution-log -  Beginning LoadTestDataItemCommand ( CurrentPage : Login, FlowIdentifier : 1, DiIndicator : DI )
----------------
2019-02-04 11:21:09,609 INFO  execution-log - [Sequence No - 1] Beginning ValidateExistStatusCommand ( LogicalFieldName : User Name, LogicalFieldValue : True )
----------------
2019-02-04 11:21:09,633 INFO  execution-log - [Sequence No - 1]	 Command completed.
----------------
2019-02-04 11:21:09,643 INFO  execution-log - [Sequence No - 2] Beginning ActionCommand ( LogicalFieldName : User Name, LogicalFieldValue : Click )
----------------
2019-02-04 11:21:09,766 INFO  execution-log - [Sequence No - 2]	 Command completed.
----------------
2019-02-04 11:21:09,780 INFO  execution-log - [Sequence No - 3] Beginning TestDataCommand ( LogicalFieldName : User Name, LogicalFieldValue : Jack )
----------------
2019-02-04 11:21:09,901 INFO  execution-log - [Sequence No - 3]	 Command completed.
----------------
2019-02-04 11:21:09,911 INFO  execution-log - [Sequence No - 4] Beginning ValidateExistStatusCommand ( LogicalFieldName : Password, LogicalFieldValue : True )
----------------
2019-02-04 11:21:09,932 INFO  execution-log - [Sequence No - 4]	 Command completed.
----------------
2019-02-04 11:21:09,940 INFO  execution-log - [Sequence No - 5] Beginning TestDataCommand ( LogicalFieldName : Password, LogicalFieldValue : Smit@123 )
----------------
2019-02-04 11:21:10,082 INFO  execution-log - [Sequence No - 5]	 Command completed.
----------------
2019-02-04 11:21:10,094 INFO  execution-log - [Sequence No - 6] Beginning ValidateEnableStatusCommand ( LogicalFieldName : Login_Button, LogicalFieldValue : True )
----------------
2019-02-04 11:21:10,127 INFO  execution-log - [Sequence No - 6]	 Command completed.
----------------
2019-02-04 11:21:10,136 INFO  execution-log - [Sequence No - 7] Beginning ActionCommand ( LogicalFieldName : Login_Button, LogicalFieldValue : Click )
----------------
2019-02-04 11:21:10,257 INFO  execution-log - [Sequence No - 7]	 Command completed.
----------------
2019-02-04 11:21:10,263 INFO  execution-log - 	 Command completed.
----------------
2019-02-04 11:21:10,270 INFO  execution-log -  Beginning PageCommand ( CurrentPage : Home, FlowIdentifier : 2, DiIndicator : DI )
----------------
2019-02-04 11:21:10,277 INFO  execution-log - 	 Command completed.
----------------
2019-02-04 11:21:10,283 INFO  execution-log -  Beginning LoadTestDataItemCommand ( CurrentPage : Home, FlowIdentifier : 2, DiIndicator : DI )
----------------
2019-02-04 11:21:10,298 INFO  execution-log - [Sequence No - 8] Beginning ActionCommand ( LogicalFieldName : New Quote, LogicalFieldValue : Click )
----------------
2019-02-04 11:21:12,966 INFO  execution-log - [Sequence No - 8]	 Command completed.
----------------
2019-02-04 11:21:12,973 INFO  execution-log - 	 Command completed.
----------------
2019-02-04 11:21:13,000 INFO  execution-log -  Beginning PageCommand ( CurrentPage : New Quote, FlowIdentifier : 3, DiIndicator : DI )
----------------
2019-02-04 11:21:13,013 INFO  execution-log - 	 Command completed.
----------------
2019-02-04 11:21:13,021 INFO  execution-log -  Beginning LoadTestDataItemCommand ( CurrentPage : New Quote, FlowIdentifier : 3, DiIndicator : DI )
----------------
2019-02-04 11:21:13,039 INFO  execution-log - [Sequence No - 9] Beginning TestDataCommand ( LogicalFieldName : Account Name, LogicalFieldValue : RANDOMIZE(7,2) )
----------------
2019-02-04 11:21:13,325 INFO  execution-log - [Sequence No - 9]	 Command completed.
----------------
2019-02-04 11:21:13,335 INFO  execution-log - [Sequence No - 11] Beginning TestDataCommand ( LogicalFieldName : First Name, LogicalFieldValue : Jack )
----------------
2019-02-04 11:21:13,841 INFO  execution-log - [Sequence No - 11]	 Command completed.
----------------
2019-02-04 11:21:13,855 INFO  execution-log - [Sequence No - 12] Beginning TestDataCommand ( LogicalFieldName : Last Name, LogicalFieldValue : Smith )
----------------
2019-02-04 11:21:14,105 INFO  execution-log - [Sequence No - 12]	 Command completed.
----------------
2019-02-04 11:21:14,116 INFO  execution-log - [Sequence No - 13] Beginning TestDataCommand ( LogicalFieldName : ContactNumber1, LogicalFieldValue : 654 )
----------------
2019-02-04 11:21:14,370 INFO  execution-log - [Sequence No - 13]	 Command completed.
----------------
2019-02-04 11:21:14,381 INFO  execution-log - [Sequence No - 14] Beginning TestDataCommand ( LogicalFieldName : ContactNumber2, LogicalFieldValue : 321 )
----------------
2019-02-04 11:21:14,520 INFO  execution-log - [Sequence No - 14]	 Command completed.
----------------
2019-02-04 11:21:14,531 INFO  execution-log - [Sequence No - 15] Beginning TestDataCommand ( LogicalFieldName : ContactNumber3, LogicalFieldValue : 6541 )
----------------
2019-02-04 11:21:14,649 INFO  execution-log - [Sequence No - 15]	 Command completed.
----------------
2019-02-04 11:21:14,659 INFO  execution-log - [Sequence No - 16] Beginning TestDataCommand ( LogicalFieldName : Primary Email, LogicalFieldValue : jack.smith@gmail.com )
----------------
2019-02-04 11:21:14,917 INFO  execution-log - [Sequence No - 16]	 Command completed.
----------------
2019-02-04 11:21:14,928 INFO  execution-log - [Sequence No - 17] Beginning TestDataCommand ( LogicalFieldName : Business Started Year, LogicalFieldValue : 2012 )
----------------
2019-02-04 11:21:15,085 INFO  execution-log - [Sequence No - 17]	 Command completed.
----------------
2019-02-04 11:21:15,098 INFO  execution-log - [Sequence No - 18] Beginning ActionCommand ( LogicalFieldName : Select Product, LogicalFieldValue : Click )
----------------
2019-02-04 11:21:15,249 INFO  execution-log - [Sequence No - 18]	 Command completed.
----------------
2019-02-04 11:21:15,259 INFO  execution-log - [Sequence No - 19] Beginning ActionCommand ( LogicalFieldName : Select Product1, LogicalFieldValue : Click )
----------------
2019-02-04 11:21:15,437 INFO  execution-log - [Sequence No - 19]	 Command completed.
----------------
2019-02-04 11:21:15,451 INFO  execution-log - [Sequence No - 20] Beginning ActionCommand ( LogicalFieldName : Contact Name, LogicalFieldValue : Click )
----------------
2019-02-04 11:21:15,658 INFO  execution-log - [Sequence No - 20]	 Command completed.
----------------
2019-02-04 11:21:15,676 INFO  execution-log - [Sequence No - 21] Beginning ActionCommand ( LogicalFieldName : Contact Name Initial Select, LogicalFieldValue : Click )
----------------
2019-02-04 11:21:15,874 INFO  execution-log - [Sequence No - 21]	 Command completed.
----------------
2019-02-04 11:21:15,889 INFO  execution-log - [Sequence No - 22] Beginning ActionCommand ( LogicalFieldName : Industry, LogicalFieldValue : Click )
----------------
2019-02-04 11:21:16,146 INFO  execution-log - [Sequence No - 22]	 Command completed.
----------------
2019-02-04 11:21:16,159 INFO  execution-log - [Sequence No - 23] Beginning ActionCommand ( LogicalFieldName : Industry1, LogicalFieldValue : Click )
----------------
2019-02-04 11:21:16,392 INFO  execution-log - [Sequence No - 23]	 Command completed.
----------------
2019-02-04 11:21:16,404 INFO  execution-log - [Sequence No - 24] Beginning TestDataCommand ( LogicalFieldName : Zip Code, LogicalFieldValue : 53704 )
----------------
2019-02-04 11:21:16,678 INFO  execution-log - [Sequence No - 24]	 Command completed.
----------------
2019-02-04 11:21:16,689 INFO  execution-log - [Sequence No - 25] Beginning ActionCommand ( LogicalFieldName : zipcode click, LogicalFieldValue : Click )
----------------
2019-02-04 11:21:17,261 INFO  execution-log - [Sequence No - 25]	 Command completed.
----------------
2019-02-04 11:21:17,287 INFO  execution-log - [Sequence No - 26] Beginning TestDataCommand ( LogicalFieldName : Street Address, LogicalFieldValue : 123 BLUEJAY LN )
----------------
2019-02-04 11:21:18,064 INFO  execution-log - [Sequence No - 26]	 Command completed.
----------------
2019-02-04 11:21:18,074 INFO  execution-log - [Sequence No - 27] Beginning ActionCommand ( LogicalFieldName : Same as Physical Address, LogicalFieldValue : Click )
----------------
2019-02-04 11:21:18,506 INFO  execution-log - [Sequence No - 27]	 Command completed.
----------------
2019-02-04 11:21:18,545 INFO  execution-log - [Sequence No - 28] Beginning ActionCommand ( LogicalFieldName : Proceed, LogicalFieldValue : Click )
----------------
2019-02-04 11:21:26,248 INFO  execution-log - [Sequence No - 28]	 Command completed.
----------------
2019-02-04 11:21:26,255 INFO  execution-log - 	 Command completed.
----------------
2019-02-04 11:21:26,263 INFO  execution-log -  Beginning PageCommand ( CurrentPage : Insured Info, FlowIdentifier : 4, DiIndicator : DI )
----------------
2019-02-04 11:21:26,290 INFO  execution-log - 	 Command completed.
----------------
2019-02-04 11:21:26,318 INFO  execution-log -  Beginning LoadTestDataItemCommand ( CurrentPage : Insured Info, FlowIdentifier : 4, DiIndicator : DI )
----------------
2019-02-04 11:21:26,366 INFO  execution-log - [Sequence No - 29] Beginning TestDataCommand ( LogicalFieldName : InsuredName, LogicalFieldValue : Smith )
----------------
2019-02-04 11:21:28,525 INFO  execution-log - [Sequence No - 29]	 Command completed.
----------------
2019-02-04 11:21:28,551 INFO  execution-log - [Sequence No - 30] Beginning ActionCommand ( LogicalFieldName : Primary State Click, LogicalFieldValue : Click )
----------------
2019-02-04 11:21:28,706 INFO  execution-log - [Sequence No - 30]	 Command completed.
----------------
2019-02-04 11:21:28,718 INFO  execution-log - [Sequence No - 31] Beginning ActionCommand ( LogicalFieldName : PrimayState Select, LogicalFieldValue : Click )
----------------
2019-02-04 11:21:28,884 INFO  execution-log - [Sequence No - 31]	 Command completed.
----------------
2019-02-04 11:21:28,928 INFO  execution-log - [Sequence No - 32] Beginning TestDataCommand ( LogicalFieldName : Street Address, LogicalFieldValue : 123 new street )
----------------
2019-02-04 11:21:29,202 INFO  execution-log - [Sequence No - 32]	 Command completed.
----------------
2019-02-04 11:21:29,212 INFO  execution-log - [Sequence No - 33] Beginning TestDataCommand ( LogicalFieldName : Zip Code, LogicalFieldValue : 53704 )
----------------
2019-02-04 11:21:29,360 INFO  execution-log - [Sequence No - 33]	 Command completed.
----------------
2019-02-04 11:21:29,371 INFO  execution-log - [Sequence No - 34] Beginning ActionCommand ( LogicalFieldName : Same as Physical Address, LogicalFieldValue : Click )
----------------
2019-02-04 11:21:29,524 INFO  execution-log - [Sequence No - 34]	 Command completed.
----------------
2019-02-04 11:21:29,535 INFO  execution-log - [Sequence No - 35] Beginning TestDataCommand ( LogicalFieldName : SIC Code, LogicalFieldValue : 41510000-School buses )
----------------
2019-02-04 11:21:30,544 INFO  execution-log - [Sequence No - 35]	 Command completed.
----------------
2019-02-04 11:21:30,556 INFO  execution-log - [Sequence No - 36] Beginning TestDataCommand ( LogicalFieldName : BusinessInceptionYear, LogicalFieldValue : 2012 )
----------------
2019-02-04 11:21:30,682 INFO  execution-log - [Sequence No - 36]	 Command completed.
----------------
2019-02-04 11:21:30,693 INFO  execution-log - [Sequence No - 37] Beginning TestDataCommand ( LogicalFieldName : BusinessPhone, LogicalFieldValue : 6549879879 )
----------------
2019-02-04 11:21:31,954 INFO  execution-log - [Sequence No - 37]	 Command completed.
----------------
2019-02-04 11:21:31,964 INFO  execution-log - [Sequence No - 38] Beginning ActionCommand ( LogicalFieldName : Next, LogicalFieldValue : Click )
----------------
2019-02-04 11:21:32,103 INFO  execution-log - [Sequence No - 38]	 Command completed.
----------------
2019-02-04 11:21:32,111 INFO  execution-log - 	 Command completed.
----------------
2019-02-04 11:21:32,116 INFO  execution-log -  Beginning PageCommand ( CurrentPage : Policy Info, FlowIdentifier : 5, DiIndicator : DI )
----------------
2019-02-04 11:21:32,121 INFO  execution-log - 	 Command completed.
----------------
2019-02-04 11:21:32,125 INFO  execution-log -  Beginning LoadTestDataItemCommand ( CurrentPage : Policy Info, FlowIdentifier : 5, DiIndicator : DI )
----------------
2019-02-04 11:21:32,142 INFO  execution-log - [Sequence No - 39] Beginning ActionCommand ( LogicalFieldName : Which State do u operate In?, LogicalFieldValue : Click )
----------------
2019-02-04 11:21:33,260 INFO  execution-log - [Sequence No - 39]	 Command completed.
----------------
2019-02-04 11:21:33,272 INFO  execution-log - [Sequence No - 40] Beginning ActionCommand ( LogicalFieldName : Which State do u operate In?1, LogicalFieldValue : Click )
----------------
2019-02-04 11:21:33,885 INFO  execution-log - [Sequence No - 40]	 Command completed.
----------------
2019-02-04 11:21:33,895 INFO  execution-log - [Sequence No - 41] Beginning ActionCommand ( LogicalFieldName : Label Click, LogicalFieldValue : Click )
----------------
2019-02-04 11:21:34,031 INFO  execution-log - [Sequence No - 41]	 Command completed.
----------------
2019-02-04 11:21:34,041 INFO  execution-log - [Sequence No - 42] Beginning ActionCommand ( LogicalFieldName : Select Product, LogicalFieldValue : Click )
----------------
2019-02-04 11:21:44,936 ERROR execution-log - TC # : 1, Timed out after 10 seconds
----------------
2019-02-04 11:21:52,955 ERROR execution-log - TC # : 1, Timed out after 10 seconds
----------------
2019-02-04 11:21:52,962 ERROR execution-log - TC # : 1, No more iterations to run. Test execution will abort.
----------------
2019-02-04 11:21:52,969 ERROR execution-log - TC # : 1, Framework failed to run the test due to a test configuration error.
	VM.Platform.TestAutomationFramework.Core.Exceptions.WorkflowFailedException: Timed out after 10 seconds ---> OpenQA.Selenium.WebDriverTimeoutException: Timed out after 10 seconds
   at OpenQA.Selenium.Support.UI.DefaultWait`1.ThrowTimeoutException(String exceptionMessage, Exception lastException)
   at OpenQA.Selenium.Support.UI.DefaultWait`1.Until[TResult](Func`2 condition)
   at VM.Platform.TestAutomationFramework.Adapters.Selenium.SeleniumAdapter.WaitForElementToBeClickable(ControlDefinition ctrlDefinition) in C:\Users\VMQApractice\Desktop\v4Dev_Updated\v4Dev_Updated\VMTestAutomation\Src\Framework.Adapters.Selenium\SeleniumAdapter.cs:line 713
   at VM.Platform.TestAutomationFramework.UIAutomation.Commands.Interactions.ActionCommand.Execute(TestRunContext context) in C:\Users\VMQApractice\Desktop\v4Dev_Updated\v4Dev_Updated\VMTestAutomation\Src\Framework.UIAutomation\Commands\Interactions\ActionCommand.cs:line 30
   --- End of inner exception stack trace ---
   at VM.Platform.TestAutomationFramework.UIAutomation.Commands.Interactions.ActionCommand.Execute(TestRunContext context) in C:\Users\VMQApractice\Desktop\v4Dev_Updated\v4Dev_Updated\VMTestAutomation\Src\Framework.UIAutomation\Commands\Interactions\ActionCommand.cs:line 42
   at VM.Platform.TestAutomationFramework.Core.Decorators.CommandDecorator.Execute(TestRunContext context) in C:\Users\VMQApractice\Desktop\v4Dev_Updated\v4Dev_Updated\VMTestAutomation\Src\Framework.Core\Decorators\CommandDecorator.cs:line 22
   at VM.Platform.TestAutomationFramework.Core.Decorators.CommandLogger.Execute(TestRunContext context) in C:\Users\VMQApractice\Desktop\v4Dev_Updated\v4Dev_Updated\VMTestAutomation\Src\Framework.Core\Decorators\CommandLogger.cs:line 93
   at VM.Platform.TestAutomationFramework.Core.Decorators.CommandDecorator.Execute(TestRunContext context) in C:\Users\VMQApractice\Desktop\v4Dev_Updated\v4Dev_Updated\VMTestAutomation\Src\Framework.Core\Decorators\CommandDecorator.cs:line 22
   at VM.Platform.TestAutomationFramework.Core.Decorators.CommandErrorHandler.Execute(TestRunContext context) in C:\Users\VMQApractice\Desktop\v4Dev_Updated\v4Dev_Updated\VMTestAutomation\Src\Framework.Core\Decorators\CommandErrorHandler.cs:line 65
   at VM.Platform.TestAutomationFramework.Core.Decorators.CommandDecorator.Execute(TestRunContext context) in C:\Users\VMQApractice\Desktop\v4Dev_Updated\v4Dev_Updated\VMTestAutomation\Src\Framework.Core\Decorators\CommandDecorator.cs:line 22
   at VM.Platform.TestAutomationFramework.Core.Decorators.CommandTimer.Execute(TestRunContext context) in C:\Users\VMQApractice\Desktop\v4Dev_Updated\v4Dev_Updated\VMTestAutomation\Src\Framework.Core\Decorators\CommandTimer.cs:line 26
   at VM.Platform.TestAutomationFramework.Core.Decorators.CommandDecorator.Execute(TestRunContext context) in C:\Users\VMQApractice\Desktop\v4Dev_Updated\v4Dev_Updated\VMTestAutomation\Src\Framework.Core\Decorators\CommandDecorator.cs:line 22
   at VM.Platform.TestAutomationFramework.Core.Decorators.IgnorePagesDecorator.Execute(TestRunContext context) in C:\Users\VMQApractice\Desktop\v4Dev_Updated\v4Dev_Updated\VMTestAutomation\Src\Framework.Core\Decorators\IgnorePagesDecorator.cs:line 24
   at VM.Platform.TestAutomationFramework.UIAutomation.Commands.Workflow.LoadTestDataItemCommand.Execute(TestRunContext context) in C:\Users\VMQApractice\Desktop\v4Dev_Updated\v4Dev_Updated\VMTestAutomation\Src\Framework.UIAutomation\Commands\Workflow\LoadTestDataItemCommand.cs:line 96
   at VM.Platform.TestAutomationFramework.Core.Decorators.CommandDecorator.Execute(TestRunContext context) in C:\Users\VMQApractice\Desktop\v4Dev_Updated\v4Dev_Updated\VMTestAutomation\Src\Framework.Core\Decorators\CommandDecorator.cs:line 22
   at VM.Platform.TestAutomationFramework.Core.Decorators.CommandLogger.Execute(TestRunContext context) in C:\Users\VMQApractice\Desktop\v4Dev_Updated\v4Dev_Updated\VMTestAutomation\Src\Framework.Core\Decorators\CommandLogger.cs:line 93
   at VM.Platform.TestAutomationFramework.Core.Decorators.CommandDecorator.Execute(TestRunContext context) in C:\Users\VMQApractice\Desktop\v4Dev_Updated\v4Dev_Updated\VMTestAutomation\Src\Framework.Core\Decorators\CommandDecorator.cs:line 22
   at VM.Platform.TestAutomationFramework.Core.Decorators.CommandErrorHandler.Execute(TestRunContext context) in C:\Users\VMQApractice\Desktop\v4Dev_Updated\v4Dev_Updated\VMTestAutomation\Src\Framework.Core\Decorators\CommandErrorHandler.cs:line 65
   at VM.Platform.TestAutomationFramework.Core.Decorators.CommandDecorator.Execute(TestRunContext context) in C:\Users\VMQApractice\Desktop\v4Dev_Updated\v4Dev_Updated\VMTestAutomation\Src\Framework.Core\Decorators\CommandDecorator.cs:line 22
   at VM.Platform.TestAutomationFramework.Core.Decorators.CommandTimer.Execute(TestRunContext context) in C:\Users\VMQApractice\Desktop\v4Dev_Updated\v4Dev_Updated\VMTestAutomation\Src\Framework.Core\Decorators\CommandTimer.cs:line 26
   at VM.Platform.TestAutomationFramework.Core.Decorators.CommandDecorator.Execute(TestRunContext context) in C:\Users\VMQApractice\Desktop\v4Dev_Updated\v4Dev_Updated\VMTestAutomation\Src\Framework.Core\Decorators\CommandDecorator.cs:line 22
   at VM.Platform.TestAutomationFramework.Core.Decorators.IgnorePagesDecorator.Execute(TestRunContext context) in C:\Users\VMQApractice\Desktop\v4Dev_Updated\v4Dev_Updated\VMTestAutomation\Src\Framework.Core\Decorators\IgnorePagesDecorator.cs:line 24
   at VM.Platform.TestAutomationFramework.Core.TestCommandRunner.Execute(TestRunContext testRunContext) in C:\Users\VMQApractice\Desktop\v4Dev_Updated\v4Dev_Updated\VMTestAutomation\Src\Framework.Core\TestCommandRunner.cs:line 75
   at VM.Platform.TestAutomationFramework.Core.SingleTestCaseRunner.ExecuteSingleTestCase(Int32 testCaseId, String targetEnvironment, String repositiory, Int32 Retry) in C:\Users\VMQApractice\Desktop\v4Dev_Updated\v4Dev_Updated\VMTestAutomation\Src\Framework.Core\SingleTestCaseRunner.cs:line 167
----------------
2019-02-04 11:21:52,991 INFO  execution-log - Saving captured values to file.
----------------
2019-02-04 11:21:52,999 ERROR execution-log - TC # : 1,  has failed
----------------
