2019-02-07 09:02:12,401 INFO  execution-log - 	Initializing control map with map # MASTER
----------------
2019-02-07 09:02:12,419 INFO  execution-log - Initializing Test Automation
----------------
2019-02-07 09:02:12,426 INFO  execution-log - 	target browser: Chrome
----------------
2019-02-07 09:02:15,193 INFO  execution-log - TC # : 1, Downloading test case from DB
----------------
2019-02-07 09:02:15,237 INFO  execution-log - TC # : 1, Getting control map :MASTER from DB
----------------
2019-02-07 09:02:15,238 INFO  execution-log - TC # : 1, Getting test data from DB
----------------
2019-02-07 09:02:15,264 INFO  execution-log - TC # : 1, Control map retrieval completed
----------------
2019-02-07 09:02:15,301 INFO  execution-log - TC # : 1, Test data retrieval completed
----------------
2019-02-07 09:02:15,313 INFO  execution-log - TC # : 1, Parsing commands
----------------
2019-02-07 09:02:15,321 INFO  execution-log - Loading captured values from persistence.
----------------
2019-02-07 09:02:15,331 INFO  execution-log - TC # : 1, Started executing test case in the VMTESTAPP1 environment (http://vam-qa.cloudapp.net:6363/pages/login.html)
----------------
2019-02-07 09:02:16,447 INFO  execution-log -  Beginning StartIterationCommand ( Iterations : 1 )
----------------
2019-02-07 09:02:16,458 INFO  execution-log - TC # : 1, Starting iteration #1
----------------
2019-02-07 09:02:16,466 INFO  execution-log - 	 Command completed.
----------------
2019-02-07 09:02:16,480 INFO  execution-log -  Beginning InvokeApplicationCommand ( Target :  )
----------------
2019-02-07 09:02:17,700 INFO  execution-log - 	 Command completed.
----------------
2019-02-07 09:02:17,708 INFO  execution-log -  Beginning PageCommand ( CurrentPage : Login, FlowIdentifier : 1, DiIndicator : DI )
----------------
2019-02-07 09:02:17,717 INFO  execution-log - 	 Command completed.
----------------
2019-02-07 09:02:17,730 INFO  execution-log -  Beginning LoadTestDataItemCommand ( CurrentPage : Login, FlowIdentifier : 1, DiIndicator : DI )
----------------
2019-02-07 09:02:17,760 INFO  execution-log - [Sequence No - 1] Beginning ValidateExistStatusCommand ( LogicalFieldName : User Name, LogicalFieldValue : True )
----------------
2019-02-07 09:02:17,800 INFO  execution-log - [Sequence No - 1]	 Command completed.
----------------
2019-02-07 09:02:17,815 INFO  execution-log - [Sequence No - 2] Beginning ActionCommand ( LogicalFieldName : User Name, LogicalFieldValue : Click )
----------------
2019-02-07 09:02:18,014 INFO  execution-log - [Sequence No - 2]	 Command completed.
----------------
2019-02-07 09:02:18,031 INFO  execution-log - [Sequence No - 3] Beginning TestDataCommand ( LogicalFieldName : User Name, LogicalFieldValue : Jack )
----------------
2019-02-07 09:02:18,153 INFO  execution-log - [Sequence No - 3]	 Command completed.
----------------
2019-02-07 09:02:18,170 INFO  execution-log - [Sequence No - 4] Beginning ValidateExistStatusCommand ( LogicalFieldName : Password, LogicalFieldValue : True )
----------------
2019-02-07 09:02:18,205 INFO  execution-log - [Sequence No - 4]	 Command completed.
----------------
2019-02-07 09:02:18,217 INFO  execution-log - [Sequence No - 5] Beginning TestDataCommand ( LogicalFieldName : Password, LogicalFieldValue : Smit@123 )
----------------
2019-02-07 09:02:18,429 INFO  execution-log - [Sequence No - 5]	 Command completed.
----------------
2019-02-07 09:02:18,449 INFO  execution-log - [Sequence No - 6] Beginning ValidateEnableStatusCommand ( LogicalFieldName : Login_Button, LogicalFieldValue : True )
----------------
2019-02-07 09:02:18,516 INFO  execution-log - [Sequence No - 6]	 Command completed.
----------------
2019-02-07 09:02:18,528 INFO  execution-log - [Sequence No - 7] Beginning ActionCommand ( LogicalFieldName : Login_Button, LogicalFieldValue : Click )
----------------
2019-02-07 09:02:18,665 INFO  execution-log - [Sequence No - 7]	 Command completed.
----------------
2019-02-07 09:02:18,673 INFO  execution-log - 	 Command completed.
----------------
2019-02-07 09:02:18,683 INFO  execution-log -  Beginning PageCommand ( CurrentPage : Home, FlowIdentifier : 2, DiIndicator : DI )
----------------
2019-02-07 09:02:18,691 INFO  execution-log - 	 Command completed.
----------------
2019-02-07 09:02:18,701 INFO  execution-log -  Beginning LoadTestDataItemCommand ( CurrentPage : Home, FlowIdentifier : 2, DiIndicator : DI )
----------------
2019-02-07 09:02:18,724 INFO  execution-log - [Sequence No - 8] Beginning ValidateEnableStatusCommand ( LogicalFieldName : New Quote, LogicalFieldValue : True )
----------------
2019-02-07 09:02:21,153 INFO  execution-log - [Sequence No - 8]	 Command completed.
----------------
2019-02-07 09:02:23,907 INFO  execution-log - [Sequence No - 9] Beginning ActionCommand ( LogicalFieldName : New Quote, LogicalFieldValue : Click )
----------------
2019-02-07 09:02:28,397 INFO  execution-log - [Sequence No - 9]	 Command completed.
----------------
2019-02-07 09:02:28,478 INFO  execution-log - 	 Command completed.
----------------
2019-02-07 09:02:28,525 INFO  execution-log -  Beginning PageCommand ( CurrentPage : New Quote, FlowIdentifier : 3, DiIndicator : DI )
----------------
2019-02-07 09:02:28,575 INFO  execution-log - 	 Command completed.
----------------
2019-02-07 09:02:28,614 INFO  execution-log -  Beginning LoadTestDataItemCommand ( CurrentPage : New Quote, FlowIdentifier : 3, DiIndicator : DI )
----------------
2019-02-07 09:02:28,760 INFO  execution-log - [Sequence No - 10] Beginning ValidateExistStatusCommand ( LogicalFieldName : Account Name, LogicalFieldValue : True )
----------------
2019-02-07 09:02:29,053 INFO  execution-log - [Sequence No - 10]	 Command completed.
----------------
2019-02-07 09:02:29,087 INFO  execution-log - [Sequence No - 11] Beginning TestDataCommand ( LogicalFieldName : Account Name, LogicalFieldValue : RANDOMIZE(7,2) )
----------------
2019-02-07 09:02:30,720 INFO  execution-log - [Sequence No - 11]	 Command completed.
----------------
2019-02-07 09:02:30,730 INFO  execution-log - [Sequence No - 12] Beginning ValidateExistStatusCommand ( LogicalFieldName : First Name, LogicalFieldValue : True )
----------------
2019-02-07 09:02:30,854 INFO  execution-log - [Sequence No - 12]	 Command completed.
----------------
2019-02-07 09:02:30,866 INFO  execution-log - [Sequence No - 13] Beginning TestDataCommand ( LogicalFieldName : First Name, LogicalFieldValue : Jack )
----------------
2019-02-07 09:02:31,505 INFO  execution-log - [Sequence No - 13]	 Command completed.
----------------
2019-02-07 09:02:31,522 INFO  execution-log - [Sequence No - 14] Beginning ValidateEnableStatusCommand ( LogicalFieldName : Last Name, LogicalFieldValue : True )
----------------
2019-02-07 09:02:31,578 INFO  execution-log - [Sequence No - 14]	 Command completed.
----------------
2019-02-07 09:02:31,589 INFO  execution-log - [Sequence No - 15] Beginning TestDataCommand ( LogicalFieldName : Last Name, LogicalFieldValue : Smith )
----------------
2019-02-07 09:02:32,154 INFO  execution-log - [Sequence No - 15]	 Command completed.
----------------
2019-02-07 09:02:32,172 INFO  execution-log - [Sequence No - 16] Beginning ValidateExistStatusCommand ( LogicalFieldName : ContactNumber1, LogicalFieldValue : True )
----------------
2019-02-07 09:02:32,205 INFO  execution-log - [Sequence No - 16]	 Command completed.
----------------
2019-02-07 09:02:32,216 INFO  execution-log - [Sequence No - 17] Beginning TestDataCommand ( LogicalFieldName : ContactNumber1, LogicalFieldValue : 654 )
----------------
2019-02-07 09:02:32,485 INFO  execution-log - [Sequence No - 17]	 Command completed.
----------------
2019-02-07 09:02:32,497 INFO  execution-log - [Sequence No - 18] Beginning TestDataCommand ( LogicalFieldName : ContactNumber2, LogicalFieldValue : 321 )
----------------
2019-02-07 09:02:33,109 INFO  execution-log - [Sequence No - 18]	 Command completed.
----------------
2019-02-07 09:02:33,119 INFO  execution-log - [Sequence No - 19] Beginning TestDataCommand ( LogicalFieldName : ContactNumber3, LogicalFieldValue : 6541 )
----------------
2019-02-07 09:02:33,328 INFO  execution-log - [Sequence No - 19]	 Command completed.
----------------
2019-02-07 09:02:33,339 INFO  execution-log - [Sequence No - 20] Beginning ValidateExistStatusCommand ( LogicalFieldName : Primary Email, LogicalFieldValue : True )
----------------
2019-02-07 09:02:33,377 INFO  execution-log - [Sequence No - 20]	 Command completed.
----------------
2019-02-07 09:02:33,387 INFO  execution-log - [Sequence No - 21] Beginning TestDataCommand ( LogicalFieldName : Primary Email, LogicalFieldValue : jack.smith@gmail.com )
----------------
2019-02-07 09:02:33,864 INFO  execution-log - [Sequence No - 21]	 Command completed.
----------------
2019-02-07 09:02:33,876 INFO  execution-log - [Sequence No - 22] Beginning ValidateExistStatusCommand ( LogicalFieldName : Business Started Year, LogicalFieldValue : True )
----------------
2019-02-07 09:02:33,907 INFO  execution-log - [Sequence No - 22]	 Command completed.
----------------
2019-02-07 09:02:33,918 INFO  execution-log - [Sequence No - 23] Beginning TestDataCommand ( LogicalFieldName : Business Started Year, LogicalFieldValue : 2012 )
----------------
2019-02-07 09:02:34,120 INFO  execution-log - [Sequence No - 23]	 Command completed.
----------------
2019-02-07 09:02:34,130 INFO  execution-log - [Sequence No - 24] Beginning ValidateExistStatusCommand ( LogicalFieldName : Select Product, LogicalFieldValue : True )
----------------
2019-02-07 09:02:34,183 INFO  execution-log - [Sequence No - 24]	 Command completed.
----------------
2019-02-07 09:02:34,195 INFO  execution-log - [Sequence No - 25] Beginning ActionCommand ( LogicalFieldName : Select Product, LogicalFieldValue : Click )
----------------
2019-02-07 09:02:34,421 INFO  execution-log - [Sequence No - 25]	 Command completed.
----------------
2019-02-07 09:02:34,433 INFO  execution-log - [Sequence No - 26] Beginning ActionCommand ( LogicalFieldName : Select Product1, LogicalFieldValue : Click )
----------------
2019-02-07 09:02:34,632 INFO  execution-log - [Sequence No - 26]	 Command completed.
----------------
2019-02-07 09:02:34,654 INFO  execution-log - [Sequence No - 27] Beginning ValidateExistStatusCommand ( LogicalFieldName : Contact Name, LogicalFieldValue : True )
----------------
2019-02-07 09:02:34,689 INFO  execution-log - [Sequence No - 27]	 Command completed.
----------------
2019-02-07 09:02:34,701 INFO  execution-log - [Sequence No - 28] Beginning ActionCommand ( LogicalFieldName : Contact Name, LogicalFieldValue : Click )
----------------
2019-02-07 09:02:34,982 INFO  execution-log - [Sequence No - 28]	 Command completed.
----------------
2019-02-07 09:02:34,992 INFO  execution-log - [Sequence No - 29] Beginning ActionCommand ( LogicalFieldName : Contact Name Initial Select, LogicalFieldValue : Click )
----------------
2019-02-07 09:02:35,253 INFO  execution-log - [Sequence No - 29]	 Command completed.
----------------
2019-02-07 09:02:35,266 INFO  execution-log - [Sequence No - 30] Beginning ValidateExistStatusCommand ( LogicalFieldName : Industry, LogicalFieldValue : True )
----------------
2019-02-07 09:02:35,327 INFO  execution-log - [Sequence No - 30]	 Command completed.
----------------
2019-02-07 09:02:35,339 INFO  execution-log - [Sequence No - 31] Beginning ActionCommand ( LogicalFieldName : Industry, LogicalFieldValue : Click )
----------------
2019-02-07 09:02:35,699 INFO  execution-log - [Sequence No - 31]	 Command completed.
----------------
2019-02-07 09:02:35,710 INFO  execution-log - [Sequence No - 32] Beginning ActionCommand ( LogicalFieldName : Industry1, LogicalFieldValue : Click )
----------------
2019-02-07 09:02:35,994 INFO  execution-log - [Sequence No - 32]	 Command completed.
----------------
2019-02-07 09:02:36,017 INFO  execution-log - [Sequence No - 33] Beginning ValidateExistStatusCommand ( LogicalFieldName : Zip Code, LogicalFieldValue : True )
----------------
2019-02-07 09:02:36,054 INFO  execution-log - [Sequence No - 33]	 Command completed.
----------------
2019-02-07 09:02:36,066 INFO  execution-log - [Sequence No - 34] Beginning TestDataCommand ( LogicalFieldName : Zip Code, LogicalFieldValue : 53704 )
----------------
2019-02-07 09:02:36,300 INFO  execution-log - [Sequence No - 34]	 Command completed.
----------------
2019-02-07 09:02:36,310 INFO  execution-log - [Sequence No - 35] Beginning ActionCommand ( LogicalFieldName : zipcode click, LogicalFieldValue : Click )
----------------
2019-02-07 09:02:36,755 INFO  execution-log - [Sequence No - 35]	 Command completed.
----------------
2019-02-07 09:02:36,766 INFO  execution-log - [Sequence No - 36] Beginning ValidateExistStatusCommand ( LogicalFieldName : Street Address, LogicalFieldValue : True )
----------------
2019-02-07 09:02:36,817 INFO  execution-log - [Sequence No - 36]	 Command completed.
----------------
2019-02-07 09:02:36,831 INFO  execution-log - [Sequence No - 37] Beginning TestDataCommand ( LogicalFieldName : Street Address, LogicalFieldValue : 123 BLUEJAY LN )
----------------
2019-02-07 09:02:37,151 INFO  execution-log - [Sequence No - 37]	 Command completed.
----------------
2019-02-07 09:02:37,161 INFO  execution-log - [Sequence No - 38] Beginning ValidateExistStatusCommand ( LogicalFieldName : Same as Physical Address, LogicalFieldValue : True )
----------------
2019-02-07 09:02:37,191 INFO  execution-log - [Sequence No - 38]	 Command completed.
----------------
2019-02-07 09:02:37,202 INFO  execution-log - [Sequence No - 39] Beginning ActionCommand ( LogicalFieldName : Same as Physical Address, LogicalFieldValue : Click )
----------------
2019-02-07 09:02:37,406 INFO  execution-log - [Sequence No - 39]	 Command completed.
----------------
2019-02-07 09:02:37,417 INFO  execution-log - [Sequence No - 40] Beginning ValidateEnableStatusCommand ( LogicalFieldName : Proceed, LogicalFieldValue : True )
----------------
2019-02-07 09:02:37,489 INFO  execution-log - [Sequence No - 40]	 Command completed.
----------------
2019-02-07 09:02:37,499 INFO  execution-log - [Sequence No - 41] Beginning ActionCommand ( LogicalFieldName : Proceed, LogicalFieldValue : Click )
----------------
2019-02-07 09:02:37,663 INFO  execution-log - [Sequence No - 41]	 Command completed.
----------------
2019-02-07 09:02:37,669 INFO  execution-log - 	 Command completed.
----------------
2019-02-07 09:02:37,681 INFO  execution-log -  Beginning PageCommand ( CurrentPage : Insured Info, FlowIdentifier : 4, DiIndicator : DI )
----------------
2019-02-07 09:02:37,687 INFO  execution-log - 	 Command completed.
----------------
2019-02-07 09:02:37,693 INFO  execution-log -  Beginning LoadTestDataItemCommand ( CurrentPage : Insured Info, FlowIdentifier : 4, DiIndicator : DI )
----------------
2019-02-07 09:02:37,724 INFO  execution-log - [Sequence No - 42] Beginning ValidateEnableStatusCommand ( LogicalFieldName : InsuredName, LogicalFieldValue : True )
----------------
2019-02-07 09:02:39,704 INFO  execution-log - [Sequence No - 42]	 Command completed.
----------------
2019-02-07 09:02:39,716 INFO  execution-log - [Sequence No - 43] Beginning TestDataCommand ( LogicalFieldName : InsuredName, LogicalFieldValue : Smith )
----------------
2019-02-07 09:02:39,918 INFO  execution-log - [Sequence No - 43]	 Command completed.
----------------
2019-02-07 09:02:39,929 INFO  execution-log - [Sequence No - 44] Beginning ValidateEnableStatusCommand ( LogicalFieldName : Primary State Click, LogicalFieldValue : True )
----------------
2019-02-07 09:02:39,978 INFO  execution-log - [Sequence No - 44]	 Command completed.
----------------
2019-02-07 09:02:39,988 INFO  execution-log - [Sequence No - 45] Beginning ActionCommand ( LogicalFieldName : Primary State Click, LogicalFieldValue : Click )
----------------
2019-02-07 09:02:40,180 INFO  execution-log - [Sequence No - 45]	 Command completed.
----------------
2019-02-07 09:02:40,192 INFO  execution-log - [Sequence No - 46] Beginning ActionCommand ( LogicalFieldName : PrimayState Select, LogicalFieldValue : Click )
----------------
2019-02-07 09:02:40,463 INFO  execution-log - [Sequence No - 46]	 Command completed.
----------------
2019-02-07 09:02:40,486 INFO  execution-log - [Sequence No - 47] Beginning ValidateExistStatusCommand ( LogicalFieldName : Street Address, LogicalFieldValue : True )
----------------
2019-02-07 09:02:40,547 INFO  execution-log - [Sequence No - 47]	 Command completed.
----------------
2019-02-07 09:02:40,557 INFO  execution-log - [Sequence No - 48] Beginning TestDataCommand ( LogicalFieldName : Street Address, LogicalFieldValue : 123 new street )
----------------
2019-02-07 09:02:40,983 INFO  execution-log - [Sequence No - 48]	 Command completed.
----------------
2019-02-07 09:02:40,992 INFO  execution-log - [Sequence No - 49] Beginning ValidateExistStatusCommand ( LogicalFieldName : Zip Code, LogicalFieldValue : True )
----------------
2019-02-07 09:02:41,016 INFO  execution-log - [Sequence No - 49]	 Command completed.
----------------
2019-02-07 09:02:41,025 INFO  execution-log - [Sequence No - 50] Beginning TestDataCommand ( LogicalFieldName : Zip Code, LogicalFieldValue : 53704 )
----------------
2019-02-07 09:02:41,248 INFO  execution-log - [Sequence No - 50]	 Command completed.
----------------
2019-02-07 09:02:41,258 INFO  execution-log - [Sequence No - 51] Beginning ValidateExistStatusCommand ( LogicalFieldName : Same as Physical Address, LogicalFieldValue : True )
----------------
2019-02-07 09:02:41,304 INFO  execution-log - [Sequence No - 51]	 Command completed.
----------------
2019-02-07 09:02:41,315 INFO  execution-log - [Sequence No - 52] Beginning ActionCommand ( LogicalFieldName : Same as Physical Address, LogicalFieldValue : Click )
----------------
2019-02-07 09:02:41,502 INFO  execution-log - [Sequence No - 52]	 Command completed.
----------------
2019-02-07 09:02:41,512 INFO  execution-log - [Sequence No - 53] Beginning ValidateExistStatusCommand ( LogicalFieldName : SIC Code, LogicalFieldValue : True )
----------------
2019-02-07 09:02:41,570 INFO  execution-log - [Sequence No - 53]	 Command completed.
----------------
2019-02-07 09:02:41,579 INFO  execution-log - [Sequence No - 54] Beginning TestDataCommand ( LogicalFieldName : SIC Code, LogicalFieldValue : 41510000-School buses )
----------------
2019-02-07 09:02:42,058 INFO  execution-log - [Sequence No - 54]	 Command completed.
----------------
2019-02-07 09:02:42,077 INFO  execution-log - [Sequence No - 55] Beginning ValidateExistStatusCommand ( LogicalFieldName : BusinessInceptionYear, LogicalFieldValue : True )
----------------
2019-02-07 09:02:42,109 INFO  execution-log - [Sequence No - 55]	 Command completed.
----------------
2019-02-07 09:02:42,120 INFO  execution-log - [Sequence No - 56] Beginning TestDataCommand ( LogicalFieldName : BusinessInceptionYear, LogicalFieldValue : 2012 )
----------------
2019-02-07 09:02:42,405 INFO  execution-log - [Sequence No - 56]	 Command completed.
----------------
2019-02-07 09:02:42,420 INFO  execution-log - [Sequence No - 57] Beginning ValidateExistStatusCommand ( LogicalFieldName : BusinessPhone, LogicalFieldValue : True )
----------------
2019-02-07 09:02:42,482 INFO  execution-log - [Sequence No - 57]	 Command completed.
----------------
2019-02-07 09:02:42,498 INFO  execution-log - [Sequence No - 58] Beginning TestDataCommand ( LogicalFieldName : BusinessPhone, LogicalFieldValue : 6549879879 )
----------------
2019-02-07 09:02:44,046 INFO  execution-log - [Sequence No - 58]	 Command completed.
----------------
2019-02-07 09:02:44,062 INFO  execution-log - [Sequence No - 59] Beginning ValidateEnableStatusCommand ( LogicalFieldName : Next, LogicalFieldValue : True )
----------------
2019-02-07 09:02:44,115 INFO  execution-log - [Sequence No - 59]	 Command completed.
----------------
2019-02-07 09:02:44,124 INFO  execution-log - [Sequence No - 60] Beginning ActionCommand ( LogicalFieldName : Next, LogicalFieldValue : Click )
----------------
2019-02-07 09:02:44,279 INFO  execution-log - [Sequence No - 60]	 Command completed.
----------------
2019-02-07 09:02:44,290 INFO  execution-log - 	 Command completed.
----------------
2019-02-07 09:02:44,300 INFO  execution-log -  Beginning PageCommand ( CurrentPage : Policy Info, FlowIdentifier : 5, DiIndicator : DI )
----------------
2019-02-07 09:02:44,305 INFO  execution-log - 	 Command completed.
----------------
2019-02-07 09:02:44,314 INFO  execution-log -  Beginning LoadTestDataItemCommand ( CurrentPage : Policy Info, FlowIdentifier : 5, DiIndicator : DI )
----------------
2019-02-07 09:02:44,329 INFO  execution-log - [Sequence No - 61] Beginning ValidateEnableStatusCommand ( LogicalFieldName : Which State do u operate In?, LogicalFieldValue : True )
----------------
2019-02-07 09:02:44,828 INFO  execution-log - [Sequence No - 61]	 Command completed.
----------------
2019-02-07 09:02:44,845 INFO  execution-log - [Sequence No - 62] Beginning ActionCommand ( LogicalFieldName : Which State do u operate In?, LogicalFieldValue : Click )
----------------
2019-02-07 09:02:45,173 INFO  execution-log - [Sequence No - 62]	 Command completed.
----------------
2019-02-07 09:02:45,194 INFO  execution-log - [Sequence No - 63] Beginning ActionCommand ( LogicalFieldName : Which State do u operate In?1, LogicalFieldValue : Click )
----------------
2019-02-07 09:03:03,778 ERROR execution-log - TC # : 1, Timed out after 10 seconds
----------------
2019-02-07 09:03:11,863 ERROR execution-log - TC # : 1, Timed out after 10 seconds
----------------
2019-02-07 09:03:11,880 ERROR execution-log - TC # : 1, No more iterations to run. Test execution will abort.
----------------
2019-02-07 09:03:11,891 ERROR execution-log - TC # : 1, Framework failed to run the test due to a test configuration error.
	VM.Platform.TestAutomationFramework.Core.Exceptions.WorkflowFailedException: Timed out after 10 seconds ---> OpenQA.Selenium.WebDriverTimeoutException: Timed out after 10 seconds ---> OpenQA.Selenium.NoSuchElementException: no such element: Unable to locate element: {"method":"xpath","selector":"/html/body/div[14]/div/ul/li[1]/input"}
  (Session info: chrome=71.0.3578.98)
  (Driver info: chromedriver=2.45.615291 (ec3682e3c9061c10f26ea9e5cdcf3c53f3f74387),platform=Windows NT 10.0.16299 x86_64)
   at OpenQA.Selenium.Remote.RemoteWebDriver.UnpackAndThrowOnError(Response errorResponse)
   at OpenQA.Selenium.Remote.RemoteWebDriver.Execute(String driverCommandToExecute, Dictionary`2 parameters)
   at OpenQA.Selenium.Remote.RemoteWebDriver.FindElement(String mechanism, String value)
   at OpenQA.Selenium.Remote.RemoteWebDriver.FindElementByXPath(String xpath)
   at OpenQA.Selenium.By.<>c__DisplayClass19_0.<XPath>b__0(ISearchContext context)
   at OpenQA.Selenium.By.FindElement(ISearchContext context)
   at OpenQA.Selenium.Remote.RemoteWebDriver.FindElement(By by)
   at OpenQA.Selenium.Support.UI.ExpectedConditions.<>c__DisplayClass19_0.<ElementToBeClickable>b__0(IWebDriver driver)
   at OpenQA.Selenium.Support.UI.DefaultWait`1.Until[TResult](Func`2 condition)
   --- End of inner exception stack trace ---
   at OpenQA.Selenium.Support.UI.DefaultWait`1.ThrowTimeoutException(String exceptionMessage, Exception lastException)
   at OpenQA.Selenium.Support.UI.DefaultWait`1.Until[TResult](Func`2 condition)
   at VM.Platform.TestAutomationFramework.Adapters.Selenium.SeleniumAdapter.WaitForElementToBeClickable(ControlDefinition ctrlDefinition) in C:\Users\VMQApractice\Desktop\v4Dev_Updated\v4Dev_Updated\VMTestAutomation\Src\Framework.Adapters.Selenium\SeleniumAdapter.cs:line 713
   at VM.Platform.TestAutomationFramework.UIAutomation.Commands.Interactions.ActionCommand.Execute(TestRunContext context) in C:\Users\VMQApractice\Desktop\v4Dev_Updated\v4Dev_Updated\VMTestAutomation\Src\Framework.UIAutomation\Commands\Interactions\ActionCommand.cs:line 30
   --- End of inner exception stack trace ---
   at VM.Platform.TestAutomationFramework.UIAutomation.Commands.Interactions.ActionCommand.Execute(TestRunContext context) in C:\Users\VMQApractice\Desktop\v4Dev_Updated\v4Dev_Updated\VMTestAutomation\Src\Framework.UIAutomation\Commands\Interactions\ActionCommand.cs:line 42
   at VM.Platform.TestAutomationFramework.Core.Decorators.CommandDecorator.Execute(TestRunContext context) in C:\Users\VMQApractice\Desktop\v4Dev_Updated\v4Dev_Updated\VMTestAutomation\Src\Framework.Core\Decorators\CommandDecorator.cs:line 22
   at VM.Platform.TestAutomationFramework.Core.Decorators.CommandLogger.Execute(TestRunContext context) in C:\Users\VMQApractice\Desktop\v4Dev_Updated\v4Dev_Updated\VMTestAutomation\Src\Framework.Core\Decorators\CommandLogger.cs:line 93
   at VM.Platform.TestAutomationFramework.Core.Decorators.CommandDecorator.Execute(TestRunContext context) in C:\Users\VMQApractice\Desktop\v4Dev_Updated\v4Dev_Updated\VMTestAutomation\Src\Framework.Core\Decorators\CommandDecorator.cs:line 22
   at VM.Platform.TestAutomationFramework.Core.Decorators.CommandErrorHandler.Execute(TestRunContext context) in C:\Users\VMQApractice\Desktop\v4Dev_Updated\v4Dev_Updated\VMTestAutomation\Src\Framework.Core\Decorators\CommandErrorHandler.cs:line 65
   at VM.Platform.TestAutomationFramework.Core.Decorators.CommandDecorator.Execute(TestRunContext context) in C:\Users\VMQApractice\Desktop\v4Dev_Updated\v4Dev_Updated\VMTestAutomation\Src\Framework.Core\Decorators\CommandDecorator.cs:line 22
   at VM.Platform.TestAutomationFramework.Core.Decorators.CommandTimer.Execute(TestRunContext context) in C:\Users\VMQApractice\Desktop\v4Dev_Updated\v4Dev_Updated\VMTestAutomation\Src\Framework.Core\Decorators\CommandTimer.cs:line 26
   at VM.Platform.TestAutomationFramework.Core.Decorators.CommandDecorator.Execute(TestRunContext context) in C:\Users\VMQApractice\Desktop\v4Dev_Updated\v4Dev_Updated\VMTestAutomation\Src\Framework.Core\Decorators\CommandDecorator.cs:line 22
   at VM.Platform.TestAutomationFramework.Core.Decorators.IgnorePagesDecorator.Execute(TestRunContext context) in C:\Users\VMQApractice\Desktop\v4Dev_Updated\v4Dev_Updated\VMTestAutomation\Src\Framework.Core\Decorators\IgnorePagesDecorator.cs:line 24
   at VM.Platform.TestAutomationFramework.UIAutomation.Commands.Workflow.LoadTestDataItemCommand.Execute(TestRunContext context) in C:\Users\VMQApractice\Desktop\v4Dev_Updated\v4Dev_Updated\VMTestAutomation\Src\Framework.UIAutomation\Commands\Workflow\LoadTestDataItemCommand.cs:line 96
   at VM.Platform.TestAutomationFramework.Core.Decorators.CommandDecorator.Execute(TestRunContext context) in C:\Users\VMQApractice\Desktop\v4Dev_Updated\v4Dev_Updated\VMTestAutomation\Src\Framework.Core\Decorators\CommandDecorator.cs:line 22
   at VM.Platform.TestAutomationFramework.Core.Decorators.CommandLogger.Execute(TestRunContext context) in C:\Users\VMQApractice\Desktop\v4Dev_Updated\v4Dev_Updated\VMTestAutomation\Src\Framework.Core\Decorators\CommandLogger.cs:line 93
   at VM.Platform.TestAutomationFramework.Core.Decorators.CommandDecorator.Execute(TestRunContext context) in C:\Users\VMQApractice\Desktop\v4Dev_Updated\v4Dev_Updated\VMTestAutomation\Src\Framework.Core\Decorators\CommandDecorator.cs:line 22
   at VM.Platform.TestAutomationFramework.Core.Decorators.CommandErrorHandler.Execute(TestRunContext context) in C:\Users\VMQApractice\Desktop\v4Dev_Updated\v4Dev_Updated\VMTestAutomation\Src\Framework.Core\Decorators\CommandErrorHandler.cs:line 65
   at VM.Platform.TestAutomationFramework.Core.Decorators.CommandDecorator.Execute(TestRunContext context) in C:\Users\VMQApractice\Desktop\v4Dev_Updated\v4Dev_Updated\VMTestAutomation\Src\Framework.Core\Decorators\CommandDecorator.cs:line 22
   at VM.Platform.TestAutomationFramework.Core.Decorators.CommandTimer.Execute(TestRunContext context) in C:\Users\VMQApractice\Desktop\v4Dev_Updated\v4Dev_Updated\VMTestAutomation\Src\Framework.Core\Decorators\CommandTimer.cs:line 26
   at VM.Platform.TestAutomationFramework.Core.Decorators.CommandDecorator.Execute(TestRunContext context) in C:\Users\VMQApractice\Desktop\v4Dev_Updated\v4Dev_Updated\VMTestAutomation\Src\Framework.Core\Decorators\CommandDecorator.cs:line 22
   at VM.Platform.TestAutomationFramework.Core.Decorators.IgnorePagesDecorator.Execute(TestRunContext context) in C:\Users\VMQApractice\Desktop\v4Dev_Updated\v4Dev_Updated\VMTestAutomation\Src\Framework.Core\Decorators\IgnorePagesDecorator.cs:line 24
   at VM.Platform.TestAutomationFramework.Core.TestCommandRunner.Execute(TestRunContext testRunContext) in C:\Users\VMQApractice\Desktop\v4Dev_Updated\v4Dev_Updated\VMTestAutomation\Src\Framework.Core\TestCommandRunner.cs:line 75
   at VM.Platform.TestAutomationFramework.Core.SingleTestCaseRunner.ExecuteSingleTestCase(Int32 testCaseId, String targetEnvironment, String repositiory, Int32 Retry) in C:\Users\VMQApractice\Desktop\v4Dev_Updated\v4Dev_Updated\VMTestAutomation\Src\Framework.Core\SingleTestCaseRunner.cs:line 167
----------------
2019-02-07 09:03:15,625 INFO  execution-log - Saving captured values to file.
----------------
2019-02-07 09:03:15,634 ERROR execution-log - TC # : 1,  has failed
----------------
