2019-02-04 10:58:13,395 INFO  execution-log - 	Initializing control map with map # MASTER
----------------
2019-02-04 10:58:13,401 INFO  execution-log - Initializing Test Automation
----------------
2019-02-04 10:58:13,406 INFO  execution-log - 	target browser: Chrome
----------------
2019-02-04 10:58:13,411 INFO  execution-log - TC # : 1, Downloading test case from DB
----------------
2019-02-04 10:58:13,416 INFO  execution-log - TC # : 1, Getting control map :MASTER from DB
----------------
2019-02-04 10:58:13,417 INFO  execution-log - TC # : 1, Getting test data from DB
----------------
2019-02-04 10:58:13,433 INFO  execution-log - TC # : 1, Control map retrieval completed
----------------
2019-02-04 10:58:13,440 INFO  execution-log - TC # : 1, Test data retrieval completed
----------------
2019-02-04 10:58:13,445 INFO  execution-log - TC # : 1, Parsing commands
----------------
2019-02-04 10:58:13,450 INFO  execution-log - Loading captured values from persistence.
----------------
2019-02-04 10:58:13,454 INFO  execution-log - TC # : 1, Started executing test case in the VMTESTAPP1 environment (http://vam-qa.cloudapp.net:6363/pages/login.html)
----------------
2019-02-04 10:58:13,494 INFO  execution-log -  Beginning StartIterationCommand ( Iterations : 1 )
----------------
2019-02-04 10:58:13,498 INFO  execution-log - TC # : 1, Starting iteration #1
----------------
2019-02-04 10:58:13,503 INFO  execution-log - 	 Command completed.
----------------
2019-02-04 10:58:13,508 INFO  execution-log -  Beginning InvokeApplicationCommand ( Target :  )
----------------
2019-02-04 10:58:14,411 INFO  execution-log - 	 Command completed.
----------------
2019-02-04 10:58:14,417 INFO  execution-log -  Beginning PageCommand ( CurrentPage : Login, FlowIdentifier : 1, DiIndicator : DI )
----------------
2019-02-04 10:58:14,422 INFO  execution-log - 	 Command completed.
----------------
2019-02-04 10:58:14,427 INFO  execution-log -  Beginning LoadTestDataItemCommand ( CurrentPage : Login, FlowIdentifier : 1, DiIndicator : DI )
----------------
2019-02-04 10:58:14,436 INFO  execution-log - [Sequence No - 1] Beginning ValidateExistStatusCommand ( LogicalFieldName : User Name, LogicalFieldValue : True )
----------------
2019-02-04 10:58:14,460 INFO  execution-log - [Sequence No - 1]	 Command completed.
----------------
2019-02-04 10:58:14,469 INFO  execution-log - [Sequence No - 2] Beginning ActionCommand ( LogicalFieldName : User Name, LogicalFieldValue : Click )
----------------
2019-02-04 10:58:14,584 INFO  execution-log - [Sequence No - 2]	 Command completed.
----------------
2019-02-04 10:58:14,595 INFO  execution-log - [Sequence No - 3] Beginning TestDataCommand ( LogicalFieldName : User Name, LogicalFieldValue : Jack )
----------------
2019-02-04 10:58:14,685 INFO  execution-log - [Sequence No - 3]	 Command completed.
----------------
2019-02-04 10:58:14,697 INFO  execution-log - [Sequence No - 4] Beginning ValidateExistStatusCommand ( LogicalFieldName : Password, LogicalFieldValue : True )
----------------
2019-02-04 10:58:14,718 INFO  execution-log - [Sequence No - 4]	 Command completed.
----------------
2019-02-04 10:58:14,727 INFO  execution-log - [Sequence No - 5] Beginning TestDataCommand ( LogicalFieldName : Password, LogicalFieldValue : Smit@123 )
----------------
2019-02-04 10:58:14,866 INFO  execution-log - [Sequence No - 5]	 Command completed.
----------------
2019-02-04 10:58:14,878 INFO  execution-log - [Sequence No - 6] Beginning ValidateEnableStatusCommand ( LogicalFieldName : Login_Button, LogicalFieldValue : True )
----------------
2019-02-04 10:58:14,913 INFO  execution-log - [Sequence No - 6]	 Command completed.
----------------
2019-02-04 10:58:14,923 INFO  execution-log - [Sequence No - 7] Beginning ActionCommand ( LogicalFieldName : Login_Button, LogicalFieldValue : Click )
----------------
2019-02-04 10:58:15,025 INFO  execution-log - [Sequence No - 7]	 Command completed.
----------------
2019-02-04 10:58:15,032 INFO  execution-log - 	 Command completed.
----------------
2019-02-04 10:58:15,038 INFO  execution-log -  Beginning PageCommand ( CurrentPage : Home, FlowIdentifier : 2, DiIndicator : DI )
----------------
2019-02-04 10:58:15,044 INFO  execution-log - 	 Command completed.
----------------
2019-02-04 10:58:15,049 INFO  execution-log -  Beginning LoadTestDataItemCommand ( CurrentPage : Home, FlowIdentifier : 2, DiIndicator : DI )
----------------
2019-02-04 10:58:15,060 INFO  execution-log - [Sequence No - 8] Beginning ActionCommand ( LogicalFieldName : New Quote, LogicalFieldValue : Click )
----------------
2019-02-04 10:58:16,912 INFO  execution-log - [Sequence No - 8]	 Command completed.
----------------
2019-02-04 10:58:16,919 INFO  execution-log - 	 Command completed.
----------------
2019-02-04 10:58:16,926 INFO  execution-log -  Beginning PageCommand ( CurrentPage : New Quote, FlowIdentifier : 3, DiIndicator : DI )
----------------
2019-02-04 10:58:16,932 INFO  execution-log - 	 Command completed.
----------------
2019-02-04 10:58:16,939 INFO  execution-log -  Beginning LoadTestDataItemCommand ( CurrentPage : New Quote, FlowIdentifier : 3, DiIndicator : DI )
----------------
2019-02-04 10:58:16,963 INFO  execution-log - [Sequence No - 9] Beginning TestDataCommand ( LogicalFieldName : Account Name, LogicalFieldValue : RANDOMIZE(7,2) )
----------------
2019-02-04 10:58:17,208 INFO  execution-log - [Sequence No - 9]	 Command completed.
----------------
2019-02-04 10:58:17,220 INFO  execution-log - [Sequence No - 11] Beginning TestDataCommand ( LogicalFieldName : First Name, LogicalFieldValue : Jack )
----------------
2019-02-04 10:58:17,446 INFO  execution-log - [Sequence No - 11]	 Command completed.
----------------
2019-02-04 10:58:17,457 INFO  execution-log - [Sequence No - 12] Beginning TestDataCommand ( LogicalFieldName : Last Name, LogicalFieldValue : Smith )
----------------
2019-02-04 10:58:17,628 INFO  execution-log - [Sequence No - 12]	 Command completed.
----------------
2019-02-04 10:58:17,641 INFO  execution-log - [Sequence No - 13] Beginning TestDataCommand ( LogicalFieldName : ContactNumber1, LogicalFieldValue : 654 )
----------------
2019-02-04 10:58:17,778 INFO  execution-log - [Sequence No - 13]	 Command completed.
----------------
2019-02-04 10:58:17,789 INFO  execution-log - [Sequence No - 14] Beginning TestDataCommand ( LogicalFieldName : ContactNumber2, LogicalFieldValue : 321 )
----------------
2019-02-04 10:58:17,922 INFO  execution-log - [Sequence No - 14]	 Command completed.
----------------
2019-02-04 10:58:17,933 INFO  execution-log - [Sequence No - 15] Beginning TestDataCommand ( LogicalFieldName : ContactNumber3, LogicalFieldValue : 6541 )
----------------
2019-02-04 10:58:18,056 INFO  execution-log - [Sequence No - 15]	 Command completed.
----------------
2019-02-04 10:58:18,066 INFO  execution-log - [Sequence No - 16] Beginning TestDataCommand ( LogicalFieldName : Primary Email, LogicalFieldValue : jack.smith@gmail.com )
----------------
2019-02-04 10:58:18,454 INFO  execution-log - [Sequence No - 16]	 Command completed.
----------------
2019-02-04 10:58:18,465 INFO  execution-log - [Sequence No - 17] Beginning TestDataCommand ( LogicalFieldName : Business Started Year, LogicalFieldValue : 2012 )
----------------
2019-02-04 10:58:18,629 INFO  execution-log - [Sequence No - 17]	 Command completed.
----------------
2019-02-04 10:58:18,641 INFO  execution-log - [Sequence No - 18] Beginning ActionCommand ( LogicalFieldName : Select Product, LogicalFieldValue : Click )
----------------
2019-02-04 10:58:18,793 INFO  execution-log - [Sequence No - 18]	 Command completed.
----------------
2019-02-04 10:58:18,813 INFO  execution-log - [Sequence No - 19] Beginning ActionCommand ( LogicalFieldName : Select Product1, LogicalFieldValue : Click )
----------------
2019-02-04 10:58:18,972 INFO  execution-log - [Sequence No - 19]	 Command completed.
----------------
2019-02-04 10:58:18,983 INFO  execution-log - [Sequence No - 20] Beginning ActionCommand ( LogicalFieldName : Contact Name, LogicalFieldValue : Click )
----------------
2019-02-04 10:58:19,134 INFO  execution-log - [Sequence No - 20]	 Command completed.
----------------
2019-02-04 10:58:19,147 INFO  execution-log - [Sequence No - 21] Beginning ActionCommand ( LogicalFieldName : Contact Name Initial Select, LogicalFieldValue : Click )
----------------
2019-02-04 10:58:19,785 INFO  execution-log - [Sequence No - 21]	 Command completed.
----------------
2019-02-04 10:58:19,800 INFO  execution-log - [Sequence No - 22] Beginning ActionCommand ( LogicalFieldName : Industry, LogicalFieldValue : Click )
----------------
2019-02-04 10:58:19,977 INFO  execution-log - [Sequence No - 22]	 Command completed.
----------------
2019-02-04 10:58:19,991 INFO  execution-log - [Sequence No - 23] Beginning ActionCommand ( LogicalFieldName : Industry1, LogicalFieldValue : Click )
----------------
2019-02-04 10:58:20,133 INFO  execution-log - [Sequence No - 23]	 Command completed.
----------------
2019-02-04 10:58:20,146 INFO  execution-log - [Sequence No - 24] Beginning TestDataCommand ( LogicalFieldName : Zip Code, LogicalFieldValue : 53704 )
----------------
2019-02-04 10:58:20,329 INFO  execution-log - [Sequence No - 24]	 Command completed.
----------------
2019-02-04 10:58:20,344 INFO  execution-log - [Sequence No - 25] Beginning ActionCommand ( LogicalFieldName : zipcode click, LogicalFieldValue : Click )
----------------
2019-02-04 10:58:20,743 INFO  execution-log - [Sequence No - 25]	 Command completed.
----------------
2019-02-04 10:58:20,753 INFO  execution-log - [Sequence No - 26] Beginning TestDataCommand ( LogicalFieldName : Street Address, LogicalFieldValue : 123 BLUEJAY LN )
----------------
2019-02-04 10:58:21,043 INFO  execution-log - [Sequence No - 26]	 Command completed.
----------------
2019-02-04 10:58:21,054 INFO  execution-log - [Sequence No - 27] Beginning ActionCommand ( LogicalFieldName : Same as Physical Address, LogicalFieldValue : Click )
----------------
2019-02-04 10:58:21,191 INFO  execution-log - [Sequence No - 27]	 Command completed.
----------------
2019-02-04 10:58:21,201 INFO  execution-log - [Sequence No - 28] Beginning ActionCommand ( LogicalFieldName : Proceed, LogicalFieldValue : Click )
----------------
2019-02-04 10:58:21,349 INFO  execution-log - [Sequence No - 28]	 Command completed.
----------------
2019-02-04 10:58:21,357 INFO  execution-log - 	 Command completed.
----------------
2019-02-04 10:58:21,363 INFO  execution-log -  Beginning PageCommand ( CurrentPage : Insured Info, FlowIdentifier : 4, DiIndicator : DI )
----------------
2019-02-04 10:58:21,378 INFO  execution-log - 	 Command completed.
----------------
2019-02-04 10:58:21,385 INFO  execution-log -  Beginning LoadTestDataItemCommand ( CurrentPage : Insured Info, FlowIdentifier : 4, DiIndicator : DI )
----------------
2019-02-04 10:58:21,400 INFO  execution-log - [Sequence No - 29] Beginning TestDataCommand ( LogicalFieldName : InsuredName, LogicalFieldValue : Smith )
----------------
2019-02-04 10:58:23,333 INFO  execution-log - [Sequence No - 29]	 Command completed.
----------------
2019-02-04 10:58:23,344 INFO  execution-log - [Sequence No - 30] Beginning ActionCommand ( LogicalFieldName : Primary State Click, LogicalFieldValue : Click )
----------------
2019-02-04 10:58:23,512 INFO  execution-log - [Sequence No - 30]	 Command completed.
----------------
2019-02-04 10:58:23,523 INFO  execution-log - [Sequence No - 31] Beginning ActionCommand ( LogicalFieldName : PrimayState Select, LogicalFieldValue : Click )
----------------
2019-02-04 10:58:23,694 INFO  execution-log - [Sequence No - 31]	 Command completed.
----------------
2019-02-04 10:58:23,704 INFO  execution-log - [Sequence No - 32] Beginning TestDataCommand ( LogicalFieldName : Street Address, LogicalFieldValue : 123 new street )
----------------
2019-02-04 10:58:23,954 INFO  execution-log - [Sequence No - 32]	 Command completed.
----------------
2019-02-04 10:58:23,965 INFO  execution-log - [Sequence No - 33] Beginning TestDataCommand ( LogicalFieldName : Zip Code, LogicalFieldValue : 53704 )
----------------
2019-02-04 10:58:24,139 INFO  execution-log - [Sequence No - 33]	 Command completed.
----------------
2019-02-04 10:58:24,149 INFO  execution-log - [Sequence No - 34] Beginning ActionCommand ( LogicalFieldName : Same as Physical Address, LogicalFieldValue : Click )
----------------
2019-02-04 10:58:24,299 INFO  execution-log - [Sequence No - 34]	 Command completed.
----------------
2019-02-04 10:58:24,315 INFO  execution-log - [Sequence No - 35] Beginning TestDataCommand ( LogicalFieldName : SIC Code, LogicalFieldValue : 41510000-School buses )
----------------
2019-02-04 10:58:24,626 INFO  execution-log - [Sequence No - 35]	 Command completed.
----------------
2019-02-04 10:58:24,637 INFO  execution-log - [Sequence No - 36] Beginning TestDataCommand ( LogicalFieldName : BusinessInceptionYear, LogicalFieldValue : 2012 )
----------------
2019-02-04 10:58:24,764 INFO  execution-log - [Sequence No - 36]	 Command completed.
----------------
2019-02-04 10:58:24,779 INFO  execution-log - [Sequence No - 37] Beginning TestDataCommand ( LogicalFieldName : BusinessPhone, LogicalFieldValue : 6549879879 )
----------------
2019-02-04 10:58:26,066 INFO  execution-log - [Sequence No - 37]	 Command completed.
----------------
2019-02-04 10:58:26,077 INFO  execution-log - [Sequence No - 38] Beginning ActionCommand ( LogicalFieldName : Next, LogicalFieldValue : Click )
----------------
2019-02-04 10:58:26,213 INFO  execution-log - [Sequence No - 38]	 Command completed.
----------------
2019-02-04 10:58:26,220 INFO  execution-log - 	 Command completed.
----------------
2019-02-04 10:58:26,226 INFO  execution-log -  Beginning PageCommand ( CurrentPage : Policy Info, FlowIdentifier : 5, DiIndicator : DI )
----------------
2019-02-04 10:58:26,233 INFO  execution-log - 	 Command completed.
----------------
2019-02-04 10:58:26,243 INFO  execution-log -  Beginning LoadTestDataItemCommand ( CurrentPage : Policy Info, FlowIdentifier : 5, DiIndicator : DI )
----------------
2019-02-04 10:58:26,263 INFO  execution-log - [Sequence No - 39] Beginning ActionCommand ( LogicalFieldName : Which State do u operate In?, LogicalFieldValue : Click )
----------------
2019-02-04 10:58:27,397 INFO  execution-log - [Sequence No - 39]	 Command completed.
----------------
2019-02-04 10:58:27,409 INFO  execution-log - [Sequence No - 40] Beginning ActionCommand ( LogicalFieldName : Which State do u operate In?1, LogicalFieldValue : Click )
----------------
2019-02-04 10:58:40,045 ERROR execution-log - TC # : 1, Timed out after 10 seconds
----------------
2019-02-04 10:58:48,064 ERROR execution-log - TC # : 1, Timed out after 10 seconds
----------------
2019-02-04 10:58:48,071 ERROR execution-log - TC # : 1, No more iterations to run. Test execution will abort.
----------------
2019-02-04 10:58:48,076 ERROR execution-log - TC # : 1, Framework failed to run the test due to a test configuration error.
	VM.Platform.TestAutomationFramework.Core.Exceptions.WorkflowFailedException: Timed out after 10 seconds ---> OpenQA.Selenium.WebDriverTimeoutException: Timed out after 10 seconds ---> OpenQA.Selenium.InvalidSelectorException: invalid selector: Unable to locate an element with the xpath expression li:nth-child(1) input[value="CA"] because of the following error:
SyntaxError: Failed to execute 'evaluate' on 'Document': The string 'li:nth-child(1) input[value="CA"]' is not a valid XPath expression.
  (Session info: chrome=71.0.3578.98)
  (Driver info: chromedriver=2.45.615291 (ec3682e3c9061c10f26ea9e5cdcf3c53f3f74387),platform=Windows NT 10.0.16299 x86_64)
   at OpenQA.Selenium.Remote.RemoteWebDriver.UnpackAndThrowOnError(Response errorResponse)
   at OpenQA.Selenium.Remote.RemoteWebDriver.Execute(String driverCommandToExecute, Dictionary`2 parameters)
   at OpenQA.Selenium.Remote.RemoteWebDriver.FindElement(String mechanism, String value)
   at OpenQA.Selenium.Remote.RemoteWebDriver.FindElementByXPath(String xpath)
   at OpenQA.Selenium.By.<>c__DisplayClass19_0.<XPath>b__0(ISearchContext context)
   at OpenQA.Selenium.By.FindElement(ISearchContext context)
   at OpenQA.Selenium.Remote.RemoteWebDriver.FindElement(By by)
   at OpenQA.Selenium.Support.UI.ExpectedConditions.<>c__DisplayClass19_0.<ElementToBeClickable>b__0(IWebDriver driver)
   at OpenQA.Selenium.Support.UI.DefaultWait`1.Until[TResult](Func`2 condition)
   --- End of inner exception stack trace ---
   at OpenQA.Selenium.Support.UI.DefaultWait`1.ThrowTimeoutException(String exceptionMessage, Exception lastException)
   at OpenQA.Selenium.Support.UI.DefaultWait`1.Until[TResult](Func`2 condition)
   at VM.Platform.TestAutomationFramework.Adapters.Selenium.SeleniumAdapter.WaitForElementToBeClickable(ControlDefinition ctrlDefinition) in C:\Users\VMQApractice\Desktop\v4Dev_Updated\v4Dev_Updated\VMTestAutomation\Src\Framework.Adapters.Selenium\SeleniumAdapter.cs:line 713
   at VM.Platform.TestAutomationFramework.UIAutomation.Commands.Interactions.ActionCommand.Execute(TestRunContext context) in C:\Users\VMQApractice\Desktop\v4Dev_Updated\v4Dev_Updated\VMTestAutomation\Src\Framework.UIAutomation\Commands\Interactions\ActionCommand.cs:line 30
   --- End of inner exception stack trace ---
   at VM.Platform.TestAutomationFramework.UIAutomation.Commands.Interactions.ActionCommand.Execute(TestRunContext context) in C:\Users\VMQApractice\Desktop\v4Dev_Updated\v4Dev_Updated\VMTestAutomation\Src\Framework.UIAutomation\Commands\Interactions\ActionCommand.cs:line 42
   at VM.Platform.TestAutomationFramework.Core.Decorators.CommandDecorator.Execute(TestRunContext context) in C:\Users\VMQApractice\Desktop\v4Dev_Updated\v4Dev_Updated\VMTestAutomation\Src\Framework.Core\Decorators\CommandDecorator.cs:line 22
   at VM.Platform.TestAutomationFramework.Core.Decorators.CommandLogger.Execute(TestRunContext context) in C:\Users\VMQApractice\Desktop\v4Dev_Updated\v4Dev_Updated\VMTestAutomation\Src\Framework.Core\Decorators\CommandLogger.cs:line 93
   at VM.Platform.TestAutomationFramework.Core.Decorators.CommandDecorator.Execute(TestRunContext context) in C:\Users\VMQApractice\Desktop\v4Dev_Updated\v4Dev_Updated\VMTestAutomation\Src\Framework.Core\Decorators\CommandDecorator.cs:line 22
   at VM.Platform.TestAutomationFramework.Core.Decorators.CommandErrorHandler.Execute(TestRunContext context) in C:\Users\VMQApractice\Desktop\v4Dev_Updated\v4Dev_Updated\VMTestAutomation\Src\Framework.Core\Decorators\CommandErrorHandler.cs:line 65
   at VM.Platform.TestAutomationFramework.Core.Decorators.CommandDecorator.Execute(TestRunContext context) in C:\Users\VMQApractice\Desktop\v4Dev_Updated\v4Dev_Updated\VMTestAutomation\Src\Framework.Core\Decorators\CommandDecorator.cs:line 22
   at VM.Platform.TestAutomationFramework.Core.Decorators.CommandTimer.Execute(TestRunContext context) in C:\Users\VMQApractice\Desktop\v4Dev_Updated\v4Dev_Updated\VMTestAutomation\Src\Framework.Core\Decorators\CommandTimer.cs:line 26
   at VM.Platform.TestAutomationFramework.Core.Decorators.CommandDecorator.Execute(TestRunContext context) in C:\Users\VMQApractice\Desktop\v4Dev_Updated\v4Dev_Updated\VMTestAutomation\Src\Framework.Core\Decorators\CommandDecorator.cs:line 22
   at VM.Platform.TestAutomationFramework.Core.Decorators.IgnorePagesDecorator.Execute(TestRunContext context) in C:\Users\VMQApractice\Desktop\v4Dev_Updated\v4Dev_Updated\VMTestAutomation\Src\Framework.Core\Decorators\IgnorePagesDecorator.cs:line 24
   at VM.Platform.TestAutomationFramework.UIAutomation.Commands.Workflow.LoadTestDataItemCommand.Execute(TestRunContext context) in C:\Users\VMQApractice\Desktop\v4Dev_Updated\v4Dev_Updated\VMTestAutomation\Src\Framework.UIAutomation\Commands\Workflow\LoadTestDataItemCommand.cs:line 96
   at VM.Platform.TestAutomationFramework.Core.Decorators.CommandDecorator.Execute(TestRunContext context) in C:\Users\VMQApractice\Desktop\v4Dev_Updated\v4Dev_Updated\VMTestAutomation\Src\Framework.Core\Decorators\CommandDecorator.cs:line 22
   at VM.Platform.TestAutomationFramework.Core.Decorators.CommandLogger.Execute(TestRunContext context) in C:\Users\VMQApractice\Desktop\v4Dev_Updated\v4Dev_Updated\VMTestAutomation\Src\Framework.Core\Decorators\CommandLogger.cs:line 93
   at VM.Platform.TestAutomationFramework.Core.Decorators.CommandDecorator.Execute(TestRunContext context) in C:\Users\VMQApractice\Desktop\v4Dev_Updated\v4Dev_Updated\VMTestAutomation\Src\Framework.Core\Decorators\CommandDecorator.cs:line 22
   at VM.Platform.TestAutomationFramework.Core.Decorators.CommandErrorHandler.Execute(TestRunContext context) in C:\Users\VMQApractice\Desktop\v4Dev_Updated\v4Dev_Updated\VMTestAutomation\Src\Framework.Core\Decorators\CommandErrorHandler.cs:line 65
   at VM.Platform.TestAutomationFramework.Core.Decorators.CommandDecorator.Execute(TestRunContext context) in C:\Users\VMQApractice\Desktop\v4Dev_Updated\v4Dev_Updated\VMTestAutomation\Src\Framework.Core\Decorators\CommandDecorator.cs:line 22
   at VM.Platform.TestAutomationFramework.Core.Decorators.CommandTimer.Execute(TestRunContext context) in C:\Users\VMQApractice\Desktop\v4Dev_Updated\v4Dev_Updated\VMTestAutomation\Src\Framework.Core\Decorators\CommandTimer.cs:line 26
   at VM.Platform.TestAutomationFramework.Core.Decorators.CommandDecorator.Execute(TestRunContext context) in C:\Users\VMQApractice\Desktop\v4Dev_Updated\v4Dev_Updated\VMTestAutomation\Src\Framework.Core\Decorators\CommandDecorator.cs:line 22
   at VM.Platform.TestAutomationFramework.Core.Decorators.IgnorePagesDecorator.Execute(TestRunContext context) in C:\Users\VMQApractice\Desktop\v4Dev_Updated\v4Dev_Updated\VMTestAutomation\Src\Framework.Core\Decorators\IgnorePagesDecorator.cs:line 24
   at VM.Platform.TestAutomationFramework.Core.TestCommandRunner.Execute(TestRunContext testRunContext) in C:\Users\VMQApractice\Desktop\v4Dev_Updated\v4Dev_Updated\VMTestAutomation\Src\Framework.Core\TestCommandRunner.cs:line 75
   at VM.Platform.TestAutomationFramework.Core.SingleTestCaseRunner.ExecuteSingleTestCase(Int32 testCaseId, String targetEnvironment, String repositiory, Int32 Retry) in C:\Users\VMQApractice\Desktop\v4Dev_Updated\v4Dev_Updated\VMTestAutomation\Src\Framework.Core\SingleTestCaseRunner.cs:line 167
----------------
2019-02-04 10:58:48,095 INFO  execution-log - Saving captured values to file.
----------------
2019-02-04 10:58:48,104 ERROR execution-log - TC # : 1,  has failed
----------------
