2019-02-04 11:15:26,534 INFO  execution-log - 	Initializing control map with map # MASTER
----------------
2019-02-04 11:15:26,540 INFO  execution-log - Initializing Test Automation
----------------
2019-02-04 11:15:26,546 INFO  execution-log - 	target browser: Chrome
----------------
2019-02-04 11:15:26,549 INFO  execution-log - TC # : 1, Downloading test case from DB
----------------
2019-02-04 11:15:26,559 INFO  execution-log - TC # : 1, Getting test data from DB
----------------
2019-02-04 11:15:26,559 INFO  execution-log - TC # : 1, Getting control map :MASTER from DB
----------------
2019-02-04 11:15:26,574 INFO  execution-log - TC # : 1, Test data retrieval completed
----------------
2019-02-04 11:15:26,577 INFO  execution-log - TC # : 1, Control map retrieval completed
----------------
2019-02-04 11:15:26,583 INFO  execution-log - TC # : 1, Parsing commands
----------------
2019-02-04 11:15:26,587 INFO  execution-log - Loading captured values from persistence.
----------------
2019-02-04 11:15:26,592 INFO  execution-log - TC # : 1, Started executing test case in the VMTESTAPP1 environment (http://vam-qa.cloudapp.net:6363/pages/login.html)
----------------
2019-02-04 11:15:26,642 INFO  execution-log -  Beginning StartIterationCommand ( Iterations : 1 )
----------------
2019-02-04 11:15:26,652 INFO  execution-log - TC # : 1, Starting iteration #1
----------------
2019-02-04 11:15:26,658 INFO  execution-log - 	 Command completed.
----------------
2019-02-04 11:15:26,666 INFO  execution-log -  Beginning InvokeApplicationCommand ( Target :  )
----------------
2019-02-04 11:15:27,559 INFO  execution-log - 	 Command completed.
----------------
2019-02-04 11:15:27,565 INFO  execution-log -  Beginning PageCommand ( CurrentPage : Login, FlowIdentifier : 1, DiIndicator : DI )
----------------
2019-02-04 11:15:27,570 INFO  execution-log - 	 Command completed.
----------------
2019-02-04 11:15:27,574 INFO  execution-log -  Beginning LoadTestDataItemCommand ( CurrentPage : Login, FlowIdentifier : 1, DiIndicator : DI )
----------------
2019-02-04 11:15:27,589 INFO  execution-log - [Sequence No - 1] Beginning ValidateExistStatusCommand ( LogicalFieldName : User Name, LogicalFieldValue : True )
----------------
2019-02-04 11:15:27,610 INFO  execution-log - [Sequence No - 1]	 Command completed.
----------------
2019-02-04 11:15:27,618 INFO  execution-log - [Sequence No - 2] Beginning ActionCommand ( LogicalFieldName : User Name, LogicalFieldValue : Click )
----------------
2019-02-04 11:15:27,733 INFO  execution-log - [Sequence No - 2]	 Command completed.
----------------
2019-02-04 11:15:27,744 INFO  execution-log - [Sequence No - 3] Beginning TestDataCommand ( LogicalFieldName : User Name, LogicalFieldValue : Jack )
----------------
2019-02-04 11:15:27,833 INFO  execution-log - [Sequence No - 3]	 Command completed.
----------------
2019-02-04 11:15:27,842 INFO  execution-log - [Sequence No - 4] Beginning ValidateExistStatusCommand ( LogicalFieldName : Password, LogicalFieldValue : True )
----------------
2019-02-04 11:15:27,863 INFO  execution-log - [Sequence No - 4]	 Command completed.
----------------
2019-02-04 11:15:27,871 INFO  execution-log - [Sequence No - 5] Beginning TestDataCommand ( LogicalFieldName : Password, LogicalFieldValue : Smit@123 )
----------------
2019-02-04 11:15:27,998 INFO  execution-log - [Sequence No - 5]	 Command completed.
----------------
2019-02-04 11:15:28,011 INFO  execution-log - [Sequence No - 6] Beginning ValidateEnableStatusCommand ( LogicalFieldName : Login_Button, LogicalFieldValue : True )
----------------
2019-02-04 11:15:28,042 INFO  execution-log - [Sequence No - 6]	 Command completed.
----------------
2019-02-04 11:15:28,053 INFO  execution-log - [Sequence No - 7] Beginning ActionCommand ( LogicalFieldName : Login_Button, LogicalFieldValue : Click )
----------------
2019-02-04 11:15:28,155 INFO  execution-log - [Sequence No - 7]	 Command completed.
----------------
2019-02-04 11:15:28,162 INFO  execution-log - 	 Command completed.
----------------
2019-02-04 11:15:28,170 INFO  execution-log -  Beginning PageCommand ( CurrentPage : Home, FlowIdentifier : 2, DiIndicator : DI )
----------------
2019-02-04 11:15:28,174 INFO  execution-log - 	 Command completed.
----------------
2019-02-04 11:15:28,179 INFO  execution-log -  Beginning LoadTestDataItemCommand ( CurrentPage : Home, FlowIdentifier : 2, DiIndicator : DI )
----------------
2019-02-04 11:15:28,192 INFO  execution-log - [Sequence No - 8] Beginning ActionCommand ( LogicalFieldName : New Quote, LogicalFieldValue : Click )
----------------
2019-02-04 11:15:29,891 INFO  execution-log - [Sequence No - 8]	 Command completed.
----------------
2019-02-04 11:15:29,897 INFO  execution-log - 	 Command completed.
----------------
2019-02-04 11:15:29,924 INFO  execution-log -  Beginning PageCommand ( CurrentPage : New Quote, FlowIdentifier : 3, DiIndicator : DI )
----------------
2019-02-04 11:15:29,929 INFO  execution-log - 	 Command completed.
----------------
2019-02-04 11:15:29,935 INFO  execution-log -  Beginning LoadTestDataItemCommand ( CurrentPage : New Quote, FlowIdentifier : 3, DiIndicator : DI )
----------------
2019-02-04 11:15:29,951 INFO  execution-log - [Sequence No - 9] Beginning TestDataCommand ( LogicalFieldName : Account Name, LogicalFieldValue : RANDOMIZE(7,2) )
----------------
2019-02-04 11:15:30,217 INFO  execution-log - [Sequence No - 9]	 Command completed.
----------------
2019-02-04 11:15:30,227 INFO  execution-log - [Sequence No - 11] Beginning TestDataCommand ( LogicalFieldName : First Name, LogicalFieldValue : Jack )
----------------
2019-02-04 11:15:30,440 INFO  execution-log - [Sequence No - 11]	 Command completed.
----------------
2019-02-04 11:15:30,456 INFO  execution-log - [Sequence No - 12] Beginning TestDataCommand ( LogicalFieldName : Last Name, LogicalFieldValue : Smith )
----------------
2019-02-04 11:15:30,623 INFO  execution-log - [Sequence No - 12]	 Command completed.
----------------
2019-02-04 11:15:30,637 INFO  execution-log - [Sequence No - 13] Beginning TestDataCommand ( LogicalFieldName : ContactNumber1, LogicalFieldValue : 654 )
----------------
2019-02-04 11:15:30,776 INFO  execution-log - [Sequence No - 13]	 Command completed.
----------------
2019-02-04 11:15:30,788 INFO  execution-log - [Sequence No - 14] Beginning TestDataCommand ( LogicalFieldName : ContactNumber2, LogicalFieldValue : 321 )
----------------
2019-02-04 11:15:30,925 INFO  execution-log - [Sequence No - 14]	 Command completed.
----------------
2019-02-04 11:15:30,935 INFO  execution-log - [Sequence No - 15] Beginning TestDataCommand ( LogicalFieldName : ContactNumber3, LogicalFieldValue : 6541 )
----------------
2019-02-04 11:15:31,055 INFO  execution-log - [Sequence No - 15]	 Command completed.
----------------
2019-02-04 11:15:31,064 INFO  execution-log - [Sequence No - 16] Beginning TestDataCommand ( LogicalFieldName : Primary Email, LogicalFieldValue : jack.smith@gmail.com )
----------------
2019-02-04 11:15:31,425 INFO  execution-log - [Sequence No - 16]	 Command completed.
----------------
2019-02-04 11:15:31,438 INFO  execution-log - [Sequence No - 17] Beginning TestDataCommand ( LogicalFieldName : Business Started Year, LogicalFieldValue : 2012 )
----------------
2019-02-04 11:15:31,602 INFO  execution-log - [Sequence No - 17]	 Command completed.
----------------
2019-02-04 11:15:31,614 INFO  execution-log - [Sequence No - 18] Beginning ActionCommand ( LogicalFieldName : Select Product, LogicalFieldValue : Click )
----------------
2019-02-04 11:15:31,753 INFO  execution-log - [Sequence No - 18]	 Command completed.
----------------
2019-02-04 11:15:31,763 INFO  execution-log - [Sequence No - 19] Beginning ActionCommand ( LogicalFieldName : Select Product1, LogicalFieldValue : Click )
----------------
2019-02-04 11:15:31,927 INFO  execution-log - [Sequence No - 19]	 Command completed.
----------------
2019-02-04 11:15:31,938 INFO  execution-log - [Sequence No - 20] Beginning ActionCommand ( LogicalFieldName : Contact Name, LogicalFieldValue : Click )
----------------
2019-02-04 11:15:32,094 INFO  execution-log - [Sequence No - 20]	 Command completed.
----------------
2019-02-04 11:15:32,104 INFO  execution-log - [Sequence No - 21] Beginning ActionCommand ( LogicalFieldName : Contact Name Initial Select, LogicalFieldValue : Click )
----------------
2019-02-04 11:15:32,749 INFO  execution-log - [Sequence No - 21]	 Command completed.
----------------
2019-02-04 11:15:32,758 INFO  execution-log - [Sequence No - 22] Beginning ActionCommand ( LogicalFieldName : Industry, LogicalFieldValue : Click )
----------------
2019-02-04 11:15:32,949 INFO  execution-log - [Sequence No - 22]	 Command completed.
----------------
2019-02-04 11:15:32,959 INFO  execution-log - [Sequence No - 23] Beginning ActionCommand ( LogicalFieldName : Industry1, LogicalFieldValue : Click )
----------------
2019-02-04 11:15:33,091 INFO  execution-log - [Sequence No - 23]	 Command completed.
----------------
2019-02-04 11:15:33,106 INFO  execution-log - [Sequence No - 24] Beginning TestDataCommand ( LogicalFieldName : Zip Code, LogicalFieldValue : 53704 )
----------------
2019-02-04 11:15:33,278 INFO  execution-log - [Sequence No - 24]	 Command completed.
----------------
2019-02-04 11:15:33,290 INFO  execution-log - [Sequence No - 25] Beginning ActionCommand ( LogicalFieldName : zipcode click, LogicalFieldValue : Click )
----------------
2019-02-04 11:15:33,676 INFO  execution-log - [Sequence No - 25]	 Command completed.
----------------
2019-02-04 11:15:33,690 INFO  execution-log - [Sequence No - 26] Beginning TestDataCommand ( LogicalFieldName : Street Address, LogicalFieldValue : 123 BLUEJAY LN )
----------------
2019-02-04 11:15:33,973 INFO  execution-log - [Sequence No - 26]	 Command completed.
----------------
2019-02-04 11:15:33,983 INFO  execution-log - [Sequence No - 27] Beginning ActionCommand ( LogicalFieldName : Same as Physical Address, LogicalFieldValue : Click )
----------------
2019-02-04 11:15:34,103 INFO  execution-log - [Sequence No - 27]	 Command completed.
----------------
2019-02-04 11:15:34,114 INFO  execution-log - [Sequence No - 28] Beginning ActionCommand ( LogicalFieldName : Proceed, LogicalFieldValue : Click )
----------------
2019-02-04 11:15:34,259 INFO  execution-log - [Sequence No - 28]	 Command completed.
----------------
2019-02-04 11:15:34,270 INFO  execution-log - 	 Command completed.
----------------
2019-02-04 11:15:34,282 INFO  execution-log -  Beginning PageCommand ( CurrentPage : Insured Info, FlowIdentifier : 4, DiIndicator : DI )
----------------
2019-02-04 11:15:34,289 INFO  execution-log - 	 Command completed.
----------------
2019-02-04 11:15:34,296 INFO  execution-log -  Beginning LoadTestDataItemCommand ( CurrentPage : Insured Info, FlowIdentifier : 4, DiIndicator : DI )
----------------
2019-02-04 11:15:34,310 INFO  execution-log - [Sequence No - 29] Beginning TestDataCommand ( LogicalFieldName : InsuredName, LogicalFieldValue : Smith )
----------------
2019-02-04 11:15:36,525 INFO  execution-log - [Sequence No - 29]	 Command completed.
----------------
2019-02-04 11:15:36,537 INFO  execution-log - [Sequence No - 30] Beginning ActionCommand ( LogicalFieldName : Primary State Click, LogicalFieldValue : Click )
----------------
2019-02-04 11:15:36,692 INFO  execution-log - [Sequence No - 30]	 Command completed.
----------------
2019-02-04 11:15:36,703 INFO  execution-log - [Sequence No - 31] Beginning ActionCommand ( LogicalFieldName : PrimayState Select, LogicalFieldValue : Click )
----------------
2019-02-04 11:15:36,867 INFO  execution-log - [Sequence No - 31]	 Command completed.
----------------
2019-02-04 11:15:36,877 INFO  execution-log - [Sequence No - 32] Beginning TestDataCommand ( LogicalFieldName : Street Address, LogicalFieldValue : 123 new street )
----------------
2019-02-04 11:15:37,149 INFO  execution-log - [Sequence No - 32]	 Command completed.
----------------
2019-02-04 11:15:37,162 INFO  execution-log - [Sequence No - 33] Beginning TestDataCommand ( LogicalFieldName : Zip Code, LogicalFieldValue : 53704 )
----------------
2019-02-04 11:15:37,328 INFO  execution-log - [Sequence No - 33]	 Command completed.
----------------
2019-02-04 11:15:37,338 INFO  execution-log - [Sequence No - 34] Beginning ActionCommand ( LogicalFieldName : Same as Physical Address, LogicalFieldValue : Click )
----------------
2019-02-04 11:15:37,491 INFO  execution-log - [Sequence No - 34]	 Command completed.
----------------
2019-02-04 11:15:37,503 INFO  execution-log - [Sequence No - 35] Beginning TestDataCommand ( LogicalFieldName : SIC Code, LogicalFieldValue : 41510000-School buses )
----------------
2019-02-04 11:15:37,779 INFO  execution-log - [Sequence No - 35]	 Command completed.
----------------
2019-02-04 11:15:37,793 INFO  execution-log - [Sequence No - 36] Beginning TestDataCommand ( LogicalFieldName : BusinessInceptionYear, LogicalFieldValue : 2012 )
----------------
2019-02-04 11:15:37,921 INFO  execution-log - [Sequence No - 36]	 Command completed.
----------------
2019-02-04 11:15:37,932 INFO  execution-log - [Sequence No - 37] Beginning TestDataCommand ( LogicalFieldName : BusinessPhone, LogicalFieldValue : 6549879879 )
----------------
2019-02-04 11:15:39,192 INFO  execution-log - [Sequence No - 37]	 Command completed.
----------------
2019-02-04 11:15:39,203 INFO  execution-log - [Sequence No - 38] Beginning ActionCommand ( LogicalFieldName : Next, LogicalFieldValue : Click )
----------------
2019-02-04 11:15:39,328 INFO  execution-log - [Sequence No - 38]	 Command completed.
----------------
2019-02-04 11:15:39,336 INFO  execution-log - 	 Command completed.
----------------
2019-02-04 11:15:39,341 INFO  execution-log -  Beginning PageCommand ( CurrentPage : Policy Info, FlowIdentifier : 5, DiIndicator : DI )
----------------
2019-02-04 11:15:39,346 INFO  execution-log - 	 Command completed.
----------------
2019-02-04 11:15:39,352 INFO  execution-log -  Beginning LoadTestDataItemCommand ( CurrentPage : Policy Info, FlowIdentifier : 5, DiIndicator : DI )
----------------
2019-02-04 11:15:39,368 INFO  execution-log - [Sequence No - 39] Beginning ActionCommand ( LogicalFieldName : Which State do u operate In?, LogicalFieldValue : Click )
----------------
2019-02-04 11:15:40,642 INFO  execution-log - [Sequence No - 39]	 Command completed.
----------------
2019-02-04 11:15:40,654 INFO  execution-log - [Sequence No - 40] Beginning ActionCommand ( LogicalFieldName : Which State do u operate In?1, LogicalFieldValue : Click )
----------------
2019-02-04 11:15:41,359 INFO  execution-log - [Sequence No - 40]	 Command completed.
----------------
2019-02-04 11:15:41,370 INFO  execution-log - [Sequence No - 41] Beginning ActionCommand ( LogicalFieldName : Label Click, LogicalFieldValue : Click )
----------------
2019-02-04 11:15:41,504 INFO  execution-log - [Sequence No - 41]	 Command completed.
----------------
2019-02-04 11:15:41,515 INFO  execution-log - [Sequence No - 42] Beginning ActionCommand ( LogicalFieldName : Select Product, LogicalFieldValue : Click )
----------------
2019-02-04 11:15:54,240 ERROR execution-log - TC # : 1, Timed out after 10 seconds
----------------
2019-02-04 11:16:02,264 ERROR execution-log - TC # : 1, Timed out after 10 seconds
----------------
2019-02-04 11:16:02,271 ERROR execution-log - TC # : 1, No more iterations to run. Test execution will abort.
----------------
2019-02-04 11:16:02,277 ERROR execution-log - TC # : 1, Framework failed to run the test due to a test configuration error.
	VM.Platform.TestAutomationFramework.Core.Exceptions.WorkflowFailedException: Timed out after 10 seconds ---> OpenQA.Selenium.WebDriverTimeoutException: Timed out after 10 seconds
   at OpenQA.Selenium.Support.UI.DefaultWait`1.ThrowTimeoutException(String exceptionMessage, Exception lastException)
   at OpenQA.Selenium.Support.UI.DefaultWait`1.Until[TResult](Func`2 condition)
   at VM.Platform.TestAutomationFramework.Adapters.Selenium.SeleniumAdapter.WaitForElementToBeClickable(ControlDefinition ctrlDefinition) in C:\Users\VMQApractice\Desktop\v4Dev_Updated\v4Dev_Updated\VMTestAutomation\Src\Framework.Adapters.Selenium\SeleniumAdapter.cs:line 713
   at VM.Platform.TestAutomationFramework.UIAutomation.Commands.Interactions.ActionCommand.Execute(TestRunContext context) in C:\Users\VMQApractice\Desktop\v4Dev_Updated\v4Dev_Updated\VMTestAutomation\Src\Framework.UIAutomation\Commands\Interactions\ActionCommand.cs:line 30
   --- End of inner exception stack trace ---
   at VM.Platform.TestAutomationFramework.UIAutomation.Commands.Interactions.ActionCommand.Execute(TestRunContext context) in C:\Users\VMQApractice\Desktop\v4Dev_Updated\v4Dev_Updated\VMTestAutomation\Src\Framework.UIAutomation\Commands\Interactions\ActionCommand.cs:line 42
   at VM.Platform.TestAutomationFramework.Core.Decorators.CommandDecorator.Execute(TestRunContext context) in C:\Users\VMQApractice\Desktop\v4Dev_Updated\v4Dev_Updated\VMTestAutomation\Src\Framework.Core\Decorators\CommandDecorator.cs:line 22
   at VM.Platform.TestAutomationFramework.Core.Decorators.CommandLogger.Execute(TestRunContext context) in C:\Users\VMQApractice\Desktop\v4Dev_Updated\v4Dev_Updated\VMTestAutomation\Src\Framework.Core\Decorators\CommandLogger.cs:line 93
   at VM.Platform.TestAutomationFramework.Core.Decorators.CommandDecorator.Execute(TestRunContext context) in C:\Users\VMQApractice\Desktop\v4Dev_Updated\v4Dev_Updated\VMTestAutomation\Src\Framework.Core\Decorators\CommandDecorator.cs:line 22
   at VM.Platform.TestAutomationFramework.Core.Decorators.CommandErrorHandler.Execute(TestRunContext context) in C:\Users\VMQApractice\Desktop\v4Dev_Updated\v4Dev_Updated\VMTestAutomation\Src\Framework.Core\Decorators\CommandErrorHandler.cs:line 65
   at VM.Platform.TestAutomationFramework.Core.Decorators.CommandDecorator.Execute(TestRunContext context) in C:\Users\VMQApractice\Desktop\v4Dev_Updated\v4Dev_Updated\VMTestAutomation\Src\Framework.Core\Decorators\CommandDecorator.cs:line 22
   at VM.Platform.TestAutomationFramework.Core.Decorators.CommandTimer.Execute(TestRunContext context) in C:\Users\VMQApractice\Desktop\v4Dev_Updated\v4Dev_Updated\VMTestAutomation\Src\Framework.Core\Decorators\CommandTimer.cs:line 26
   at VM.Platform.TestAutomationFramework.Core.Decorators.CommandDecorator.Execute(TestRunContext context) in C:\Users\VMQApractice\Desktop\v4Dev_Updated\v4Dev_Updated\VMTestAutomation\Src\Framework.Core\Decorators\CommandDecorator.cs:line 22
   at VM.Platform.TestAutomationFramework.Core.Decorators.IgnorePagesDecorator.Execute(TestRunContext context) in C:\Users\VMQApractice\Desktop\v4Dev_Updated\v4Dev_Updated\VMTestAutomation\Src\Framework.Core\Decorators\IgnorePagesDecorator.cs:line 24
   at VM.Platform.TestAutomationFramework.UIAutomation.Commands.Workflow.LoadTestDataItemCommand.Execute(TestRunContext context) in C:\Users\VMQApractice\Desktop\v4Dev_Updated\v4Dev_Updated\VMTestAutomation\Src\Framework.UIAutomation\Commands\Workflow\LoadTestDataItemCommand.cs:line 96
   at VM.Platform.TestAutomationFramework.Core.Decorators.CommandDecorator.Execute(TestRunContext context) in C:\Users\VMQApractice\Desktop\v4Dev_Updated\v4Dev_Updated\VMTestAutomation\Src\Framework.Core\Decorators\CommandDecorator.cs:line 22
   at VM.Platform.TestAutomationFramework.Core.Decorators.CommandLogger.Execute(TestRunContext context) in C:\Users\VMQApractice\Desktop\v4Dev_Updated\v4Dev_Updated\VMTestAutomation\Src\Framework.Core\Decorators\CommandLogger.cs:line 93
   at VM.Platform.TestAutomationFramework.Core.Decorators.CommandDecorator.Execute(TestRunContext context) in C:\Users\VMQApractice\Desktop\v4Dev_Updated\v4Dev_Updated\VMTestAutomation\Src\Framework.Core\Decorators\CommandDecorator.cs:line 22
   at VM.Platform.TestAutomationFramework.Core.Decorators.CommandErrorHandler.Execute(TestRunContext context) in C:\Users\VMQApractice\Desktop\v4Dev_Updated\v4Dev_Updated\VMTestAutomation\Src\Framework.Core\Decorators\CommandErrorHandler.cs:line 65
   at VM.Platform.TestAutomationFramework.Core.Decorators.CommandDecorator.Execute(TestRunContext context) in C:\Users\VMQApractice\Desktop\v4Dev_Updated\v4Dev_Updated\VMTestAutomation\Src\Framework.Core\Decorators\CommandDecorator.cs:line 22
   at VM.Platform.TestAutomationFramework.Core.Decorators.CommandTimer.Execute(TestRunContext context) in C:\Users\VMQApractice\Desktop\v4Dev_Updated\v4Dev_Updated\VMTestAutomation\Src\Framework.Core\Decorators\CommandTimer.cs:line 26
   at VM.Platform.TestAutomationFramework.Core.Decorators.CommandDecorator.Execute(TestRunContext context) in C:\Users\VMQApractice\Desktop\v4Dev_Updated\v4Dev_Updated\VMTestAutomation\Src\Framework.Core\Decorators\CommandDecorator.cs:line 22
   at VM.Platform.TestAutomationFramework.Core.Decorators.IgnorePagesDecorator.Execute(TestRunContext context) in C:\Users\VMQApractice\Desktop\v4Dev_Updated\v4Dev_Updated\VMTestAutomation\Src\Framework.Core\Decorators\IgnorePagesDecorator.cs:line 24
   at VM.Platform.TestAutomationFramework.Core.TestCommandRunner.Execute(TestRunContext testRunContext) in C:\Users\VMQApractice\Desktop\v4Dev_Updated\v4Dev_Updated\VMTestAutomation\Src\Framework.Core\TestCommandRunner.cs:line 75
   at VM.Platform.TestAutomationFramework.Core.SingleTestCaseRunner.ExecuteSingleTestCase(Int32 testCaseId, String targetEnvironment, String repositiory, Int32 Retry) in C:\Users\VMQApractice\Desktop\v4Dev_Updated\v4Dev_Updated\VMTestAutomation\Src\Framework.Core\SingleTestCaseRunner.cs:line 167
----------------
2019-02-04 11:16:02,295 INFO  execution-log - Saving captured values to file.
----------------
2019-02-04 11:16:02,304 ERROR execution-log - TC # : 1,  has failed
----------------
