2019-02-18 02:17:30,974 INFO  execution-log - 	Initializing control map with map # MASTER
----------------
2019-02-18 02:17:31,053 INFO  execution-log - Initializing Test Automation
----------------
2019-02-18 02:17:31,067 INFO  execution-log - 	target browser: Chrome
----------------
2019-02-18 02:17:31,099 INFO  execution-log - TC # : 1, Downloading test case from DB
----------------
2019-02-18 02:17:31,317 INFO  execution-log - TC # : 1, Getting control map :MASTER from DB
----------------
2019-02-18 02:17:31,317 INFO  execution-log - TC # : 1, Getting test data from DB
----------------
2019-02-18 02:17:31,380 INFO  execution-log - TC # : 1, Control map retrieval completed
----------------
2019-02-18 02:17:31,529 INFO  execution-log - TC # : 1, Test data retrieval completed
----------------
2019-02-18 02:17:31,607 INFO  execution-log - TC # : 1, Parsing commands
----------------
2019-02-18 02:17:31,607 INFO  execution-log - Loading captured values from persistence.
----------------
2019-02-18 02:17:31,637 INFO  execution-log - TC # : 1, Started executing test case in the VMTESTAPP1 environment (http://vam-qa.cloudapp.net:6363/pages/login.html)
----------------
2019-02-18 02:17:31,759 INFO  execution-log -  Beginning StartIterationCommand ( Iterations : 1 )
----------------
2019-02-18 02:17:31,856 INFO  execution-log - TC # : 1, Starting iteration #1
----------------
2019-02-18 02:17:31,868 INFO  execution-log - 	 Command completed.
----------------
2019-02-18 02:17:31,883 INFO  execution-log -  Beginning InvokeApplicationCommand ( Target :  )
----------------
2019-02-18 02:17:33,049 INFO  execution-log - 	 Command completed.
----------------
2019-02-18 02:17:33,055 INFO  execution-log -  Beginning PageCommand ( CurrentPage : Login, FlowIdentifier : 1, DiIndicator : DI )
----------------
2019-02-18 02:17:33,067 INFO  execution-log - 	 Command completed.
----------------
2019-02-18 02:17:33,074 INFO  execution-log -  Beginning LoadTestDataItemCommand ( CurrentPage : Login, FlowIdentifier : 1, DiIndicator : DI )
----------------
2019-02-18 02:17:33,311 INFO  execution-log - [Sequence No - 1] Beginning ValidateExistStatusCommand ( LogicalFieldName : User Name, LogicalFieldValue : True )
----------------
2019-02-18 02:17:33,360 INFO  execution-log - [Sequence No - 1]	 Command completed.
----------------
2019-02-18 02:17:33,360 INFO  execution-log - [Sequence No - 2] Beginning ActionCommand ( LogicalFieldName : User Name, LogicalFieldValue : Click )
----------------
2019-02-18 02:17:33,554 INFO  execution-log - [Sequence No - 2]	 Command completed.
----------------
2019-02-18 02:17:33,564 INFO  execution-log - [Sequence No - 3] Beginning TestDataCommand ( LogicalFieldName : User Name, LogicalFieldValue : Jack )
----------------
2019-02-18 02:17:33,656 INFO  execution-log - [Sequence No - 3]	 Command completed.
----------------
2019-02-18 02:17:33,666 INFO  execution-log - [Sequence No - 4] Beginning ValidateExistStatusCommand ( LogicalFieldName : Password, LogicalFieldValue : True )
----------------
2019-02-18 02:17:33,684 INFO  execution-log - [Sequence No - 4]	 Command completed.
----------------
2019-02-18 02:17:33,693 INFO  execution-log - [Sequence No - 5] Beginning TestDataCommand ( LogicalFieldName : Password, LogicalFieldValue : Smit@123 )
----------------
2019-02-18 02:17:33,854 INFO  execution-log - [Sequence No - 5]	 Command completed.
----------------
2019-02-18 02:17:33,862 INFO  execution-log - [Sequence No - 6] Beginning ValidateEnableStatusCommand ( LogicalFieldName : Login_Button, LogicalFieldValue : True )
----------------
2019-02-18 02:17:33,893 INFO  execution-log - [Sequence No - 6]	 Command completed.
----------------
2019-02-18 02:17:33,925 INFO  execution-log - [Sequence No - 7] Beginning ActionCommand ( LogicalFieldName : Login_Button, LogicalFieldValue : Click )
----------------
2019-02-18 02:17:34,092 INFO  execution-log - [Sequence No - 7]	 Command completed.
----------------
2019-02-18 02:17:34,098 INFO  execution-log - 	 Command completed.
----------------
2019-02-18 02:17:34,102 INFO  execution-log -  Beginning PageCommand ( CurrentPage : Home, FlowIdentifier : 2, DiIndicator : DI )
----------------
2019-02-18 02:17:34,107 INFO  execution-log - 	 Command completed.
----------------
2019-02-18 02:17:34,111 INFO  execution-log -  Beginning LoadTestDataItemCommand ( CurrentPage : Home, FlowIdentifier : 2, DiIndicator : DI )
----------------
2019-02-18 02:17:34,135 INFO  execution-log - [Sequence No - 8] Beginning ValidateEnableStatusCommand ( LogicalFieldName : New Quote, LogicalFieldValue : True )
----------------
2019-02-18 02:17:36,324 INFO  execution-log - [Sequence No - 8]	 Command completed.
----------------
2019-02-18 02:17:36,420 INFO  execution-log - [Sequence No - 9] Beginning ActionCommand ( LogicalFieldName : New Quote, LogicalFieldValue : Click )
----------------
2019-02-18 02:17:43,294 INFO  execution-log - [Sequence No - 9]	 Command completed.
----------------
2019-02-18 02:17:43,299 INFO  execution-log - 	 Command completed.
----------------
2019-02-18 02:17:43,393 INFO  execution-log -  Beginning PageCommand ( CurrentPage : New Quote, FlowIdentifier : 3, DiIndicator : DI )
----------------
2019-02-18 02:17:43,619 INFO  execution-log - 	 Command completed.
----------------
2019-02-18 02:17:43,807 INFO  execution-log -  Beginning LoadTestDataItemCommand ( CurrentPage : New Quote, FlowIdentifier : 3, DiIndicator : DI )
----------------
2019-02-18 02:17:44,220 INFO  execution-log - [Sequence No - 10] Beginning ValidateExistStatusCommand ( LogicalFieldName : Account Name, LogicalFieldValue : True )
----------------
2019-02-18 02:17:45,656 INFO  execution-log - [Sequence No - 10]	 Command completed.
----------------
2019-02-18 02:17:45,766 INFO  execution-log - [Sequence No - 11] Beginning TestDataCommand ( LogicalFieldName : Account Name, LogicalFieldValue : RANDOMIZE(7,2) )
----------------
2019-02-18 02:17:53,103 INFO  execution-log - [Sequence No - 11]	 Command completed.
----------------
2019-02-18 02:17:53,112 INFO  execution-log - [Sequence No - 12] Beginning ValidateExistStatusCommand ( LogicalFieldName : First Name, LogicalFieldValue : True )
----------------
2019-02-18 02:17:53,133 INFO  execution-log - [Sequence No - 12]	 Command completed.
----------------
2019-02-18 02:17:53,141 INFO  execution-log - [Sequence No - 13] Beginning TestDataCommand ( LogicalFieldName : First Name, LogicalFieldValue : Jack )
----------------
2019-02-18 02:17:53,298 INFO  execution-log - [Sequence No - 13]	 Command completed.
----------------
2019-02-18 02:17:53,307 INFO  execution-log - [Sequence No - 14] Beginning ValidateEnableStatusCommand ( LogicalFieldName : Last Name, LogicalFieldValue : True )
----------------
2019-02-18 02:17:53,339 INFO  execution-log - [Sequence No - 14]	 Command completed.
----------------
2019-02-18 02:17:53,346 INFO  execution-log - [Sequence No - 15] Beginning TestDataCommand ( LogicalFieldName : Last Name, LogicalFieldValue : Smith )
----------------
2019-02-18 02:17:53,501 INFO  execution-log - [Sequence No - 15]	 Command completed.
----------------
2019-02-18 02:17:53,509 INFO  execution-log - [Sequence No - 16] Beginning ValidateExistStatusCommand ( LogicalFieldName : ContactNumber1, LogicalFieldValue : True )
----------------
2019-02-18 02:17:53,526 INFO  execution-log - [Sequence No - 16]	 Command completed.
----------------
2019-02-18 02:17:53,534 INFO  execution-log - [Sequence No - 17] Beginning TestDataCommand ( LogicalFieldName : ContactNumber1, LogicalFieldValue : 654 )
----------------
2019-02-18 02:17:53,655 INFO  execution-log - [Sequence No - 17]	 Command completed.
----------------
2019-02-18 02:17:53,667 INFO  execution-log - [Sequence No - 18] Beginning TestDataCommand ( LogicalFieldName : ContactNumber2, LogicalFieldValue : 321 )
----------------
2019-02-18 02:17:53,772 INFO  execution-log - [Sequence No - 18]	 Command completed.
----------------
2019-02-18 02:17:53,784 INFO  execution-log - [Sequence No - 19] Beginning TestDataCommand ( LogicalFieldName : ContactNumber3, LogicalFieldValue : 6541 )
----------------
2019-02-18 02:17:53,896 INFO  execution-log - [Sequence No - 19]	 Command completed.
----------------
2019-02-18 02:17:53,904 INFO  execution-log - [Sequence No - 20] Beginning ValidateExistStatusCommand ( LogicalFieldName : Primary Email, LogicalFieldValue : True )
----------------
2019-02-18 02:17:53,924 INFO  execution-log - [Sequence No - 20]	 Command completed.
----------------
2019-02-18 02:17:53,931 INFO  execution-log - [Sequence No - 21] Beginning TestDataCommand ( LogicalFieldName : Primary Email, LogicalFieldValue : jack.smith@gmail.com )
----------------
2019-02-18 02:17:54,254 INFO  execution-log - [Sequence No - 21]	 Command completed.
----------------
2019-02-18 02:17:54,265 INFO  execution-log - [Sequence No - 22] Beginning ValidateExistStatusCommand ( LogicalFieldName : Business Started Year, LogicalFieldValue : True )
----------------
2019-02-18 02:17:54,287 INFO  execution-log - [Sequence No - 22]	 Command completed.
----------------
2019-02-18 02:17:54,294 INFO  execution-log - [Sequence No - 23] Beginning TestDataCommand ( LogicalFieldName : Business Started Year, LogicalFieldValue : 2012 )
----------------
2019-02-18 02:17:54,413 INFO  execution-log - [Sequence No - 23]	 Command completed.
----------------
2019-02-18 02:17:54,422 INFO  execution-log - [Sequence No - 24] Beginning ValidateExistStatusCommand ( LogicalFieldName : Select Product, LogicalFieldValue : True )
----------------
2019-02-18 02:17:54,439 INFO  execution-log - [Sequence No - 24]	 Command completed.
----------------
2019-02-18 02:17:54,447 INFO  execution-log - [Sequence No - 25] Beginning ActionCommand ( LogicalFieldName : Select Product, LogicalFieldValue : Click )
----------------
2019-02-18 02:17:54,583 INFO  execution-log - [Sequence No - 25]	 Command completed.
----------------
2019-02-18 02:17:54,595 INFO  execution-log - [Sequence No - 26] Beginning ActionCommand ( LogicalFieldName : Select Product1, LogicalFieldValue : Click )
----------------
2019-02-18 02:17:54,729 INFO  execution-log - [Sequence No - 26]	 Command completed.
----------------
2019-02-18 02:17:54,738 INFO  execution-log - [Sequence No - 27] Beginning ValidateExistStatusCommand ( LogicalFieldName : Contact Name, LogicalFieldValue : True )
----------------
2019-02-18 02:17:54,761 INFO  execution-log - [Sequence No - 27]	 Command completed.
----------------
2019-02-18 02:17:54,769 INFO  execution-log - [Sequence No - 28] Beginning ActionCommand ( LogicalFieldName : Contact Name, LogicalFieldValue : Click )
----------------
2019-02-18 02:17:54,915 INFO  execution-log - [Sequence No - 28]	 Command completed.
----------------
2019-02-18 02:17:54,925 INFO  execution-log - [Sequence No - 29] Beginning ActionCommand ( LogicalFieldName : Contact Name Initial Select, LogicalFieldValue : Click )
----------------
2019-02-18 02:17:55,124 INFO  execution-log - [Sequence No - 29]	 Command completed.
----------------
2019-02-18 02:17:55,141 INFO  execution-log - [Sequence No - 30] Beginning ValidateExistStatusCommand ( LogicalFieldName : Industry, LogicalFieldValue : True )
----------------
2019-02-18 02:17:55,169 INFO  execution-log - [Sequence No - 30]	 Command completed.
----------------
2019-02-18 02:17:55,177 INFO  execution-log - [Sequence No - 31] Beginning ActionCommand ( LogicalFieldName : Industry, LogicalFieldValue : Click )
----------------
2019-02-18 02:17:55,416 INFO  execution-log - [Sequence No - 31]	 Command completed.
----------------
2019-02-18 02:17:55,425 INFO  execution-log - [Sequence No - 32] Beginning ActionCommand ( LogicalFieldName : Industry1, LogicalFieldValue : Click )
----------------
2019-02-18 02:17:55,642 INFO  execution-log - [Sequence No - 32]	 Command completed.
----------------
2019-02-18 02:17:55,654 INFO  execution-log - [Sequence No - 33] Beginning ValidateExistStatusCommand ( LogicalFieldName : Zip Code, LogicalFieldValue : True )
----------------
2019-02-18 02:17:55,679 INFO  execution-log - [Sequence No - 33]	 Command completed.
----------------
2019-02-18 02:17:55,685 INFO  execution-log - [Sequence No - 34] Beginning TestDataCommand ( LogicalFieldName : Zip Code, LogicalFieldValue : 53704 )
----------------
2019-02-18 02:17:55,820 INFO  execution-log - [Sequence No - 34]	 Command completed.
----------------
2019-02-18 02:17:55,829 INFO  execution-log - [Sequence No - 35] Beginning ActionCommand ( LogicalFieldName : zipcode click, LogicalFieldValue : Click )
----------------
2019-02-18 02:17:56,241 INFO  execution-log - [Sequence No - 35]	 Command completed.
----------------
2019-02-18 02:17:56,253 INFO  execution-log - [Sequence No - 36] Beginning ValidateExistStatusCommand ( LogicalFieldName : Street Address, LogicalFieldValue : True )
----------------
2019-02-18 02:17:56,277 INFO  execution-log - [Sequence No - 36]	 Command completed.
----------------
2019-02-18 02:17:56,285 INFO  execution-log - [Sequence No - 37] Beginning TestDataCommand ( LogicalFieldName : Street Address, LogicalFieldValue : 123 BLUEJAY LN )
----------------
2019-02-18 02:17:56,485 INFO  execution-log - [Sequence No - 37]	 Command completed.
----------------
2019-02-18 02:17:56,495 INFO  execution-log - [Sequence No - 38] Beginning ValidateExistStatusCommand ( LogicalFieldName : Same as Physical Address, LogicalFieldValue : True )
----------------
2019-02-18 02:17:56,514 INFO  execution-log - [Sequence No - 38]	 Command completed.
----------------
2019-02-18 02:17:56,522 INFO  execution-log - [Sequence No - 39] Beginning ActionCommand ( LogicalFieldName : Same as Physical Address, LogicalFieldValue : Click )
----------------
2019-02-18 02:17:56,632 INFO  execution-log - [Sequence No - 39]	 Command completed.
----------------
2019-02-18 02:17:56,641 INFO  execution-log - [Sequence No - 40] Beginning ValidateEnableStatusCommand ( LogicalFieldName : Proceed, LogicalFieldValue : True )
----------------
2019-02-18 02:17:56,674 INFO  execution-log - [Sequence No - 40]	 Command completed.
----------------
2019-02-18 02:17:56,685 INFO  execution-log - [Sequence No - 41] Beginning ActionCommand ( LogicalFieldName : Proceed, LogicalFieldValue : Click )
----------------
2019-02-18 02:17:56,811 INFO  execution-log - [Sequence No - 41]	 Command completed.
----------------
2019-02-18 02:17:56,816 INFO  execution-log - 	 Command completed.
----------------
2019-02-18 02:17:56,822 INFO  execution-log -  Beginning PageCommand ( CurrentPage : Insured Info, FlowIdentifier : 4, DiIndicator : DI )
----------------
2019-02-18 02:17:56,829 INFO  execution-log - 	 Command completed.
----------------
2019-02-18 02:17:56,835 INFO  execution-log -  Beginning LoadTestDataItemCommand ( CurrentPage : Insured Info, FlowIdentifier : 4, DiIndicator : DI )
----------------
2019-02-18 02:17:56,848 INFO  execution-log - [Sequence No - 42] Beginning ValidateEnableStatusCommand ( LogicalFieldName : InsuredName, LogicalFieldValue : True )
----------------
2019-02-18 02:17:58,804 INFO  execution-log - [Sequence No - 42]	 Command completed.
----------------
2019-02-18 02:17:58,813 INFO  execution-log - [Sequence No - 43] Beginning TestDataCommand ( LogicalFieldName : InsuredName, LogicalFieldValue : Smith )
----------------
2019-02-18 02:17:58,929 INFO  execution-log - [Sequence No - 43]	 Command completed.
----------------
2019-02-18 02:17:58,937 INFO  execution-log - [Sequence No - 44] Beginning ValidateEnableStatusCommand ( LogicalFieldName : Primary State Click, LogicalFieldValue : True )
----------------
2019-02-18 02:17:58,967 INFO  execution-log - [Sequence No - 44]	 Command completed.
----------------
2019-02-18 02:17:58,974 INFO  execution-log - [Sequence No - 45] Beginning ActionCommand ( LogicalFieldName : Primary State Click, LogicalFieldValue : Click )
----------------
2019-02-18 02:17:59,103 INFO  execution-log - [Sequence No - 45]	 Command completed.
----------------
2019-02-18 02:17:59,114 INFO  execution-log - [Sequence No - 46] Beginning ActionCommand ( LogicalFieldName : PrimayState Select, LogicalFieldValue : Click )
----------------
2019-02-18 02:18:01,790 INFO  execution-log - [Sequence No - 46]	 Command completed.
----------------
2019-02-18 02:18:01,809 INFO  execution-log - [Sequence No - 47] Beginning ValidateExistStatusCommand ( LogicalFieldName : Street Address, LogicalFieldValue : True )
----------------
2019-02-18 02:18:01,841 INFO  execution-log - [Sequence No - 47]	 Command completed.
----------------
2019-02-18 02:18:01,858 INFO  execution-log - [Sequence No - 48] Beginning TestDataCommand ( LogicalFieldName : Street Address, LogicalFieldValue : 123 new street )
----------------
2019-02-18 02:18:02,490 INFO  execution-log - [Sequence No - 48]	 Command completed.
----------------
2019-02-18 02:18:02,499 INFO  execution-log - [Sequence No - 49] Beginning ValidateExistStatusCommand ( LogicalFieldName : Zip Code, LogicalFieldValue : True )
----------------
2019-02-18 02:18:02,609 INFO  execution-log - [Sequence No - 49]	 Command completed.
----------------
2019-02-18 02:18:02,618 INFO  execution-log - [Sequence No - 50] Beginning TestDataCommand ( LogicalFieldName : Zip Code, LogicalFieldValue : 53704 )
----------------
2019-02-18 02:18:03,012 INFO  execution-log - [Sequence No - 50]	 Command completed.
----------------
2019-02-18 02:18:03,021 INFO  execution-log - [Sequence No - 51] Beginning ValidateExistStatusCommand ( LogicalFieldName : Same as Physical Address, LogicalFieldValue : True )
----------------
2019-02-18 02:18:03,039 INFO  execution-log - [Sequence No - 51]	 Command completed.
----------------
2019-02-18 02:18:03,049 INFO  execution-log - [Sequence No - 52] Beginning ActionCommand ( LogicalFieldName : Same as Physical Address, LogicalFieldValue : Click )
----------------
2019-02-18 02:18:03,402 INFO  execution-log - [Sequence No - 52]	 Command completed.
----------------
2019-02-18 02:18:03,412 INFO  execution-log - [Sequence No - 53] Beginning ValidateExistStatusCommand ( LogicalFieldName : SIC Code, LogicalFieldValue : True )
----------------
2019-02-18 02:18:03,434 INFO  execution-log - [Sequence No - 53]	 Command completed.
----------------
2019-02-18 02:18:03,443 INFO  execution-log - [Sequence No - 54] Beginning TestDataCommand ( LogicalFieldName : SIC Code, LogicalFieldValue : 41510000-School buses )
----------------
2019-02-18 02:18:03,930 INFO  execution-log - [Sequence No - 54]	 Command completed.
----------------
2019-02-18 02:18:03,942 INFO  execution-log - [Sequence No - 55] Beginning ValidateExistStatusCommand ( LogicalFieldName : BusinessInceptionYear, LogicalFieldValue : True )
----------------
2019-02-18 02:18:03,960 INFO  execution-log - [Sequence No - 55]	 Command completed.
----------------
2019-02-18 02:18:03,964 INFO  execution-log - [Sequence No - 56] Beginning TestDataCommand ( LogicalFieldName : BusinessInceptionYear, LogicalFieldValue : 2012 )
----------------
2019-02-18 02:18:04,149 INFO  execution-log - [Sequence No - 56]	 Command completed.
----------------
2019-02-18 02:18:04,164 INFO  execution-log - [Sequence No - 57] Beginning ValidateExistStatusCommand ( LogicalFieldName : BusinessPhone, LogicalFieldValue : True )
----------------
2019-02-18 02:18:04,190 INFO  execution-log - [Sequence No - 57]	 Command completed.
----------------
2019-02-18 02:18:04,202 INFO  execution-log - [Sequence No - 58] Beginning TestDataCommand ( LogicalFieldName : BusinessPhone, LogicalFieldValue : 6549879879 )
----------------
2019-02-18 02:18:05,467 INFO  execution-log - [Sequence No - 58]	 Command completed.
----------------
2019-02-18 02:18:05,479 INFO  execution-log - [Sequence No - 59] Beginning ValidateEnableStatusCommand ( LogicalFieldName : Next, LogicalFieldValue : True )
----------------
2019-02-18 02:18:05,511 INFO  execution-log - [Sequence No - 59]	 Command completed.
----------------
2019-02-18 02:18:05,519 INFO  execution-log - [Sequence No - 60] Beginning ActionCommand ( LogicalFieldName : Next, LogicalFieldValue : Click )
----------------
2019-02-18 02:18:05,641 INFO  execution-log - [Sequence No - 60]	 Command completed.
----------------
2019-02-18 02:18:05,651 INFO  execution-log - 	 Command completed.
----------------
2019-02-18 02:18:05,656 INFO  execution-log -  Beginning PageCommand ( CurrentPage : Policy Info, FlowIdentifier : 5, DiIndicator : DI )
----------------
2019-02-18 02:18:05,661 INFO  execution-log - 	 Command completed.
----------------
2019-02-18 02:18:05,668 INFO  execution-log -  Beginning LoadTestDataItemCommand ( CurrentPage : Policy Info, FlowIdentifier : 5, DiIndicator : DI )
----------------
2019-02-18 02:18:05,677 INFO  execution-log - [Sequence No - 61] Beginning ValidateEnableStatusCommand ( LogicalFieldName : Which State do u operate In?, LogicalFieldValue : True )
----------------
2019-02-18 02:18:08,528 INFO  execution-log - [Sequence No - 61]	 Command completed.
----------------
2019-02-18 02:18:08,587 INFO  execution-log - [Sequence No - 62] Beginning ActionCommand ( LogicalFieldName : Which State do u operate In?, LogicalFieldValue : Click )
----------------
2019-02-18 02:18:08,805 INFO  execution-log - [Sequence No - 62]	 Command completed.
----------------
2019-02-18 02:18:08,816 INFO  execution-log - [Sequence No - 63] Beginning ActionCommand ( LogicalFieldName : Which State do u operate In?1, LogicalFieldValue : Click )
----------------
2019-02-18 02:18:21,331 ERROR execution-log - TC # : 1, Timed out after 10 seconds
----------------
2019-02-18 02:18:29,612 ERROR execution-log - TC # : 1, Timed out after 10 seconds
----------------
2019-02-18 02:18:29,612 ERROR execution-log - TC # : 1, No more iterations to run. Test execution will abort.
----------------
2019-02-18 02:18:29,628 ERROR execution-log - TC # : 1, Framework failed to run the test due to a test configuration error.
	VM.Platform.TestAutomationFramework.Core.Exceptions.WorkflowFailedException: Timed out after 10 seconds ---> OpenQA.Selenium.WebDriverTimeoutException: Timed out after 10 seconds ---> OpenQA.Selenium.NoSuchElementException: no such element: Unable to locate element: {"method":"xpath","selector":"/html/body/div[14]/div/ul/li[1]/input"}
  (Session info: chrome=72.0.3626.109)
  (Driver info: chromedriver=2.45.615291 (ec3682e3c9061c10f26ea9e5cdcf3c53f3f74387),platform=Windows NT 10.0.16299 x86_64)
   at OpenQA.Selenium.Remote.RemoteWebDriver.UnpackAndThrowOnError(Response errorResponse)
   at OpenQA.Selenium.Remote.RemoteWebDriver.Execute(String driverCommandToExecute, Dictionary`2 parameters)
   at OpenQA.Selenium.Remote.RemoteWebDriver.FindElement(String mechanism, String value)
   at OpenQA.Selenium.Remote.RemoteWebDriver.FindElementByXPath(String xpath)
   at OpenQA.Selenium.By.<>c__DisplayClass19_0.<XPath>b__0(ISearchContext context)
   at OpenQA.Selenium.By.FindElement(ISearchContext context)
   at OpenQA.Selenium.Remote.RemoteWebDriver.FindElement(By by)
   at OpenQA.Selenium.Support.UI.ExpectedConditions.<>c__DisplayClass19_0.<ElementToBeClickable>b__0(IWebDriver driver)
   at OpenQA.Selenium.Support.UI.DefaultWait`1.Until[TResult](Func`2 condition)
   --- End of inner exception stack trace ---
   at OpenQA.Selenium.Support.UI.DefaultWait`1.ThrowTimeoutException(String exceptionMessage, Exception lastException)
   at OpenQA.Selenium.Support.UI.DefaultWait`1.Until[TResult](Func`2 condition)
   at VM.Platform.TestAutomationFramework.Adapters.Selenium.SeleniumAdapter.WaitForElementToBeClickable(ControlDefinition ctrlDefinition) in C:\Users\VMQApractice\Desktop\v4Dev_Updated\v4Dev_Updated\VMTestAutomation\Src\Framework.Adapters.Selenium\SeleniumAdapter.cs:line 713
   at VM.Platform.TestAutomationFramework.UIAutomation.Commands.Interactions.ActionCommand.Execute(TestRunContext context) in C:\Users\VMQApractice\Desktop\v4Dev_Updated\v4Dev_Updated\VMTestAutomation\Src\Framework.UIAutomation\Commands\Interactions\ActionCommand.cs:line 30
   --- End of inner exception stack trace ---
   at VM.Platform.TestAutomationFramework.UIAutomation.Commands.Interactions.ActionCommand.Execute(TestRunContext context) in C:\Users\VMQApractice\Desktop\v4Dev_Updated\v4Dev_Updated\VMTestAutomation\Src\Framework.UIAutomation\Commands\Interactions\ActionCommand.cs:line 42
   at VM.Platform.TestAutomationFramework.Core.Decorators.CommandDecorator.Execute(TestRunContext context) in C:\Users\VMQApractice\Desktop\v4Dev_Updated\v4Dev_Updated\VMTestAutomation\Src\Framework.Core\Decorators\CommandDecorator.cs:line 22
   at VM.Platform.TestAutomationFramework.Core.Decorators.CommandLogger.Execute(TestRunContext context) in C:\Users\VMQApractice\Desktop\v4Dev_Updated\v4Dev_Updated\VMTestAutomation\Src\Framework.Core\Decorators\CommandLogger.cs:line 93
   at VM.Platform.TestAutomationFramework.Core.Decorators.CommandDecorator.Execute(TestRunContext context) in C:\Users\VMQApractice\Desktop\v4Dev_Updated\v4Dev_Updated\VMTestAutomation\Src\Framework.Core\Decorators\CommandDecorator.cs:line 22
   at VM.Platform.TestAutomationFramework.Core.Decorators.CommandErrorHandler.Execute(TestRunContext context) in C:\Users\VMQApractice\Desktop\v4Dev_Updated\v4Dev_Updated\VMTestAutomation\Src\Framework.Core\Decorators\CommandErrorHandler.cs:line 65
   at VM.Platform.TestAutomationFramework.Core.Decorators.CommandDecorator.Execute(TestRunContext context) in C:\Users\VMQApractice\Desktop\v4Dev_Updated\v4Dev_Updated\VMTestAutomation\Src\Framework.Core\Decorators\CommandDecorator.cs:line 22
   at VM.Platform.TestAutomationFramework.Core.Decorators.CommandTimer.Execute(TestRunContext context) in C:\Users\VMQApractice\Desktop\v4Dev_Updated\v4Dev_Updated\VMTestAutomation\Src\Framework.Core\Decorators\CommandTimer.cs:line 26
   at VM.Platform.TestAutomationFramework.Core.Decorators.CommandDecorator.Execute(TestRunContext context) in C:\Users\VMQApractice\Desktop\v4Dev_Updated\v4Dev_Updated\VMTestAutomation\Src\Framework.Core\Decorators\CommandDecorator.cs:line 22
   at VM.Platform.TestAutomationFramework.Core.Decorators.IgnorePagesDecorator.Execute(TestRunContext context) in C:\Users\VMQApractice\Desktop\v4Dev_Updated\v4Dev_Updated\VMTestAutomation\Src\Framework.Core\Decorators\IgnorePagesDecorator.cs:line 24
   at VM.Platform.TestAutomationFramework.UIAutomation.Commands.Workflow.LoadTestDataItemCommand.Execute(TestRunContext context) in C:\Users\VMQApractice\Desktop\v4Dev_Updated\v4Dev_Updated\VMTestAutomation\Src\Framework.UIAutomation\Commands\Workflow\LoadTestDataItemCommand.cs:line 96
   at VM.Platform.TestAutomationFramework.Core.Decorators.CommandDecorator.Execute(TestRunContext context) in C:\Users\VMQApractice\Desktop\v4Dev_Updated\v4Dev_Updated\VMTestAutomation\Src\Framework.Core\Decorators\CommandDecorator.cs:line 22
   at VM.Platform.TestAutomationFramework.Core.Decorators.CommandLogger.Execute(TestRunContext context) in C:\Users\VMQApractice\Desktop\v4Dev_Updated\v4Dev_Updated\VMTestAutomation\Src\Framework.Core\Decorators\CommandLogger.cs:line 93
   at VM.Platform.TestAutomationFramework.Core.Decorators.CommandDecorator.Execute(TestRunContext context) in C:\Users\VMQApractice\Desktop\v4Dev_Updated\v4Dev_Updated\VMTestAutomation\Src\Framework.Core\Decorators\CommandDecorator.cs:line 22
   at VM.Platform.TestAutomationFramework.Core.Decorators.CommandErrorHandler.Execute(TestRunContext context) in C:\Users\VMQApractice\Desktop\v4Dev_Updated\v4Dev_Updated\VMTestAutomation\Src\Framework.Core\Decorators\CommandErrorHandler.cs:line 65
   at VM.Platform.TestAutomationFramework.Core.Decorators.CommandDecorator.Execute(TestRunContext context) in C:\Users\VMQApractice\Desktop\v4Dev_Updated\v4Dev_Updated\VMTestAutomation\Src\Framework.Core\Decorators\CommandDecorator.cs:line 22
   at VM.Platform.TestAutomationFramework.Core.Decorators.CommandTimer.Execute(TestRunContext context) in C:\Users\VMQApractice\Desktop\v4Dev_Updated\v4Dev_Updated\VMTestAutomation\Src\Framework.Core\Decorators\CommandTimer.cs:line 26
   at VM.Platform.TestAutomationFramework.Core.Decorators.CommandDecorator.Execute(TestRunContext context) in C:\Users\VMQApractice\Desktop\v4Dev_Updated\v4Dev_Updated\VMTestAutomation\Src\Framework.Core\Decorators\CommandDecorator.cs:line 22
   at VM.Platform.TestAutomationFramework.Core.Decorators.IgnorePagesDecorator.Execute(TestRunContext context) in C:\Users\VMQApractice\Desktop\v4Dev_Updated\v4Dev_Updated\VMTestAutomation\Src\Framework.Core\Decorators\IgnorePagesDecorator.cs:line 24
   at VM.Platform.TestAutomationFramework.Core.TestCommandRunner.Execute(TestRunContext testRunContext) in C:\Users\VMQApractice\Desktop\v4Dev_Updated\v4Dev_Updated\VMTestAutomation\Src\Framework.Core\TestCommandRunner.cs:line 75
   at VM.Platform.TestAutomationFramework.Core.SingleTestCaseRunner.ExecuteSingleTestCase(Int32 testCaseId, String targetEnvironment, String repositiory, Int32 Retry) in C:\Users\VMQApractice\Desktop\v4Dev_Updated\v4Dev_Updated\VMTestAutomation\Src\Framework.Core\SingleTestCaseRunner.cs:line 167
----------------
2019-02-18 02:18:29,643 INFO  execution-log - Saving captured values to file.
----------------
2019-02-18 02:18:29,675 ERROR execution-log - TC # : 1,  has failed
----------------
