2018-11-09 07:22:34,400 INFO  execution-log - 	Initializing control map with map # Master
----------------
2018-11-09 07:22:34,402 INFO  execution-log - Initializing Test Automation
----------------
2018-11-09 07:22:34,402 INFO  execution-log - 	target browser: Chrome
----------------
2018-11-09 07:22:34,403 INFO  execution-log - TC # : 2, Downloading test case from DB
----------------
2018-11-09 07:22:34,410 INFO  execution-log - TC # : 2, Getting control map :Master from DB
----------------
2018-11-09 07:22:34,411 INFO  execution-log - TC # : 2, Getting test data from DB
----------------
2018-11-09 07:22:34,436 INFO  execution-log - TC # : 2, Control map retrieval completed
----------------
2018-11-09 07:22:34,442 INFO  execution-log - TC # : 2, Test data retrieval completed
----------------
2018-11-09 07:22:34,443 INFO  execution-log - TC # : 2, Parsing commands
----------------
2018-11-09 07:22:34,446 INFO  execution-log - Loading captured values from persistence.
----------------
2018-11-09 07:22:34,449 INFO  execution-log - TC # : 2, Started executing test case in the HISCOX environment (http://hiscpvt.cloud.hiscox.com/oneshield/index.jsp#gateway)
----------------
2018-11-09 07:22:34,508 INFO  execution-log -  Beginning StartIterationCommand ( Iterations : 1 )
----------------
2018-11-09 07:22:34,509 INFO  execution-log - TC # : 2, Starting iteration #1
----------------
2018-11-09 07:22:34,510 INFO  execution-log - 	 Command completed.
----------------
2018-11-09 07:22:34,511 INFO  execution-log -  Beginning InvokeApplicationCommand ( Target :  )
----------------
2018-11-09 07:22:35,663 INFO  execution-log - 	 Command completed.
----------------
2018-11-09 07:22:35,664 INFO  execution-log -  Beginning PageCommand ( CurrentPage : Login, FlowIdentifier : 1, DiIndicator : DI )
----------------
2018-11-09 07:22:35,665 INFO  execution-log - 	 Command completed.
----------------
2018-11-09 07:22:35,666 INFO  execution-log -  Beginning LoadTestDataItemCommand ( CurrentPage : Login, FlowIdentifier : 1, DiIndicator : DI )
----------------
2018-11-09 07:22:35,675 INFO  execution-log - [Sequence No - 1] Beginning TestDataCommand ( LogicalFieldName : Partner Number, LogicalFieldValue : 0 )
----------------
2018-11-09 07:22:36,842 INFO  execution-log - [Sequence No - 1]	 Command completed.
----------------
2018-11-09 07:22:36,848 INFO  execution-log - [Sequence No - 2] Beginning TestDataCommand ( LogicalFieldName : Username, LogicalFieldValue : karthicuw )
----------------
2018-11-09 07:22:38,177 INFO  execution-log - [Sequence No - 2]	 Command completed.
----------------
2018-11-09 07:22:38,182 INFO  execution-log - [Sequence No - 3] Beginning TestDataCommand ( LogicalFieldName : Password, LogicalFieldValue : Monday!23 )
----------------
2018-11-09 07:22:38,350 INFO  execution-log - [Sequence No - 3]	 Command completed.
----------------
2018-11-09 07:22:38,356 INFO  execution-log - [Sequence No - 4] Beginning TestDataCommand ( LogicalFieldName : Partner Number, LogicalFieldValue : 0 )
----------------
2018-11-09 07:22:38,453 INFO  execution-log - [Sequence No - 4]	 Command completed.
----------------
2018-11-09 07:22:38,457 INFO  execution-log - [Sequence No - 5] Beginning ActionCommand ( LogicalFieldName : Login Page, LogicalFieldValue : Click )
----------------
2018-11-09 07:22:38,619 INFO  execution-log - [Sequence No - 5]	 Command completed.
----------------
2018-11-09 07:22:38,623 INFO  execution-log - [Sequence No - 6] Beginning ActionCommand ( LogicalFieldName : Login Button, LogicalFieldValue : Click )
----------------
2018-11-09 07:22:38,843 INFO  execution-log - [Sequence No - 6]	 Command completed.
----------------
2018-11-09 07:22:38,847 INFO  execution-log - [Sequence No - 7] Beginning TestDataCommand ( LogicalFieldName : Partner Number, LogicalFieldValue : 0 )
----------------
2018-11-09 07:22:38,959 INFO  execution-log - [Sequence No - 7]	 Command completed.
----------------
2018-11-09 07:22:38,960 INFO  execution-log - 	 Command completed.
----------------
2018-11-09 07:22:38,961 INFO  execution-log -  Beginning PageCommand ( CurrentPage : Quotes, FlowIdentifier : 1, DiIndicator : DI )
----------------
2018-11-09 07:22:38,962 INFO  execution-log - 	 Command completed.
----------------
2018-11-09 07:22:38,963 INFO  execution-log -  Beginning LoadTestDataItemCommand ( CurrentPage : Quotes, FlowIdentifier : 1, DiIndicator : DI )
----------------
2018-11-09 07:22:38,969 INFO  execution-log - [Sequence No - 8] Beginning WaitForControlCommand ( LogicalFieldName : Quotes_Link, LogicalFieldValue : True )
----------------
2018-11-09 07:22:39,827 INFO  execution-log - [Sequence No - 8]	 Command completed.
----------------
2018-11-09 07:22:39,831 INFO  execution-log - [Sequence No - 9] Beginning ActionCommand ( LogicalFieldName : Quotes_Link, LogicalFieldValue : Click )
----------------
2018-11-09 07:22:40,150 INFO  execution-log - [Sequence No - 9]	 Command completed.
----------------
2018-11-09 07:22:40,156 INFO  execution-log - [Sequence No - 10] Beginning WaitForControlCommand ( LogicalFieldName : New quote, LogicalFieldValue : True )
----------------
2018-11-09 07:22:42,189 INFO  execution-log - [Sequence No - 10]	 Command completed.
----------------
2018-11-09 07:22:42,198 INFO  execution-log - [Sequence No - 11] Beginning ActionCommand ( LogicalFieldName : New quote, LogicalFieldValue : Click )
----------------
2018-11-09 07:22:42,385 INFO  execution-log - [Sequence No - 11]	 Command completed.
----------------
2018-11-09 07:22:42,390 INFO  execution-log - [Sequence No - 12] Beginning ActionCommand ( LogicalFieldName : Select Producing Agency, LogicalFieldValue : Click-Wait(500) )
----------------
2018-11-09 07:22:43,811 INFO  execution-log - [Sequence No - 12]	 Command completed.
----------------
2018-11-09 07:22:43,818 INFO  execution-log - [Sequence No - 13] Beginning ActionCommand ( LogicalFieldName : Select Agency, LogicalFieldValue : Click )
----------------
2018-11-09 07:22:44,003 INFO  execution-log - [Sequence No - 13]	 Command completed.
----------------
2018-11-09 07:22:44,009 INFO  execution-log - [Sequence No - 14] Beginning WaitForControlCommand ( LogicalFieldName : Producer, LogicalFieldValue : True )
----------------
2018-11-09 07:22:45,581 INFO  execution-log - [Sequence No - 14]	 Command completed.
----------------
2018-11-09 07:22:45,587 INFO  execution-log - [Sequence No - 15] Beginning ActionCommand ( LogicalFieldName : Producer, LogicalFieldValue : Click-Wait(500) )
----------------
2018-11-09 07:22:46,742 INFO  execution-log - [Sequence No - 15]	 Command completed.
----------------
2018-11-09 07:22:46,757 INFO  execution-log - [Sequence No - 16] Beginning TestDataCommand ( LogicalFieldName : Producer, LogicalFieldValue : Agency  Producer )
----------------
2018-11-09 07:22:47,504 INFO  execution-log - [Sequence No - 16]	 Command completed.
----------------
2018-11-09 07:22:47,508 INFO  execution-log - [Sequence No - 17] Beginning TestDataCommand ( LogicalFieldName : First Name, LogicalFieldValue : HISCOX )
----------------
2018-11-09 07:22:47,751 INFO  execution-log - [Sequence No - 17]	 Command completed.
----------------
2018-11-09 07:22:47,756 INFO  execution-log - [Sequence No - 18] Beginning TestDataCommand ( LogicalFieldName : Last Name, LogicalFieldValue : Demo )
----------------
2018-11-09 07:22:47,947 INFO  execution-log - [Sequence No - 18]	 Command completed.
----------------
2018-11-09 07:22:47,952 INFO  execution-log - [Sequence No - 19] Beginning TestDataCommand ( LogicalFieldName : City, LogicalFieldValue : Atlanta )
----------------
2018-11-09 07:22:48,219 INFO  execution-log - [Sequence No - 19]	 Command completed.
----------------
2018-11-09 07:22:48,224 INFO  execution-log - [Sequence No - 20] Beginning TestDataCommand ( LogicalFieldName : State, LogicalFieldValue : Georgia )
----------------
2018-11-09 07:22:48,600 INFO  execution-log - [Sequence No - 20]	 Command completed.
----------------
2018-11-09 07:22:48,604 INFO  execution-log - [Sequence No - 21] Beginning TestDataCommand ( LogicalFieldName : Zip, LogicalFieldValue : 30338 )
----------------
2018-11-09 07:22:48,815 INFO  execution-log - [Sequence No - 21]	 Command completed.
----------------
2018-11-09 07:22:48,820 INFO  execution-log - [Sequence No - 22] Beginning TestDataCommand ( LogicalFieldName : Address Line 1, LogicalFieldValue : 1 Main st )
----------------
2018-11-09 07:22:49,126 INFO  execution-log - [Sequence No - 22]	 Command completed.
----------------
2018-11-09 07:22:49,130 INFO  execution-log - [Sequence No - 23] Beginning TestDataCommand ( LogicalFieldName : Address Line 2, LogicalFieldValue : 1 )
----------------
2018-11-09 07:22:49,255 INFO  execution-log - [Sequence No - 23]	 Command completed.
----------------
2018-11-09 07:22:49,260 INFO  execution-log - [Sequence No - 24] Beginning ActionCommand ( LogicalFieldName : Product line (errors and omissions), LogicalFieldValue : Click )
----------------
2018-11-09 07:22:49,457 INFO  execution-log - [Sequence No - 24]	 Command completed.
----------------
2018-11-09 07:22:49,461 INFO  execution-log - [Sequence No - 25] Beginning ActionCommand ( LogicalFieldName : Customer search, LogicalFieldValue : Click )
----------------
2018-11-09 07:22:49,814 INFO  execution-log - [Sequence No - 25]	 Command completed.
----------------
2018-11-09 07:22:49,816 INFO  execution-log - 	 Command completed.
----------------
2018-11-09 07:22:49,817 INFO  execution-log -  Beginning PageCommand ( CurrentPage : QuoteDetails, FlowIdentifier : 1, DiIndicator : DI )
----------------
2018-11-09 07:22:49,818 INFO  execution-log - 	 Command completed.
----------------
2018-11-09 07:22:49,819 INFO  execution-log -  Beginning LoadTestDataItemCommand ( CurrentPage : QuoteDetails, FlowIdentifier : 1, DiIndicator : DI )
----------------
2018-11-09 07:22:49,842 INFO  execution-log - [Sequence No - 26] Beginning WaitForControlCommand ( LogicalFieldName : Retro-active Date, LogicalFieldValue : True )
----------------
2018-11-09 07:22:56,423 INFO  execution-log - [Sequence No - 26]	 Command completed.
----------------
2018-11-09 07:22:56,427 INFO  execution-log - [Sequence No - 27] Beginning TestDataCommand ( LogicalFieldName : Rating Company, LogicalFieldValue : FDLI Protection Insurance Company )
----------------
2018-11-09 07:22:58,307 INFO  execution-log - [Sequence No - 27]	 Command completed.
----------------
2018-11-09 07:22:58,312 INFO  execution-log - [Sequence No - 28] Beginning TestDataCommand ( LogicalFieldName : Retro-active Date, LogicalFieldValue : 09/11/2018 )
----------------
2018-11-09 07:22:58,478 INFO  execution-log - [Sequence No - 28]	 Command completed.
----------------
2018-11-09 07:22:58,483 INFO  execution-log - [Sequence No - 29] Beginning TestDataCommand ( LogicalFieldName : Professional Liability Gross Sales, LogicalFieldValue : 100000 )
----------------
2018-11-09 07:22:58,610 INFO  execution-log - [Sequence No - 29]	 Command completed.
----------------
2018-11-09 07:22:58,616 INFO  execution-log - [Sequence No - 30] Beginning ActionCommand ( LogicalFieldName : QuoteDetails Page, LogicalFieldValue : Click )
----------------
2018-11-09 07:22:58,734 INFO  execution-log - [Sequence No - 30]	 Command completed.
----------------
2018-11-09 07:22:58,738 INFO  execution-log - [Sequence No - 31] Beginning ActionCommand ( LogicalFieldName : Save Changes, LogicalFieldValue : Click )
----------------
2018-11-09 07:22:58,889 INFO  execution-log - [Sequence No - 31]	 Command completed.
----------------
2018-11-09 07:22:58,894 INFO  execution-log - [Sequence No - 32] Beginning WaitForControlCommand ( LogicalFieldName : Rate Quote, LogicalFieldValue : True )
----------------
2018-11-09 07:22:59,779 INFO  execution-log - [Sequence No - 32]	 Command completed.
----------------
2018-11-09 07:22:59,785 INFO  execution-log - [Sequence No - 33] Beginning ActionCommand ( LogicalFieldName : Rate Quote, LogicalFieldValue : Click-Wait(1000) )
----------------
2018-11-09 07:23:01,918 INFO  execution-log - [Sequence No - 33]	 Command completed.
----------------
2018-11-09 07:23:01,923 INFO  execution-log - [Sequence No - 34] Beginning WaitForControlCommand ( LogicalFieldName : Request Issue, LogicalFieldValue : True )
----------------
2018-11-09 07:23:08,151 INFO  execution-log - [Sequence No - 34]	 Command completed.
----------------
2018-11-09 07:23:08,155 INFO  execution-log - [Sequence No - 35] Beginning ActionCommand ( LogicalFieldName : Request Issue, LogicalFieldValue : Click-Wait(1000) )
----------------
2018-11-09 07:23:10,320 INFO  execution-log - [Sequence No - 35]	 Command completed.
----------------
2018-11-09 07:23:10,347 INFO  execution-log - [Sequence No - 36] Beginning WaitForControlCommand ( LogicalFieldName : Next, LogicalFieldValue : True )
----------------
2018-11-09 07:23:10,960 INFO  execution-log - [Sequence No - 36]	 Command completed.
----------------
2018-11-09 07:23:10,964 INFO  execution-log - [Sequence No - 37] Beginning ActionCommand ( LogicalFieldName : Next, LogicalFieldValue : Click )
----------------
2018-11-09 07:23:11,091 INFO  execution-log - [Sequence No - 37]	 Command completed.
----------------
2018-11-09 07:23:11,092 INFO  execution-log - 	 Command completed.
----------------
2018-11-09 07:23:11,093 INFO  execution-log -  Beginning PageCommand ( CurrentPage : Payment Profile, FlowIdentifier : 1, DiIndicator : DI )
----------------
2018-11-09 07:23:11,094 INFO  execution-log - 	 Command completed.
----------------
2018-11-09 07:23:11,095 INFO  execution-log -  Beginning LoadTestDataItemCommand ( CurrentPage : Payment Profile, FlowIdentifier : 1, DiIndicator : DI )
----------------
2018-11-09 07:23:11,103 INFO  execution-log - [Sequence No - 38] Beginning WaitForControlCommand ( LogicalFieldName : Check Payment, LogicalFieldValue : True )
----------------
2018-11-09 07:23:12,724 INFO  execution-log - [Sequence No - 38]	 Command completed.
----------------
2018-11-09 07:23:12,728 INFO  execution-log - [Sequence No - 39] Beginning ActionCommand ( LogicalFieldName : Check Payment, LogicalFieldValue : Click )
----------------
2018-11-09 07:23:12,893 INFO  execution-log - [Sequence No - 39]	 Command completed.
----------------
2018-11-09 07:23:12,897 INFO  execution-log - [Sequence No - 40] Beginning ActionCommand ( LogicalFieldName : Next, LogicalFieldValue : Click-Wait(1000) )
----------------
2018-11-09 07:23:15,189 INFO  execution-log - [Sequence No - 40]	 Command completed.
----------------
2018-11-09 07:23:15,191 INFO  execution-log - 	 Command completed.
----------------
2018-11-09 07:23:15,192 INFO  execution-log -  Beginning PageCommand ( CurrentPage : Billing Choices, FlowIdentifier : 1, DiIndicator : DI )
----------------
2018-11-09 07:23:15,193 INFO  execution-log - 	 Command completed.
----------------
2018-11-09 07:23:15,193 INFO  execution-log -  Beginning LoadTestDataItemCommand ( CurrentPage : Billing Choices, FlowIdentifier : 1, DiIndicator : DI )
----------------
2018-11-09 07:23:15,202 INFO  execution-log - [Sequence No - 41] Beginning WaitForControlCommand ( LogicalFieldName : Email Address, LogicalFieldValue : True )
----------------
2018-11-09 07:23:15,297 INFO  execution-log - [Sequence No - 41]	 Command completed.
----------------
2018-11-09 07:23:15,301 INFO  execution-log - [Sequence No - 42] Beginning ActionCommand ( LogicalFieldName : Email Address, LogicalFieldValue : Click-Wait(2000) )
----------------
2018-11-09 07:23:19,519 INFO  execution-log - [Sequence No - 42]	 Command completed.
----------------
2018-11-09 07:23:19,524 INFO  execution-log - [Sequence No - 43] Beginning TestDataCommand ( LogicalFieldName : Email Address, LogicalFieldValue : Abc1@Abc.com )
----------------
2018-11-09 07:23:19,724 INFO  execution-log - [Sequence No - 43]	 Command completed.
----------------
2018-11-09 07:23:19,729 INFO  execution-log - [Sequence No - 44] Beginning ActionCommand ( LogicalFieldName : Billing Choices Page, LogicalFieldValue : Click )
----------------
2018-11-09 07:23:19,858 INFO  execution-log - [Sequence No - 44]	 Command completed.
----------------
2018-11-09 07:23:19,862 INFO  execution-log - [Sequence No - 45] Beginning ActionCommand ( LogicalFieldName : Next, LogicalFieldValue : Click )
----------------
2018-11-09 07:23:20,044 INFO  execution-log - [Sequence No - 45]	 Command completed.
----------------
2018-11-09 07:23:20,045 INFO  execution-log - 	 Command completed.
----------------
2018-11-09 07:23:20,046 INFO  execution-log -  Beginning PageCommand ( CurrentPage : Quote Bind, FlowIdentifier : 1, DiIndicator : DI )
----------------
2018-11-09 07:23:20,046 INFO  execution-log - 	 Command completed.
----------------
2018-11-09 07:23:20,047 INFO  execution-log -  Beginning LoadTestDataItemCommand ( CurrentPage : Quote Bind, FlowIdentifier : 1, DiIndicator : DI )
----------------
2018-11-09 07:23:20,057 INFO  execution-log - [Sequence No - 46] Beginning WaitForControlCommand ( LogicalFieldName : Bind, LogicalFieldValue : True )
----------------
2018-11-09 07:23:32,657 ERROR execution-log - TC # : 2, Waited, but the Bind control never appeared.
----------------
2018-11-09 07:23:40,755 ERROR execution-log - TC # : 2, Waited, but the Bind control never appeared.
----------------
2018-11-09 07:23:40,776 ERROR execution-log - TC # : 2, No more iterations to run. Test execution will abort.
----------------
2018-11-09 07:23:40,802 ERROR execution-log - TC # : 2, Framework failed to run the test due to a test configuration error.
	VM.Platform.TestAutomationFramework.Core.Exceptions.WorkflowFailedException: Waited, but the Bind control never appeared. ---> OpenQA.Selenium.WebDriverTimeoutException: Timed out after 10 seconds ---> OpenQA.Selenium.NoSuchElementException: no such element: Unable to locate element: {"method":"xpath","selector":"//*[@id="osActionButton-588006-btnInnerEl"]"}
  (Session info: chrome=70.0.3538.77)
  (Driver info: chromedriver=2.40.565498 (ea082db3280dd6843ebfb08a625e3eb905c4f5ab),platform=Windows NT 10.0.14393 x86_64)
   at OpenQA.Selenium.Remote.RemoteWebDriver.UnpackAndThrowOnError(Response errorResponse)
   at OpenQA.Selenium.Remote.RemoteWebDriver.Execute(String driverCommandToExecute, Dictionary`2 parameters)
   at OpenQA.Selenium.Remote.RemoteWebDriver.FindElement(String mechanism, String value)
   at OpenQA.Selenium.Remote.RemoteWebDriver.FindElementByXPath(String xpath)
   at OpenQA.Selenium.By.<>c__DisplayClass19_0.<XPath>b__0(ISearchContext context)
   at OpenQA.Selenium.By.FindElement(ISearchContext context)
   at OpenQA.Selenium.Remote.RemoteWebDriver.FindElement(By by)
   at OpenQA.Selenium.Support.UI.ExpectedConditions.<>c__DisplayClass19_0.<ElementToBeClickable>b__0(IWebDriver driver)
   at OpenQA.Selenium.Support.UI.DefaultWait`1.Until[TResult](Func`2 condition)
   --- End of inner exception stack trace ---
   at OpenQA.Selenium.Support.UI.DefaultWait`1.ThrowTimeoutException(String exceptionMessage, Exception lastException)
   at OpenQA.Selenium.Support.UI.DefaultWait`1.Until[TResult](Func`2 condition)
   at VM.Platform.TestAutomationFramework.Adapters.Selenium.SeleniumAdapter.WaitForElementToBeClickable(ControlDefinition ctrlDefinition) in C:\Users\DasariW\Desktop\VM Framework\v4Dev_Updated\v4Dev_Updated\VMTestAutomation\Src\Framework.Adapters.Selenium\SeleniumAdapter.cs:line 713
   at VM.Platform.TestAutomationFramework.UIAutomation.Commands.Interactions.WaitForControlCommand.Execute(TestRunContext context) in C:\Users\DasariW\Desktop\VM Framework\v4Dev_Updated\v4Dev_Updated\VMTestAutomation\Src\Framework.UIAutomation\Commands\Interactions\WaitForControlCommand.cs:line 33
   --- End of inner exception stack trace ---
   at VM.Platform.TestAutomationFramework.UIAutomation.Commands.Interactions.WaitForControlCommand.Execute(TestRunContext context) in C:\Users\DasariW\Desktop\VM Framework\v4Dev_Updated\v4Dev_Updated\VMTestAutomation\Src\Framework.UIAutomation\Commands\Interactions\WaitForControlCommand.cs:line 44
   at VM.Platform.TestAutomationFramework.Core.Decorators.CommandDecorator.Execute(TestRunContext context) in C:\Users\DasariW\Desktop\VM Framework\v4Dev_Updated\v4Dev_Updated\VMTestAutomation\Src\Framework.Core\Decorators\CommandDecorator.cs:line 22
   at VM.Platform.TestAutomationFramework.Core.Decorators.CommandLogger.Execute(TestRunContext context) in C:\Users\DasariW\Desktop\VM Framework\v4Dev_Updated\v4Dev_Updated\VMTestAutomation\Src\Framework.Core\Decorators\CommandLogger.cs:line 93
   at VM.Platform.TestAutomationFramework.Core.Decorators.CommandDecorator.Execute(TestRunContext context) in C:\Users\DasariW\Desktop\VM Framework\v4Dev_Updated\v4Dev_Updated\VMTestAutomation\Src\Framework.Core\Decorators\CommandDecorator.cs:line 22
   at VM.Platform.TestAutomationFramework.Core.Decorators.CommandErrorHandler.Execute(TestRunContext context) in C:\Users\DasariW\Desktop\VM Framework\v4Dev_Updated\v4Dev_Updated\VMTestAutomation\Src\Framework.Core\Decorators\CommandErrorHandler.cs:line 65
   at VM.Platform.TestAutomationFramework.Core.Decorators.CommandDecorator.Execute(TestRunContext context) in C:\Users\DasariW\Desktop\VM Framework\v4Dev_Updated\v4Dev_Updated\VMTestAutomation\Src\Framework.Core\Decorators\CommandDecorator.cs:line 22
   at VM.Platform.TestAutomationFramework.Core.Decorators.CommandTimer.Execute(TestRunContext context) in C:\Users\DasariW\Desktop\VM Framework\v4Dev_Updated\v4Dev_Updated\VMTestAutomation\Src\Framework.Core\Decorators\CommandTimer.cs:line 26
   at VM.Platform.TestAutomationFramework.Core.Decorators.CommandDecorator.Execute(TestRunContext context) in C:\Users\DasariW\Desktop\VM Framework\v4Dev_Updated\v4Dev_Updated\VMTestAutomation\Src\Framework.Core\Decorators\CommandDecorator.cs:line 22
   at VM.Platform.TestAutomationFramework.Core.Decorators.IgnorePagesDecorator.Execute(TestRunContext context) in C:\Users\DasariW\Desktop\VM Framework\v4Dev_Updated\v4Dev_Updated\VMTestAutomation\Src\Framework.Core\Decorators\IgnorePagesDecorator.cs:line 24
   at VM.Platform.TestAutomationFramework.UIAutomation.Commands.Workflow.LoadTestDataItemCommand.Execute(TestRunContext context) in C:\Users\DasariW\Desktop\VM Framework\v4Dev_Updated\v4Dev_Updated\VMTestAutomation\Src\Framework.UIAutomation\Commands\Workflow\LoadTestDataItemCommand.cs:line 96
   at VM.Platform.TestAutomationFramework.Core.Decorators.CommandDecorator.Execute(TestRunContext context) in C:\Users\DasariW\Desktop\VM Framework\v4Dev_Updated\v4Dev_Updated\VMTestAutomation\Src\Framework.Core\Decorators\CommandDecorator.cs:line 22
   at VM.Platform.TestAutomationFramework.Core.Decorators.CommandLogger.Execute(TestRunContext context) in C:\Users\DasariW\Desktop\VM Framework\v4Dev_Updated\v4Dev_Updated\VMTestAutomation\Src\Framework.Core\Decorators\CommandLogger.cs:line 93
   at VM.Platform.TestAutomationFramework.Core.Decorators.CommandDecorator.Execute(TestRunContext context) in C:\Users\DasariW\Desktop\VM Framework\v4Dev_Updated\v4Dev_Updated\VMTestAutomation\Src\Framework.Core\Decorators\CommandDecorator.cs:line 22
   at VM.Platform.TestAutomationFramework.Core.Decorators.CommandErrorHandler.Execute(TestRunContext context) in C:\Users\DasariW\Desktop\VM Framework\v4Dev_Updated\v4Dev_Updated\VMTestAutomation\Src\Framework.Core\Decorators\CommandErrorHandler.cs:line 65
   at VM.Platform.TestAutomationFramework.Core.Decorators.CommandDecorator.Execute(TestRunContext context) in C:\Users\DasariW\Desktop\VM Framework\v4Dev_Updated\v4Dev_Updated\VMTestAutomation\Src\Framework.Core\Decorators\CommandDecorator.cs:line 22
   at VM.Platform.TestAutomationFramework.Core.Decorators.CommandTimer.Execute(TestRunContext context) in C:\Users\DasariW\Desktop\VM Framework\v4Dev_Updated\v4Dev_Updated\VMTestAutomation\Src\Framework.Core\Decorators\CommandTimer.cs:line 26
   at VM.Platform.TestAutomationFramework.Core.Decorators.CommandDecorator.Execute(TestRunContext context) in C:\Users\DasariW\Desktop\VM Framework\v4Dev_Updated\v4Dev_Updated\VMTestAutomation\Src\Framework.Core\Decorators\CommandDecorator.cs:line 22
   at VM.Platform.TestAutomationFramework.Core.Decorators.IgnorePagesDecorator.Execute(TestRunContext context) in C:\Users\DasariW\Desktop\VM Framework\v4Dev_Updated\v4Dev_Updated\VMTestAutomation\Src\Framework.Core\Decorators\IgnorePagesDecorator.cs:line 24
   at VM.Platform.TestAutomationFramework.Core.TestCommandRunner.Execute(TestRunContext testRunContext) in C:\Users\DasariW\Desktop\VM Framework\v4Dev_Updated\v4Dev_Updated\VMTestAutomation\Src\Framework.Core\TestCommandRunner.cs:line 75
   at VM.Platform.TestAutomationFramework.Core.SingleTestCaseRunner.ExecuteSingleTestCase(Int32 testCaseId, String targetEnvironment, String repositiory, Int32 Retry) in C:\Users\DasariW\Desktop\VM Framework\v4Dev_Updated\v4Dev_Updated\VMTestAutomation\Src\Framework.Core\SingleTestCaseRunner.cs:line 167
----------------
2018-11-09 07:23:42,181 INFO  execution-log - Saving captured values to file.
----------------
2018-11-09 07:23:42,182 ERROR execution-log - TC # : 2,  has failed
----------------
