2019-02-07 08:52:08,601 INFO  execution-log - 	Initializing control map with map # MASTER
----------------
2019-02-07 08:52:08,610 INFO  execution-log - Initializing Test Automation
----------------
2019-02-07 08:52:08,617 INFO  execution-log - 	target browser: Chrome
----------------
2019-02-07 08:52:10,516 INFO  execution-log - TC # : 1, Downloading test case from DB
----------------
2019-02-07 08:52:10,625 INFO  execution-log - TC # : 1, Getting control map :MASTER from DB
----------------
2019-02-07 08:52:10,625 INFO  execution-log - TC # : 1, Getting test data from DB
----------------
2019-02-07 08:52:10,873 INFO  execution-log - TC # : 1, Control map retrieval completed
----------------
2019-02-07 08:52:10,882 INFO  execution-log - TC # : 1, Test data retrieval completed
----------------
2019-02-07 08:52:10,955 INFO  execution-log - TC # : 1, Parsing commands
----------------
2019-02-07 08:52:10,973 INFO  execution-log - Loading captured values from persistence.
----------------
2019-02-07 08:52:11,043 INFO  execution-log - TC # : 1, Started executing test case in the VMTESTAPP1 environment (http://vam-qa.cloudapp.net:6363/pages/login.html)
----------------
2019-02-07 08:52:11,403 INFO  execution-log -  Beginning StartIterationCommand ( Iterations : 1 )
----------------
2019-02-07 08:52:11,427 INFO  execution-log - TC # : 1, Starting iteration #1
----------------
2019-02-07 08:52:11,452 INFO  execution-log - 	 Command completed.
----------------
2019-02-07 08:52:11,467 INFO  execution-log -  Beginning InvokeApplicationCommand ( Target :  )
----------------
2019-02-07 08:52:13,384 INFO  execution-log - 	 Command completed.
----------------
2019-02-07 08:52:13,404 INFO  execution-log -  Beginning PageCommand ( CurrentPage : Login, FlowIdentifier : 1, DiIndicator : DI )
----------------
2019-02-07 08:52:13,417 INFO  execution-log - 	 Command completed.
----------------
2019-02-07 08:52:13,424 INFO  execution-log -  Beginning LoadTestDataItemCommand ( CurrentPage : Login, FlowIdentifier : 1, DiIndicator : DI )
----------------
2019-02-07 08:52:13,446 INFO  execution-log - [Sequence No - 1] Beginning ValidateExistStatusCommand ( LogicalFieldName : User Name, LogicalFieldValue : True )
----------------
2019-02-07 08:52:13,575 INFO  execution-log - [Sequence No - 1]	 Command completed.
----------------
2019-02-07 08:52:13,597 INFO  execution-log - [Sequence No - 2] Beginning ActionCommand ( LogicalFieldName : User Name, LogicalFieldValue : Click )
----------------
2019-02-07 08:52:13,956 INFO  execution-log - [Sequence No - 2]	 Command completed.
----------------
2019-02-07 08:52:13,978 INFO  execution-log - [Sequence No - 3] Beginning TestDataCommand ( LogicalFieldName : User Name, LogicalFieldValue : Jack )
----------------
2019-02-07 08:52:14,239 INFO  execution-log - [Sequence No - 3]	 Command completed.
----------------
2019-02-07 08:52:14,252 INFO  execution-log - [Sequence No - 4] Beginning ValidateExistStatusCommand ( LogicalFieldName : Password, LogicalFieldValue : True )
----------------
2019-02-07 08:52:14,281 INFO  execution-log - [Sequence No - 4]	 Command completed.
----------------
2019-02-07 08:52:14,294 INFO  execution-log - [Sequence No - 5] Beginning TestDataCommand ( LogicalFieldName : Password, LogicalFieldValue : Smit@123 )
----------------
2019-02-07 08:52:14,493 INFO  execution-log - [Sequence No - 5]	 Command completed.
----------------
2019-02-07 08:52:14,508 INFO  execution-log - [Sequence No - 6] Beginning ValidateEnableStatusCommand ( LogicalFieldName : Login_Button, LogicalFieldValue : True )
----------------
2019-02-07 08:52:14,550 INFO  execution-log - [Sequence No - 6]	 Command completed.
----------------
2019-02-07 08:52:14,562 INFO  execution-log - [Sequence No - 7] Beginning ActionCommand ( LogicalFieldName : Login_Button, LogicalFieldValue : Click )
----------------
2019-02-07 08:52:14,724 INFO  execution-log - [Sequence No - 7]	 Command completed.
----------------
2019-02-07 08:52:14,734 INFO  execution-log - 	 Command completed.
----------------
2019-02-07 08:52:14,742 INFO  execution-log -  Beginning PageCommand ( CurrentPage : Home, FlowIdentifier : 2, DiIndicator : DI )
----------------
2019-02-07 08:52:14,752 INFO  execution-log - 	 Command completed.
----------------
2019-02-07 08:52:14,760 INFO  execution-log -  Beginning LoadTestDataItemCommand ( CurrentPage : Home, FlowIdentifier : 2, DiIndicator : DI )
----------------
2019-02-07 08:52:14,779 INFO  execution-log - [Sequence No - 8] Beginning ValidateEnableStatusCommand ( LogicalFieldName : New Quote, LogicalFieldValue : True )
----------------
2019-02-07 08:52:17,566 INFO  execution-log - [Sequence No - 8]	 Command completed.
----------------
2019-02-07 08:52:18,484 INFO  execution-log - [Sequence No - 9] Beginning ActionCommand ( LogicalFieldName : New Quote, LogicalFieldValue : Click )
----------------
2019-02-07 08:52:20,544 INFO  execution-log - [Sequence No - 9]	 Command completed.
----------------
2019-02-07 08:52:20,555 INFO  execution-log - 	 Command completed.
----------------
2019-02-07 08:52:20,572 INFO  execution-log -  Beginning PageCommand ( CurrentPage : New Quote, FlowIdentifier : 3, DiIndicator : DI )
----------------
2019-02-07 08:52:20,597 INFO  execution-log - 	 Command completed.
----------------
2019-02-07 08:52:20,617 INFO  execution-log -  Beginning LoadTestDataItemCommand ( CurrentPage : New Quote, FlowIdentifier : 3, DiIndicator : DI )
----------------
2019-02-07 08:52:20,696 INFO  execution-log - [Sequence No - 10] Beginning ValidateExistStatusCommand ( LogicalFieldName : Account Name, LogicalFieldValue : True )
----------------
2019-02-07 08:52:20,754 INFO  execution-log - [Sequence No - 10]	 Command completed.
----------------
2019-02-07 08:52:20,774 INFO  execution-log - [Sequence No - 11] Beginning TestDataCommand ( LogicalFieldName : Account Name, LogicalFieldValue : RANDOMIZE(7,2) )
----------------
2019-02-07 08:52:21,707 INFO  execution-log - [Sequence No - 11]	 Command completed.
----------------
2019-02-07 08:52:21,720 INFO  execution-log - [Sequence No - 12] Beginning ValidateExistStatusCommand ( LogicalFieldName : First Name, LogicalFieldValue : True )
----------------
2019-02-07 08:52:21,775 INFO  execution-log - [Sequence No - 12]	 Command completed.
----------------
2019-02-07 08:52:21,794 INFO  execution-log - [Sequence No - 13] Beginning TestDataCommand ( LogicalFieldName : First Name, LogicalFieldValue : Jack )
----------------
2019-02-07 08:52:22,596 INFO  execution-log - [Sequence No - 13]	 Command completed.
----------------
2019-02-07 08:52:22,611 INFO  execution-log - [Sequence No - 14] Beginning ValidateEnableStatusCommand ( LogicalFieldName : Last Name, LogicalFieldValue : True )
----------------
2019-02-07 08:52:22,681 INFO  execution-log - [Sequence No - 14]	 Command completed.
----------------
2019-02-07 08:52:22,694 INFO  execution-log - [Sequence No - 15] Beginning TestDataCommand ( LogicalFieldName : Last Name, LogicalFieldValue : Smith )
----------------
2019-02-07 08:52:23,008 INFO  execution-log - [Sequence No - 15]	 Command completed.
----------------
2019-02-07 08:52:23,020 INFO  execution-log - [Sequence No - 16] Beginning ValidateExistStatusCommand ( LogicalFieldName : ContactNumber1, LogicalFieldValue : True )
----------------
2019-02-07 08:52:23,073 INFO  execution-log - [Sequence No - 16]	 Command completed.
----------------
2019-02-07 08:52:23,084 INFO  execution-log - [Sequence No - 17] Beginning TestDataCommand ( LogicalFieldName : ContactNumber1, LogicalFieldValue : 654 )
----------------
2019-02-07 08:52:23,326 INFO  execution-log - [Sequence No - 17]	 Command completed.
----------------
2019-02-07 08:52:23,338 INFO  execution-log - [Sequence No - 18] Beginning TestDataCommand ( LogicalFieldName : ContactNumber2, LogicalFieldValue : 321 )
----------------
2019-02-07 08:52:23,628 INFO  execution-log - [Sequence No - 18]	 Command completed.
----------------
2019-02-07 08:52:23,639 INFO  execution-log - [Sequence No - 19] Beginning TestDataCommand ( LogicalFieldName : ContactNumber3, LogicalFieldValue : 6541 )
----------------
2019-02-07 08:52:23,921 INFO  execution-log - [Sequence No - 19]	 Command completed.
----------------
2019-02-07 08:52:23,933 INFO  execution-log - [Sequence No - 20] Beginning ValidateExistStatusCommand ( LogicalFieldName : Primary Email, LogicalFieldValue : True )
----------------
2019-02-07 08:52:23,972 INFO  execution-log - [Sequence No - 20]	 Command completed.
----------------
2019-02-07 08:52:23,992 INFO  execution-log - [Sequence No - 21] Beginning TestDataCommand ( LogicalFieldName : Primary Email, LogicalFieldValue : jack.smith@gmail.com )
----------------
2019-02-07 08:52:24,678 INFO  execution-log - [Sequence No - 21]	 Command completed.
----------------
2019-02-07 08:52:24,689 INFO  execution-log - [Sequence No - 22] Beginning ValidateExistStatusCommand ( LogicalFieldName : Business Started Year, LogicalFieldValue : True )
----------------
2019-02-07 08:52:24,723 INFO  execution-log - [Sequence No - 22]	 Command completed.
----------------
2019-02-07 08:52:24,735 INFO  execution-log - [Sequence No - 23] Beginning TestDataCommand ( LogicalFieldName : Business Started Year, LogicalFieldValue : 2012 )
----------------
2019-02-07 08:52:25,022 INFO  execution-log - [Sequence No - 23]	 Command completed.
----------------
2019-02-07 08:52:25,038 INFO  execution-log - [Sequence No - 24] Beginning ValidateExistStatusCommand ( LogicalFieldName : Select Product, LogicalFieldValue : True )
----------------
2019-02-07 08:52:25,135 INFO  execution-log - [Sequence No - 24]	 Command completed.
----------------
2019-02-07 08:52:25,149 INFO  execution-log - [Sequence No - 25] Beginning ActionCommand ( LogicalFieldName : Select Product, LogicalFieldValue : Click )
----------------
2019-02-07 08:52:25,438 INFO  execution-log - [Sequence No - 25]	 Command completed.
----------------
2019-02-07 08:52:25,454 INFO  execution-log - [Sequence No - 26] Beginning ActionCommand ( LogicalFieldName : Select Product1, LogicalFieldValue : Click )
----------------
2019-02-07 08:52:25,760 INFO  execution-log - [Sequence No - 26]	 Command completed.
----------------
2019-02-07 08:52:25,777 INFO  execution-log - [Sequence No - 27] Beginning ValidateExistStatusCommand ( LogicalFieldName : Contact Name, LogicalFieldValue : True )
----------------
2019-02-07 08:52:25,817 INFO  execution-log - [Sequence No - 27]	 Command completed.
----------------
2019-02-07 08:52:25,833 INFO  execution-log - [Sequence No - 28] Beginning ActionCommand ( LogicalFieldName : Contact Name, LogicalFieldValue : Click )
----------------
2019-02-07 08:52:26,225 INFO  execution-log - [Sequence No - 28]	 Command completed.
----------------
2019-02-07 08:52:26,265 INFO  execution-log - [Sequence No - 29] Beginning ActionCommand ( LogicalFieldName : Contact Name Initial Select, LogicalFieldValue : Click )
----------------
2019-02-07 08:52:26,556 INFO  execution-log - [Sequence No - 29]	 Command completed.
----------------
2019-02-07 08:52:26,567 INFO  execution-log - [Sequence No - 30] Beginning ValidateExistStatusCommand ( LogicalFieldName : Industry, LogicalFieldValue : True )
----------------
2019-02-07 08:52:26,611 INFO  execution-log - [Sequence No - 30]	 Command completed.
----------------
2019-02-07 08:52:26,628 INFO  execution-log - [Sequence No - 31] Beginning ActionCommand ( LogicalFieldName : Industry, LogicalFieldValue : Click )
----------------
2019-02-07 08:52:26,991 INFO  execution-log - [Sequence No - 31]	 Command completed.
----------------
2019-02-07 08:52:27,009 INFO  execution-log - [Sequence No - 32] Beginning ActionCommand ( LogicalFieldName : Industry1, LogicalFieldValue : Click )
----------------
2019-02-07 08:52:27,373 INFO  execution-log - [Sequence No - 32]	 Command completed.
----------------
2019-02-07 08:52:27,394 INFO  execution-log - [Sequence No - 33] Beginning ValidateExistStatusCommand ( LogicalFieldName : Zip Code, LogicalFieldValue : True )
----------------
2019-02-07 08:52:27,472 INFO  execution-log - [Sequence No - 33]	 Command completed.
----------------
2019-02-07 08:52:27,488 INFO  execution-log - [Sequence No - 34] Beginning TestDataCommand ( LogicalFieldName : Zip Code, LogicalFieldValue : 53704 )
----------------
2019-02-07 08:52:28,064 INFO  execution-log - [Sequence No - 34]	 Command completed.
----------------
2019-02-07 08:52:28,082 INFO  execution-log - [Sequence No - 35] Beginning ActionCommand ( LogicalFieldName : zipcode click, LogicalFieldValue : Click )
----------------
2019-02-07 08:52:28,525 INFO  execution-log - [Sequence No - 35]	 Command completed.
----------------
2019-02-07 08:52:28,538 INFO  execution-log - [Sequence No - 36] Beginning ValidateExistStatusCommand ( LogicalFieldName : Street Address, LogicalFieldValue : True )
----------------
2019-02-07 08:52:28,577 INFO  execution-log - [Sequence No - 36]	 Command completed.
----------------
2019-02-07 08:52:28,589 INFO  execution-log - [Sequence No - 37] Beginning TestDataCommand ( LogicalFieldName : Street Address, LogicalFieldValue : 123 BLUEJAY LN )
----------------
2019-02-07 08:52:29,056 INFO  execution-log - [Sequence No - 37]	 Command completed.
----------------
2019-02-07 08:52:29,067 INFO  execution-log - [Sequence No - 38] Beginning ValidateExistStatusCommand ( LogicalFieldName : Same as Physical Address, LogicalFieldValue : True )
----------------
2019-02-07 08:52:29,108 INFO  execution-log - [Sequence No - 38]	 Command completed.
----------------
2019-02-07 08:52:29,119 INFO  execution-log - [Sequence No - 39] Beginning ActionCommand ( LogicalFieldName : Same as Physical Address, LogicalFieldValue : Click )
----------------
2019-02-07 08:52:29,405 INFO  execution-log - [Sequence No - 39]	 Command completed.
----------------
2019-02-07 08:52:29,419 INFO  execution-log - [Sequence No - 40] Beginning ValidateEnableStatusCommand ( LogicalFieldName : Proceed, LogicalFieldValue : True )
----------------
2019-02-07 08:52:29,492 INFO  execution-log - [Sequence No - 40]	 Command completed.
----------------
2019-02-07 08:52:29,511 INFO  execution-log - [Sequence No - 41] Beginning ActionCommand ( LogicalFieldName : Proceed, LogicalFieldValue : Click )
----------------
2019-02-07 08:52:29,803 INFO  execution-log - [Sequence No - 41]	 Command completed.
----------------
2019-02-07 08:52:29,816 INFO  execution-log - 	 Command completed.
----------------
2019-02-07 08:52:29,828 INFO  execution-log -  Beginning PageCommand ( CurrentPage : Insured Info, FlowIdentifier : 4, DiIndicator : DI )
----------------
2019-02-07 08:52:29,836 INFO  execution-log - 	 Command completed.
----------------
2019-02-07 08:52:29,852 INFO  execution-log -  Beginning LoadTestDataItemCommand ( CurrentPage : Insured Info, FlowIdentifier : 4, DiIndicator : DI )
----------------
2019-02-07 08:52:29,882 INFO  execution-log - [Sequence No - 42] Beginning ValidateEnableStatusCommand ( LogicalFieldName : InsuredName, LogicalFieldValue : True )
----------------
2019-02-07 08:52:32,838 INFO  execution-log - [Sequence No - 42]	 Command completed.
----------------
2019-02-07 08:52:32,856 INFO  execution-log - [Sequence No - 43] Beginning TestDataCommand ( LogicalFieldName : InsuredName, LogicalFieldValue : Smith )
----------------
2019-02-07 08:52:33,124 INFO  execution-log - [Sequence No - 43]	 Command completed.
----------------
2019-02-07 08:52:33,135 INFO  execution-log - [Sequence No - 44] Beginning ValidateEnableStatusCommand ( LogicalFieldName : Primary State Click, LogicalFieldValue : True )
----------------
2019-02-07 08:52:33,176 INFO  execution-log - [Sequence No - 44]	 Command completed.
----------------
2019-02-07 08:52:33,188 INFO  execution-log - [Sequence No - 45] Beginning ActionCommand ( LogicalFieldName : Primary State Click, LogicalFieldValue : Click )
----------------
2019-02-07 08:52:33,596 INFO  execution-log - [Sequence No - 45]	 Command completed.
----------------
2019-02-07 08:52:33,611 INFO  execution-log - [Sequence No - 46] Beginning ActionCommand ( LogicalFieldName : PrimayState Select, LogicalFieldValue : Click )
----------------
2019-02-07 08:52:33,923 INFO  execution-log - [Sequence No - 46]	 Command completed.
----------------
2019-02-07 08:52:33,940 INFO  execution-log - [Sequence No - 47] Beginning ValidateExistStatusCommand ( LogicalFieldName : Street Address, LogicalFieldValue : True )
----------------
2019-02-07 08:52:34,003 INFO  execution-log - [Sequence No - 47]	 Command completed.
----------------
2019-02-07 08:52:34,013 INFO  execution-log - [Sequence No - 48] Beginning TestDataCommand ( LogicalFieldName : Street Address, LogicalFieldValue : 123 new street )
----------------
2019-02-07 08:52:34,713 INFO  execution-log - [Sequence No - 48]	 Command completed.
----------------
2019-02-07 08:52:34,723 INFO  execution-log - [Sequence No - 49] Beginning ValidateExistStatusCommand ( LogicalFieldName : Zip Code, LogicalFieldValue : True )
----------------
2019-02-07 08:52:34,756 INFO  execution-log - [Sequence No - 49]	 Command completed.
----------------
2019-02-07 08:52:34,767 INFO  execution-log - [Sequence No - 50] Beginning TestDataCommand ( LogicalFieldName : Zip Code, LogicalFieldValue : 53704 )
----------------
2019-02-07 08:52:34,990 INFO  execution-log - [Sequence No - 50]	 Command completed.
----------------
2019-02-07 08:52:35,001 INFO  execution-log - [Sequence No - 51] Beginning ValidateExistStatusCommand ( LogicalFieldName : Same as Physical Address, LogicalFieldValue : True )
----------------
2019-02-07 08:52:35,038 INFO  execution-log - [Sequence No - 51]	 Command completed.
----------------
2019-02-07 08:52:35,054 INFO  execution-log - [Sequence No - 52] Beginning ActionCommand ( LogicalFieldName : Same as Physical Address, LogicalFieldValue : Click )
----------------
2019-02-07 08:52:35,250 INFO  execution-log - [Sequence No - 52]	 Command completed.
----------------
2019-02-07 08:52:35,261 INFO  execution-log - [Sequence No - 53] Beginning ValidateExistStatusCommand ( LogicalFieldName : SIC Code, LogicalFieldValue : True )
----------------
2019-02-07 08:52:35,308 INFO  execution-log - [Sequence No - 53]	 Command completed.
----------------
2019-02-07 08:52:35,321 INFO  execution-log - [Sequence No - 54] Beginning TestDataCommand ( LogicalFieldName : SIC Code, LogicalFieldValue : 41510000-School buses )
----------------
2019-02-07 08:52:35,809 INFO  execution-log - [Sequence No - 54]	 Command completed.
----------------
2019-02-07 08:52:35,824 INFO  execution-log - [Sequence No - 55] Beginning ValidateExistStatusCommand ( LogicalFieldName : BusinessInceptionYear, LogicalFieldValue : True )
----------------
2019-02-07 08:52:35,859 INFO  execution-log - [Sequence No - 55]	 Command completed.
----------------
2019-02-07 08:52:35,872 INFO  execution-log - [Sequence No - 56] Beginning TestDataCommand ( LogicalFieldName : BusinessInceptionYear, LogicalFieldValue : 2012 )
----------------
2019-02-07 08:52:36,428 INFO  execution-log - [Sequence No - 56]	 Command completed.
----------------
2019-02-07 08:52:36,439 INFO  execution-log - [Sequence No - 57] Beginning ValidateExistStatusCommand ( LogicalFieldName : BusinessPhone, LogicalFieldValue : True )
----------------
2019-02-07 08:52:36,506 INFO  execution-log - [Sequence No - 57]	 Command completed.
----------------
2019-02-07 08:52:36,516 INFO  execution-log - [Sequence No - 58] Beginning TestDataCommand ( LogicalFieldName : BusinessPhone, LogicalFieldValue : 6549879879 )
----------------
2019-02-07 08:52:38,466 INFO  execution-log - [Sequence No - 58]	 Command completed.
----------------
2019-02-07 08:52:38,509 INFO  execution-log - [Sequence No - 59] Beginning ValidateEnableStatusCommand ( LogicalFieldName : Next, LogicalFieldValue : True )
----------------
2019-02-07 08:52:38,679 INFO  execution-log - [Sequence No - 59]	 Command completed.
----------------
2019-02-07 08:52:38,688 INFO  execution-log - [Sequence No - 60] Beginning ActionCommand ( LogicalFieldName : Next, LogicalFieldValue : Click )
----------------
2019-02-07 08:52:38,990 INFO  execution-log - [Sequence No - 60]	 Command completed.
----------------
2019-02-07 08:52:38,996 INFO  execution-log - 	 Command completed.
----------------
2019-02-07 08:52:39,008 INFO  execution-log -  Beginning PageCommand ( CurrentPage : Policy Info, FlowIdentifier : 5, DiIndicator : DI )
----------------
2019-02-07 08:52:39,035 INFO  execution-log - 	 Command completed.
----------------
2019-02-07 08:52:39,064 INFO  execution-log -  Beginning LoadTestDataItemCommand ( CurrentPage : Policy Info, FlowIdentifier : 5, DiIndicator : DI )
----------------
2019-02-07 08:52:39,157 INFO  execution-log - [Sequence No - 61] Beginning ValidateEnableStatusCommand ( LogicalFieldName : Which State do u operate In?, LogicalFieldValue : True )
----------------
2019-02-07 08:52:39,810 INFO  execution-log - [Sequence No - 61]	 Command completed.
----------------
2019-02-07 08:52:39,831 INFO  execution-log - [Sequence No - 62] Beginning ActionCommand ( LogicalFieldName : Which State do u operate In?, LogicalFieldValue : Click )
----------------
2019-02-07 08:52:40,371 INFO  execution-log - [Sequence No - 62]	 Command completed.
----------------
2019-02-07 08:52:40,382 INFO  execution-log - [Sequence No - 63] Beginning ActionCommand ( LogicalFieldName : Which State do u operate In?1, LogicalFieldValue : Click )
----------------
2019-02-07 08:52:41,065 INFO  execution-log - [Sequence No - 63]	 Command completed.
----------------
2019-02-07 08:52:41,076 INFO  execution-log - [Sequence No - 64] Beginning ActionCommand ( LogicalFieldName : Label Click, LogicalFieldValue : Click )
----------------
2019-02-07 08:52:41,243 INFO  execution-log - [Sequence No - 64]	 Command completed.
----------------
2019-02-07 08:52:41,254 INFO  execution-log - [Sequence No - 65] Beginning ActionCommand ( LogicalFieldName : Collapse, LogicalFieldValue : Click )
----------------
2019-02-07 08:52:41,521 INFO  execution-log - [Sequence No - 65]	 Command completed.
----------------
2019-02-07 08:52:41,540 INFO  execution-log - [Sequence No - 66] Beginning ValidateEnableStatusCommand ( LogicalFieldName : Select Product, LogicalFieldValue : True )
----------------
2019-02-07 08:52:41,622 INFO  execution-log - [Sequence No - 66]	 Command completed.
----------------
2019-02-07 08:52:41,632 INFO  execution-log - [Sequence No - 67] Beginning ActionCommand ( LogicalFieldName : Select Product, LogicalFieldValue : Click-Wait(2000) )
----------------
2019-02-07 08:52:45,979 INFO  execution-log - [Sequence No - 67]	 Command completed.
----------------
2019-02-07 08:52:46,139 INFO  execution-log - [Sequence No - 68] Beginning ActionCommand ( LogicalFieldName : Select Product 1, LogicalFieldValue : Click )
----------------
2019-02-07 08:52:59,606 ERROR execution-log - TC # : 1, Timed out after 10 seconds
----------------
2019-02-07 08:53:08,160 ERROR execution-log - TC # : 1, Timed out after 10 seconds
----------------
2019-02-07 08:53:08,189 ERROR execution-log - TC # : 1, No more iterations to run. Test execution will abort.
----------------
2019-02-07 08:53:08,202 ERROR execution-log - TC # : 1, Framework failed to run the test due to a test configuration error.
	VM.Platform.TestAutomationFramework.Core.Exceptions.WorkflowFailedException: Timed out after 10 seconds ---> OpenQA.Selenium.WebDriverTimeoutException: Timed out after 10 seconds
   at OpenQA.Selenium.Support.UI.DefaultWait`1.ThrowTimeoutException(String exceptionMessage, Exception lastException)
   at OpenQA.Selenium.Support.UI.DefaultWait`1.Until[TResult](Func`2 condition)
   at VM.Platform.TestAutomationFramework.Adapters.Selenium.SeleniumAdapter.WaitForElementToBeClickable(ControlDefinition ctrlDefinition) in C:\Users\VMQApractice\Desktop\v4Dev_Updated\v4Dev_Updated\VMTestAutomation\Src\Framework.Adapters.Selenium\SeleniumAdapter.cs:line 713
   at VM.Platform.TestAutomationFramework.UIAutomation.Commands.Interactions.ActionCommand.Execute(TestRunContext context) in C:\Users\VMQApractice\Desktop\v4Dev_Updated\v4Dev_Updated\VMTestAutomation\Src\Framework.UIAutomation\Commands\Interactions\ActionCommand.cs:line 30
   --- End of inner exception stack trace ---
   at VM.Platform.TestAutomationFramework.UIAutomation.Commands.Interactions.ActionCommand.Execute(TestRunContext context) in C:\Users\VMQApractice\Desktop\v4Dev_Updated\v4Dev_Updated\VMTestAutomation\Src\Framework.UIAutomation\Commands\Interactions\ActionCommand.cs:line 42
   at VM.Platform.TestAutomationFramework.Core.Decorators.CommandDecorator.Execute(TestRunContext context) in C:\Users\VMQApractice\Desktop\v4Dev_Updated\v4Dev_Updated\VMTestAutomation\Src\Framework.Core\Decorators\CommandDecorator.cs:line 22
   at VM.Platform.TestAutomationFramework.Core.Decorators.CommandLogger.Execute(TestRunContext context) in C:\Users\VMQApractice\Desktop\v4Dev_Updated\v4Dev_Updated\VMTestAutomation\Src\Framework.Core\Decorators\CommandLogger.cs:line 93
   at VM.Platform.TestAutomationFramework.Core.Decorators.CommandDecorator.Execute(TestRunContext context) in C:\Users\VMQApractice\Desktop\v4Dev_Updated\v4Dev_Updated\VMTestAutomation\Src\Framework.Core\Decorators\CommandDecorator.cs:line 22
   at VM.Platform.TestAutomationFramework.Core.Decorators.CommandErrorHandler.Execute(TestRunContext context) in C:\Users\VMQApractice\Desktop\v4Dev_Updated\v4Dev_Updated\VMTestAutomation\Src\Framework.Core\Decorators\CommandErrorHandler.cs:line 65
   at VM.Platform.TestAutomationFramework.Core.Decorators.CommandDecorator.Execute(TestRunContext context) in C:\Users\VMQApractice\Desktop\v4Dev_Updated\v4Dev_Updated\VMTestAutomation\Src\Framework.Core\Decorators\CommandDecorator.cs:line 22
   at VM.Platform.TestAutomationFramework.Core.Decorators.CommandTimer.Execute(TestRunContext context) in C:\Users\VMQApractice\Desktop\v4Dev_Updated\v4Dev_Updated\VMTestAutomation\Src\Framework.Core\Decorators\CommandTimer.cs:line 26
   at VM.Platform.TestAutomationFramework.Core.Decorators.CommandDecorator.Execute(TestRunContext context) in C:\Users\VMQApractice\Desktop\v4Dev_Updated\v4Dev_Updated\VMTestAutomation\Src\Framework.Core\Decorators\CommandDecorator.cs:line 22
   at VM.Platform.TestAutomationFramework.Core.Decorators.IgnorePagesDecorator.Execute(TestRunContext context) in C:\Users\VMQApractice\Desktop\v4Dev_Updated\v4Dev_Updated\VMTestAutomation\Src\Framework.Core\Decorators\IgnorePagesDecorator.cs:line 24
   at VM.Platform.TestAutomationFramework.UIAutomation.Commands.Workflow.LoadTestDataItemCommand.Execute(TestRunContext context) in C:\Users\VMQApractice\Desktop\v4Dev_Updated\v4Dev_Updated\VMTestAutomation\Src\Framework.UIAutomation\Commands\Workflow\LoadTestDataItemCommand.cs:line 96
   at VM.Platform.TestAutomationFramework.Core.Decorators.CommandDecorator.Execute(TestRunContext context) in C:\Users\VMQApractice\Desktop\v4Dev_Updated\v4Dev_Updated\VMTestAutomation\Src\Framework.Core\Decorators\CommandDecorator.cs:line 22
   at VM.Platform.TestAutomationFramework.Core.Decorators.CommandLogger.Execute(TestRunContext context) in C:\Users\VMQApractice\Desktop\v4Dev_Updated\v4Dev_Updated\VMTestAutomation\Src\Framework.Core\Decorators\CommandLogger.cs:line 93
   at VM.Platform.TestAutomationFramework.Core.Decorators.CommandDecorator.Execute(TestRunContext context) in C:\Users\VMQApractice\Desktop\v4Dev_Updated\v4Dev_Updated\VMTestAutomation\Src\Framework.Core\Decorators\CommandDecorator.cs:line 22
   at VM.Platform.TestAutomationFramework.Core.Decorators.CommandErrorHandler.Execute(TestRunContext context) in C:\Users\VMQApractice\Desktop\v4Dev_Updated\v4Dev_Updated\VMTestAutomation\Src\Framework.Core\Decorators\CommandErrorHandler.cs:line 65
   at VM.Platform.TestAutomationFramework.Core.Decorators.CommandDecorator.Execute(TestRunContext context) in C:\Users\VMQApractice\Desktop\v4Dev_Updated\v4Dev_Updated\VMTestAutomation\Src\Framework.Core\Decorators\CommandDecorator.cs:line 22
   at VM.Platform.TestAutomationFramework.Core.Decorators.CommandTimer.Execute(TestRunContext context) in C:\Users\VMQApractice\Desktop\v4Dev_Updated\v4Dev_Updated\VMTestAutomation\Src\Framework.Core\Decorators\CommandTimer.cs:line 26
   at VM.Platform.TestAutomationFramework.Core.Decorators.CommandDecorator.Execute(TestRunContext context) in C:\Users\VMQApractice\Desktop\v4Dev_Updated\v4Dev_Updated\VMTestAutomation\Src\Framework.Core\Decorators\CommandDecorator.cs:line 22
   at VM.Platform.TestAutomationFramework.Core.Decorators.IgnorePagesDecorator.Execute(TestRunContext context) in C:\Users\VMQApractice\Desktop\v4Dev_Updated\v4Dev_Updated\VMTestAutomation\Src\Framework.Core\Decorators\IgnorePagesDecorator.cs:line 24
   at VM.Platform.TestAutomationFramework.Core.TestCommandRunner.Execute(TestRunContext testRunContext) in C:\Users\VMQApractice\Desktop\v4Dev_Updated\v4Dev_Updated\VMTestAutomation\Src\Framework.Core\TestCommandRunner.cs:line 75
   at VM.Platform.TestAutomationFramework.Core.SingleTestCaseRunner.ExecuteSingleTestCase(Int32 testCaseId, String targetEnvironment, String repositiory, Int32 Retry) in C:\Users\VMQApractice\Desktop\v4Dev_Updated\v4Dev_Updated\VMTestAutomation\Src\Framework.Core\SingleTestCaseRunner.cs:line 167
----------------
2019-02-07 08:53:12,462 INFO  execution-log - Saving captured values to file.
----------------
2019-02-07 08:53:12,472 ERROR execution-log - TC # : 1,  has failed
----------------
